[20250111 16:03:05:027][INFO ][com.example.demo.DemoApplication] Starting DemoApplication using Java 17.0.3 with PID 5776 (C:\Users\user\Desktop\demo\build\classes\java\main started by 최진혁 in C:\Users\user\Desktop\demo)
[20250111 16:03:05:043][INFO ][com.example.demo.DemoApplication] No active profile set, falling back to 1 default profile: "default"
[20250111 16:03:05:756][INFO ][o.s.b.d.e.DevToolsPropertyDefaultsPostProcessor] Devtools property defaults active! Set 'spring.devtools.add-properties' to 'false' to disable
[20250111 16:03:05:758][INFO ][o.s.b.d.e.DevToolsPropertyDefaultsPostProcessor] For additional web related logging consider setting the 'logging.level.web' property to 'DEBUG'
[20250111 16:03:12:331][INFO ][o.s.d.r.c.RepositoryConfigurationDelegate] Multiple Spring Data modules found, entering strict repository configuration mode
[20250111 16:03:12:348][INFO ][o.s.d.r.c.RepositoryConfigurationDelegate] Bootstrapping Spring Data JPA repositories in DEFAULT mode.
[20250111 16:03:13:704][INFO ][o.s.d.r.c.RepositoryConfigurationDelegate] Finished Spring Data repository scanning in 1314 ms. Found 5 JPA repository interfaces.
[20250111 16:03:13:802][INFO ][o.s.d.r.c.RepositoryConfigurationDelegate] Multiple Spring Data modules found, entering strict repository configuration mode
[20250111 16:03:13:812][INFO ][o.s.d.r.c.RepositoryConfigurationDelegate] Bootstrapping Spring Data Redis repositories in DEFAULT mode.
[20250111 16:03:13:928][INFO ][o.s.d.r.c.RepositoryConfigurationExtensionSupport] Spring Data Redis - Could not safely identify store assignment for repository candidate interface com.example.demo.repository.CartRepository; If you want this repository to be a Redis repository, consider annotating your entities with one of these annotations: org.springframework.data.redis.core.RedisHash (preferred), or consider extending one of the following types with your repository: org.springframework.data.keyvalue.repository.KeyValueRepository
[20250111 16:03:13:971][INFO ][o.s.d.r.c.RepositoryConfigurationExtensionSupport] Spring Data Redis - Could not safely identify store assignment for repository candidate interface com.example.demo.repository.ProductRepository; If you want this repository to be a Redis repository, consider annotating your entities with one of these annotations: org.springframework.data.redis.core.RedisHash (preferred), or consider extending one of the following types with your repository: org.springframework.data.keyvalue.repository.KeyValueRepository
[20250111 16:03:13:991][INFO ][o.s.d.r.c.RepositoryConfigurationExtensionSupport] Spring Data Redis - Could not safely identify store assignment for repository candidate interface com.example.demo.repository.TossPaymentInfoRepository; If you want this repository to be a Redis repository, consider annotating your entities with one of these annotations: org.springframework.data.redis.core.RedisHash (preferred), or consider extending one of the following types with your repository: org.springframework.data.keyvalue.repository.KeyValueRepository
[20250111 16:03:14:051][INFO ][o.s.d.r.c.RepositoryConfigurationExtensionSupport] Spring Data Redis - Could not safely identify store assignment for repository candidate interface com.example.demo.repository.UserRepository; If you want this repository to be a Redis repository, consider annotating your entities with one of these annotations: org.springframework.data.redis.core.RedisHash (preferred), or consider extending one of the following types with your repository: org.springframework.data.keyvalue.repository.KeyValueRepository
[20250111 16:03:14:066][INFO ][o.s.d.r.c.RepositoryConfigurationExtensionSupport] Spring Data Redis - Could not safely identify store assignment for repository candidate interface com.example.demo.repository.WebPaymentInfoRepository; If you want this repository to be a Redis repository, consider annotating your entities with one of these annotations: org.springframework.data.redis.core.RedisHash (preferred), or consider extending one of the following types with your repository: org.springframework.data.keyvalue.repository.KeyValueRepository
[20250111 16:03:14:085][INFO ][o.s.d.r.c.RepositoryConfigurationDelegate] Finished Spring Data repository scanning in 185 ms. Found 0 Redis repository interfaces.
[20250111 16:03:23:497][INFO ][o.s.b.w.embedded.tomcat.TomcatWebServer] Tomcat initialized with port 8083 (http)
[20250111 16:03:23:604][INFO ][o.apache.coyote.http11.Http11NioProtocol] Initializing ProtocolHandler ["http-nio-8083"]
[20250111 16:03:23:647][INFO ][o.apache.catalina.core.StandardService] Starting service [Tomcat]
[20250111 16:03:23:661][INFO ][org.apache.catalina.core.StandardEngine] Starting Servlet engine: [Apache Tomcat/10.1.31]
[20250111 16:03:24:634][INFO ][o.a.c.c.C.[Tomcat].[localhost].[/]] Initializing Spring embedded WebApplicationContext
[20250111 16:03:24:635][INFO ][o.s.b.w.s.c.ServletWebServerApplicationContext] Root WebApplicationContext: initialization completed in 18800 ms
[20250111 16:03:37:322][INFO ][o.hibernate.jpa.internal.util.LogHelper] HHH000204: Processing PersistenceUnitInfo [name: default]
[20250111 16:03:38:543][INFO ][org.hibernate.Version] HHH000412: Hibernate ORM core version 6.5.3.Final
[20250111 16:03:42:133][INFO ][o.h.c.internal.RegionFactoryInitiator] HHH000026: Second-level cache disabled
[20250111 16:03:45:383][INFO ][o.s.o.j.p.SpringPersistenceUnitInfo] No LoadTimeWeaver setup: ignoring JPA class transformer
[20250111 16:03:45:608][INFO ][com.zaxxer.hikari.HikariDataSource] HikariPool-1 - Starting...
[20250111 16:03:49:507][INFO ][com.zaxxer.hikari.pool.HikariPool] HikariPool-1 - Added connection com.mysql.cj.jdbc.ConnectionImpl@3f47c0a3
[20250111 16:03:49:593][INFO ][com.zaxxer.hikari.HikariDataSource] HikariPool-1 - Start completed.
[20250111 16:03:50:190][WARN ][org.hibernate.orm.deprecation] HHH90000025: MySQLDialect does not need to be specified explicitly using 'hibernate.dialect' (remove the property setting and it will be selected by default)
[20250111 16:03:50:712][DEBUG][o.h.t.descriptor.sql.spi.DdlTypeRegistry] addDescriptor(12, org.hibernate.type.descriptor.sql.internal.CapacityDependentDdlType@7b381b88) replaced previous registration(org.hibernate.type.descriptor.sql.internal.CapacityDependentDdlType@590a7c75)
[20250111 16:03:50:719][DEBUG][o.h.t.descriptor.sql.spi.DdlTypeRegistry] addDescriptor(-9, org.hibernate.type.descriptor.sql.internal.CapacityDependentDdlType@2128f411) replaced previous registration(org.hibernate.type.descriptor.sql.internal.CapacityDependentDdlType@11b39d5e)
[20250111 16:03:50:721][DEBUG][o.h.t.descriptor.sql.spi.DdlTypeRegistry] addDescriptor(-3, org.hibernate.type.descriptor.sql.internal.CapacityDependentDdlType@2a6c30bb) replaced previous registration(org.hibernate.type.descriptor.sql.internal.CapacityDependentDdlType@200f1857)
[20250111 16:03:50:903][DEBUG][o.h.t.descriptor.sql.spi.DdlTypeRegistry] addDescriptor(4003, org.hibernate.type.descriptor.sql.internal.DdlTypeImpl@4661e83b) replaced previous registration(org.hibernate.type.descriptor.sql.internal.DdlTypeImpl@4b35c4c4)
[20250111 16:03:51:024][DEBUG][o.h.t.descriptor.sql.spi.DdlTypeRegistry] addDescriptor(4001, org.hibernate.type.descriptor.sql.internal.DdlTypeImpl@17dcf1) replaced previous registration(org.hibernate.type.descriptor.sql.internal.DdlTypeImpl@5882b104)
[20250111 16:03:51:129][DEBUG][o.h.t.descriptor.sql.spi.DdlTypeRegistry] addDescriptor(4002, org.hibernate.type.descriptor.sql.internal.DdlTypeImpl@116baa1f) replaced previous registration(org.hibernate.type.descriptor.sql.internal.DdlTypeImpl@741d4f12)
[20250111 16:03:51:235][DEBUG][o.h.t.descriptor.sql.spi.DdlTypeRegistry] addDescriptor(2004, org.hibernate.type.descriptor.sql.internal.CapacityDependentDdlType@4a53f534) replaced previous registration(org.hibernate.type.descriptor.sql.internal.DdlTypeImpl@71467eb)
[20250111 16:03:51:284][DEBUG][o.h.t.descriptor.sql.spi.DdlTypeRegistry] addDescriptor(2005, org.hibernate.type.descriptor.sql.internal.CapacityDependentDdlType@4be30e44) replaced previous registration(org.hibernate.type.descriptor.sql.internal.DdlTypeImpl@5598adf5)
[20250111 16:03:51:323][DEBUG][o.h.t.descriptor.sql.spi.DdlTypeRegistry] addDescriptor(2011, org.hibernate.type.descriptor.sql.internal.CapacityDependentDdlType@b71827) replaced previous registration(org.hibernate.type.descriptor.sql.internal.DdlTypeImpl@24380ce5)
[20250111 16:04:00:951][INFO ][o.h.e.t.j.p.i.JtaPlatformInitiator] HHH000489: No JTA platform available (set 'hibernate.transaction.jta.platform' to enable JTA platform integration)
[20250111 16:04:01:883][INFO ][o.s.o.j.LocalContainerEntityManagerFactoryBean] Initialized JPA EntityManagerFactory for persistence unit 'default'
[20250111 16:04:08:021][WARN ][o.s.b.a.o.j.JpaBaseConfiguration$JpaWebConfiguration] spring.jpa.open-in-view is enabled by default. Therefore, database queries may be performed during view rendering. Explicitly configure spring.jpa.open-in-view to disable this warning
[20250111 16:04:08:216][INFO ][o.s.b.a.w.s.WelcomePageHandlerMapping] Adding welcome page template: index
[20250111 16:04:11:792][INFO ][o.s.b.d.a.OptionalLiveReloadServer] LiveReload server is running on port 35729
[20250111 16:04:11:917][INFO ][o.apache.coyote.http11.Http11NioProtocol] Starting ProtocolHandler ["http-nio-8083"]
[20250111 16:04:12:761][INFO ][o.s.b.w.embedded.tomcat.TomcatWebServer] Tomcat started on port 8083 (http) with context path '/'
[20250111 16:04:13:078][INFO ][com.example.demo.DemoApplication] Started DemoApplication in 70.623 seconds (process running for 73.927)
[20250111 16:04:23:961][INFO ][o.a.c.c.C.[Tomcat].[localhost].[/]] Initializing Spring DispatcherServlet 'dispatcherServlet'
[20250111 16:04:23:963][INFO ][o.s.web.servlet.DispatcherServlet] Initializing Servlet 'dispatcherServlet'
[20250111 16:04:23:966][INFO ][o.s.web.servlet.DispatcherServlet] Completed initialization in 2 ms
[20250111 16:04:27:319][DEBUG][org.hibernate.SQL] select p1_0.id,p1_0.category,p1_0.country,p1_0.manufacturer,p1_0.name,p1_0.price,p1_0.quantity from product p1_0
[20250111 16:04:27:427][WARN ][o.a.catalina.util.SessionIdGeneratorBase] Creation of SecureRandom instance for session ID generation using [SHA1PRNG] took [521] milliseconds.
[20250111 16:04:35:157][DEBUG][org.hibernate.SQL] select u1_0.id,u1_0.created_at,u1_0.name,u1_0.phone,u1_0.signup_id,u1_0.signup_password,u1_0.updated_at from user u1_0 where u1_0.signup_id=?
[20250111 16:04:35:375][INFO ][com.example.demo.service.UserService] 로그인 처리 시간 (DB 조회 후 Redis 저장): 1700 ms
[20250111 16:04:35:634][INFO ][com.example.demo.service.UserService] Redis에서 캐시된 사용자 로그인 처리
[20250111 16:04:35:641][DEBUG][org.hibernate.SQL] select u1_0.id,u1_0.created_at,u1_0.name,u1_0.phone,u1_0.signup_id,u1_0.signup_password,u1_0.updated_at from user u1_0 where u1_0.signup_id=?
[20250111 16:04:35:897][DEBUG][org.hibernate.SQL] select p1_0.id,p1_0.category,p1_0.country,p1_0.manufacturer,p1_0.name,p1_0.price,p1_0.quantity from product p1_0
[20250111 16:04:35:942][INFO ][com.example.demo.service.UserService] Redis에서 캐시된 사용자 로그인 처리
[20250111 16:04:35:950][DEBUG][org.hibernate.SQL] select u1_0.id,u1_0.created_at,u1_0.name,u1_0.phone,u1_0.signup_id,u1_0.signup_password,u1_0.updated_at from user u1_0 where u1_0.signup_id=?
[20250111 16:04:41:744][INFO ][com.example.demo.service.CartService] Redis 미스: DB에서 데이터 조회 및 캐싱
[20250111 16:04:41:754][DEBUG][org.hibernate.SQL] select u1_0.id,u1_0.created_at,u1_0.name,u1_0.phone,u1_0.signup_id,u1_0.signup_password,u1_0.updated_at from user u1_0 where u1_0.signup_id=?
[20250111 16:04:41:817][DEBUG][org.hibernate.SQL] select c1_0.id,c1_0.created_at,c1_0.product_id,c1_0.quantity,c1_0.updated_at,c1_0.signup_id from cart c1_0 where c1_0.signup_id=?
[20250111 16:04:41:874][DEBUG][org.hibernate.SQL] select u1_0.id,u1_0.created_at,u1_0.name,u1_0.phone,u1_0.signup_id,u1_0.signup_password,u1_0.updated_at from user u1_0 where u1_0.signup_id=?
[20250111 16:04:41:895][DEBUG][org.hibernate.SQL] select p1_0.id,p1_0.category,p1_0.country,p1_0.manufacturer,p1_0.name,p1_0.price,p1_0.quantity from product p1_0 where p1_0.id=?
[20250111 16:04:41:906][DEBUG][org.hibernate.SQL] select p1_0.id,p1_0.category,p1_0.country,p1_0.manufacturer,p1_0.name,p1_0.price,p1_0.quantity from product p1_0 where p1_0.id=?
[20250111 16:04:41:910][DEBUG][org.hibernate.SQL] select p1_0.id,p1_0.category,p1_0.country,p1_0.manufacturer,p1_0.name,p1_0.price,p1_0.quantity from product p1_0 where p1_0.id=?
[20250111 16:46:58:973][INFO ][com.example.demo.DemoApplication] Starting DemoApplication using Java 17.0.3 with PID 12052 (C:\Users\user\Desktop\demo\build\classes\java\main started by 최진혁 in C:\Users\user\Desktop\demo)
[20250111 16:46:59:120][INFO ][com.example.demo.DemoApplication] No active profile set, falling back to 1 default profile: "default"
[20250111 16:47:00:749][INFO ][o.s.b.d.e.DevToolsPropertyDefaultsPostProcessor] Devtools property defaults active! Set 'spring.devtools.add-properties' to 'false' to disable
[20250111 16:47:00:876][INFO ][o.s.b.d.e.DevToolsPropertyDefaultsPostProcessor] For additional web related logging consider setting the 'logging.level.web' property to 'DEBUG'
[20250111 16:47:28:607][INFO ][com.example.demo.DemoApplication] Starting DemoApplication using Java 17.0.3 with PID 9972 (C:\Users\user\Desktop\demo\build\classes\java\main started by 최진혁 in C:\Users\user\Desktop\demo)
[20250111 16:47:28:639][INFO ][com.example.demo.DemoApplication] No active profile set, falling back to 1 default profile: "default"
[20250111 16:47:29:171][INFO ][o.s.b.d.e.DevToolsPropertyDefaultsPostProcessor] Devtools property defaults active! Set 'spring.devtools.add-properties' to 'false' to disable
[20250111 16:47:29:172][INFO ][o.s.b.d.e.DevToolsPropertyDefaultsPostProcessor] For additional web related logging consider setting the 'logging.level.web' property to 'DEBUG'
[20250111 16:47:34:975][INFO ][o.s.d.r.c.RepositoryConfigurationDelegate] Multiple Spring Data modules found, entering strict repository configuration mode
[20250111 16:47:34:995][INFO ][o.s.d.r.c.RepositoryConfigurationDelegate] Bootstrapping Spring Data JPA repositories in DEFAULT mode.
[20250111 16:47:36:317][INFO ][o.s.d.r.c.RepositoryConfigurationDelegate] Finished Spring Data repository scanning in 1268 ms. Found 5 JPA repository interfaces.
[20250111 16:47:36:584][INFO ][o.s.d.r.c.RepositoryConfigurationDelegate] Multiple Spring Data modules found, entering strict repository configuration mode
[20250111 16:47:36:591][INFO ][o.s.d.r.c.RepositoryConfigurationDelegate] Bootstrapping Spring Data Redis repositories in DEFAULT mode.
[20250111 16:47:36:770][INFO ][o.s.d.r.c.RepositoryConfigurationExtensionSupport] Spring Data Redis - Could not safely identify store assignment for repository candidate interface com.example.demo.repository.CartRepository; If you want this repository to be a Redis repository, consider annotating your entities with one of these annotations: org.springframework.data.redis.core.RedisHash (preferred), or consider extending one of the following types with your repository: org.springframework.data.keyvalue.repository.KeyValueRepository
[20250111 16:47:36:813][INFO ][o.s.d.r.c.RepositoryConfigurationExtensionSupport] Spring Data Redis - Could not safely identify store assignment for repository candidate interface com.example.demo.repository.ProductRepository; If you want this repository to be a Redis repository, consider annotating your entities with one of these annotations: org.springframework.data.redis.core.RedisHash (preferred), or consider extending one of the following types with your repository: org.springframework.data.keyvalue.repository.KeyValueRepository
[20250111 16:47:36:830][INFO ][o.s.d.r.c.RepositoryConfigurationExtensionSupport] Spring Data Redis - Could not safely identify store assignment for repository candidate interface com.example.demo.repository.TossPaymentInfoRepository; If you want this repository to be a Redis repository, consider annotating your entities with one of these annotations: org.springframework.data.redis.core.RedisHash (preferred), or consider extending one of the following types with your repository: org.springframework.data.keyvalue.repository.KeyValueRepository
[20250111 16:47:36:836][INFO ][o.s.d.r.c.RepositoryConfigurationExtensionSupport] Spring Data Redis - Could not safely identify store assignment for repository candidate interface com.example.demo.repository.UserRepository; If you want this repository to be a Redis repository, consider annotating your entities with one of these annotations: org.springframework.data.redis.core.RedisHash (preferred), or consider extending one of the following types with your repository: org.springframework.data.keyvalue.repository.KeyValueRepository
[20250111 16:47:36:881][INFO ][o.s.d.r.c.RepositoryConfigurationExtensionSupport] Spring Data Redis - Could not safely identify store assignment for repository candidate interface com.example.demo.repository.WebPaymentInfoRepository; If you want this repository to be a Redis repository, consider annotating your entities with one of these annotations: org.springframework.data.redis.core.RedisHash (preferred), or consider extending one of the following types with your repository: org.springframework.data.keyvalue.repository.KeyValueRepository
[20250111 16:47:36:894][INFO ][o.s.d.r.c.RepositoryConfigurationDelegate] Finished Spring Data repository scanning in 241 ms. Found 0 Redis repository interfaces.
[20250111 16:48:15:667][INFO ][o.s.b.w.embedded.tomcat.TomcatWebServer] Tomcat initialized with port 8083 (http)
[20250111 16:48:15:777][INFO ][o.apache.coyote.http11.Http11NioProtocol] Initializing ProtocolHandler ["http-nio-8083"]
[20250111 16:48:15:802][INFO ][o.apache.catalina.core.StandardService] Starting service [Tomcat]
[20250111 16:48:15:813][INFO ][org.apache.catalina.core.StandardEngine] Starting Servlet engine: [Apache Tomcat/10.1.31]
[20250111 16:48:17:374][INFO ][o.a.c.c.C.[Tomcat].[localhost].[/]] Initializing Spring embedded WebApplicationContext
[20250111 16:48:18:207][INFO ][o.s.b.w.s.c.ServletWebServerApplicationContext] Root WebApplicationContext: initialization completed in 49016 ms
[20250111 16:48:19:656][INFO ][o.hibernate.jpa.internal.util.LogHelper] HHH000204: Processing PersistenceUnitInfo [name: default]
[20250111 16:48:20:327][INFO ][org.hibernate.Version] HHH000412: Hibernate ORM core version 6.5.3.Final
[20250111 16:48:20:570][INFO ][o.h.c.internal.RegionFactoryInitiator] HHH000026: Second-level cache disabled
[20250111 16:48:22:563][INFO ][o.s.o.j.p.SpringPersistenceUnitInfo] No LoadTimeWeaver setup: ignoring JPA class transformer
[20250111 16:48:22:721][INFO ][com.zaxxer.hikari.HikariDataSource] HikariPool-1 - Starting...
[20250111 16:48:24:864][INFO ][com.zaxxer.hikari.pool.HikariPool] HikariPool-1 - Added connection com.mysql.cj.jdbc.ConnectionImpl@665dd747
[20250111 16:48:24:885][INFO ][com.zaxxer.hikari.HikariDataSource] HikariPool-1 - Start completed.
[20250111 16:48:25:271][WARN ][org.hibernate.orm.deprecation] HHH90000025: MySQLDialect does not need to be specified explicitly using 'hibernate.dialect' (remove the property setting and it will be selected by default)
[20250111 16:48:25:453][DEBUG][o.h.t.descriptor.sql.spi.DdlTypeRegistry] addDescriptor(12, org.hibernate.type.descriptor.sql.internal.CapacityDependentDdlType@7d52fad8) replaced previous registration(org.hibernate.type.descriptor.sql.internal.CapacityDependentDdlType@74cee6ec)
[20250111 16:48:25:456][DEBUG][o.h.t.descriptor.sql.spi.DdlTypeRegistry] addDescriptor(-9, org.hibernate.type.descriptor.sql.internal.CapacityDependentDdlType@1c1ec87d) replaced previous registration(org.hibernate.type.descriptor.sql.internal.CapacityDependentDdlType@2583b2dc)
[20250111 16:48:25:459][DEBUG][o.h.t.descriptor.sql.spi.DdlTypeRegistry] addDescriptor(-3, org.hibernate.type.descriptor.sql.internal.CapacityDependentDdlType@4f6d088e) replaced previous registration(org.hibernate.type.descriptor.sql.internal.CapacityDependentDdlType@4c977e09)
[20250111 16:48:25:461][DEBUG][o.h.t.descriptor.sql.spi.DdlTypeRegistry] addDescriptor(4003, org.hibernate.type.descriptor.sql.internal.DdlTypeImpl@26a00ac6) replaced previous registration(org.hibernate.type.descriptor.sql.internal.DdlTypeImpl@1e8d499c)
[20250111 16:48:25:463][DEBUG][o.h.t.descriptor.sql.spi.DdlTypeRegistry] addDescriptor(4001, org.hibernate.type.descriptor.sql.internal.DdlTypeImpl@39831bbb) replaced previous registration(org.hibernate.type.descriptor.sql.internal.DdlTypeImpl@4e134db4)
[20250111 16:48:25:465][DEBUG][o.h.t.descriptor.sql.spi.DdlTypeRegistry] addDescriptor(4002, org.hibernate.type.descriptor.sql.internal.DdlTypeImpl@68c3988a) replaced previous registration(org.hibernate.type.descriptor.sql.internal.DdlTypeImpl@1c76eda7)
[20250111 16:48:25:468][DEBUG][o.h.t.descriptor.sql.spi.DdlTypeRegistry] addDescriptor(2004, org.hibernate.type.descriptor.sql.internal.CapacityDependentDdlType@3d096351) replaced previous registration(org.hibernate.type.descriptor.sql.internal.DdlTypeImpl@6923e7a9)
[20250111 16:48:25:470][DEBUG][o.h.t.descriptor.sql.spi.DdlTypeRegistry] addDescriptor(2005, org.hibernate.type.descriptor.sql.internal.CapacityDependentDdlType@1dd035cf) replaced previous registration(org.hibernate.type.descriptor.sql.internal.DdlTypeImpl@36e0f807)
[20250111 16:48:25:479][DEBUG][o.h.t.descriptor.sql.spi.DdlTypeRegistry] addDescriptor(2011, org.hibernate.type.descriptor.sql.internal.CapacityDependentDdlType@40050661) replaced previous registration(org.hibernate.type.descriptor.sql.internal.DdlTypeImpl@36edaf67)
[20250111 16:48:36:544][INFO ][o.h.e.t.j.p.i.JtaPlatformInitiator] HHH000489: No JTA platform available (set 'hibernate.transaction.jta.platform' to enable JTA platform integration)
[20250111 16:48:37:395][INFO ][o.s.o.j.LocalContainerEntityManagerFactoryBean] Initialized JPA EntityManagerFactory for persistence unit 'default'
[20250111 16:48:45:688][WARN ][o.s.b.a.o.j.JpaBaseConfiguration$JpaWebConfiguration] spring.jpa.open-in-view is enabled by default. Therefore, database queries may be performed during view rendering. Explicitly configure spring.jpa.open-in-view to disable this warning
[20250111 16:48:45:985][INFO ][o.s.b.a.w.s.WelcomePageHandlerMapping] Adding welcome page template: index
[20250111 16:48:50:772][INFO ][o.s.b.d.a.OptionalLiveReloadServer] LiveReload server is running on port 35729
[20250111 16:48:51:093][INFO ][o.apache.coyote.http11.Http11NioProtocol] Starting ProtocolHandler ["http-nio-8083"]
[20250111 16:48:51:426][INFO ][o.s.b.w.embedded.tomcat.TomcatWebServer] Tomcat started on port 8083 (http) with context path '/'
[20250111 16:48:51:525][INFO ][com.example.demo.DemoApplication] Started DemoApplication in 88.655 seconds (process running for 95.941)
[20250111 16:58:52:754][INFO ][o.a.c.c.C.[Tomcat].[localhost].[/]] Initializing Spring DispatcherServlet 'dispatcherServlet'
[20250111 16:58:52:851][INFO ][o.s.web.servlet.DispatcherServlet] Initializing Servlet 'dispatcherServlet'
[20250111 16:58:53:030][INFO ][o.s.web.servlet.DispatcherServlet] Completed initialization in 178 ms
[20250111 16:58:55:698][WARN ][o.a.catalina.util.SessionIdGeneratorBase] Creation of SecureRandom instance for session ID generation using [SHA1PRNG] took [472] milliseconds.
[20250111 16:58:56:319][DEBUG][org.hibernate.SQL] select p1_0.id,p1_0.category,p1_0.country,p1_0.manufacturer,p1_0.name,p1_0.price,p1_0.quantity from product p1_0
[20250111 16:58:59:252][INFO ][com.example.demo.service.UserService] Redis에서 로그인 처리
[20250111 16:58:59:254][INFO ][com.example.demo.service.UserService] 로그인 처리 시간 (Redis 사용): 1374 ms
[20250111 16:59:00:332][INFO ][com.example.demo.service.UserService] Redis에서 캐시된 사용자 로그인 처리
[20250111 16:59:00:583][INFO ][com.example.demo.service.UserService] Redis에서 캐시된 사용자 로그인 처리
[20250111 16:59:00:619][DEBUG][org.hibernate.SQL] select p1_0.id,p1_0.category,p1_0.country,p1_0.manufacturer,p1_0.name,p1_0.price,p1_0.quantity from product p1_0
[20250111 16:59:00:653][DEBUG][org.hibernate.SQL] select u1_0.id,u1_0.created_at,u1_0.name,u1_0.phone,u1_0.signup_id,u1_0.signup_password,u1_0.updated_at from user u1_0 where u1_0.signup_id=?
[20250111 16:59:00:653][DEBUG][org.hibernate.SQL] select u1_0.id,u1_0.created_at,u1_0.name,u1_0.phone,u1_0.signup_id,u1_0.signup_password,u1_0.updated_at from user u1_0 where u1_0.signup_id=?
[20250111 16:59:02:169][WARN ][o.s.w.s.m.s.DefaultHandlerExceptionResolver] Resolved [org.springframework.web.bind.MissingServletRequestParameterException: Required request parameter 'signupId' for method parameter type String is not present]
[20250111 16:59:22:710][WARN ][o.s.w.s.m.s.DefaultHandlerExceptionResolver] Resolved [org.springframework.web.bind.MissingServletRequestParameterException: Required request parameter 'signupId' for method parameter type String is not present]
[20250111 17:06:30:166][INFO ][com.example.demo.DemoApplication] Starting DemoApplication using Java 17.0.3 with PID 8028 (C:\Users\user\Desktop\demo\build\classes\java\main started by 최진혁 in C:\Users\user\Desktop\demo)
[20250111 17:06:30:276][INFO ][com.example.demo.DemoApplication] No active profile set, falling back to 1 default profile: "default"
[20250111 17:06:31:343][INFO ][o.s.b.d.e.DevToolsPropertyDefaultsPostProcessor] Devtools property defaults active! Set 'spring.devtools.add-properties' to 'false' to disable
[20250111 17:06:31:346][INFO ][o.s.b.d.e.DevToolsPropertyDefaultsPostProcessor] For additional web related logging consider setting the 'logging.level.web' property to 'DEBUG'
[20250111 17:06:39:343][INFO ][o.s.d.r.c.RepositoryConfigurationDelegate] Multiple Spring Data modules found, entering strict repository configuration mode
[20250111 17:06:39:443][INFO ][o.s.d.r.c.RepositoryConfigurationDelegate] Bootstrapping Spring Data JPA repositories in DEFAULT mode.
[20250111 17:06:41:033][INFO ][o.s.d.r.c.RepositoryConfigurationDelegate] Finished Spring Data repository scanning in 1500 ms. Found 5 JPA repository interfaces.
[20250111 17:06:41:164][INFO ][o.s.d.r.c.RepositoryConfigurationDelegate] Multiple Spring Data modules found, entering strict repository configuration mode
[20250111 17:06:41:175][INFO ][o.s.d.r.c.RepositoryConfigurationDelegate] Bootstrapping Spring Data Redis repositories in DEFAULT mode.
[20250111 17:06:41:296][INFO ][o.s.d.r.c.RepositoryConfigurationExtensionSupport] Spring Data Redis - Could not safely identify store assignment for repository candidate interface com.example.demo.repository.CartRepository; If you want this repository to be a Redis repository, consider annotating your entities with one of these annotations: org.springframework.data.redis.core.RedisHash (preferred), or consider extending one of the following types with your repository: org.springframework.data.keyvalue.repository.KeyValueRepository
[20250111 17:06:41:298][INFO ][o.s.d.r.c.RepositoryConfigurationExtensionSupport] Spring Data Redis - Could not safely identify store assignment for repository candidate interface com.example.demo.repository.ProductRepository; If you want this repository to be a Redis repository, consider annotating your entities with one of these annotations: org.springframework.data.redis.core.RedisHash (preferred), or consider extending one of the following types with your repository: org.springframework.data.keyvalue.repository.KeyValueRepository
[20250111 17:06:41:304][INFO ][o.s.d.r.c.RepositoryConfigurationExtensionSupport] Spring Data Redis - Could not safely identify store assignment for repository candidate interface com.example.demo.repository.TossPaymentInfoRepository; If you want this repository to be a Redis repository, consider annotating your entities with one of these annotations: org.springframework.data.redis.core.RedisHash (preferred), or consider extending one of the following types with your repository: org.springframework.data.keyvalue.repository.KeyValueRepository
[20250111 17:06:41:311][INFO ][o.s.d.r.c.RepositoryConfigurationExtensionSupport] Spring Data Redis - Could not safely identify store assignment for repository candidate interface com.example.demo.repository.UserRepository; If you want this repository to be a Redis repository, consider annotating your entities with one of these annotations: org.springframework.data.redis.core.RedisHash (preferred), or consider extending one of the following types with your repository: org.springframework.data.keyvalue.repository.KeyValueRepository
[20250111 17:06:41:315][INFO ][o.s.d.r.c.RepositoryConfigurationExtensionSupport] Spring Data Redis - Could not safely identify store assignment for repository candidate interface com.example.demo.repository.WebPaymentInfoRepository; If you want this repository to be a Redis repository, consider annotating your entities with one of these annotations: org.springframework.data.redis.core.RedisHash (preferred), or consider extending one of the following types with your repository: org.springframework.data.keyvalue.repository.KeyValueRepository
[20250111 17:06:41:327][INFO ][o.s.d.r.c.RepositoryConfigurationDelegate] Finished Spring Data repository scanning in 80 ms. Found 0 Redis repository interfaces.
[20250111 17:06:50:272][INFO ][o.s.b.w.embedded.tomcat.TomcatWebServer] Tomcat initialized with port 8083 (http)
[20250111 17:06:50:491][INFO ][o.apache.coyote.http11.Http11NioProtocol] Initializing ProtocolHandler ["http-nio-8083"]
[20250111 17:06:50:591][INFO ][o.apache.catalina.core.StandardService] Starting service [Tomcat]
[20250111 17:06:50:593][INFO ][org.apache.catalina.core.StandardEngine] Starting Servlet engine: [Apache Tomcat/10.1.31]
[20250111 17:06:51:612][INFO ][o.a.c.c.C.[Tomcat].[localhost].[/]] Initializing Spring embedded WebApplicationContext
[20250111 17:06:51:623][INFO ][o.s.b.w.s.c.ServletWebServerApplicationContext] Root WebApplicationContext: initialization completed in 20127 ms
[20250111 17:06:55:205][INFO ][o.hibernate.jpa.internal.util.LogHelper] HHH000204: Processing PersistenceUnitInfo [name: default]
[20250111 17:06:55:892][INFO ][org.hibernate.Version] HHH000412: Hibernate ORM core version 6.5.3.Final
[20250111 17:06:56:391][INFO ][o.h.c.internal.RegionFactoryInitiator] HHH000026: Second-level cache disabled
[20250111 17:06:59:370][INFO ][o.s.o.j.p.SpringPersistenceUnitInfo] No LoadTimeWeaver setup: ignoring JPA class transformer
[20250111 17:06:59:505][INFO ][com.zaxxer.hikari.HikariDataSource] HikariPool-1 - Starting...
[20250111 17:07:00:895][INFO ][com.zaxxer.hikari.pool.HikariPool] HikariPool-1 - Added connection com.mysql.cj.jdbc.ConnectionImpl@4451ca06
[20250111 17:07:00:905][INFO ][com.zaxxer.hikari.HikariDataSource] HikariPool-1 - Start completed.
[20250111 17:07:01:431][WARN ][org.hibernate.orm.deprecation] HHH90000025: MySQLDialect does not need to be specified explicitly using 'hibernate.dialect' (remove the property setting and it will be selected by default)
[20250111 17:07:02:022][DEBUG][o.h.t.descriptor.sql.spi.DdlTypeRegistry] addDescriptor(12, org.hibernate.type.descriptor.sql.internal.CapacityDependentDdlType@36edaf67) replaced previous registration(org.hibernate.type.descriptor.sql.internal.CapacityDependentDdlType@2a0f9a38)
[20250111 17:07:02:092][DEBUG][o.h.t.descriptor.sql.spi.DdlTypeRegistry] addDescriptor(-9, org.hibernate.type.descriptor.sql.internal.CapacityDependentDdlType@1b1e6fbe) replaced previous registration(org.hibernate.type.descriptor.sql.internal.CapacityDependentDdlType@73c044b2)
[20250111 17:07:02:205][DEBUG][o.h.t.descriptor.sql.spi.DdlTypeRegistry] addDescriptor(-3, org.hibernate.type.descriptor.sql.internal.CapacityDependentDdlType@280d4b3a) replaced previous registration(org.hibernate.type.descriptor.sql.internal.CapacityDependentDdlType@7e05ca59)
[20250111 17:07:02:255][DEBUG][o.h.t.descriptor.sql.spi.DdlTypeRegistry] addDescriptor(4003, org.hibernate.type.descriptor.sql.internal.DdlTypeImpl@160e29b8) replaced previous registration(org.hibernate.type.descriptor.sql.internal.DdlTypeImpl@679a0a1f)
[20250111 17:07:02:270][DEBUG][o.h.t.descriptor.sql.spi.DdlTypeRegistry] addDescriptor(4001, org.hibernate.type.descriptor.sql.internal.DdlTypeImpl@258cd94d) replaced previous registration(org.hibernate.type.descriptor.sql.internal.DdlTypeImpl@750b98a7)
[20250111 17:07:02:285][DEBUG][o.h.t.descriptor.sql.spi.DdlTypeRegistry] addDescriptor(4002, org.hibernate.type.descriptor.sql.internal.DdlTypeImpl@12af3c57) replaced previous registration(org.hibernate.type.descriptor.sql.internal.DdlTypeImpl@255216ef)
[20250111 17:07:02:290][DEBUG][o.h.t.descriptor.sql.spi.DdlTypeRegistry] addDescriptor(2004, org.hibernate.type.descriptor.sql.internal.CapacityDependentDdlType@66d7f5b9) replaced previous registration(org.hibernate.type.descriptor.sql.internal.DdlTypeImpl@4f309764)
[20250111 17:07:02:325][DEBUG][o.h.t.descriptor.sql.spi.DdlTypeRegistry] addDescriptor(2005, org.hibernate.type.descriptor.sql.internal.CapacityDependentDdlType@24965751) replaced previous registration(org.hibernate.type.descriptor.sql.internal.DdlTypeImpl@1146c842)
[20250111 17:07:02:341][DEBUG][o.h.t.descriptor.sql.spi.DdlTypeRegistry] addDescriptor(2011, org.hibernate.type.descriptor.sql.internal.CapacityDependentDdlType@48e59dee) replaced previous registration(org.hibernate.type.descriptor.sql.internal.DdlTypeImpl@3a5a821)
[20250111 17:07:09:243][INFO ][o.h.e.t.j.p.i.JtaPlatformInitiator] HHH000489: No JTA platform available (set 'hibernate.transaction.jta.platform' to enable JTA platform integration)
[20250111 17:07:09:931][INFO ][o.s.o.j.LocalContainerEntityManagerFactoryBean] Initialized JPA EntityManagerFactory for persistence unit 'default'
[20250111 17:07:15:502][WARN ][o.s.b.a.o.j.JpaBaseConfiguration$JpaWebConfiguration] spring.jpa.open-in-view is enabled by default. Therefore, database queries may be performed during view rendering. Explicitly configure spring.jpa.open-in-view to disable this warning
[20250111 17:07:15:829][INFO ][o.s.b.a.w.s.WelcomePageHandlerMapping] Adding welcome page template: index
[20250111 17:07:19:964][INFO ][o.s.b.d.a.OptionalLiveReloadServer] LiveReload server is running on port 35729
[20250111 17:07:20:060][INFO ][o.apache.coyote.http11.Http11NioProtocol] Starting ProtocolHandler ["http-nio-8083"]
[20250111 17:07:20:292][INFO ][o.s.b.w.embedded.tomcat.TomcatWebServer] Tomcat started on port 8083 (http) with context path '/'
[20250111 17:07:20:316][INFO ][com.example.demo.DemoApplication] Started DemoApplication in 58.412 seconds (process running for 62.879)
[20250111 17:07:40:724][INFO ][o.a.c.c.C.[Tomcat].[localhost].[/]] Initializing Spring DispatcherServlet 'dispatcherServlet'
[20250111 17:07:40:725][INFO ][o.s.web.servlet.DispatcherServlet] Initializing Servlet 'dispatcherServlet'
[20250111 17:07:40:729][INFO ][o.s.web.servlet.DispatcherServlet] Completed initialization in 3 ms
[20250111 17:07:41:798][WARN ][o.a.catalina.util.SessionIdGeneratorBase] Creation of SecureRandom instance for session ID generation using [SHA1PRNG] took [276] milliseconds.
[20250111 17:07:41:903][DEBUG][org.hibernate.SQL] select p1_0.id,p1_0.category,p1_0.country,p1_0.manufacturer,p1_0.name,p1_0.price,p1_0.quantity from product p1_0
[20250111 17:07:53:424][DEBUG][org.hibernate.SQL] select u1_0.id,u1_0.created_at,u1_0.name,u1_0.phone,u1_0.signup_id,u1_0.signup_password,u1_0.updated_at from user u1_0 where u1_0.signup_id=?
[20250111 17:07:53:626][INFO ][com.example.demo.service.UserService] 로그인 처리 시간 (DB 조회 후 Redis 저장): 1277 ms
[20250111 17:07:54:759][INFO ][com.example.demo.service.UserService] Redis에서 캐시된 사용자 로그인 처리
[20250111 17:07:54:764][DEBUG][org.hibernate.SQL] select u1_0.id,u1_0.created_at,u1_0.name,u1_0.phone,u1_0.signup_id,u1_0.signup_password,u1_0.updated_at from user u1_0 where u1_0.signup_id=?
[20250111 17:07:54:864][DEBUG][org.hibernate.SQL] select p1_0.id,p1_0.category,p1_0.country,p1_0.manufacturer,p1_0.name,p1_0.price,p1_0.quantity from product p1_0
[20250111 17:07:54:865][INFO ][com.example.demo.service.UserService] Redis에서 캐시된 사용자 로그인 처리
[20250111 17:07:54:881][DEBUG][org.hibernate.SQL] select u1_0.id,u1_0.created_at,u1_0.name,u1_0.phone,u1_0.signup_id,u1_0.signup_password,u1_0.updated_at from user u1_0 where u1_0.signup_id=?
[20250111 17:07:55:739][WARN ][o.s.w.s.m.s.DefaultHandlerExceptionResolver] Resolved [org.springframework.web.bind.MissingServletRequestParameterException: Required request parameter 'signupId' for method parameter type String is not present]
[20250111 17:16:58:168][INFO ][com.example.demo.DemoApplication] Starting DemoApplication using Java 17.0.3 with PID 14844 (C:\Users\user\Desktop\demo\build\classes\java\main started by 최진혁 in C:\Users\user\Desktop\demo)
[20250111 17:16:58:181][INFO ][com.example.demo.DemoApplication] No active profile set, falling back to 1 default profile: "default"
[20250111 17:16:58:605][INFO ][o.s.b.d.e.DevToolsPropertyDefaultsPostProcessor] Devtools property defaults active! Set 'spring.devtools.add-properties' to 'false' to disable
[20250111 17:16:58:607][INFO ][o.s.b.d.e.DevToolsPropertyDefaultsPostProcessor] For additional web related logging consider setting the 'logging.level.web' property to 'DEBUG'
[20250111 17:17:08:432][INFO ][o.s.d.r.c.RepositoryConfigurationDelegate] Multiple Spring Data modules found, entering strict repository configuration mode
[20250111 17:17:08:447][INFO ][o.s.d.r.c.RepositoryConfigurationDelegate] Bootstrapping Spring Data JPA repositories in DEFAULT mode.
[20250111 17:17:09:816][INFO ][o.s.d.r.c.RepositoryConfigurationDelegate] Finished Spring Data repository scanning in 1299 ms. Found 5 JPA repository interfaces.
[20250111 17:17:09:914][INFO ][o.s.d.r.c.RepositoryConfigurationDelegate] Multiple Spring Data modules found, entering strict repository configuration mode
[20250111 17:17:09:919][INFO ][o.s.d.r.c.RepositoryConfigurationDelegate] Bootstrapping Spring Data Redis repositories in DEFAULT mode.
[20250111 17:17:10:050][INFO ][o.s.d.r.c.RepositoryConfigurationExtensionSupport] Spring Data Redis - Could not safely identify store assignment for repository candidate interface com.example.demo.repository.CartRepository; If you want this repository to be a Redis repository, consider annotating your entities with one of these annotations: org.springframework.data.redis.core.RedisHash (preferred), or consider extending one of the following types with your repository: org.springframework.data.keyvalue.repository.KeyValueRepository
[20250111 17:17:10:059][INFO ][o.s.d.r.c.RepositoryConfigurationExtensionSupport] Spring Data Redis - Could not safely identify store assignment for repository candidate interface com.example.demo.repository.ProductRepository; If you want this repository to be a Redis repository, consider annotating your entities with one of these annotations: org.springframework.data.redis.core.RedisHash (preferred), or consider extending one of the following types with your repository: org.springframework.data.keyvalue.repository.KeyValueRepository
[20250111 17:17:10:069][INFO ][o.s.d.r.c.RepositoryConfigurationExtensionSupport] Spring Data Redis - Could not safely identify store assignment for repository candidate interface com.example.demo.repository.TossPaymentInfoRepository; If you want this repository to be a Redis repository, consider annotating your entities with one of these annotations: org.springframework.data.redis.core.RedisHash (preferred), or consider extending one of the following types with your repository: org.springframework.data.keyvalue.repository.KeyValueRepository
[20250111 17:17:10:083][INFO ][o.s.d.r.c.RepositoryConfigurationExtensionSupport] Spring Data Redis - Could not safely identify store assignment for repository candidate interface com.example.demo.repository.UserRepository; If you want this repository to be a Redis repository, consider annotating your entities with one of these annotations: org.springframework.data.redis.core.RedisHash (preferred), or consider extending one of the following types with your repository: org.springframework.data.keyvalue.repository.KeyValueRepository
[20250111 17:17:10:115][INFO ][o.s.d.r.c.RepositoryConfigurationExtensionSupport] Spring Data Redis - Could not safely identify store assignment for repository candidate interface com.example.demo.repository.WebPaymentInfoRepository; If you want this repository to be a Redis repository, consider annotating your entities with one of these annotations: org.springframework.data.redis.core.RedisHash (preferred), or consider extending one of the following types with your repository: org.springframework.data.keyvalue.repository.KeyValueRepository
[20250111 17:17:10:117][INFO ][o.s.d.r.c.RepositoryConfigurationDelegate] Finished Spring Data repository scanning in 134 ms. Found 0 Redis repository interfaces.
[20250111 17:17:17:175][INFO ][o.s.b.w.embedded.tomcat.TomcatWebServer] Tomcat initialized with port 8083 (http)
[20250111 17:17:17:394][INFO ][o.apache.coyote.http11.Http11NioProtocol] Initializing ProtocolHandler ["http-nio-8083"]
[20250111 17:17:17:412][INFO ][o.apache.catalina.core.StandardService] Starting service [Tomcat]
[20250111 17:17:17:414][INFO ][org.apache.catalina.core.StandardEngine] Starting Servlet engine: [Apache Tomcat/10.1.31]
[20250111 17:17:18:410][INFO ][o.a.c.c.C.[Tomcat].[localhost].[/]] Initializing Spring embedded WebApplicationContext
[20250111 17:17:18:413][INFO ][o.s.b.w.s.c.ServletWebServerApplicationContext] Root WebApplicationContext: initialization completed in 19640 ms
[20250111 17:17:22:148][INFO ][o.hibernate.jpa.internal.util.LogHelper] HHH000204: Processing PersistenceUnitInfo [name: default]
[20250111 17:17:22:642][INFO ][org.hibernate.Version] HHH000412: Hibernate ORM core version 6.5.3.Final
[20250111 17:17:22:889][INFO ][o.h.c.internal.RegionFactoryInitiator] HHH000026: Second-level cache disabled
[20250111 17:17:28:763][INFO ][o.s.o.j.p.SpringPersistenceUnitInfo] No LoadTimeWeaver setup: ignoring JPA class transformer
[20250111 17:17:29:556][INFO ][com.zaxxer.hikari.HikariDataSource] HikariPool-1 - Starting...
[20250111 17:17:31:788][INFO ][com.zaxxer.hikari.pool.HikariPool] HikariPool-1 - Added connection com.mysql.cj.jdbc.ConnectionImpl@239fde00
[20250111 17:17:31:818][INFO ][com.zaxxer.hikari.HikariDataSource] HikariPool-1 - Start completed.
[20250111 17:17:32:171][WARN ][org.hibernate.orm.deprecation] HHH90000025: MySQLDialect does not need to be specified explicitly using 'hibernate.dialect' (remove the property setting and it will be selected by default)
[20250111 17:17:32:345][DEBUG][o.h.t.descriptor.sql.spi.DdlTypeRegistry] addDescriptor(12, org.hibernate.type.descriptor.sql.internal.CapacityDependentDdlType@1c76eda7) replaced previous registration(org.hibernate.type.descriptor.sql.internal.CapacityDependentDdlType@3d096351)
[20250111 17:17:32:348][DEBUG][o.h.t.descriptor.sql.spi.DdlTypeRegistry] addDescriptor(-9, org.hibernate.type.descriptor.sql.internal.CapacityDependentDdlType@6923e7a9) replaced previous registration(org.hibernate.type.descriptor.sql.internal.CapacityDependentDdlType@1dd035cf)
[20250111 17:17:32:350][DEBUG][o.h.t.descriptor.sql.spi.DdlTypeRegistry] addDescriptor(-3, org.hibernate.type.descriptor.sql.internal.CapacityDependentDdlType@36e0f807) replaced previous registration(org.hibernate.type.descriptor.sql.internal.CapacityDependentDdlType@40050661)
[20250111 17:17:32:352][DEBUG][o.h.t.descriptor.sql.spi.DdlTypeRegistry] addDescriptor(4003, org.hibernate.type.descriptor.sql.internal.DdlTypeImpl@36edaf67) replaced previous registration(org.hibernate.type.descriptor.sql.internal.DdlTypeImpl@2a0f9a38)
[20250111 17:17:32:383][DEBUG][o.h.t.descriptor.sql.spi.DdlTypeRegistry] addDescriptor(4001, org.hibernate.type.descriptor.sql.internal.DdlTypeImpl@1b1e6fbe) replaced previous registration(org.hibernate.type.descriptor.sql.internal.DdlTypeImpl@73c044b2)
[20250111 17:17:32:418][DEBUG][o.h.t.descriptor.sql.spi.DdlTypeRegistry] addDescriptor(4002, org.hibernate.type.descriptor.sql.internal.DdlTypeImpl@280d4b3a) replaced previous registration(org.hibernate.type.descriptor.sql.internal.DdlTypeImpl@7e05ca59)
[20250111 17:17:32:425][DEBUG][o.h.t.descriptor.sql.spi.DdlTypeRegistry] addDescriptor(2004, org.hibernate.type.descriptor.sql.internal.CapacityDependentDdlType@160e29b8) replaced previous registration(org.hibernate.type.descriptor.sql.internal.DdlTypeImpl@679a0a1f)
[20250111 17:17:32:435][DEBUG][o.h.t.descriptor.sql.spi.DdlTypeRegistry] addDescriptor(2005, org.hibernate.type.descriptor.sql.internal.CapacityDependentDdlType@258cd94d) replaced previous registration(org.hibernate.type.descriptor.sql.internal.DdlTypeImpl@750b98a7)
[20250111 17:17:32:440][DEBUG][o.h.t.descriptor.sql.spi.DdlTypeRegistry] addDescriptor(2011, org.hibernate.type.descriptor.sql.internal.CapacityDependentDdlType@12af3c57) replaced previous registration(org.hibernate.type.descriptor.sql.internal.DdlTypeImpl@255216ef)
[20250111 17:17:38:610][INFO ][o.h.e.t.j.p.i.JtaPlatformInitiator] HHH000489: No JTA platform available (set 'hibernate.transaction.jta.platform' to enable JTA platform integration)
[20250111 17:17:38:911][INFO ][o.s.o.j.LocalContainerEntityManagerFactoryBean] Initialized JPA EntityManagerFactory for persistence unit 'default'
[20250111 17:17:41:167][WARN ][o.s.b.a.o.j.JpaBaseConfiguration$JpaWebConfiguration] spring.jpa.open-in-view is enabled by default. Therefore, database queries may be performed during view rendering. Explicitly configure spring.jpa.open-in-view to disable this warning
[20250111 17:17:41:239][INFO ][o.s.b.a.w.s.WelcomePageHandlerMapping] Adding welcome page template: index
[20250111 17:17:42:547][INFO ][o.s.b.d.a.OptionalLiveReloadServer] LiveReload server is running on port 35729
[20250111 17:17:42:589][INFO ][o.apache.coyote.http11.Http11NioProtocol] Starting ProtocolHandler ["http-nio-8083"]
[20250111 17:17:42:685][INFO ][o.s.b.w.embedded.tomcat.TomcatWebServer] Tomcat started on port 8083 (http) with context path '/'
[20250111 17:17:42:735][INFO ][com.example.demo.DemoApplication] Started DemoApplication in 49.222 seconds (process running for 52.7)
[20250111 17:17:46:307][INFO ][o.a.c.c.C.[Tomcat].[localhost].[/]] Initializing Spring DispatcherServlet 'dispatcherServlet'
[20250111 17:17:46:309][INFO ][o.s.web.servlet.DispatcherServlet] Initializing Servlet 'dispatcherServlet'
[20250111 17:17:46:316][INFO ][o.s.web.servlet.DispatcherServlet] Completed initialization in 5 ms
[20250111 17:17:47:213][WARN ][o.a.catalina.util.SessionIdGeneratorBase] Creation of SecureRandom instance for session ID generation using [SHA1PRNG] took [258] milliseconds.
[20250111 17:17:47:336][DEBUG][org.hibernate.SQL] select p1_0.id,p1_0.category,p1_0.country,p1_0.manufacturer,p1_0.name,p1_0.price,p1_0.quantity from product p1_0
[20250111 17:17:53:283][INFO ][com.example.demo.service.UserService] Redis에서 로그인 처리
[20250111 17:17:53:284][INFO ][com.example.demo.service.UserService] 로그인 처리 시간 (Redis 사용): 798 ms
[20250111 17:17:54:431][INFO ][com.example.demo.service.UserService] Redis에서 캐시된 사용자 로그인 처리
[20250111 17:17:54:633][DEBUG][org.hibernate.SQL] select p1_0.id,p1_0.category,p1_0.country,p1_0.manufacturer,p1_0.name,p1_0.price,p1_0.quantity from product p1_0
[20250111 17:17:54:638][INFO ][com.example.demo.service.UserService] Redis에서 캐시된 사용자 로그인 처리
[20250111 17:17:54:693][DEBUG][org.hibernate.SQL] select u1_0.id,u1_0.created_at,u1_0.name,u1_0.phone,u1_0.signup_id,u1_0.signup_password,u1_0.updated_at from user u1_0 where u1_0.signup_id=?
[20250111 17:17:54:693][DEBUG][org.hibernate.SQL] select u1_0.id,u1_0.created_at,u1_0.name,u1_0.phone,u1_0.signup_id,u1_0.signup_password,u1_0.updated_at from user u1_0 where u1_0.signup_id=?
[20250111 17:17:55:598][WARN ][o.s.w.s.m.s.DefaultHandlerExceptionResolver] Resolved [org.springframework.web.bind.MissingServletRequestParameterException: Required request parameter 'signupId' for method parameter type String is not present]
[20250111 17:28:11:208][INFO ][com.example.demo.DemoApplication] Starting DemoApplication using Java 17.0.3 with PID 8564 (C:\Users\user\Desktop\demo\build\classes\java\main started by 최진혁 in C:\Users\user\Desktop\demo)
[20250111 17:28:11:218][INFO ][com.example.demo.DemoApplication] No active profile set, falling back to 1 default profile: "default"
[20250111 17:28:11:409][INFO ][o.s.b.d.e.DevToolsPropertyDefaultsPostProcessor] Devtools property defaults active! Set 'spring.devtools.add-properties' to 'false' to disable
[20250111 17:28:11:410][INFO ][o.s.b.d.e.DevToolsPropertyDefaultsPostProcessor] For additional web related logging consider setting the 'logging.level.web' property to 'DEBUG'
[20250111 17:28:16:744][INFO ][o.s.d.r.c.RepositoryConfigurationDelegate] Multiple Spring Data modules found, entering strict repository configuration mode
[20250111 17:28:16:749][INFO ][o.s.d.r.c.RepositoryConfigurationDelegate] Bootstrapping Spring Data JPA repositories in DEFAULT mode.
[20250111 17:28:17:484][INFO ][o.s.d.r.c.RepositoryConfigurationDelegate] Finished Spring Data repository scanning in 696 ms. Found 5 JPA repository interfaces.
[20250111 17:28:17:570][INFO ][o.s.d.r.c.RepositoryConfigurationDelegate] Multiple Spring Data modules found, entering strict repository configuration mode
[20250111 17:28:17:581][INFO ][o.s.d.r.c.RepositoryConfigurationDelegate] Bootstrapping Spring Data Redis repositories in DEFAULT mode.
[20250111 17:28:17:653][INFO ][o.s.d.r.c.RepositoryConfigurationExtensionSupport] Spring Data Redis - Could not safely identify store assignment for repository candidate interface com.example.demo.repository.CartRepository; If you want this repository to be a Redis repository, consider annotating your entities with one of these annotations: org.springframework.data.redis.core.RedisHash (preferred), or consider extending one of the following types with your repository: org.springframework.data.keyvalue.repository.KeyValueRepository
[20250111 17:28:17:656][INFO ][o.s.d.r.c.RepositoryConfigurationExtensionSupport] Spring Data Redis - Could not safely identify store assignment for repository candidate interface com.example.demo.repository.ProductRepository; If you want this repository to be a Redis repository, consider annotating your entities with one of these annotations: org.springframework.data.redis.core.RedisHash (preferred), or consider extending one of the following types with your repository: org.springframework.data.keyvalue.repository.KeyValueRepository
[20250111 17:28:17:658][INFO ][o.s.d.r.c.RepositoryConfigurationExtensionSupport] Spring Data Redis - Could not safely identify store assignment for repository candidate interface com.example.demo.repository.TossPaymentInfoRepository; If you want this repository to be a Redis repository, consider annotating your entities with one of these annotations: org.springframework.data.redis.core.RedisHash (preferred), or consider extending one of the following types with your repository: org.springframework.data.keyvalue.repository.KeyValueRepository
[20250111 17:28:17:676][INFO ][o.s.d.r.c.RepositoryConfigurationExtensionSupport] Spring Data Redis - Could not safely identify store assignment for repository candidate interface com.example.demo.repository.UserRepository; If you want this repository to be a Redis repository, consider annotating your entities with one of these annotations: org.springframework.data.redis.core.RedisHash (preferred), or consider extending one of the following types with your repository: org.springframework.data.keyvalue.repository.KeyValueRepository
[20250111 17:28:17:681][INFO ][o.s.d.r.c.RepositoryConfigurationExtensionSupport] Spring Data Redis - Could not safely identify store assignment for repository candidate interface com.example.demo.repository.WebPaymentInfoRepository; If you want this repository to be a Redis repository, consider annotating your entities with one of these annotations: org.springframework.data.redis.core.RedisHash (preferred), or consider extending one of the following types with your repository: org.springframework.data.keyvalue.repository.KeyValueRepository
[20250111 17:28:17:684][INFO ][o.s.d.r.c.RepositoryConfigurationDelegate] Finished Spring Data repository scanning in 57 ms. Found 0 Redis repository interfaces.
[20250111 17:28:25:953][INFO ][o.s.b.w.embedded.tomcat.TomcatWebServer] Tomcat initialized with port 8083 (http)
[20250111 17:28:26:148][INFO ][o.apache.coyote.http11.Http11NioProtocol] Initializing ProtocolHandler ["http-nio-8083"]
[20250111 17:28:26:218][INFO ][o.apache.catalina.core.StandardService] Starting service [Tomcat]
[20250111 17:28:26:221][INFO ][org.apache.catalina.core.StandardEngine] Starting Servlet engine: [Apache Tomcat/10.1.31]
[20250111 17:28:26:535][INFO ][o.a.c.c.C.[Tomcat].[localhost].[/]] Initializing Spring embedded WebApplicationContext
[20250111 17:28:26:536][INFO ][o.s.b.w.s.c.ServletWebServerApplicationContext] Root WebApplicationContext: initialization completed in 15119 ms
[20250111 17:28:29:703][INFO ][o.hibernate.jpa.internal.util.LogHelper] HHH000204: Processing PersistenceUnitInfo [name: default]
[20250111 17:28:31:262][INFO ][org.hibernate.Version] HHH000412: Hibernate ORM core version 6.5.3.Final
[20250111 17:28:31:684][INFO ][o.h.c.internal.RegionFactoryInitiator] HHH000026: Second-level cache disabled
[20250111 17:28:34:815][INFO ][o.s.o.j.p.SpringPersistenceUnitInfo] No LoadTimeWeaver setup: ignoring JPA class transformer
[20250111 17:28:35:490][INFO ][com.zaxxer.hikari.HikariDataSource] HikariPool-1 - Starting...
[20250111 17:28:37:264][INFO ][com.zaxxer.hikari.pool.HikariPool] HikariPool-1 - Added connection com.mysql.cj.jdbc.ConnectionImpl@239fde00
[20250111 17:28:37:271][INFO ][com.zaxxer.hikari.HikariDataSource] HikariPool-1 - Start completed.
[20250111 17:28:37:608][WARN ][org.hibernate.orm.deprecation] HHH90000025: MySQLDialect does not need to be specified explicitly using 'hibernate.dialect' (remove the property setting and it will be selected by default)
[20250111 17:28:37:738][DEBUG][o.h.t.descriptor.sql.spi.DdlTypeRegistry] addDescriptor(12, org.hibernate.type.descriptor.sql.internal.CapacityDependentDdlType@1c76eda7) replaced previous registration(org.hibernate.type.descriptor.sql.internal.CapacityDependentDdlType@3d096351)
[20250111 17:28:37:743][DEBUG][o.h.t.descriptor.sql.spi.DdlTypeRegistry] addDescriptor(-9, org.hibernate.type.descriptor.sql.internal.CapacityDependentDdlType@6923e7a9) replaced previous registration(org.hibernate.type.descriptor.sql.internal.CapacityDependentDdlType@1dd035cf)
[20250111 17:28:37:744][DEBUG][o.h.t.descriptor.sql.spi.DdlTypeRegistry] addDescriptor(-3, org.hibernate.type.descriptor.sql.internal.CapacityDependentDdlType@36e0f807) replaced previous registration(org.hibernate.type.descriptor.sql.internal.CapacityDependentDdlType@40050661)
[20250111 17:28:37:747][DEBUG][o.h.t.descriptor.sql.spi.DdlTypeRegistry] addDescriptor(4003, org.hibernate.type.descriptor.sql.internal.DdlTypeImpl@36edaf67) replaced previous registration(org.hibernate.type.descriptor.sql.internal.DdlTypeImpl@2a0f9a38)
[20250111 17:28:37:749][DEBUG][o.h.t.descriptor.sql.spi.DdlTypeRegistry] addDescriptor(4001, org.hibernate.type.descriptor.sql.internal.DdlTypeImpl@1b1e6fbe) replaced previous registration(org.hibernate.type.descriptor.sql.internal.DdlTypeImpl@73c044b2)
[20250111 17:28:37:761][DEBUG][o.h.t.descriptor.sql.spi.DdlTypeRegistry] addDescriptor(4002, org.hibernate.type.descriptor.sql.internal.DdlTypeImpl@280d4b3a) replaced previous registration(org.hibernate.type.descriptor.sql.internal.DdlTypeImpl@7e05ca59)
[20250111 17:28:37:817][DEBUG][o.h.t.descriptor.sql.spi.DdlTypeRegistry] addDescriptor(2004, org.hibernate.type.descriptor.sql.internal.CapacityDependentDdlType@160e29b8) replaced previous registration(org.hibernate.type.descriptor.sql.internal.DdlTypeImpl@679a0a1f)
[20250111 17:28:37:820][DEBUG][o.h.t.descriptor.sql.spi.DdlTypeRegistry] addDescriptor(2005, org.hibernate.type.descriptor.sql.internal.CapacityDependentDdlType@258cd94d) replaced previous registration(org.hibernate.type.descriptor.sql.internal.DdlTypeImpl@750b98a7)
[20250111 17:28:37:834][DEBUG][o.h.t.descriptor.sql.spi.DdlTypeRegistry] addDescriptor(2011, org.hibernate.type.descriptor.sql.internal.CapacityDependentDdlType@12af3c57) replaced previous registration(org.hibernate.type.descriptor.sql.internal.DdlTypeImpl@255216ef)
[20250111 17:28:41:065][INFO ][o.h.e.t.j.p.i.JtaPlatformInitiator] HHH000489: No JTA platform available (set 'hibernate.transaction.jta.platform' to enable JTA platform integration)
[20250111 17:28:41:413][INFO ][o.s.o.j.LocalContainerEntityManagerFactoryBean] Initialized JPA EntityManagerFactory for persistence unit 'default'
[20250111 17:28:43:960][WARN ][o.s.b.a.o.j.JpaBaseConfiguration$JpaWebConfiguration] spring.jpa.open-in-view is enabled by default. Therefore, database queries may be performed during view rendering. Explicitly configure spring.jpa.open-in-view to disable this warning
[20250111 17:28:44:037][INFO ][o.s.b.a.w.s.WelcomePageHandlerMapping] Adding welcome page template: index
[20250111 17:28:45:571][INFO ][o.s.b.d.a.OptionalLiveReloadServer] LiveReload server is running on port 35729
[20250111 17:28:45:631][INFO ][o.apache.coyote.http11.Http11NioProtocol] Starting ProtocolHandler ["http-nio-8083"]
[20250111 17:28:46:343][INFO ][o.s.b.w.embedded.tomcat.TomcatWebServer] Tomcat started on port 8083 (http) with context path '/'
[20250111 17:28:46:459][INFO ][com.example.demo.DemoApplication] Started DemoApplication in 38.497 seconds (process running for 41.74)
[20250111 17:28:46:887][INFO ][o.a.c.c.C.[Tomcat].[localhost].[/]] Initializing Spring DispatcherServlet 'dispatcherServlet'
[20250111 17:28:46:890][INFO ][o.s.web.servlet.DispatcherServlet] Initializing Servlet 'dispatcherServlet'
[20250111 17:28:46:895][INFO ][o.s.web.servlet.DispatcherServlet] Completed initialization in 3 ms
[20250111 17:28:48:220][WARN ][o.a.catalina.util.SessionIdGeneratorBase] Creation of SecureRandom instance for session ID generation using [SHA1PRNG] took [193] milliseconds.
[20250111 17:28:48:402][DEBUG][org.hibernate.SQL] select p1_0.id,p1_0.category,p1_0.country,p1_0.manufacturer,p1_0.name,p1_0.price,p1_0.quantity from product p1_0
[20250111 17:28:51:709][INFO ][com.example.demo.service.UserService] Redis에서 로그인 처리
[20250111 17:28:51:712][INFO ][com.example.demo.service.UserService] 로그인 처리 시간 (Redis 사용): 1021 ms
[20250111 17:28:52:730][INFO ][com.example.demo.service.UserService] Redis에서 캐시된 사용자 로그인 처리
[20250111 17:28:52:789][INFO ][com.example.demo.service.UserService] Redis에서 캐시된 사용자 로그인 처리
[20250111 17:28:52:793][DEBUG][org.hibernate.SQL] select p1_0.id,p1_0.category,p1_0.country,p1_0.manufacturer,p1_0.name,p1_0.price,p1_0.quantity from product p1_0
[20250111 17:28:52:879][DEBUG][org.hibernate.SQL] select u1_0.id,u1_0.created_at,u1_0.name,u1_0.phone,u1_0.signup_id,u1_0.signup_password,u1_0.updated_at from user u1_0 where u1_0.signup_id=?
[20250111 17:28:52:879][DEBUG][org.hibernate.SQL] select u1_0.id,u1_0.created_at,u1_0.name,u1_0.phone,u1_0.signup_id,u1_0.signup_password,u1_0.updated_at from user u1_0 where u1_0.signup_id=?
[20250111 17:28:53:683][WARN ][o.s.w.s.m.s.DefaultHandlerExceptionResolver] Resolved [org.springframework.web.bind.MissingServletRequestParameterException: Required request parameter 'signupId' for method parameter type String is not present]
[20250111 17:30:48:723][INFO ][com.example.demo.DemoApplication] Starting DemoApplication using Java 17.0.3 with PID 10744 (C:\Users\user\Desktop\demo\build\classes\java\main started by 최진혁 in C:\Users\user\Desktop\demo)
[20250111 17:30:48:741][INFO ][com.example.demo.DemoApplication] No active profile set, falling back to 1 default profile: "default"
[20250111 17:30:48:908][INFO ][o.s.b.d.e.DevToolsPropertyDefaultsPostProcessor] Devtools property defaults active! Set 'spring.devtools.add-properties' to 'false' to disable
[20250111 17:30:48:924][INFO ][o.s.b.d.e.DevToolsPropertyDefaultsPostProcessor] For additional web related logging consider setting the 'logging.level.web' property to 'DEBUG'
[20250111 17:30:52:379][INFO ][o.s.d.r.c.RepositoryConfigurationDelegate] Multiple Spring Data modules found, entering strict repository configuration mode
[20250111 17:30:52:386][INFO ][o.s.d.r.c.RepositoryConfigurationDelegate] Bootstrapping Spring Data JPA repositories in DEFAULT mode.
[20250111 17:30:53:167][INFO ][o.s.d.r.c.RepositoryConfigurationDelegate] Finished Spring Data repository scanning in 741 ms. Found 5 JPA repository interfaces.
[20250111 17:30:53:272][INFO ][o.s.d.r.c.RepositoryConfigurationDelegate] Multiple Spring Data modules found, entering strict repository configuration mode
[20250111 17:30:53:303][INFO ][o.s.d.r.c.RepositoryConfigurationDelegate] Bootstrapping Spring Data Redis repositories in DEFAULT mode.
[20250111 17:30:53:465][INFO ][o.s.d.r.c.RepositoryConfigurationExtensionSupport] Spring Data Redis - Could not safely identify store assignment for repository candidate interface com.example.demo.repository.CartRepository; If you want this repository to be a Redis repository, consider annotating your entities with one of these annotations: org.springframework.data.redis.core.RedisHash (preferred), or consider extending one of the following types with your repository: org.springframework.data.keyvalue.repository.KeyValueRepository
[20250111 17:30:53:471][INFO ][o.s.d.r.c.RepositoryConfigurationExtensionSupport] Spring Data Redis - Could not safely identify store assignment for repository candidate interface com.example.demo.repository.ProductRepository; If you want this repository to be a Redis repository, consider annotating your entities with one of these annotations: org.springframework.data.redis.core.RedisHash (preferred), or consider extending one of the following types with your repository: org.springframework.data.keyvalue.repository.KeyValueRepository
[20250111 17:30:53:487][INFO ][o.s.d.r.c.RepositoryConfigurationExtensionSupport] Spring Data Redis - Could not safely identify store assignment for repository candidate interface com.example.demo.repository.TossPaymentInfoRepository; If you want this repository to be a Redis repository, consider annotating your entities with one of these annotations: org.springframework.data.redis.core.RedisHash (preferred), or consider extending one of the following types with your repository: org.springframework.data.keyvalue.repository.KeyValueRepository
[20250111 17:30:53:513][INFO ][o.s.d.r.c.RepositoryConfigurationExtensionSupport] Spring Data Redis - Could not safely identify store assignment for repository candidate interface com.example.demo.repository.UserRepository; If you want this repository to be a Redis repository, consider annotating your entities with one of these annotations: org.springframework.data.redis.core.RedisHash (preferred), or consider extending one of the following types with your repository: org.springframework.data.keyvalue.repository.KeyValueRepository
[20250111 17:30:53:532][INFO ][o.s.d.r.c.RepositoryConfigurationExtensionSupport] Spring Data Redis - Could not safely identify store assignment for repository candidate interface com.example.demo.repository.WebPaymentInfoRepository; If you want this repository to be a Redis repository, consider annotating your entities with one of these annotations: org.springframework.data.redis.core.RedisHash (preferred), or consider extending one of the following types with your repository: org.springframework.data.keyvalue.repository.KeyValueRepository
[20250111 17:30:53:568][INFO ][o.s.d.r.c.RepositoryConfigurationDelegate] Finished Spring Data repository scanning in 212 ms. Found 0 Redis repository interfaces.
[20250111 17:30:57:384][INFO ][o.s.b.w.embedded.tomcat.TomcatWebServer] Tomcat initialized with port 8083 (http)
[20250111 17:30:57:456][INFO ][o.apache.coyote.http11.Http11NioProtocol] Initializing ProtocolHandler ["http-nio-8083"]
[20250111 17:30:57:472][INFO ][o.apache.catalina.core.StandardService] Starting service [Tomcat]
[20250111 17:30:57:479][INFO ][org.apache.catalina.core.StandardEngine] Starting Servlet engine: [Apache Tomcat/10.1.31]
[20250111 17:30:57:869][INFO ][o.a.c.c.C.[Tomcat].[localhost].[/]] Initializing Spring embedded WebApplicationContext
[20250111 17:30:57:871][INFO ][o.s.b.w.s.c.ServletWebServerApplicationContext] Root WebApplicationContext: initialization completed in 8934 ms
[20250111 17:30:58:638][INFO ][o.hibernate.jpa.internal.util.LogHelper] HHH000204: Processing PersistenceUnitInfo [name: default]
[20250111 17:30:59:012][INFO ][org.hibernate.Version] HHH000412: Hibernate ORM core version 6.5.3.Final
[20250111 17:30:59:177][INFO ][o.h.c.internal.RegionFactoryInitiator] HHH000026: Second-level cache disabled
[20250111 17:31:00:637][INFO ][o.s.o.j.p.SpringPersistenceUnitInfo] No LoadTimeWeaver setup: ignoring JPA class transformer
[20250111 17:31:00:796][INFO ][com.zaxxer.hikari.HikariDataSource] HikariPool-1 - Starting...
[20250111 17:31:02:037][INFO ][com.zaxxer.hikari.pool.HikariPool] HikariPool-1 - Added connection com.mysql.cj.jdbc.ConnectionImpl@3d39545c
[20250111 17:31:02:059][INFO ][com.zaxxer.hikari.HikariDataSource] HikariPool-1 - Start completed.
[20250111 17:31:02:375][WARN ][org.hibernate.orm.deprecation] HHH90000025: MySQLDialect does not need to be specified explicitly using 'hibernate.dialect' (remove the property setting and it will be selected by default)
[20250111 17:31:02:614][DEBUG][o.h.t.descriptor.sql.spi.DdlTypeRegistry] addDescriptor(12, org.hibernate.type.descriptor.sql.internal.CapacityDependentDdlType@2fb008c4) replaced previous registration(org.hibernate.type.descriptor.sql.internal.CapacityDependentDdlType@41c5abd3)
[20250111 17:31:02:617][DEBUG][o.h.t.descriptor.sql.spi.DdlTypeRegistry] addDescriptor(-9, org.hibernate.type.descriptor.sql.internal.CapacityDependentDdlType@581cbf91) replaced previous registration(org.hibernate.type.descriptor.sql.internal.CapacityDependentDdlType@3a15688)
[20250111 17:31:02:631][DEBUG][o.h.t.descriptor.sql.spi.DdlTypeRegistry] addDescriptor(-3, org.hibernate.type.descriptor.sql.internal.CapacityDependentDdlType@2cf89810) replaced previous registration(org.hibernate.type.descriptor.sql.internal.CapacityDependentDdlType@408f356f)
[20250111 17:31:02:647][DEBUG][o.h.t.descriptor.sql.spi.DdlTypeRegistry] addDescriptor(4003, org.hibernate.type.descriptor.sql.internal.DdlTypeImpl@7d52fad8) replaced previous registration(org.hibernate.type.descriptor.sql.internal.DdlTypeImpl@74cee6ec)
[20250111 17:31:02:715][DEBUG][o.h.t.descriptor.sql.spi.DdlTypeRegistry] addDescriptor(4001, org.hibernate.type.descriptor.sql.internal.DdlTypeImpl@1c1ec87d) replaced previous registration(org.hibernate.type.descriptor.sql.internal.DdlTypeImpl@2583b2dc)
[20250111 17:31:02:721][DEBUG][o.h.t.descriptor.sql.spi.DdlTypeRegistry] addDescriptor(4002, org.hibernate.type.descriptor.sql.internal.DdlTypeImpl@4f6d088e) replaced previous registration(org.hibernate.type.descriptor.sql.internal.DdlTypeImpl@4c977e09)
[20250111 17:31:02:781][DEBUG][o.h.t.descriptor.sql.spi.DdlTypeRegistry] addDescriptor(2004, org.hibernate.type.descriptor.sql.internal.CapacityDependentDdlType@26a00ac6) replaced previous registration(org.hibernate.type.descriptor.sql.internal.DdlTypeImpl@1e8d499c)
[20250111 17:31:02:886][DEBUG][o.h.t.descriptor.sql.spi.DdlTypeRegistry] addDescriptor(2005, org.hibernate.type.descriptor.sql.internal.CapacityDependentDdlType@39831bbb) replaced previous registration(org.hibernate.type.descriptor.sql.internal.DdlTypeImpl@4e134db4)
[20250111 17:31:02:928][DEBUG][o.h.t.descriptor.sql.spi.DdlTypeRegistry] addDescriptor(2011, org.hibernate.type.descriptor.sql.internal.CapacityDependentDdlType@68c3988a) replaced previous registration(org.hibernate.type.descriptor.sql.internal.DdlTypeImpl@1c76eda7)
[20250111 17:31:07:576][INFO ][o.h.e.t.j.p.i.JtaPlatformInitiator] HHH000489: No JTA platform available (set 'hibernate.transaction.jta.platform' to enable JTA platform integration)
[20250111 17:31:07:871][INFO ][o.s.o.j.LocalContainerEntityManagerFactoryBean] Initialized JPA EntityManagerFactory for persistence unit 'default'
[20250111 17:31:10:747][WARN ][o.s.b.a.o.j.JpaBaseConfiguration$JpaWebConfiguration] spring.jpa.open-in-view is enabled by default. Therefore, database queries may be performed during view rendering. Explicitly configure spring.jpa.open-in-view to disable this warning
[20250111 17:31:10:894][INFO ][o.s.b.a.w.s.WelcomePageHandlerMapping] Adding welcome page template: index
[20250111 17:31:13:188][INFO ][o.s.b.d.a.OptionalLiveReloadServer] LiveReload server is running on port 35729
[20250111 17:31:13:270][INFO ][o.apache.coyote.http11.Http11NioProtocol] Starting ProtocolHandler ["http-nio-8083"]
[20250111 17:31:13:685][INFO ][o.s.b.w.embedded.tomcat.TomcatWebServer] Tomcat started on port 8083 (http) with context path '/'
[20250111 17:31:13:749][INFO ][com.example.demo.DemoApplication] Started DemoApplication in 27.036 seconds (process running for 28.699)
[20250111 17:32:27:528][INFO ][o.a.c.c.C.[Tomcat].[localhost].[/]] Initializing Spring DispatcherServlet 'dispatcherServlet'
[20250111 17:32:27:576][INFO ][o.s.web.servlet.DispatcherServlet] Initializing Servlet 'dispatcherServlet'
[20250111 17:32:27:679][INFO ][o.s.web.servlet.DispatcherServlet] Completed initialization in 103 ms
[20250111 17:32:29:811][WARN ][o.a.catalina.util.SessionIdGeneratorBase] Creation of SecureRandom instance for session ID generation using [SHA1PRNG] took [241] milliseconds.
[20250111 17:32:31:207][DEBUG][org.hibernate.SQL] select p1_0.id,p1_0.category,p1_0.country,p1_0.manufacturer,p1_0.name,p1_0.price,p1_0.quantity from product p1_0
[20250111 17:32:49:860][INFO ][com.example.demo.service.UserService] Redis에서 로그인 처리
[20250111 17:32:49:862][INFO ][com.example.demo.service.UserService] 로그인 처리 시간 (Redis 사용): 843 ms
[20250111 17:32:50:783][INFO ][com.example.demo.service.UserService] Redis에서 캐시된 사용자 로그인 처리
[20250111 17:32:50:911][INFO ][com.example.demo.service.UserService] Redis에서 캐시된 사용자 로그인 처리
[20250111 17:32:50:919][DEBUG][org.hibernate.SQL] select p1_0.id,p1_0.category,p1_0.country,p1_0.manufacturer,p1_0.name,p1_0.price,p1_0.quantity from product p1_0
[20250111 17:32:51:017][DEBUG][org.hibernate.SQL] select u1_0.id,u1_0.created_at,u1_0.name,u1_0.phone,u1_0.signup_id,u1_0.signup_password,u1_0.updated_at from user u1_0 where u1_0.signup_id=?
[20250111 17:32:51:017][DEBUG][org.hibernate.SQL] select u1_0.id,u1_0.created_at,u1_0.name,u1_0.phone,u1_0.signup_id,u1_0.signup_password,u1_0.updated_at from user u1_0 where u1_0.signup_id=?
[20250111 17:32:52:618][INFO ][com.example.demo.service.CartService] Redis에서 장바구니 정보 조회 실패. DB에서 조회 후 캐시 처리.
[20250111 17:32:52:618][DEBUG][org.hibernate.SQL] select u1_0.id,u1_0.created_at,u1_0.name,u1_0.phone,u1_0.signup_id,u1_0.signup_password,u1_0.updated_at from user u1_0 where u1_0.signup_id=?
[20250111 17:32:52:681][DEBUG][org.hibernate.SQL] select c1_0.id,c1_0.created_at,c1_0.product_id,c1_0.quantity,c1_0.updated_at,c1_0.signup_id from cart c1_0 where c1_0.signup_id=?
[20250111 17:32:52:806][DEBUG][org.hibernate.SQL] select u1_0.id,u1_0.created_at,u1_0.name,u1_0.phone,u1_0.signup_id,u1_0.signup_password,u1_0.updated_at from user u1_0 where u1_0.signup_id=?
[20250111 17:32:52:833][DEBUG][org.hibernate.SQL] select p1_0.id,p1_0.category,p1_0.country,p1_0.manufacturer,p1_0.name,p1_0.price,p1_0.quantity from product p1_0 where p1_0.id=?
[20250111 17:32:52:848][DEBUG][org.hibernate.SQL] select p1_0.id,p1_0.category,p1_0.country,p1_0.manufacturer,p1_0.name,p1_0.price,p1_0.quantity from product p1_0 where p1_0.id=?
[20250111 17:32:52:853][DEBUG][org.hibernate.SQL] select p1_0.id,p1_0.category,p1_0.country,p1_0.manufacturer,p1_0.name,p1_0.price,p1_0.quantity from product p1_0 where p1_0.id=?
[20250111 17:32:52:861][DEBUG][org.hibernate.SQL] select u1_0.id,u1_0.created_at,u1_0.name,u1_0.phone,u1_0.signup_id,u1_0.signup_password,u1_0.updated_at from user u1_0 where u1_0.signup_id=?
[20250111 17:32:52:871][DEBUG][org.hibernate.SQL] select c1_0.id,c1_0.created_at,c1_0.product_id,c1_0.quantity,c1_0.updated_at,c1_0.signup_id from cart c1_0 where c1_0.signup_id=?
[20250111 17:32:52:899][INFO ][com.example.demo.service.CartService] Redis에 장바구니 정보 저장 완료. redisKey: cart:jaja2222
[20250111 17:32:55:858][INFO ][com.example.demo.service.CartService] Redis에서 장바구니 정보 조회 성공.
[20250111 17:33:01:268][DEBUG][org.hibernate.SQL] select u1_0.id,u1_0.created_at,u1_0.name,u1_0.phone,u1_0.signup_id,u1_0.signup_password,u1_0.updated_at from user u1_0 where u1_0.signup_id=?
[20250111 17:33:01:287][DEBUG][org.hibernate.SQL] select p1_0.id,p1_0.category,p1_0.country,p1_0.manufacturer,p1_0.name,p1_0.price,p1_0.quantity from product p1_0 where p1_0.id=?
[20250111 17:33:01:310][DEBUG][org.hibernate.SQL] select c1_0.id,c1_0.created_at,c1_0.product_id,c1_0.quantity,c1_0.updated_at,c1_0.signup_id from cart c1_0 where c1_0.signup_id=? and c1_0.product_id=?
[20250111 17:33:01:318][DEBUG][org.hibernate.SQL] select u1_0.id,u1_0.created_at,u1_0.name,u1_0.phone,u1_0.signup_id,u1_0.signup_password,u1_0.updated_at from user u1_0 where u1_0.signup_id=?
[20250111 17:33:01:422][DEBUG][org.hibernate.SQL] update cart set product_id=?,quantity=?,updated_at=?,signup_id=? where id=?
[20250111 17:33:01:547][DEBUG][org.hibernate.SQL] select u1_0.id,u1_0.created_at,u1_0.name,u1_0.phone,u1_0.signup_id,u1_0.signup_password,u1_0.updated_at from user u1_0 where u1_0.signup_id=?
[20250111 17:33:01:547][DEBUG][org.hibernate.SQL] select c1_0.id,c1_0.created_at,c1_0.product_id,c1_0.quantity,c1_0.updated_at,c1_0.signup_id from cart c1_0 where c1_0.signup_id=?
[20250111 17:33:01:560][DEBUG][org.hibernate.SQL] select p1_0.id,p1_0.category,p1_0.country,p1_0.manufacturer,p1_0.name,p1_0.price,p1_0.quantity from product p1_0 where p1_0.id=?
[20250111 17:33:01:565][DEBUG][org.hibernate.SQL] select p1_0.id,p1_0.category,p1_0.country,p1_0.manufacturer,p1_0.name,p1_0.price,p1_0.quantity from product p1_0 where p1_0.id=?
[20250111 17:33:01:566][INFO ][com.example.demo.service.CartService] Redis에 장바구니 정보 저장 완료. redisKey: cart:jaja2222
[20250111 17:33:02:542][INFO ][com.example.demo.service.CartService] Redis에서 장바구니 정보 조회 성공.
[20250111 17:33:05:250][INFO ][com.example.demo.service.CartService] Redis에서 장바구니 정보 조회 성공.
