[20250124 20:16:04:555][INFO ][com.example.demo.DemoApplication] Starting DemoApplication using Java 17.0.3 with PID 18116 (C:\Users\user\Desktop\demo\build\classes\java\main started by √÷¡¯«ı in C:\Users\user\Desktop\demo)
[20250124 20:16:04:646][INFO ][com.example.demo.DemoApplication] No active profile set, falling back to 1 default profile: "default"
[20250124 20:16:04:917][INFO ][o.s.b.d.e.DevToolsPropertyDefaultsPostProcessor] Devtools property defaults active! Set 'spring.devtools.add-properties' to 'false' to disable
[20250124 20:16:04:917][INFO ][o.s.b.d.e.DevToolsPropertyDefaultsPostProcessor] For additional web related logging consider setting the 'logging.level.web' property to 'DEBUG'
[20250124 20:16:09:821][INFO ][o.s.d.r.c.RepositoryConfigurationDelegate] Multiple Spring Data modules found, entering strict repository configuration mode
[20250124 20:16:09:853][INFO ][o.s.d.r.c.RepositoryConfigurationDelegate] Bootstrapping Spring Data JPA repositories in DEFAULT mode.
[20250124 20:16:10:343][INFO ][o.s.d.r.c.RepositoryConfigurationDelegate] Finished Spring Data repository scanning in 452 ms. Found 5 JPA repository interfaces.
[20250124 20:16:10:390][INFO ][o.s.d.r.c.RepositoryConfigurationDelegate] Multiple Spring Data modules found, entering strict repository configuration mode
[20250124 20:16:10:405][INFO ][o.s.d.r.c.RepositoryConfigurationDelegate] Bootstrapping Spring Data Redis repositories in DEFAULT mode.
[20250124 20:16:10:448][INFO ][o.s.d.r.c.RepositoryConfigurationExtensionSupport] Spring Data Redis - Could not safely identify store assignment for repository candidate interface com.example.demo.repository.CartRepository; If you want this repository to be a Redis repository, consider annotating your entities with one of these annotations: org.springframework.data.redis.core.RedisHash (preferred), or consider extending one of the following types with your repository: org.springframework.data.keyvalue.repository.KeyValueRepository
[20250124 20:16:10:461][INFO ][o.s.d.r.c.RepositoryConfigurationExtensionSupport] Spring Data Redis - Could not safely identify store assignment for repository candidate interface com.example.demo.repository.ProductRepository; If you want this repository to be a Redis repository, consider annotating your entities with one of these annotations: org.springframework.data.redis.core.RedisHash (preferred), or consider extending one of the following types with your repository: org.springframework.data.keyvalue.repository.KeyValueRepository
[20250124 20:16:10:461][INFO ][o.s.d.r.c.RepositoryConfigurationExtensionSupport] Spring Data Redis - Could not safely identify store assignment for repository candidate interface com.example.demo.repository.TossPaymentInfoRepository; If you want this repository to be a Redis repository, consider annotating your entities with one of these annotations: org.springframework.data.redis.core.RedisHash (preferred), or consider extending one of the following types with your repository: org.springframework.data.keyvalue.repository.KeyValueRepository
[20250124 20:16:10:461][INFO ][o.s.d.r.c.RepositoryConfigurationExtensionSupport] Spring Data Redis - Could not safely identify store assignment for repository candidate interface com.example.demo.repository.UserRepository; If you want this repository to be a Redis repository, consider annotating your entities with one of these annotations: org.springframework.data.redis.core.RedisHash (preferred), or consider extending one of the following types with your repository: org.springframework.data.keyvalue.repository.KeyValueRepository
[20250124 20:16:10:461][INFO ][o.s.d.r.c.RepositoryConfigurationExtensionSupport] Spring Data Redis - Could not safely identify store assignment for repository candidate interface com.example.demo.repository.WebPaymentInfoRepository; If you want this repository to be a Redis repository, consider annotating your entities with one of these annotations: org.springframework.data.redis.core.RedisHash (preferred), or consider extending one of the following types with your repository: org.springframework.data.keyvalue.repository.KeyValueRepository
[20250124 20:16:10:461][INFO ][o.s.d.r.c.RepositoryConfigurationDelegate] Finished Spring Data repository scanning in 45 ms. Found 0 Redis repository interfaces.
[20250124 20:16:12:378][INFO ][o.s.b.w.embedded.tomcat.TomcatWebServer] Tomcat initialized with port 8083 (http)
[20250124 20:16:12:427][INFO ][o.apache.coyote.http11.Http11NioProtocol] Initializing ProtocolHandler ["http-nio-8083"]
[20250124 20:16:12:446][INFO ][o.apache.catalina.core.StandardService] Starting service [Tomcat]
[20250124 20:16:12:446][INFO ][org.apache.catalina.core.StandardEngine] Starting Servlet engine: [Apache Tomcat/10.1.31]
[20250124 20:16:12:723][INFO ][o.a.c.c.C.[Tomcat].[localhost].[/]] Initializing Spring embedded WebApplicationContext
[20250124 20:16:12:724][INFO ][o.s.b.w.s.c.ServletWebServerApplicationContext] Root WebApplicationContext: initialization completed in 7796 ms
[20250124 20:16:13:175][INFO ][o.hibernate.jpa.internal.util.LogHelper] HHH000204: Processing PersistenceUnitInfo [name: default]
[20250124 20:16:13:741][INFO ][org.hibernate.Version] HHH000412: Hibernate ORM core version 6.5.3.Final
[20250124 20:16:13:871][INFO ][o.h.c.internal.RegionFactoryInitiator] HHH000026: Second-level cache disabled
[20250124 20:16:15:157][INFO ][o.s.o.j.p.SpringPersistenceUnitInfo] No LoadTimeWeaver setup: ignoring JPA class transformer
[20250124 20:16:15:257][INFO ][com.zaxxer.hikari.HikariDataSource] HikariPool-1 - Starting...
[20250124 20:16:16:299][INFO ][com.zaxxer.hikari.pool.HikariPool] HikariPool-1 - Added connection com.mysql.cj.jdbc.ConnectionImpl@4f56ca3e
[20250124 20:16:16:299][INFO ][com.zaxxer.hikari.HikariDataSource] HikariPool-1 - Start completed.
[20250124 20:16:16:504][WARN ][org.hibernate.orm.deprecation] HHH90000025: MySQLDialect does not need to be specified explicitly using 'hibernate.dialect' (remove the property setting and it will be selected by default)
[20250124 20:16:16:585][DEBUG][o.h.t.descriptor.sql.spi.DdlTypeRegistry] addDescriptor(12, org.hibernate.type.descriptor.sql.internal.CapacityDependentDdlType@4d273f2a) replaced previous registration(org.hibernate.type.descriptor.sql.internal.CapacityDependentDdlType@6be55dbb)
[20250124 20:16:16:587][DEBUG][o.h.t.descriptor.sql.spi.DdlTypeRegistry] addDescriptor(-9, org.hibernate.type.descriptor.sql.internal.CapacityDependentDdlType@4b90a9a7) replaced previous registration(org.hibernate.type.descriptor.sql.internal.CapacityDependentDdlType@1e4a8c36)
[20250124 20:16:16:590][DEBUG][o.h.t.descriptor.sql.spi.DdlTypeRegistry] addDescriptor(-3, org.hibernate.type.descriptor.sql.internal.CapacityDependentDdlType@6a602eba) replaced previous registration(org.hibernate.type.descriptor.sql.internal.CapacityDependentDdlType@2ba9aec8)
[20250124 20:16:16:592][DEBUG][o.h.t.descriptor.sql.spi.DdlTypeRegistry] addDescriptor(4003, org.hibernate.type.descriptor.sql.internal.DdlTypeImpl@65baf78b) replaced previous registration(org.hibernate.type.descriptor.sql.internal.DdlTypeImpl@2f5bec36)
[20250124 20:16:16:594][DEBUG][o.h.t.descriptor.sql.spi.DdlTypeRegistry] addDescriptor(4001, org.hibernate.type.descriptor.sql.internal.DdlTypeImpl@44251299) replaced previous registration(org.hibernate.type.descriptor.sql.internal.DdlTypeImpl@221c3b3b)
[20250124 20:16:16:595][DEBUG][o.h.t.descriptor.sql.spi.DdlTypeRegistry] addDescriptor(4002, org.hibernate.type.descriptor.sql.internal.DdlTypeImpl@10a8965c) replaced previous registration(org.hibernate.type.descriptor.sql.internal.DdlTypeImpl@60e2e223)
[20250124 20:16:16:597][DEBUG][o.h.t.descriptor.sql.spi.DdlTypeRegistry] addDescriptor(2004, org.hibernate.type.descriptor.sql.internal.CapacityDependentDdlType@cbf957c) replaced previous registration(org.hibernate.type.descriptor.sql.internal.DdlTypeImpl@4fb9b233)
[20250124 20:16:16:599][DEBUG][o.h.t.descriptor.sql.spi.DdlTypeRegistry] addDescriptor(2005, org.hibernate.type.descriptor.sql.internal.CapacityDependentDdlType@1b77c7ee) replaced previous registration(org.hibernate.type.descriptor.sql.internal.DdlTypeImpl@6c73cd59)
[20250124 20:16:16:600][DEBUG][o.h.t.descriptor.sql.spi.DdlTypeRegistry] addDescriptor(2011, org.hibernate.type.descriptor.sql.internal.CapacityDependentDdlType@1c97b1de) replaced previous registration(org.hibernate.type.descriptor.sql.internal.DdlTypeImpl@1ebdb055)
[20250124 20:16:19:049][INFO ][o.h.e.t.j.p.i.JtaPlatformInitiator] HHH000489: No JTA platform available (set 'hibernate.transaction.jta.platform' to enable JTA platform integration)
[20250124 20:16:19:418][INFO ][o.s.o.j.LocalContainerEntityManagerFactoryBean] Initialized JPA EntityManagerFactory for persistence unit 'default'
[20250124 20:16:22:095][WARN ][o.s.b.a.o.j.JpaBaseConfiguration$JpaWebConfiguration] spring.jpa.open-in-view is enabled by default. Therefore, database queries may be performed during view rendering. Explicitly configure spring.jpa.open-in-view to disable this warning
[20250124 20:16:22:391][INFO ][o.s.b.a.w.s.WelcomePageHandlerMapping] Adding welcome page template: index
[20250124 20:16:23:621][INFO ][o.s.b.d.a.OptionalLiveReloadServer] LiveReload server is running on port 35729
[20250124 20:16:23:730][INFO ][o.apache.coyote.http11.Http11NioProtocol] Starting ProtocolHandler ["http-nio-8083"]
[20250124 20:16:23:808][INFO ][o.s.b.w.embedded.tomcat.TomcatWebServer] Tomcat started on port 8083 (http) with context path '/'
[20250124 20:16:23:819][INFO ][o.s.a.r.c.CachingConnectionFactory] Attempting to connect to: [localhost:5672]
[20250124 20:16:23:841][INFO ][o.s.a.r.l.SimpleMessageListenerContainer] Broker not available; cannot force queue declarations during start: java.net.ConnectException: Connection refused: no further information
[20250124 20:16:23:906][INFO ][o.s.a.r.c.CachingConnectionFactory] Attempting to connect to: [localhost:5672]
[20250124 20:16:23:926][ERROR][o.s.a.r.l.SimpleMessageListenerContainer] Failed to check/redeclare auto-delete queue(s).
org.springframework.amqp.AmqpConnectException: java.net.ConnectException: Connection refused: no further information
	at org.springframework.amqp.rabbit.support.RabbitExceptionTranslator.convertRabbitAccessException(RabbitExceptionTranslator.java:61)
	at org.springframework.amqp.rabbit.connection.AbstractConnectionFactory.createBareConnection(AbstractConnectionFactory.java:622)
	at org.springframework.amqp.rabbit.connection.CachingConnectionFactory.createConnection(CachingConnectionFactory.java:726)
	at org.springframework.amqp.rabbit.connection.ConnectionFactoryUtils.createConnection(ConnectionFactoryUtils.java:257)
	at org.springframework.amqp.rabbit.core.RabbitTemplate.doExecute(RabbitTemplate.java:2249)
	at org.springframework.amqp.rabbit.core.RabbitTemplate.execute(RabbitTemplate.java:2222)
	at org.springframework.amqp.rabbit.core.RabbitTemplate.execute(RabbitTemplate.java:2202)
	at org.springframework.amqp.rabbit.core.RabbitAdmin.getQueueInfo(RabbitAdmin.java:467)
	at org.springframework.amqp.rabbit.core.RabbitAdmin.getQueueProperties(RabbitAdmin.java:451)
	at org.springframework.amqp.rabbit.listener.AbstractMessageListenerContainer.attemptDeclarations(AbstractMessageListenerContainer.java:1960)
	at org.springframework.amqp.rabbit.listener.AbstractMessageListenerContainer.redeclareElementsIfNecessary(AbstractMessageListenerContainer.java:1924)
	at org.springframework.amqp.rabbit.listener.SimpleMessageListenerContainer$AsyncMessageProcessingConsumer.initialize(SimpleMessageListenerContainer.java:1479)
	at org.springframework.amqp.rabbit.listener.SimpleMessageListenerContainer$AsyncMessageProcessingConsumer.run(SimpleMessageListenerContainer.java:1320)
	at java.base/java.lang.Thread.run(Thread.java:833)
Caused by: java.net.ConnectException: Connection refused: no further information
	at java.base/sun.nio.ch.Net.pollConnect(Native Method)
	at java.base/sun.nio.ch.Net.pollConnectNow(Net.java:672)
	at java.base/sun.nio.ch.NioSocketImpl.timedFinishConnect(NioSocketImpl.java:542)
	at java.base/sun.nio.ch.NioSocketImpl.connect(NioSocketImpl.java:597)
	at java.base/java.net.SocksSocketImpl.connect(SocksSocketImpl.java:327)
	at java.base/java.net.Socket.connect(Socket.java:633)
	at com.rabbitmq.client.impl.SocketFrameHandlerFactory.create(SocketFrameHandlerFactory.java:61)
	at com.rabbitmq.client.ConnectionFactory.newConnection(ConnectionFactory.java:1249)
	at com.rabbitmq.client.ConnectionFactory.newConnection(ConnectionFactory.java:1198)
	at org.springframework.amqp.rabbit.connection.AbstractConnectionFactory.connectAddresses(AbstractConnectionFactory.java:668)
	at org.springframework.amqp.rabbit.connection.AbstractConnectionFactory.connect(AbstractConnectionFactory.java:637)
	at org.springframework.amqp.rabbit.connection.AbstractConnectionFactory.createBareConnection(AbstractConnectionFactory.java:584)
	... 12 common frames omitted
[20250124 20:16:23:946][INFO ][o.s.a.r.c.CachingConnectionFactory] Attempting to connect to: [localhost:5672]
[20250124 20:16:23:955][INFO ][o.s.m.s.b.SimpleBrokerMessageHandler] Starting...
[20250124 20:16:23:956][INFO ][o.s.m.s.b.SimpleBrokerMessageHandler] BrokerAvailabilityEvent[available=true, SimpleBrokerMessageHandler [org.springframework.messaging.simp.broker.DefaultSubscriptionRegistry@5dddec04]]
[20250124 20:16:23:956][INFO ][o.s.m.s.b.SimpleBrokerMessageHandler] Started.
[20250124 20:16:23:956][INFO ][o.s.a.r.c.CachingConnectionFactory] Attempting to connect to: [localhost:5672]
[20250124 20:16:23:974][INFO ][o.s.a.r.l.SimpleMessageListenerContainer] Broker not available; cannot force queue declarations during start: java.net.ConnectException: Connection refused: no further information
[20250124 20:16:23:991][INFO ][o.s.a.r.c.CachingConnectionFactory] Attempting to connect to: [localhost:5672]
[20250124 20:16:23:991][ERROR][o.s.a.r.l.SimpleMessageListenerContainer] Failed to check/redeclare auto-delete queue(s).
org.springframework.amqp.AmqpConnectException: java.net.ConnectException: Connection refused: no further information
	at org.springframework.amqp.rabbit.support.RabbitExceptionTranslator.convertRabbitAccessException(RabbitExceptionTranslator.java:61)
	at org.springframework.amqp.rabbit.connection.AbstractConnectionFactory.createBareConnection(AbstractConnectionFactory.java:622)
	at org.springframework.amqp.rabbit.connection.CachingConnectionFactory.createConnection(CachingConnectionFactory.java:726)
	at org.springframework.amqp.rabbit.connection.ConnectionFactoryUtils.createConnection(ConnectionFactoryUtils.java:257)
	at org.springframework.amqp.rabbit.core.RabbitTemplate.doExecute(RabbitTemplate.java:2249)
	at org.springframework.amqp.rabbit.core.RabbitTemplate.execute(RabbitTemplate.java:2222)
	at org.springframework.amqp.rabbit.core.RabbitTemplate.execute(RabbitTemplate.java:2202)
	at org.springframework.amqp.rabbit.core.RabbitAdmin.getQueueInfo(RabbitAdmin.java:467)
	at org.springframework.amqp.rabbit.core.RabbitAdmin.getQueueProperties(RabbitAdmin.java:451)
	at org.springframework.amqp.rabbit.listener.AbstractMessageListenerContainer.attemptDeclarations(AbstractMessageListenerContainer.java:1960)
	at org.springframework.amqp.rabbit.listener.AbstractMessageListenerContainer.redeclareElementsIfNecessary(AbstractMessageListenerContainer.java:1924)
	at org.springframework.amqp.rabbit.listener.SimpleMessageListenerContainer$AsyncMessageProcessingConsumer.initialize(SimpleMessageListenerContainer.java:1479)
	at org.springframework.amqp.rabbit.listener.SimpleMessageListenerContainer$AsyncMessageProcessingConsumer.run(SimpleMessageListenerContainer.java:1320)
	at java.base/java.lang.Thread.run(Thread.java:833)
Caused by: java.net.ConnectException: Connection refused: no further information
	at java.base/sun.nio.ch.Net.pollConnect(Native Method)
	at java.base/sun.nio.ch.Net.pollConnectNow(Net.java:672)
	at java.base/sun.nio.ch.NioSocketImpl.timedFinishConnect(NioSocketImpl.java:542)
	at java.base/sun.nio.ch.NioSocketImpl.connect(NioSocketImpl.java:597)
	at java.base/java.net.SocksSocketImpl.connect(SocksSocketImpl.java:327)
	at java.base/java.net.Socket.connect(Socket.java:633)
	at com.rabbitmq.client.impl.SocketFrameHandlerFactory.create(SocketFrameHandlerFactory.java:61)
	at com.rabbitmq.client.ConnectionFactory.newConnection(ConnectionFactory.java:1249)
	at com.rabbitmq.client.ConnectionFactory.newConnection(ConnectionFactory.java:1198)
	at org.springframework.amqp.rabbit.connection.AbstractConnectionFactory.connectAddresses(AbstractConnectionFactory.java:668)
	at org.springframework.amqp.rabbit.connection.AbstractConnectionFactory.connect(AbstractConnectionFactory.java:637)
	at org.springframework.amqp.rabbit.connection.AbstractConnectionFactory.createBareConnection(AbstractConnectionFactory.java:584)
	... 12 common frames omitted
[20250124 20:16:24:008][INFO ][o.s.a.r.c.CachingConnectionFactory] Attempting to connect to: [localhost:5672]
[20250124 20:16:24:040][INFO ][com.example.demo.DemoApplication] Started DemoApplication in 23.171 seconds (process running for 26.399)
[20250124 20:16:29:135][WARN ][o.s.a.r.l.SimpleMessageListenerContainer] Consumer raised exception, processing can restart if the connection factory supports it. Exception summary: org.springframework.amqp.AmqpConnectException: java.net.ConnectException: Connection refused: no further information
[20250124 20:16:29:151][INFO ][o.s.a.r.l.SimpleMessageListenerContainer] Restarting Consumer@351527a5: tags=[[]], channel=null, acknowledgeMode=AUTO local queue size=0
[20250124 20:16:29:157][INFO ][o.s.a.r.c.CachingConnectionFactory] Attempting to connect to: [localhost:5672]
[20250124 20:16:29:170][ERROR][o.s.a.r.l.SimpleMessageListenerContainer] Failed to check/redeclare auto-delete queue(s).
[20250124 20:16:29:174][INFO ][o.s.a.r.c.CachingConnectionFactory] Attempting to connect to: [localhost:5672]
[20250124 20:16:29:201][WARN ][o.s.a.r.l.SimpleMessageListenerContainer] Consumer raised exception, processing can restart if the connection factory supports it. Exception summary: org.springframework.amqp.AmqpConnectException: java.net.ConnectException: Connection refused: no further information
[20250124 20:16:29:206][INFO ][o.s.a.r.l.SimpleMessageListenerContainer] Restarting Consumer@10c3c72c: tags=[[]], channel=null, acknowledgeMode=AUTO local queue size=0
[20250124 20:16:29:206][INFO ][o.s.a.r.c.CachingConnectionFactory] Attempting to connect to: [localhost:5672]
[20250124 20:16:29:206][ERROR][o.s.a.r.l.SimpleMessageListenerContainer] Failed to check/redeclare auto-delete queue(s).
[20250124 20:16:29:206][INFO ][o.s.a.r.c.CachingConnectionFactory] Attempting to connect to: [localhost:5672]
[20250124 20:16:34:192][WARN ][o.s.a.r.l.SimpleMessageListenerContainer] Consumer raised exception, processing can restart if the connection factory supports it. Exception summary: org.springframework.amqp.AmqpConnectException: java.net.ConnectException: Connection refused: no further information
[20250124 20:16:34:192][INFO ][o.s.a.r.l.SimpleMessageListenerContainer] Restarting Consumer@48ead49: tags=[[]], channel=null, acknowledgeMode=AUTO local queue size=0
[20250124 20:16:34:192][INFO ][o.s.a.r.c.CachingConnectionFactory] Attempting to connect to: [localhost:5672]
[20250124 20:16:34:204][ERROR][o.s.a.r.l.SimpleMessageListenerContainer] Failed to check/redeclare auto-delete queue(s).
[20250124 20:16:34:208][INFO ][o.s.a.r.c.CachingConnectionFactory] Attempting to connect to: [localhost:5672]
[20250124 20:16:34:432][WARN ][o.s.a.r.l.SimpleMessageListenerContainer] Consumer raised exception, processing can restart if the connection factory supports it. Exception summary: org.springframework.amqp.AmqpConnectException: java.net.ConnectException: Connection refused: no further information
[20250124 20:16:34:434][INFO ][o.s.a.r.l.SimpleMessageListenerContainer] Restarting Consumer@75550143: tags=[[]], channel=null, acknowledgeMode=AUTO local queue size=0
[20250124 20:16:34:436][INFO ][o.s.a.r.c.CachingConnectionFactory] Attempting to connect to: [localhost:5672]
[20250124 20:16:34:440][ERROR][o.s.a.r.l.SimpleMessageListenerContainer] Failed to check/redeclare auto-delete queue(s).
[20250124 20:16:34:441][INFO ][o.s.a.r.c.CachingConnectionFactory] Attempting to connect to: [localhost:5672]
[20250124 20:16:39:415][WARN ][o.s.a.r.l.SimpleMessageListenerContainer] Consumer raised exception, processing can restart if the connection factory supports it. Exception summary: org.springframework.amqp.AmqpConnectException: java.net.ConnectException: Connection refused: no further information
[20250124 20:16:39:417][INFO ][o.s.a.r.l.SimpleMessageListenerContainer] Restarting Consumer@6d00a51f: tags=[[]], channel=null, acknowledgeMode=AUTO local queue size=0
[20250124 20:16:39:421][INFO ][o.s.a.r.c.CachingConnectionFactory] Attempting to connect to: [localhost:5672]
[20250124 20:16:39:428][ERROR][o.s.a.r.l.SimpleMessageListenerContainer] Failed to check/redeclare auto-delete queue(s).
[20250124 20:16:39:432][INFO ][o.s.a.r.c.CachingConnectionFactory] Attempting to connect to: [localhost:5672]
[20250124 20:16:39:630][WARN ][o.s.a.r.l.SimpleMessageListenerContainer] Consumer raised exception, processing can restart if the connection factory supports it. Exception summary: org.springframework.amqp.AmqpConnectException: java.net.ConnectException: Connection refused: no further information
[20250124 20:16:39:630][INFO ][o.s.a.r.l.SimpleMessageListenerContainer] Restarting Consumer@634a3c53: tags=[[]], channel=null, acknowledgeMode=AUTO local queue size=0
[20250124 20:16:39:630][INFO ][o.s.a.r.c.CachingConnectionFactory] Attempting to connect to: [localhost:5672]
[20250124 20:16:39:641][ERROR][o.s.a.r.l.SimpleMessageListenerContainer] Failed to check/redeclare auto-delete queue(s).
[20250124 20:16:39:644][INFO ][o.s.a.r.c.CachingConnectionFactory] Attempting to connect to: [localhost:5672]
[20250124 20:16:44:638][WARN ][o.s.a.r.l.SimpleMessageListenerContainer] Consumer raised exception, processing can restart if the connection factory supports it. Exception summary: org.springframework.amqp.AmqpConnectException: java.net.ConnectException: Connection refused: no further information
[20250124 20:16:44:638][INFO ][o.s.a.r.l.SimpleMessageListenerContainer] Restarting Consumer@62081fe3: tags=[[]], channel=null, acknowledgeMode=AUTO local queue size=0
[20250124 20:16:44:638][INFO ][o.s.a.r.c.CachingConnectionFactory] Attempting to connect to: [localhost:5672]
[20250124 20:16:44:651][ERROR][o.s.a.r.l.SimpleMessageListenerContainer] Failed to check/redeclare auto-delete queue(s).
[20250124 20:16:44:656][INFO ][o.s.a.r.c.CachingConnectionFactory] Attempting to connect to: [localhost:5672]
[20250124 20:16:44:846][WARN ][o.s.a.r.l.SimpleMessageListenerContainer] Consumer raised exception, processing can restart if the connection factory supports it. Exception summary: org.springframework.amqp.AmqpConnectException: java.net.ConnectException: Connection refused: no further information
[20250124 20:16:44:846][INFO ][o.s.a.r.l.SimpleMessageListenerContainer] Restarting Consumer@226d9736: tags=[[]], channel=null, acknowledgeMode=AUTO local queue size=0
[20250124 20:16:44:846][INFO ][o.s.a.r.c.CachingConnectionFactory] Attempting to connect to: [localhost:5672]
[20250124 20:16:44:860][ERROR][o.s.a.r.l.SimpleMessageListenerContainer] Failed to check/redeclare auto-delete queue(s).
[20250124 20:16:44:864][INFO ][o.s.a.r.c.CachingConnectionFactory] Attempting to connect to: [localhost:5672]
[20250124 20:16:49:670][WARN ][o.s.a.r.l.SimpleMessageListenerContainer] Consumer raised exception, processing can restart if the connection factory supports it. Exception summary: org.springframework.amqp.AmqpConnectException: java.net.ConnectException: Connection refused: no further information
[20250124 20:16:49:670][INFO ][o.s.a.r.l.SimpleMessageListenerContainer] Restarting Consumer@20a522fc: tags=[[]], channel=null, acknowledgeMode=AUTO local queue size=0
[20250124 20:16:49:670][INFO ][o.s.a.r.c.CachingConnectionFactory] Attempting to connect to: [localhost:5672]
[20250124 20:16:49:682][ERROR][o.s.a.r.l.SimpleMessageListenerContainer] Failed to check/redeclare auto-delete queue(s).
[20250124 20:16:49:684][INFO ][o.s.a.r.c.CachingConnectionFactory] Attempting to connect to: [localhost:5672]
[20250124 20:16:49:875][WARN ][o.s.a.r.l.SimpleMessageListenerContainer] Consumer raised exception, processing can restart if the connection factory supports it. Exception summary: org.springframework.amqp.AmqpConnectException: java.net.ConnectException: Connection refused: no further information
[20250124 20:16:49:877][INFO ][o.s.a.r.l.SimpleMessageListenerContainer] Restarting Consumer@79d6fcb5: tags=[[]], channel=null, acknowledgeMode=AUTO local queue size=0
[20250124 20:16:49:880][INFO ][o.s.a.r.c.CachingConnectionFactory] Attempting to connect to: [localhost:5672]
[20250124 20:16:49:890][ERROR][o.s.a.r.l.SimpleMessageListenerContainer] Failed to check/redeclare auto-delete queue(s).
[20250124 20:16:49:892][INFO ][o.s.a.r.c.CachingConnectionFactory] Attempting to connect to: [localhost:5672]
[20250124 20:16:54:717][WARN ][o.s.a.r.l.SimpleMessageListenerContainer] Consumer raised exception, processing can restart if the connection factory supports it. Exception summary: org.springframework.amqp.AmqpConnectException: java.net.ConnectException: Connection refused: no further information
[20250124 20:16:54:717][INFO ][o.s.a.r.l.SimpleMessageListenerContainer] Restarting Consumer@160c0ac1: tags=[[]], channel=null, acknowledgeMode=AUTO local queue size=0
[20250124 20:16:54:717][INFO ][o.s.a.r.c.CachingConnectionFactory] Attempting to connect to: [localhost:5672]
[20250124 20:16:54:717][ERROR][o.s.a.r.l.SimpleMessageListenerContainer] Failed to check/redeclare auto-delete queue(s).
[20250124 20:16:54:717][INFO ][o.s.a.r.c.CachingConnectionFactory] Attempting to connect to: [localhost:5672]
[20250124 20:16:54:926][WARN ][o.s.a.r.l.SimpleMessageListenerContainer] Consumer raised exception, processing can restart if the connection factory supports it. Exception summary: org.springframework.amqp.AmqpConnectException: java.net.ConnectException: Connection refused: no further information
[20250124 20:16:54:928][INFO ][o.s.a.r.l.SimpleMessageListenerContainer] Restarting Consumer@6662f5b2: tags=[[]], channel=null, acknowledgeMode=AUTO local queue size=0
[20250124 20:16:54:933][INFO ][o.s.a.r.c.CachingConnectionFactory] Attempting to connect to: [localhost:5672]
[20250124 20:16:54:957][ERROR][o.s.a.r.l.SimpleMessageListenerContainer] Failed to check/redeclare auto-delete queue(s).
[20250124 20:16:54:959][INFO ][o.s.a.r.c.CachingConnectionFactory] Attempting to connect to: [localhost:5672]
[20250124 20:16:59:775][WARN ][o.s.a.r.l.SimpleMessageListenerContainer] Consumer raised exception, processing can restart if the connection factory supports it. Exception summary: org.springframework.amqp.AmqpConnectException: java.net.ConnectException: Connection refused: no further information
[20250124 20:16:59:775][INFO ][o.s.a.r.l.SimpleMessageListenerContainer] Restarting Consumer@5be56f95: tags=[[]], channel=null, acknowledgeMode=AUTO local queue size=0
[20250124 20:16:59:775][INFO ][o.s.a.r.c.CachingConnectionFactory] Attempting to connect to: [localhost:5672]
[20250124 20:16:59:786][ERROR][o.s.a.r.l.SimpleMessageListenerContainer] Failed to check/redeclare auto-delete queue(s).
[20250124 20:16:59:788][INFO ][o.s.a.r.c.CachingConnectionFactory] Attempting to connect to: [localhost:5672]
[20250124 20:16:59:990][WARN ][o.s.a.r.l.SimpleMessageListenerContainer] Consumer raised exception, processing can restart if the connection factory supports it. Exception summary: org.springframework.amqp.AmqpConnectException: java.net.ConnectException: Connection refused: no further information
[20250124 20:16:59:990][INFO ][o.s.a.r.l.SimpleMessageListenerContainer] Restarting Consumer@10f71704: tags=[[]], channel=null, acknowledgeMode=AUTO local queue size=0
[20250124 20:16:59:990][INFO ][o.s.a.r.c.CachingConnectionFactory] Attempting to connect to: [localhost:5672]
[20250124 20:17:00:002][ERROR][o.s.a.r.l.SimpleMessageListenerContainer] Failed to check/redeclare auto-delete queue(s).
[20250124 20:17:00:008][INFO ][o.s.a.r.c.CachingConnectionFactory] Attempting to connect to: [localhost:5672]
[20250124 20:17:04:833][WARN ][o.s.a.r.l.SimpleMessageListenerContainer] Consumer raised exception, processing can restart if the connection factory supports it. Exception summary: org.springframework.amqp.AmqpConnectException: java.net.ConnectException: Connection refused: no further information
[20250124 20:17:04:833][INFO ][o.s.a.r.l.SimpleMessageListenerContainer] Restarting Consumer@6a37e235: tags=[[]], channel=null, acknowledgeMode=AUTO local queue size=0
[20250124 20:17:04:833][INFO ][o.s.a.r.c.CachingConnectionFactory] Attempting to connect to: [localhost:5672]
[20250124 20:17:04:859][ERROR][o.s.a.r.l.SimpleMessageListenerContainer] Failed to check/redeclare auto-delete queue(s).
[20250124 20:17:04:860][INFO ][o.s.a.r.c.CachingConnectionFactory] Attempting to connect to: [localhost:5672]
[20250124 20:17:05:165][WARN ][o.s.a.r.l.SimpleMessageListenerContainer] Consumer raised exception, processing can restart if the connection factory supports it. Exception summary: org.springframework.amqp.AmqpConnectException: java.net.ConnectException: Connection refused: no further information
[20250124 20:17:05:166][INFO ][o.s.a.r.l.SimpleMessageListenerContainer] Restarting Consumer@251aadc7: tags=[[]], channel=null, acknowledgeMode=AUTO local queue size=0
[20250124 20:17:05:166][INFO ][o.s.a.r.c.CachingConnectionFactory] Attempting to connect to: [localhost:5672]
[20250124 20:17:05:183][ERROR][o.s.a.r.l.SimpleMessageListenerContainer] Failed to check/redeclare auto-delete queue(s).
[20250124 20:17:05:185][INFO ][o.s.a.r.c.CachingConnectionFactory] Attempting to connect to: [localhost:5672]
[20250124 20:17:10:028][WARN ][o.s.a.r.l.SimpleMessageListenerContainer] Consumer raised exception, processing can restart if the connection factory supports it. Exception summary: org.springframework.amqp.AmqpConnectException: java.net.ConnectException: Connection refused: no further information
[20250124 20:17:10:029][INFO ][o.s.a.r.l.SimpleMessageListenerContainer] Restarting Consumer@10bbe1b4: tags=[[]], channel=null, acknowledgeMode=AUTO local queue size=0
[20250124 20:17:10:031][INFO ][o.s.a.r.c.CachingConnectionFactory] Attempting to connect to: [localhost:5672]
[20250124 20:17:10:047][ERROR][o.s.a.r.l.SimpleMessageListenerContainer] Failed to check/redeclare auto-delete queue(s).
[20250124 20:17:10:049][INFO ][o.s.a.r.c.CachingConnectionFactory] Attempting to connect to: [localhost:5672]
[20250124 20:17:10:372][WARN ][o.s.a.r.l.SimpleMessageListenerContainer] Consumer raised exception, processing can restart if the connection factory supports it. Exception summary: org.springframework.amqp.AmqpConnectException: java.net.ConnectException: Connection refused: no further information
[20250124 20:17:10:374][INFO ][o.s.a.r.l.SimpleMessageListenerContainer] Restarting Consumer@7feebe89: tags=[[]], channel=null, acknowledgeMode=AUTO local queue size=0
[20250124 20:17:10:376][INFO ][o.s.a.r.c.CachingConnectionFactory] Attempting to connect to: [localhost:5672]
[20250124 20:17:10:390][ERROR][o.s.a.r.l.SimpleMessageListenerContainer] Failed to check/redeclare auto-delete queue(s).
[20250124 20:17:10:391][INFO ][o.s.a.r.c.CachingConnectionFactory] Attempting to connect to: [localhost:5672]
[20250124 20:17:15:164][WARN ][o.s.a.r.l.SimpleMessageListenerContainer] Consumer raised exception, processing can restart if the connection factory supports it. Exception summary: org.springframework.amqp.AmqpConnectException: java.net.ConnectException: Connection refused: no further information
[20250124 20:17:15:167][INFO ][o.s.a.r.l.SimpleMessageListenerContainer] Restarting Consumer@cdfa9cf: tags=[[]], channel=null, acknowledgeMode=AUTO local queue size=0
[20250124 20:17:15:171][INFO ][o.s.a.r.c.CachingConnectionFactory] Attempting to connect to: [localhost:5672]
[20250124 20:17:15:178][ERROR][o.s.a.r.l.SimpleMessageListenerContainer] Failed to check/redeclare auto-delete queue(s).
[20250124 20:17:15:181][INFO ][o.s.a.r.c.CachingConnectionFactory] Attempting to connect to: [localhost:5672]
[20250124 20:17:15:510][WARN ][o.s.a.r.l.SimpleMessageListenerContainer] Consumer raised exception, processing can restart if the connection factory supports it. Exception summary: org.springframework.amqp.AmqpConnectException: java.net.ConnectException: Connection refused: no further information
[20250124 20:17:15:512][INFO ][o.s.a.r.l.SimpleMessageListenerContainer] Restarting Consumer@7a67f4bb: tags=[[]], channel=null, acknowledgeMode=AUTO local queue size=0
[20250124 20:17:15:514][INFO ][o.s.a.r.c.CachingConnectionFactory] Attempting to connect to: [localhost:5672]
[20250124 20:17:15:542][ERROR][o.s.a.r.l.SimpleMessageListenerContainer] Failed to check/redeclare auto-delete queue(s).
[20250124 20:17:15:543][INFO ][o.s.a.r.c.CachingConnectionFactory] Attempting to connect to: [localhost:5672]
[20250124 20:17:20:308][WARN ][o.s.a.r.l.SimpleMessageListenerContainer] Consumer raised exception, processing can restart if the connection factory supports it. Exception summary: org.springframework.amqp.AmqpConnectException: java.net.ConnectException: Connection refused: no further information
[20250124 20:17:20:310][INFO ][o.s.a.r.l.SimpleMessageListenerContainer] Restarting Consumer@2be32be6: tags=[[]], channel=null, acknowledgeMode=AUTO local queue size=0
[20250124 20:17:20:314][INFO ][o.s.a.r.c.CachingConnectionFactory] Attempting to connect to: [localhost:5672]
[20250124 20:17:20:319][ERROR][o.s.a.r.l.SimpleMessageListenerContainer] Failed to check/redeclare auto-delete queue(s).
[20250124 20:17:20:320][INFO ][o.s.a.r.c.CachingConnectionFactory] Attempting to connect to: [localhost:5672]
[20250124 20:17:20:635][WARN ][o.s.a.r.l.SimpleMessageListenerContainer] Consumer raised exception, processing can restart if the connection factory supports it. Exception summary: org.springframework.amqp.AmqpConnectException: java.net.ConnectException: Connection refused: no further information
[20250124 20:17:20:639][INFO ][o.s.a.r.l.SimpleMessageListenerContainer] Restarting Consumer@b595d00: tags=[[]], channel=null, acknowledgeMode=AUTO local queue size=0
[20250124 20:17:20:643][INFO ][o.s.a.r.c.CachingConnectionFactory] Attempting to connect to: [localhost:5672]
[20250124 20:17:20:650][ERROR][o.s.a.r.l.SimpleMessageListenerContainer] Failed to check/redeclare auto-delete queue(s).
[20250124 20:17:20:654][INFO ][o.s.a.r.c.CachingConnectionFactory] Attempting to connect to: [localhost:5672]
[20250124 20:17:23:691][INFO ][o.s.w.s.c.WebSocketMessageBrokerStats] WebSocketSession[0 current WS(0)-HttpStream(0)-HttpPoll(0), 0 total, 0 closed abnormally (0 connect failure, 0 send limit, 0 transport error)], stompSubProtocol[processed CONNECT(0)-CONNECTED(0)-DISCONNECT(0)], stompBrokerRelay[null], inboundChannel[pool size = 0, active threads = 0, queued tasks = 0, completed tasks = 0], outboundChannel[pool size = 0, active threads = 0, queued tasks = 0, completed tasks = 0], sockJsScheduler[pool size = 1, active threads = 1, queued tasks = 0, completed tasks = 0]
[20250124 20:17:25:410][WARN ][o.s.a.r.l.SimpleMessageListenerContainer] Consumer raised exception, processing can restart if the connection factory supports it. Exception summary: org.springframework.amqp.AmqpConnectException: java.net.ConnectException: Connection refused: no further information
[20250124 20:17:25:412][INFO ][o.s.a.r.l.SimpleMessageListenerContainer] Restarting Consumer@59c15d5c: tags=[[]], channel=null, acknowledgeMode=AUTO local queue size=0
[20250124 20:17:25:414][INFO ][o.s.a.r.c.CachingConnectionFactory] Attempting to connect to: [localhost:5672]
[20250124 20:17:25:442][ERROR][o.s.a.r.l.SimpleMessageListenerContainer] Failed to check/redeclare auto-delete queue(s).
[20250124 20:17:25:443][INFO ][o.s.a.r.c.CachingConnectionFactory] Attempting to connect to: [localhost:5672]
[20250124 20:17:25:771][WARN ][o.s.a.r.l.SimpleMessageListenerContainer] Consumer raised exception, processing can restart if the connection factory supports it. Exception summary: org.springframework.amqp.AmqpConnectException: java.net.ConnectException: Connection refused: no further information
[20250124 20:17:25:775][INFO ][o.s.a.r.l.SimpleMessageListenerContainer] Restarting Consumer@34dc6498: tags=[[]], channel=null, acknowledgeMode=AUTO local queue size=0
[20250124 20:17:25:780][INFO ][o.s.a.r.c.CachingConnectionFactory] Attempting to connect to: [localhost:5672]
[20250124 20:17:25:809][ERROR][o.s.a.r.l.SimpleMessageListenerContainer] Failed to check/redeclare auto-delete queue(s).
[20250124 20:17:25:814][INFO ][o.s.a.r.c.CachingConnectionFactory] Attempting to connect to: [localhost:5672]
[20250124 20:17:30:564][WARN ][o.s.a.r.l.SimpleMessageListenerContainer] Consumer raised exception, processing can restart if the connection factory supports it. Exception summary: org.springframework.amqp.AmqpConnectException: java.net.ConnectException: Connection refused: no further information
[20250124 20:17:30:568][INFO ][o.s.a.r.l.SimpleMessageListenerContainer] Restarting Consumer@6cde8b83: tags=[[]], channel=null, acknowledgeMode=AUTO local queue size=0
[20250124 20:17:30:573][INFO ][o.s.a.r.c.CachingConnectionFactory] Attempting to connect to: [localhost:5672]
[20250124 20:17:30:585][ERROR][o.s.a.r.l.SimpleMessageListenerContainer] Failed to check/redeclare auto-delete queue(s).
[20250124 20:17:30:586][INFO ][o.s.a.r.c.CachingConnectionFactory] Attempting to connect to: [localhost:5672]
[20250124 20:17:30:943][WARN ][o.s.a.r.l.SimpleMessageListenerContainer] Consumer raised exception, processing can restart if the connection factory supports it. Exception summary: org.springframework.amqp.AmqpConnectException: java.net.ConnectException: Connection refused: no further information
[20250124 20:17:30:945][INFO ][o.s.a.r.l.SimpleMessageListenerContainer] Restarting Consumer@22bc7868: tags=[[]], channel=null, acknowledgeMode=AUTO local queue size=0
[20250124 20:17:30:991][INFO ][o.s.a.r.c.CachingConnectionFactory] Attempting to connect to: [localhost:5672]
[20250124 20:17:31:010][ERROR][o.s.a.r.l.SimpleMessageListenerContainer] Failed to check/redeclare auto-delete queue(s).
[20250124 20:17:31:012][INFO ][o.s.a.r.c.CachingConnectionFactory] Attempting to connect to: [localhost:5672]
[20250124 20:17:35:762][WARN ][o.s.a.r.l.SimpleMessageListenerContainer] Consumer raised exception, processing can restart if the connection factory supports it. Exception summary: org.springframework.amqp.AmqpConnectException: java.net.ConnectException: Connection refused: no further information
[20250124 20:17:35:762][INFO ][o.s.a.r.l.SimpleMessageListenerContainer] Restarting Consumer@7c7b09df: tags=[[]], channel=null, acknowledgeMode=AUTO local queue size=0
[20250124 20:17:35:762][INFO ][o.s.a.r.c.CachingConnectionFactory] Attempting to connect to: [localhost:5672]
[20250124 20:17:35:762][ERROR][o.s.a.r.l.SimpleMessageListenerContainer] Failed to check/redeclare auto-delete queue(s).
[20250124 20:17:35:762][INFO ][o.s.a.r.c.CachingConnectionFactory] Attempting to connect to: [localhost:5672]
[20250124 20:17:36:204][WARN ][o.s.a.r.l.SimpleMessageListenerContainer] Consumer raised exception, processing can restart if the connection factory supports it. Exception summary: org.springframework.amqp.AmqpConnectException: java.net.ConnectException: Connection refused: no further information
[20250124 20:17:36:219][INFO ][o.s.a.r.l.SimpleMessageListenerContainer] Restarting Consumer@4e606d1a: tags=[[]], channel=null, acknowledgeMode=AUTO local queue size=0
[20250124 20:17:36:253][INFO ][o.s.a.r.c.CachingConnectionFactory] Attempting to connect to: [localhost:5672]
[20250124 20:17:36:259][ERROR][o.s.a.r.l.SimpleMessageListenerContainer] Failed to check/redeclare auto-delete queue(s).
[20250124 20:17:36:273][INFO ][o.s.a.r.c.CachingConnectionFactory] Attempting to connect to: [localhost:5672]
[20250124 20:17:40:775][WARN ][o.s.a.r.l.SimpleMessageListenerContainer] Consumer raised exception, processing can restart if the connection factory supports it. Exception summary: org.springframework.amqp.AmqpConnectException: java.net.ConnectException: Connection refused: no further information
[20250124 20:17:40:775][INFO ][o.s.a.r.l.SimpleMessageListenerContainer] Restarting Consumer@17ca784: tags=[[]], channel=null, acknowledgeMode=AUTO local queue size=0
[20250124 20:17:40:820][INFO ][o.s.a.r.c.CachingConnectionFactory] Attempting to connect to: [localhost:5672]
[20250124 20:17:40:887][ERROR][o.s.a.r.l.SimpleMessageListenerContainer] Failed to check/redeclare auto-delete queue(s).
[20250124 20:17:40:922][INFO ][o.s.a.r.c.CachingConnectionFactory] Attempting to connect to: [localhost:5672]
[20250124 20:17:41:391][WARN ][o.s.a.r.l.SimpleMessageListenerContainer] Consumer raised exception, processing can restart if the connection factory supports it. Exception summary: org.springframework.amqp.AmqpConnectException: java.net.ConnectException: Connection refused: no further information
[20250124 20:17:41:397][INFO ][o.s.a.r.l.SimpleMessageListenerContainer] Restarting Consumer@422ed1cf: tags=[[]], channel=null, acknowledgeMode=AUTO local queue size=0
[20250124 20:17:41:408][INFO ][o.s.a.r.c.CachingConnectionFactory] Attempting to connect to: [localhost:5672]
[20250124 20:17:41:429][ERROR][o.s.a.r.l.SimpleMessageListenerContainer] Failed to check/redeclare auto-delete queue(s).
[20250124 20:17:41:432][INFO ][o.s.a.r.c.CachingConnectionFactory] Attempting to connect to: [localhost:5672]
[20250124 20:17:42:724][INFO ][o.a.c.c.C.[Tomcat].[localhost].[/]] Initializing Spring DispatcherServlet 'dispatcherServlet'
[20250124 20:17:42:725][INFO ][o.s.web.servlet.DispatcherServlet] Initializing Servlet 'dispatcherServlet'
[20250124 20:17:42:732][INFO ][o.s.web.servlet.DispatcherServlet] Completed initialization in 0 ms
[20250124 20:17:44:308][WARN ][o.a.catalina.util.SessionIdGeneratorBase] Creation of SecureRandom instance for session ID generation using [SHA1PRNG] took [581] milliseconds.
[20250124 20:17:44:386][DEBUG][org.hibernate.SQL] select p1_0.id,p1_0.category,p1_0.country,p1_0.manufacturer,p1_0.name,p1_0.price,p1_0.quantity from product p1_0
[20250124 20:17:45:974][WARN ][o.s.a.r.l.SimpleMessageListenerContainer] Consumer raised exception, processing can restart if the connection factory supports it. Exception summary: org.springframework.amqp.AmqpConnectException: java.net.ConnectException: Connection refused: no further information
[20250124 20:17:45:978][INFO ][o.s.a.r.l.SimpleMessageListenerContainer] Restarting Consumer@57eb2018: tags=[[]], channel=null, acknowledgeMode=AUTO local queue size=0
[20250124 20:17:45:990][INFO ][o.s.a.r.c.CachingConnectionFactory] Attempting to connect to: [localhost:5672]
[20250124 20:17:46:020][ERROR][o.s.a.r.l.SimpleMessageListenerContainer] Failed to check/redeclare auto-delete queue(s).
[20250124 20:17:46:021][INFO ][o.s.a.r.c.CachingConnectionFactory] Attempting to connect to: [localhost:5672]
[20250124 20:17:46:460][WARN ][o.s.a.r.l.SimpleMessageListenerContainer] Consumer raised exception, processing can restart if the connection factory supports it. Exception summary: org.springframework.amqp.AmqpConnectException: java.net.ConnectException: Connection refused: no further information
[20250124 20:17:46:462][INFO ][o.s.a.r.l.SimpleMessageListenerContainer] Restarting Consumer@2726a225: tags=[[]], channel=null, acknowledgeMode=AUTO local queue size=0
[20250124 20:17:46:470][INFO ][o.s.a.r.c.CachingConnectionFactory] Attempting to connect to: [localhost:5672]
[20250124 20:17:46:485][ERROR][o.s.a.r.l.SimpleMessageListenerContainer] Failed to check/redeclare auto-delete queue(s).
[20250124 20:17:46:490][INFO ][o.s.a.r.c.CachingConnectionFactory] Attempting to connect to: [localhost:5672]
[20250124 20:17:46:782][ERROR][o.a.c.c.C.[.[.[/].[dispatcherServlet]] Servlet.service() for servlet [dispatcherServlet] in context with path [] threw exception [Request processing failed: org.springframework.data.redis.RedisConnectionFailureException: Unable to connect to Redis] with root cause
java.net.ConnectException: Connection refused: no further information
	at java.base/sun.nio.ch.Net.pollConnect(Native Method)
	at java.base/sun.nio.ch.Net.pollConnectNow(Net.java:672)
	at java.base/sun.nio.ch.SocketChannelImpl.finishConnect(SocketChannelImpl.java:946)
	at io.netty.channel.socket.nio.NioSocketChannel.doFinishConnect(NioSocketChannel.java:336)
	at io.netty.channel.nio.AbstractNioChannel$AbstractNioUnsafe.finishConnect(AbstractNioChannel.java:339)
	at io.netty.channel.nio.NioEventLoop.processSelectedKey(NioEventLoop.java:776)
	at io.netty.channel.nio.NioEventLoop.processSelectedKeysOptimized(NioEventLoop.java:724)
	at io.netty.channel.nio.NioEventLoop.processSelectedKeys(NioEventLoop.java:650)
	at io.netty.channel.nio.NioEventLoop.run(NioEventLoop.java:562)
	at io.netty.util.concurrent.SingleThreadEventExecutor$4.run(SingleThreadEventExecutor.java:997)
	at io.netty.util.internal.ThreadExecutorMap$2.run(ThreadExecutorMap.java:74)
	at io.netty.util.concurrent.FastThreadLocalRunnable.run(FastThreadLocalRunnable.java:30)
	at java.base/java.lang.Thread.run(Thread.java:833)
