[20241227 17:44:56:309][INFO ][com.example.demo.DemoApplication] Starting DemoApplication using Java 17.0.3 with PID 12444 (C:\Users\user\Desktop\demo\build\classes\java\main started by √÷¡¯«ı in C:\Users\user\Desktop\demo)
[20241227 17:44:56:358][INFO ][com.example.demo.DemoApplication] No active profile set, falling back to 1 default profile: "default"
[20241227 17:44:57:000][INFO ][o.s.b.d.e.DevToolsPropertyDefaultsPostProcessor] Devtools property defaults active! Set 'spring.devtools.add-properties' to 'false' to disable
[20241227 17:44:57:002][INFO ][o.s.b.d.e.DevToolsPropertyDefaultsPostProcessor] For additional web related logging consider setting the 'logging.level.web' property to 'DEBUG'
[20241227 17:45:00:890][INFO ][o.s.d.r.c.RepositoryConfigurationDelegate] Bootstrapping Spring Data JPA repositories in DEFAULT mode.
[20241227 17:45:01:517][INFO ][o.s.d.r.c.RepositoryConfigurationDelegate] Finished Spring Data repository scanning in 545 ms. Found 5 JPA repository interfaces.
[20241227 17:45:04:722][INFO ][o.s.b.w.embedded.tomcat.TomcatWebServer] Tomcat initialized with port 8083 (http)
[20241227 17:45:04:814][INFO ][o.apache.coyote.http11.Http11NioProtocol] Initializing ProtocolHandler ["http-nio-8083"]
[20241227 17:45:04:874][INFO ][o.apache.catalina.core.StandardService] Starting service [Tomcat]
[20241227 17:45:04:875][INFO ][org.apache.catalina.core.StandardEngine] Starting Servlet engine: [Apache Tomcat/10.1.31]
[20241227 17:45:05:398][INFO ][o.a.c.c.C.[Tomcat].[localhost].[/]] Initializing Spring embedded WebApplicationContext
[20241227 17:45:05:400][INFO ][o.s.b.w.s.c.ServletWebServerApplicationContext] Root WebApplicationContext: initialization completed in 8395 ms
[20241227 17:45:07:217][INFO ][o.hibernate.jpa.internal.util.LogHelper] HHH000204: Processing PersistenceUnitInfo [name: default]
[20241227 17:45:07:608][INFO ][org.hibernate.Version] HHH000412: Hibernate ORM core version 6.5.3.Final
[20241227 17:45:07:785][INFO ][o.h.c.internal.RegionFactoryInitiator] HHH000026: Second-level cache disabled
[20241227 17:45:09:725][INFO ][o.s.o.j.p.SpringPersistenceUnitInfo] No LoadTimeWeaver setup: ignoring JPA class transformer
[20241227 17:45:09:906][INFO ][com.zaxxer.hikari.HikariDataSource] HikariPool-1 - Starting...
[20241227 17:45:11:981][INFO ][com.zaxxer.hikari.pool.HikariPool] HikariPool-1 - Added connection com.mysql.cj.jdbc.ConnectionImpl@6d9be6b9
[20241227 17:45:12:017][INFO ][com.zaxxer.hikari.HikariDataSource] HikariPool-1 - Start completed.
[20241227 17:45:12:639][WARN ][org.hibernate.orm.deprecation] HHH90000025: MySQLDialect does not need to be specified explicitly using 'hibernate.dialect' (remove the property setting and it will be selected by default)
[20241227 17:45:12:875][DEBUG][o.h.t.descriptor.sql.spi.DdlTypeRegistry] addDescriptor(12, org.hibernate.type.descriptor.sql.internal.CapacityDependentDdlType@677f9af4) replaced previous registration(org.hibernate.type.descriptor.sql.internal.CapacityDependentDdlType@7587d407)
[20241227 17:45:12:878][DEBUG][o.h.t.descriptor.sql.spi.DdlTypeRegistry] addDescriptor(-9, org.hibernate.type.descriptor.sql.internal.CapacityDependentDdlType@61f675a3) replaced previous registration(org.hibernate.type.descriptor.sql.internal.CapacityDependentDdlType@58fc8a8f)
[20241227 17:45:12:884][DEBUG][o.h.t.descriptor.sql.spi.DdlTypeRegistry] addDescriptor(-3, org.hibernate.type.descriptor.sql.internal.CapacityDependentDdlType@434f135e) replaced previous registration(org.hibernate.type.descriptor.sql.internal.CapacityDependentDdlType@823d0dc)
[20241227 17:45:12:903][DEBUG][o.h.t.descriptor.sql.spi.DdlTypeRegistry] addDescriptor(4003, org.hibernate.type.descriptor.sql.internal.DdlTypeImpl@5a2ae716) replaced previous registration(org.hibernate.type.descriptor.sql.internal.DdlTypeImpl@663eb62e)
[20241227 17:45:12:918][DEBUG][o.h.t.descriptor.sql.spi.DdlTypeRegistry] addDescriptor(4001, org.hibernate.type.descriptor.sql.internal.DdlTypeImpl@5dd09c54) replaced previous registration(org.hibernate.type.descriptor.sql.internal.DdlTypeImpl@4b631202)
[20241227 17:45:12:969][DEBUG][o.h.t.descriptor.sql.spi.DdlTypeRegistry] addDescriptor(4002, org.hibernate.type.descriptor.sql.internal.DdlTypeImpl@467c4e2f) replaced previous registration(org.hibernate.type.descriptor.sql.internal.DdlTypeImpl@55e01f08)
[20241227 17:45:13:020][DEBUG][o.h.t.descriptor.sql.spi.DdlTypeRegistry] addDescriptor(2004, org.hibernate.type.descriptor.sql.internal.CapacityDependentDdlType@c8b0bdc) replaced previous registration(org.hibernate.type.descriptor.sql.internal.DdlTypeImpl@5fabeb4d)
[20241227 17:45:13:024][DEBUG][o.h.t.descriptor.sql.spi.DdlTypeRegistry] addDescriptor(2005, org.hibernate.type.descriptor.sql.internal.CapacityDependentDdlType@7b82dba1) replaced previous registration(org.hibernate.type.descriptor.sql.internal.DdlTypeImpl@2e4f9386)
[20241227 17:45:13:036][DEBUG][o.h.t.descriptor.sql.spi.DdlTypeRegistry] addDescriptor(2011, org.hibernate.type.descriptor.sql.internal.CapacityDependentDdlType@7a4eb878) replaced previous registration(org.hibernate.type.descriptor.sql.internal.DdlTypeImpl@7abfc5ff)
[20241227 17:45:19:675][INFO ][o.h.e.t.j.p.i.JtaPlatformInitiator] HHH000489: No JTA platform available (set 'hibernate.transaction.jta.platform' to enable JTA platform integration)
[20241227 17:45:20:188][INFO ][o.s.o.j.LocalContainerEntityManagerFactoryBean] Initialized JPA EntityManagerFactory for persistence unit 'default'
[20241227 17:45:23:495][WARN ][o.s.b.a.o.j.JpaBaseConfiguration$JpaWebConfiguration] spring.jpa.open-in-view is enabled by default. Therefore, database queries may be performed during view rendering. Explicitly configure spring.jpa.open-in-view to disable this warning
[20241227 17:45:23:866][INFO ][o.s.b.a.w.s.WelcomePageHandlerMapping] Adding welcome page template: index
[20241227 17:45:25:970][INFO ][o.s.b.d.a.OptionalLiveReloadServer] LiveReload server is running on port 35729
[20241227 17:45:26:018][INFO ][o.apache.coyote.http11.Http11NioProtocol] Starting ProtocolHandler ["http-nio-8083"]
[20241227 17:45:26:466][INFO ][o.s.b.w.embedded.tomcat.TomcatWebServer] Tomcat started on port 8083 (http) with context path '/'
[20241227 17:45:26:638][INFO ][com.example.demo.DemoApplication] Started DemoApplication in 33.608 seconds (process running for 36.604)
[20241227 17:47:21:085][INFO ][o.a.c.c.C.[Tomcat].[localhost].[/]] Initializing Spring DispatcherServlet 'dispatcherServlet'
[20241227 17:47:21:180][INFO ][o.s.web.servlet.DispatcherServlet] Initializing Servlet 'dispatcherServlet'
[20241227 17:47:21:528][INFO ][o.s.web.servlet.DispatcherServlet] Completed initialization in 341 ms
[20241227 17:47:26:850][WARN ][o.a.catalina.util.SessionIdGeneratorBase] Creation of SecureRandom instance for session ID generation using [SHA1PRNG] took [955] milliseconds.
[20241227 17:47:27:771][DEBUG][org.hibernate.SQL] select p1_0.id,p1_0.category,p1_0.country,p1_0.manufacturer,p1_0.name,p1_0.price,p1_0.quantity from product p1_0
[20241227 17:47:44:589][DEBUG][org.hibernate.SQL] select u1_0.id,u1_0.created_at,u1_0.name,u1_0.phone,u1_0.signup_id,u1_0.signup_password,u1_0.updated_at from user u1_0 where u1_0.signup_id=?
[20241227 17:47:46:223][DEBUG][org.hibernate.SQL] select u1_0.id,u1_0.created_at,u1_0.name,u1_0.phone,u1_0.signup_id,u1_0.signup_password,u1_0.updated_at from user u1_0 where u1_0.signup_id=?
[20241227 17:47:46:318][DEBUG][org.hibernate.SQL] select p1_0.id,p1_0.category,p1_0.country,p1_0.manufacturer,p1_0.name,p1_0.price,p1_0.quantity from product p1_0
[20241227 17:47:46:314][DEBUG][org.hibernate.SQL] select u1_0.id,u1_0.created_at,u1_0.name,u1_0.phone,u1_0.signup_id,u1_0.signup_password,u1_0.updated_at from user u1_0 where u1_0.signup_id=?
[20241227 17:47:49:719][DEBUG][org.hibernate.SQL] select u1_0.id,u1_0.created_at,u1_0.name,u1_0.phone,u1_0.signup_id,u1_0.signup_password,u1_0.updated_at from user u1_0 where u1_0.signup_id=?
[20241227 17:47:49:784][DEBUG][org.hibernate.SQL] select c1_0.id,c1_0.created_at,c1_0.product_id,c1_0.quantity,c1_0.updated_at,c1_0.signup_id from cart c1_0 where c1_0.signup_id=?
[20241227 17:47:49:890][DEBUG][org.hibernate.SQL] select u1_0.id,u1_0.created_at,u1_0.name,u1_0.phone,u1_0.signup_id,u1_0.signup_password,u1_0.updated_at from user u1_0 where u1_0.signup_id=?
[20241227 17:47:49:912][DEBUG][org.hibernate.SQL] select p1_0.id,p1_0.category,p1_0.country,p1_0.manufacturer,p1_0.name,p1_0.price,p1_0.quantity from product p1_0 where p1_0.id=?
[20241227 17:47:49:933][DEBUG][org.hibernate.SQL] select p1_0.id,p1_0.category,p1_0.country,p1_0.manufacturer,p1_0.name,p1_0.price,p1_0.quantity from product p1_0 where p1_0.id=?
[20241227 17:47:49:936][DEBUG][org.hibernate.SQL] select p1_0.id,p1_0.category,p1_0.country,p1_0.manufacturer,p1_0.name,p1_0.price,p1_0.quantity from product p1_0 where p1_0.id=?
[20241227 17:47:54:412][INFO ][c.e.demo.controller.CheckoutController] √— ∞°∞›: 551000, √— ºˆ∑Æ: 7
[20241227 17:48:48:430][ERROR][c.e.demo.controller.WidgetController] Failed to parse JSON: {"paymentKey":"tgen_202412271748099LtE6","orderId":"MC41MTE4MjMxMTk0NzY3","amount":"546000","totalPrice":551000,"totalQuantity":7}
[20241227 17:48:48:456][ERROR][o.a.c.c.C.[.[.[/].[dispatcherServlet]] Servlet.service() for servlet [dispatcherServlet] in context with path [] threw exception [Request processing failed: java.lang.RuntimeException: Invalid JSON format] with root cause
java.lang.ClassCastException: class java.lang.Long cannot be cast to class java.lang.Integer (java.lang.Long and java.lang.Integer are in module java.base of loader 'bootstrap')
	at com.example.demo.controller.WidgetController.confirmPayment(WidgetController.java:55)
	at java.base/jdk.internal.reflect.NativeMethodAccessorImpl.invoke0(Native Method)
	at java.base/jdk.internal.reflect.NativeMethodAccessorImpl.invoke(NativeMethodAccessorImpl.java:77)
	at java.base/jdk.internal.reflect.DelegatingMethodAccessorImpl.invoke(DelegatingMethodAccessorImpl.java:43)
	at java.base/java.lang.reflect.Method.invoke(Method.java:568)
	at org.springframework.web.method.support.InvocableHandlerMethod.doInvoke(InvocableHandlerMethod.java:255)
	at org.springframework.web.method.support.InvocableHandlerMethod.invokeForRequest(InvocableHandlerMethod.java:188)
	at org.springframework.web.servlet.mvc.method.annotation.ServletInvocableHandlerMethod.invokeAndHandle(ServletInvocableHandlerMethod.java:118)
	at org.springframework.web.servlet.mvc.method.annotation.RequestMappingHandlerAdapter.invokeHandlerMethod(RequestMappingHandlerAdapter.java:926)
	at org.springframework.web.servlet.mvc.method.annotation.RequestMappingHandlerAdapter.handleInternal(RequestMappingHandlerAdapter.java:831)
	at org.springframework.web.servlet.mvc.method.AbstractHandlerMethodAdapter.handle(AbstractHandlerMethodAdapter.java:87)
	at org.springframework.web.servlet.DispatcherServlet.doDispatch(DispatcherServlet.java:1089)
	at org.springframework.web.servlet.DispatcherServlet.doService(DispatcherServlet.java:979)
	at org.springframework.web.servlet.FrameworkServlet.processRequest(FrameworkServlet.java:1014)
	at org.springframework.web.servlet.FrameworkServlet.doPost(FrameworkServlet.java:914)
	at jakarta.servlet.http.HttpServlet.service(HttpServlet.java:590)
	at org.springframework.web.servlet.FrameworkServlet.service(FrameworkServlet.java:885)
	at jakarta.servlet.http.HttpServlet.service(HttpServlet.java:658)
	at org.apache.catalina.core.ApplicationFilterChain.internalDoFilter(ApplicationFilterChain.java:195)
	at org.apache.catalina.core.ApplicationFilterChain.doFilter(ApplicationFilterChain.java:140)
	at org.apache.tomcat.websocket.server.WsFilter.doFilter(WsFilter.java:51)
	at org.apache.catalina.core.ApplicationFilterChain.internalDoFilter(ApplicationFilterChain.java:164)
	at org.apache.catalina.core.ApplicationFilterChain.doFilter(ApplicationFilterChain.java:140)
	at org.springframework.web.filter.RequestContextFilter.doFilterInternal(RequestContextFilter.java:100)
	at org.springframework.web.filter.OncePerRequestFilter.doFilter(OncePerRequestFilter.java:116)
	at org.apache.catalina.core.ApplicationFilterChain.internalDoFilter(ApplicationFilterChain.java:164)
	at org.apache.catalina.core.ApplicationFilterChain.doFilter(ApplicationFilterChain.java:140)
	at org.springframework.web.filter.FormContentFilter.doFilterInternal(FormContentFilter.java:93)
	at org.springframework.web.filter.OncePerRequestFilter.doFilter(OncePerRequestFilter.java:116)
	at org.apache.catalina.core.ApplicationFilterChain.internalDoFilter(ApplicationFilterChain.java:164)
	at org.apache.catalina.core.ApplicationFilterChain.doFilter(ApplicationFilterChain.java:140)
	at org.springframework.web.filter.CharacterEncodingFilter.doFilterInternal(CharacterEncodingFilter.java:201)
	at org.springframework.web.filter.OncePerRequestFilter.doFilter(OncePerRequestFilter.java:116)
	at org.apache.catalina.core.ApplicationFilterChain.internalDoFilter(ApplicationFilterChain.java:164)
	at org.apache.catalina.core.ApplicationFilterChain.doFilter(ApplicationFilterChain.java:140)
	at org.apache.catalina.core.StandardWrapperValve.invoke(StandardWrapperValve.java:167)
	at org.apache.catalina.core.StandardContextValve.invoke(StandardContextValve.java:90)
	at org.apache.catalina.authenticator.AuthenticatorBase.invoke(AuthenticatorBase.java:483)
	at org.apache.catalina.core.StandardHostValve.invoke(StandardHostValve.java:115)
	at org.apache.catalina.valves.ErrorReportValve.invoke(ErrorReportValve.java:93)
	at org.apache.catalina.core.StandardEngineValve.invoke(StandardEngineValve.java:74)
	at org.apache.catalina.connector.CoyoteAdapter.service(CoyoteAdapter.java:344)
	at org.apache.coyote.http11.Http11Processor.service(Http11Processor.java:384)
	at org.apache.coyote.AbstractProcessorLight.process(AbstractProcessorLight.java:63)
	at org.apache.coyote.AbstractProtocol$ConnectionHandler.process(AbstractProtocol.java:905)
	at org.apache.tomcat.util.net.NioEndpoint$SocketProcessor.doRun(NioEndpoint.java:1741)
	at org.apache.tomcat.util.net.SocketProcessorBase.run(SocketProcessorBase.java:52)
	at org.apache.tomcat.util.threads.ThreadPoolExecutor.runWorker(ThreadPoolExecutor.java:1190)
	at org.apache.tomcat.util.threads.ThreadPoolExecutor$Worker.run(ThreadPoolExecutor.java:659)
	at org.apache.tomcat.util.threads.TaskThread$WrappingRunnable.run(TaskThread.java:63)
	at java.base/java.lang.Thread.run(Thread.java:833)
[20241227 18:01:58:824][INFO ][com.example.demo.DemoApplication] Starting DemoApplication using Java 17.0.3 with PID 12216 (C:\Users\user\Desktop\demo\build\classes\java\main started by √÷¡¯«ı in C:\Users\user\Desktop\demo)
[20241227 18:01:58:839][INFO ][com.example.demo.DemoApplication] No active profile set, falling back to 1 default profile: "default"
[20241227 18:06:14:373][INFO ][com.example.demo.DemoApplication] Starting DemoApplication using Java 17.0.3 with PID 21456 (C:\Users\user\Desktop\demo\build\classes\java\main started by √÷¡¯«ı in C:\Users\user\Desktop\demo)
[20241227 18:06:14:417][INFO ][com.example.demo.DemoApplication] No active profile set, falling back to 1 default profile: "default"
[20241227 18:06:16:844][INFO ][o.s.b.d.e.DevToolsPropertyDefaultsPostProcessor] Devtools property defaults active! Set 'spring.devtools.add-properties' to 'false' to disable
[20241227 18:06:16:850][INFO ][o.s.b.d.e.DevToolsPropertyDefaultsPostProcessor] For additional web related logging consider setting the 'logging.level.web' property to 'DEBUG'
[20241227 18:07:00:617][INFO ][com.example.demo.DemoApplication] Starting DemoApplication using Java 17.0.3 with PID 16936 (C:\Users\user\Desktop\demo\build\classes\java\main started by √÷¡¯«ı in C:\Users\user\Desktop\demo)
[20241227 18:07:00:634][INFO ][com.example.demo.DemoApplication] No active profile set, falling back to 1 default profile: "default"
[20241227 18:07:00:944][INFO ][o.s.b.d.e.DevToolsPropertyDefaultsPostProcessor] Devtools property defaults active! Set 'spring.devtools.add-properties' to 'false' to disable
[20241227 18:07:00:944][INFO ][o.s.b.d.e.DevToolsPropertyDefaultsPostProcessor] For additional web related logging consider setting the 'logging.level.web' property to 'DEBUG'
[20241227 18:07:09:827][INFO ][o.s.d.r.c.RepositoryConfigurationDelegate] Bootstrapping Spring Data JPA repositories in DEFAULT mode.
[20241227 18:07:10:218][INFO ][o.s.d.r.c.RepositoryConfigurationDelegate] Finished Spring Data repository scanning in 294 ms. Found 5 JPA repository interfaces.
[20241227 18:07:18:059][INFO ][o.s.b.w.embedded.tomcat.TomcatWebServer] Tomcat initialized with port 8083 (http)
[20241227 18:07:18:169][INFO ][o.apache.coyote.http11.Http11NioProtocol] Initializing ProtocolHandler ["http-nio-8083"]
[20241227 18:07:18:195][INFO ][o.apache.catalina.core.StandardService] Starting service [Tomcat]
[20241227 18:07:18:230][INFO ][org.apache.catalina.core.StandardEngine] Starting Servlet engine: [Apache Tomcat/10.1.31]
[20241227 18:07:18:717][INFO ][o.a.c.c.C.[Tomcat].[localhost].[/]] Initializing Spring embedded WebApplicationContext
[20241227 18:07:18:732][INFO ][o.s.b.w.s.c.ServletWebServerApplicationContext] Root WebApplicationContext: initialization completed in 17788 ms
[20241227 18:07:19:981][INFO ][o.hibernate.jpa.internal.util.LogHelper] HHH000204: Processing PersistenceUnitInfo [name: default]
[20241227 18:07:21:388][INFO ][org.hibernate.Version] HHH000412: Hibernate ORM core version 6.5.3.Final
[20241227 18:07:22:060][INFO ][o.h.c.internal.RegionFactoryInitiator] HHH000026: Second-level cache disabled
[20241227 18:07:26:478][INFO ][o.s.o.j.p.SpringPersistenceUnitInfo] No LoadTimeWeaver setup: ignoring JPA class transformer
[20241227 18:07:26:722][INFO ][com.zaxxer.hikari.HikariDataSource] HikariPool-1 - Starting...
[20241227 18:07:29:419][INFO ][com.zaxxer.hikari.pool.HikariPool] HikariPool-1 - Added connection com.mysql.cj.jdbc.ConnectionImpl@cf565ce
[20241227 18:07:29:537][INFO ][com.zaxxer.hikari.HikariDataSource] HikariPool-1 - Start completed.
[20241227 18:07:29:878][WARN ][org.hibernate.orm.deprecation] HHH90000025: MySQLDialect does not need to be specified explicitly using 'hibernate.dialect' (remove the property setting and it will be selected by default)
[20241227 18:07:30:729][DEBUG][o.h.t.descriptor.sql.spi.DdlTypeRegistry] addDescriptor(12, org.hibernate.type.descriptor.sql.internal.CapacityDependentDdlType@33b14042) replaced previous registration(org.hibernate.type.descriptor.sql.internal.CapacityDependentDdlType@677f9af4)
[20241227 18:07:30:803][DEBUG][o.h.t.descriptor.sql.spi.DdlTypeRegistry] addDescriptor(-9, org.hibernate.type.descriptor.sql.internal.CapacityDependentDdlType@7587d407) replaced previous registration(org.hibernate.type.descriptor.sql.internal.CapacityDependentDdlType@61f675a3)
[20241227 18:07:30:927][DEBUG][o.h.t.descriptor.sql.spi.DdlTypeRegistry] addDescriptor(-3, org.hibernate.type.descriptor.sql.internal.CapacityDependentDdlType@58fc8a8f) replaced previous registration(org.hibernate.type.descriptor.sql.internal.CapacityDependentDdlType@434f135e)
[20241227 18:07:30:972][DEBUG][o.h.t.descriptor.sql.spi.DdlTypeRegistry] addDescriptor(4003, org.hibernate.type.descriptor.sql.internal.DdlTypeImpl@823d0dc) replaced previous registration(org.hibernate.type.descriptor.sql.internal.DdlTypeImpl@5a2ae716)
[20241227 18:07:30:977][DEBUG][o.h.t.descriptor.sql.spi.DdlTypeRegistry] addDescriptor(4001, org.hibernate.type.descriptor.sql.internal.DdlTypeImpl@663eb62e) replaced previous registration(org.hibernate.type.descriptor.sql.internal.DdlTypeImpl@5dd09c54)
[20241227 18:07:30:997][DEBUG][o.h.t.descriptor.sql.spi.DdlTypeRegistry] addDescriptor(4002, org.hibernate.type.descriptor.sql.internal.DdlTypeImpl@4b631202) replaced previous registration(org.hibernate.type.descriptor.sql.internal.DdlTypeImpl@467c4e2f)
[20241227 18:07:31:114][DEBUG][o.h.t.descriptor.sql.spi.DdlTypeRegistry] addDescriptor(2004, org.hibernate.type.descriptor.sql.internal.CapacityDependentDdlType@55e01f08) replaced previous registration(org.hibernate.type.descriptor.sql.internal.DdlTypeImpl@c8b0bdc)
[20241227 18:07:31:131][DEBUG][o.h.t.descriptor.sql.spi.DdlTypeRegistry] addDescriptor(2005, org.hibernate.type.descriptor.sql.internal.CapacityDependentDdlType@5fabeb4d) replaced previous registration(org.hibernate.type.descriptor.sql.internal.DdlTypeImpl@7b82dba1)
[20241227 18:07:31:137][DEBUG][o.h.t.descriptor.sql.spi.DdlTypeRegistry] addDescriptor(2011, org.hibernate.type.descriptor.sql.internal.CapacityDependentDdlType@2e4f9386) replaced previous registration(org.hibernate.type.descriptor.sql.internal.DdlTypeImpl@7a4eb878)
[20241227 18:07:56:387][INFO ][o.h.e.t.j.p.i.JtaPlatformInitiator] HHH000489: No JTA platform available (set 'hibernate.transaction.jta.platform' to enable JTA platform integration)
[20241227 18:08:01:784][INFO ][o.s.o.j.LocalContainerEntityManagerFactoryBean] Initialized JPA EntityManagerFactory for persistence unit 'default'
[20241227 18:08:11:456][WARN ][o.s.b.a.o.j.JpaBaseConfiguration$JpaWebConfiguration] spring.jpa.open-in-view is enabled by default. Therefore, database queries may be performed during view rendering. Explicitly configure spring.jpa.open-in-view to disable this warning
[20241227 18:08:11:772][INFO ][o.s.b.a.w.s.WelcomePageHandlerMapping] Adding welcome page template: index
[20241227 18:08:16:363][INFO ][o.s.b.d.a.OptionalLiveReloadServer] LiveReload server is running on port 35729
[20241227 18:08:16:554][INFO ][o.apache.coyote.http11.Http11NioProtocol] Starting ProtocolHandler ["http-nio-8083"]
[20241227 18:08:16:961][INFO ][o.s.b.w.embedded.tomcat.TomcatWebServer] Tomcat started on port 8083 (http) with context path '/'
[20241227 18:08:17:105][INFO ][com.example.demo.DemoApplication] Started DemoApplication in 79.75 seconds (process running for 82.892)
[20241227 18:08:21:839][INFO ][o.a.c.c.C.[Tomcat].[localhost].[/]] Initializing Spring DispatcherServlet 'dispatcherServlet'
[20241227 18:08:21:862][INFO ][o.s.web.servlet.DispatcherServlet] Initializing Servlet 'dispatcherServlet'
[20241227 18:08:21:870][INFO ][o.s.web.servlet.DispatcherServlet] Completed initialization in 7 ms
[20241227 18:08:32:320][DEBUG][org.hibernate.SQL] select p1_0.id,p1_0.category,p1_0.country,p1_0.manufacturer,p1_0.name,p1_0.price,p1_0.quantity from product p1_0
[20241227 18:08:32:445][WARN ][o.a.catalina.util.SessionIdGeneratorBase] Creation of SecureRandom instance for session ID generation using [SHA1PRNG] took [847] milliseconds.
[20241227 18:08:38:890][DEBUG][org.hibernate.SQL] select u1_0.id,u1_0.created_at,u1_0.name,u1_0.phone,u1_0.signup_id,u1_0.signup_password,u1_0.updated_at from user u1_0 where u1_0.signup_id=?
[20241227 18:08:43:816][DEBUG][org.hibernate.SQL] select u1_0.id,u1_0.created_at,u1_0.name,u1_0.phone,u1_0.signup_id,u1_0.signup_password,u1_0.updated_at from user u1_0 where u1_0.signup_id=?
[20241227 18:08:44:235][DEBUG][org.hibernate.SQL] select p1_0.id,p1_0.category,p1_0.country,p1_0.manufacturer,p1_0.name,p1_0.price,p1_0.quantity from product p1_0
[20241227 18:08:44:237][DEBUG][org.hibernate.SQL] select u1_0.id,u1_0.created_at,u1_0.name,u1_0.phone,u1_0.signup_id,u1_0.signup_password,u1_0.updated_at from user u1_0 where u1_0.signup_id=?
[20241227 18:08:48:537][DEBUG][org.hibernate.SQL] select u1_0.id,u1_0.created_at,u1_0.name,u1_0.phone,u1_0.signup_id,u1_0.signup_password,u1_0.updated_at from user u1_0 where u1_0.signup_id=?
[20241227 18:08:48:726][DEBUG][org.hibernate.SQL] select c1_0.id,c1_0.created_at,c1_0.product_id,c1_0.quantity,c1_0.updated_at,c1_0.signup_id from cart c1_0 where c1_0.signup_id=?
[20241227 18:08:49:041][DEBUG][org.hibernate.SQL] select u1_0.id,u1_0.created_at,u1_0.name,u1_0.phone,u1_0.signup_id,u1_0.signup_password,u1_0.updated_at from user u1_0 where u1_0.signup_id=?
[20241227 18:08:49:118][DEBUG][org.hibernate.SQL] select p1_0.id,p1_0.category,p1_0.country,p1_0.manufacturer,p1_0.name,p1_0.price,p1_0.quantity from product p1_0 where p1_0.id=?
[20241227 18:08:49:171][DEBUG][org.hibernate.SQL] select p1_0.id,p1_0.category,p1_0.country,p1_0.manufacturer,p1_0.name,p1_0.price,p1_0.quantity from product p1_0 where p1_0.id=?
[20241227 18:08:49:191][DEBUG][org.hibernate.SQL] select p1_0.id,p1_0.category,p1_0.country,p1_0.manufacturer,p1_0.name,p1_0.price,p1_0.quantity from product p1_0 where p1_0.id=?
[20241227 18:08:53:811][INFO ][c.e.demo.controller.CheckoutController] √— ∞°∞›: 551000, √— ºˆ∑Æ: 7
[20241227 18:10:44:360][INFO ][c.e.demo.controller.WidgetController] Payment Confirmed! Total Price: 546000, Total Quantity: 3
[20241227 18:10:47:264][INFO ][c.e.demo.controller.WidgetController] Response from Toss Payments: {"country":"KR","metadata":null,"orderId":"MC41MjEwNzY4MTAwNTkw","cashReceipts":null,"isPartialCancelable":true,"lastTransactionKey":"txrd_a01jg3p3y9xygq7nkrm6hvafp8v","discount":null,"taxExemptionAmount":0,"suppliedAmount":496364,"secret":"ps_PBal2vxj81y2X64gADA285RQgOAN","type":"NORMAL","cultureExpense":false,"taxFreeAmount":0,"requestedAt":"2024-12-27T18:09:27+09:00","currency":"KRW","paymentKey":"tgen_202412271809278su24","virtualAccount":null,"checkout":{"url":"https:\/\/api.tosspayments.com\/v1\/payments\/tgen_202412271809278su24\/checkout"},"orderName":"≈‰Ω∫ ∆ºº≈√˜ ø‹ 11∞«","method":"∞£∆Ì∞·¡¶","useEscrow":false,"vat":49636,"mId":"tgen_docs","approvedAt":"2024-12-27T18:10:48+09:00","balanceAmount":546000,"version":"2022-11-16","easyPay":{"amount":546000,"provider":"≈‰Ω∫∆‰¿Ã","discountAmount":0},"totalAmount":546000,"cancels":null,"transfer":null,"mobilePhone":null,"failure":null,"receipt":{"url":"https:\/\/dashboard.tosspayments.com\/receipt\/redirection?transactionId=tgen_202412271809278su24&ref=PX"},"giftCertificate":null,"cashReceipt":null,"card":null,"status":"DONE"}
[20241227 18:10:52:758][DEBUG][org.hibernate.SQL] select u1_0.id,u1_0.created_at,u1_0.name,u1_0.phone,u1_0.signup_id,u1_0.signup_password,u1_0.updated_at from user u1_0 where u1_0.signup_id=?
[20241227 18:10:53:417][DEBUG][org.hibernate.SQL] select u1_0.id,u1_0.created_at,u1_0.name,u1_0.phone,u1_0.signup_id,u1_0.signup_password,u1_0.updated_at from user u1_0 where u1_0.signup_id=?
[20241227 18:10:54:548][DEBUG][org.hibernate.SQL] insert into web_payment_info (created_at,customer_name,customer_phone,payment_status,total_price,total_quantity,user_id) values (?,?,?,?,?,?,?)
[20241227 18:10:55:267][INFO ][com.example.demo.service.TossService] Saving payment info to DB: Method=∞£∆Ì∞·¡¶, Currency=KRW, Country=KR, Amount=546000, Discount=0, Time=2024-12-27 18:10:47.4234333, SignupId=lala2222
[20241227 18:10:55:275][DEBUG][org.hibernate.SQL] select u1_0.id,u1_0.created_at,u1_0.name,u1_0.phone,u1_0.signup_id,u1_0.signup_password,u1_0.updated_at from user u1_0 where u1_0.signup_id=?
[20241227 18:10:55:291][DEBUG][org.hibernate.SQL] insert into toss_payment_info (country,currency,customer_name,customer_phone,discount,payment_method,payment_time,total_amount) values (?,?,?,?,?,?,?,?)
[20241227 18:10:55:395][INFO ][com.example.demo.service.TossService] Payment info saved successfully.
[20241227 18:24:51:455][INFO ][com.example.demo.DemoApplication] Starting DemoApplication using Java 17.0.3 with PID 10856 (C:\Users\user\Desktop\demo\build\classes\java\main started by √÷¡¯«ı in C:\Users\user\Desktop\demo)
[20241227 18:24:51:485][INFO ][com.example.demo.DemoApplication] No active profile set, falling back to 1 default profile: "default"
[20241227 18:24:51:810][INFO ][o.s.b.d.e.DevToolsPropertyDefaultsPostProcessor] Devtools property defaults active! Set 'spring.devtools.add-properties' to 'false' to disable
[20241227 18:24:51:813][INFO ][o.s.b.d.e.DevToolsPropertyDefaultsPostProcessor] For additional web related logging consider setting the 'logging.level.web' property to 'DEBUG'
[20241227 18:24:55:535][INFO ][o.s.d.r.c.RepositoryConfigurationDelegate] Bootstrapping Spring Data JPA repositories in DEFAULT mode.
[20241227 18:24:55:745][INFO ][o.s.d.r.c.RepositoryConfigurationDelegate] Finished Spring Data repository scanning in 189 ms. Found 5 JPA repository interfaces.
[20241227 18:24:58:285][INFO ][o.s.b.w.embedded.tomcat.TomcatWebServer] Tomcat initialized with port 8083 (http)
[20241227 18:24:58:328][INFO ][o.apache.coyote.http11.Http11NioProtocol] Initializing ProtocolHandler ["http-nio-8083"]
[20241227 18:24:58:339][INFO ][o.apache.catalina.core.StandardService] Starting service [Tomcat]
[20241227 18:24:58:353][INFO ][org.apache.catalina.core.StandardEngine] Starting Servlet engine: [Apache Tomcat/10.1.31]
[20241227 18:24:58:585][INFO ][o.a.c.c.C.[Tomcat].[localhost].[/]] Initializing Spring embedded WebApplicationContext
[20241227 18:24:58:599][INFO ][o.s.b.w.s.c.ServletWebServerApplicationContext] Root WebApplicationContext: initialization completed in 6777 ms
[20241227 18:24:59:225][INFO ][o.hibernate.jpa.internal.util.LogHelper] HHH000204: Processing PersistenceUnitInfo [name: default]
[20241227 18:24:59:506][INFO ][org.hibernate.Version] HHH000412: Hibernate ORM core version 6.5.3.Final
[20241227 18:24:59:638][INFO ][o.h.c.internal.RegionFactoryInitiator] HHH000026: Second-level cache disabled
[20241227 18:25:00:663][INFO ][o.s.o.j.p.SpringPersistenceUnitInfo] No LoadTimeWeaver setup: ignoring JPA class transformer
[20241227 18:25:00:794][INFO ][com.zaxxer.hikari.HikariDataSource] HikariPool-1 - Starting...
[20241227 18:25:01:649][INFO ][com.zaxxer.hikari.pool.HikariPool] HikariPool-1 - Added connection com.mysql.cj.jdbc.ConnectionImpl@6c18edf1
[20241227 18:25:01:656][INFO ][com.zaxxer.hikari.HikariDataSource] HikariPool-1 - Start completed.
[20241227 18:25:01:870][WARN ][org.hibernate.orm.deprecation] HHH90000025: MySQLDialect does not need to be specified explicitly using 'hibernate.dialect' (remove the property setting and it will be selected by default)
[20241227 18:25:02:009][DEBUG][o.h.t.descriptor.sql.spi.DdlTypeRegistry] addDescriptor(12, org.hibernate.type.descriptor.sql.internal.CapacityDependentDdlType@39ad8da) replaced previous registration(org.hibernate.type.descriptor.sql.internal.CapacityDependentDdlType@4c3d4949)
[20241227 18:25:02:009][DEBUG][o.h.t.descriptor.sql.spi.DdlTypeRegistry] addDescriptor(-9, org.hibernate.type.descriptor.sql.internal.CapacityDependentDdlType@18c7eedc) replaced previous registration(org.hibernate.type.descriptor.sql.internal.CapacityDependentDdlType@395bf496)
[20241227 18:25:02:009][DEBUG][o.h.t.descriptor.sql.spi.DdlTypeRegistry] addDescriptor(-3, org.hibernate.type.descriptor.sql.internal.CapacityDependentDdlType@6cd2a76f) replaced previous registration(org.hibernate.type.descriptor.sql.internal.CapacityDependentDdlType@4a03ccbd)
[20241227 18:25:02:009][DEBUG][o.h.t.descriptor.sql.spi.DdlTypeRegistry] addDescriptor(4003, org.hibernate.type.descriptor.sql.internal.DdlTypeImpl@6d957a2f) replaced previous registration(org.hibernate.type.descriptor.sql.internal.DdlTypeImpl@b8ccc4f)
[20241227 18:25:02:020][DEBUG][o.h.t.descriptor.sql.spi.DdlTypeRegistry] addDescriptor(4001, org.hibernate.type.descriptor.sql.internal.DdlTypeImpl@721ceb8e) replaced previous registration(org.hibernate.type.descriptor.sql.internal.DdlTypeImpl@262eb754)
[20241227 18:25:02:022][DEBUG][o.h.t.descriptor.sql.spi.DdlTypeRegistry] addDescriptor(4002, org.hibernate.type.descriptor.sql.internal.DdlTypeImpl@60ace5bc) replaced previous registration(org.hibernate.type.descriptor.sql.internal.DdlTypeImpl@dafb352)
[20241227 18:25:02:059][DEBUG][o.h.t.descriptor.sql.spi.DdlTypeRegistry] addDescriptor(2004, org.hibernate.type.descriptor.sql.internal.CapacityDependentDdlType@18fa79f2) replaced previous registration(org.hibernate.type.descriptor.sql.internal.DdlTypeImpl@4bbde9ae)
[20241227 18:25:02:146][DEBUG][o.h.t.descriptor.sql.spi.DdlTypeRegistry] addDescriptor(2005, org.hibernate.type.descriptor.sql.internal.CapacityDependentDdlType@4c3b6460) replaced previous registration(org.hibernate.type.descriptor.sql.internal.DdlTypeImpl@3cfe7b96)
[20241227 18:25:02:156][DEBUG][o.h.t.descriptor.sql.spi.DdlTypeRegistry] addDescriptor(2011, org.hibernate.type.descriptor.sql.internal.CapacityDependentDdlType@7780b012) replaced previous registration(org.hibernate.type.descriptor.sql.internal.DdlTypeImpl@53d4c7d5)
[20241227 18:25:04:878][INFO ][o.h.e.t.j.p.i.JtaPlatformInitiator] HHH000489: No JTA platform available (set 'hibernate.transaction.jta.platform' to enable JTA platform integration)
[20241227 18:25:05:183][INFO ][o.s.o.j.LocalContainerEntityManagerFactoryBean] Initialized JPA EntityManagerFactory for persistence unit 'default'
[20241227 18:25:06:190][WARN ][o.s.b.a.o.j.JpaBaseConfiguration$JpaWebConfiguration] spring.jpa.open-in-view is enabled by default. Therefore, database queries may be performed during view rendering. Explicitly configure spring.jpa.open-in-view to disable this warning
[20241227 18:25:06:267][INFO ][o.s.b.a.w.s.WelcomePageHandlerMapping] Adding welcome page template: index
[20241227 18:25:07:143][INFO ][o.s.b.d.a.OptionalLiveReloadServer] LiveReload server is running on port 35729
[20241227 18:25:07:171][INFO ][o.apache.coyote.http11.Http11NioProtocol] Starting ProtocolHandler ["http-nio-8083"]
[20241227 18:25:07:239][INFO ][o.s.b.w.embedded.tomcat.TomcatWebServer] Tomcat started on port 8083 (http) with context path '/'
[20241227 18:25:07:258][INFO ][com.example.demo.DemoApplication] Started DemoApplication in 19.672 seconds (process running for 23.154)
[20241227 18:26:00:294][INFO ][o.a.c.c.C.[Tomcat].[localhost].[/]] Initializing Spring DispatcherServlet 'dispatcherServlet'
[20241227 18:26:00:298][INFO ][o.s.web.servlet.DispatcherServlet] Initializing Servlet 'dispatcherServlet'
[20241227 18:26:00:301][INFO ][o.s.web.servlet.DispatcherServlet] Completed initialization in 2 ms
[20241227 18:26:03:112][WARN ][o.a.catalina.util.SessionIdGeneratorBase] Creation of SecureRandom instance for session ID generation using [SHA1PRNG] took [181] milliseconds.
[20241227 18:26:03:292][DEBUG][org.hibernate.SQL] select p1_0.id,p1_0.category,p1_0.country,p1_0.manufacturer,p1_0.name,p1_0.price,p1_0.quantity from product p1_0
[20241227 18:26:45:249][DEBUG][org.hibernate.SQL] select u1_0.id,u1_0.created_at,u1_0.name,u1_0.phone,u1_0.signup_id,u1_0.signup_password,u1_0.updated_at from user u1_0 where u1_0.signup_id=?
[20241227 18:26:46:278][DEBUG][org.hibernate.SQL] select u1_0.id,u1_0.created_at,u1_0.name,u1_0.phone,u1_0.signup_id,u1_0.signup_password,u1_0.updated_at from user u1_0 where u1_0.signup_id=?
[20241227 18:26:46:417][DEBUG][org.hibernate.SQL] select u1_0.id,u1_0.created_at,u1_0.name,u1_0.phone,u1_0.signup_id,u1_0.signup_password,u1_0.updated_at from user u1_0 where u1_0.signup_id=?
[20241227 18:26:46:503][DEBUG][org.hibernate.SQL] select p1_0.id,p1_0.category,p1_0.country,p1_0.manufacturer,p1_0.name,p1_0.price,p1_0.quantity from product p1_0
[20241227 18:26:47:451][DEBUG][org.hibernate.SQL] select u1_0.id,u1_0.created_at,u1_0.name,u1_0.phone,u1_0.signup_id,u1_0.signup_password,u1_0.updated_at from user u1_0 where u1_0.signup_id=?
[20241227 18:26:47:473][DEBUG][org.hibernate.SQL] select c1_0.id,c1_0.created_at,c1_0.product_id,c1_0.quantity,c1_0.updated_at,c1_0.signup_id from cart c1_0 where c1_0.signup_id=?
[20241227 18:26:47:511][DEBUG][org.hibernate.SQL] select u1_0.id,u1_0.created_at,u1_0.name,u1_0.phone,u1_0.signup_id,u1_0.signup_password,u1_0.updated_at from user u1_0 where u1_0.signup_id=?
[20241227 18:26:47:528][DEBUG][org.hibernate.SQL] select p1_0.id,p1_0.category,p1_0.country,p1_0.manufacturer,p1_0.name,p1_0.price,p1_0.quantity from product p1_0 where p1_0.id=?
[20241227 18:26:47:537][DEBUG][org.hibernate.SQL] select p1_0.id,p1_0.category,p1_0.country,p1_0.manufacturer,p1_0.name,p1_0.price,p1_0.quantity from product p1_0 where p1_0.id=?
[20241227 18:26:47:541][DEBUG][org.hibernate.SQL] select p1_0.id,p1_0.category,p1_0.country,p1_0.manufacturer,p1_0.name,p1_0.price,p1_0.quantity from product p1_0 where p1_0.id=?
[20241227 18:26:48:957][INFO ][c.e.demo.controller.CheckoutController] √— ∞°∞›: 551000, √— ºˆ∑Æ: 7
[20241227 18:27:44:975][INFO ][c.e.demo.controller.WidgetController] Payment Confirmed! Total Price: 551000, Total Quantity: 7
[20241227 18:27:46:195][INFO ][c.e.demo.controller.WidgetController] Response from Toss Payments: {"country":"KR","metadata":null,"orderId":"MC42NDg3NTcxMDE3MzA0","cashReceipts":null,"isPartialCancelable":true,"lastTransactionKey":"txrd_a01jg3q31bks0sqk1fxhvszdyjj","discount":null,"taxExemptionAmount":0,"suppliedAmount":496364,"secret":"ps_24xLea5zVA1lmjvXNK2VQAMYNwW6","type":"NORMAL","cultureExpense":false,"taxFreeAmount":0,"requestedAt":"2024-12-27T18:26:59+09:00","currency":"KRW","paymentKey":"tgen_20241227182659dV780","virtualAccount":null,"checkout":{"url":"https:\/\/api.tosspayments.com\/v1\/payments\/tgen_20241227182659dV780\/checkout"},"orderName":"≈‰Ω∫ ∆ºº≈√˜ ø‹ 11∞«","method":"∞£∆Ì∞·¡¶","useEscrow":false,"vat":49636,"mId":"tgen_docs","approvedAt":"2024-12-27T18:27:47+09:00","balanceAmount":546000,"version":"2022-11-16","easyPay":{"amount":546000,"provider":"≈‰Ω∫∆‰¿Ã","discountAmount":0},"totalAmount":546000,"cancels":null,"transfer":null,"mobilePhone":null,"failure":null,"receipt":{"url":"https:\/\/dashboard.tosspayments.com\/receipt\/redirection?transactionId=tgen_20241227182659dV780&ref=PX"},"giftCertificate":null,"cashReceipt":null,"card":null,"status":"DONE"}
[20241227 18:27:46:195][DEBUG][org.hibernate.SQL] select u1_0.id,u1_0.created_at,u1_0.name,u1_0.phone,u1_0.signup_id,u1_0.signup_password,u1_0.updated_at from user u1_0 where u1_0.signup_id=?
[20241227 18:27:46:213][DEBUG][org.hibernate.SQL] select u1_0.id,u1_0.created_at,u1_0.name,u1_0.phone,u1_0.signup_id,u1_0.signup_password,u1_0.updated_at from user u1_0 where u1_0.signup_id=?
[20241227 18:27:46:323][DEBUG][org.hibernate.SQL] insert into web_payment_info (created_at,customer_name,customer_phone,payment_status,total_price,total_quantity,user_id) values (?,?,?,?,?,?,?)
[20241227 18:27:46:491][INFO ][com.example.demo.service.TossService] Saving payment info to DB: Method=∞£∆Ì∞·¡¶, Currency=KRW, Country=KR, Amount=546000, Discount=0, Time=2024-12-27 18:27:46.195682, SignupId=lala2222
[20241227 18:27:46:491][DEBUG][org.hibernate.SQL] select u1_0.id,u1_0.created_at,u1_0.name,u1_0.phone,u1_0.signup_id,u1_0.signup_password,u1_0.updated_at from user u1_0 where u1_0.signup_id=?
[20241227 18:27:46:491][DEBUG][org.hibernate.SQL] insert into toss_payment_info (country,currency,customer_name,customer_phone,discount,payment_method,payment_time,total_amount) values (?,?,?,?,?,?,?,?)
[20241227 18:27:46:528][INFO ][com.example.demo.service.TossService] Payment info saved successfully.
[20241227 21:30:45:495][INFO ][com.example.demo.DemoApplication] Starting DemoApplication using Java 17.0.3 with PID 19420 (C:\Users\user\Desktop\demo\build\classes\java\main started by √÷¡¯«ı in C:\Users\user\Desktop\demo)
[20241227 21:30:45:512][INFO ][com.example.demo.DemoApplication] No active profile set, falling back to 1 default profile: "default"
[20241227 21:30:47:111][INFO ][o.s.b.d.e.DevToolsPropertyDefaultsPostProcessor] Devtools property defaults active! Set 'spring.devtools.add-properties' to 'false' to disable
[20241227 21:30:47:112][INFO ][o.s.b.d.e.DevToolsPropertyDefaultsPostProcessor] For additional web related logging consider setting the 'logging.level.web' property to 'DEBUG'
[20241227 21:30:49:455][INFO ][o.s.d.r.c.RepositoryConfigurationDelegate] Bootstrapping Spring Data JPA repositories in DEFAULT mode.
[20241227 21:30:49:640][INFO ][o.s.d.r.c.RepositoryConfigurationDelegate] Finished Spring Data repository scanning in 161 ms. Found 5 JPA repository interfaces.
[20241227 21:30:52:387][INFO ][o.s.b.w.embedded.tomcat.TomcatWebServer] Tomcat initialized with port 8083 (http)
[20241227 21:30:52:425][INFO ][o.apache.coyote.http11.Http11NioProtocol] Initializing ProtocolHandler ["http-nio-8083"]
[20241227 21:30:52:440][INFO ][o.apache.catalina.core.StandardService] Starting service [Tomcat]
[20241227 21:30:52:443][INFO ][org.apache.catalina.core.StandardEngine] Starting Servlet engine: [Apache Tomcat/10.1.31]
[20241227 21:30:52:750][INFO ][o.a.c.c.C.[Tomcat].[localhost].[/]] Initializing Spring embedded WebApplicationContext
[20241227 21:30:52:752][INFO ][o.s.b.w.s.c.ServletWebServerApplicationContext] Root WebApplicationContext: initialization completed in 5636 ms
[20241227 21:30:53:215][INFO ][o.hibernate.jpa.internal.util.LogHelper] HHH000204: Processing PersistenceUnitInfo [name: default]
[20241227 21:30:53:437][INFO ][org.hibernate.Version] HHH000412: Hibernate ORM core version 6.5.3.Final
[20241227 21:30:53:548][INFO ][o.h.c.internal.RegionFactoryInitiator] HHH000026: Second-level cache disabled
[20241227 21:30:54:559][INFO ][o.s.o.j.p.SpringPersistenceUnitInfo] No LoadTimeWeaver setup: ignoring JPA class transformer
[20241227 21:30:54:666][INFO ][com.zaxxer.hikari.HikariDataSource] HikariPool-1 - Starting...
[20241227 21:30:55:645][INFO ][com.zaxxer.hikari.pool.HikariPool] HikariPool-1 - Added connection com.mysql.cj.jdbc.ConnectionImpl@6e5fcd74
[20241227 21:30:55:651][INFO ][com.zaxxer.hikari.HikariDataSource] HikariPool-1 - Start completed.
[20241227 21:30:55:865][WARN ][org.hibernate.orm.deprecation] HHH90000025: MySQLDialect does not need to be specified explicitly using 'hibernate.dialect' (remove the property setting and it will be selected by default)
[20241227 21:30:55:979][DEBUG][o.h.t.descriptor.sql.spi.DdlTypeRegistry] addDescriptor(12, org.hibernate.type.descriptor.sql.internal.CapacityDependentDdlType@461adb7d) replaced previous registration(org.hibernate.type.descriptor.sql.internal.CapacityDependentDdlType@3de93f2f)
[20241227 21:30:55:981][DEBUG][o.h.t.descriptor.sql.spi.DdlTypeRegistry] addDescriptor(-9, org.hibernate.type.descriptor.sql.internal.CapacityDependentDdlType@1707519f) replaced previous registration(org.hibernate.type.descriptor.sql.internal.CapacityDependentDdlType@6c28cc6a)
[20241227 21:30:55:988][DEBUG][o.h.t.descriptor.sql.spi.DdlTypeRegistry] addDescriptor(-3, org.hibernate.type.descriptor.sql.internal.CapacityDependentDdlType@7cf923a1) replaced previous registration(org.hibernate.type.descriptor.sql.internal.CapacityDependentDdlType@81d6b56)
[20241227 21:30:55:992][DEBUG][o.h.t.descriptor.sql.spi.DdlTypeRegistry] addDescriptor(4003, org.hibernate.type.descriptor.sql.internal.DdlTypeImpl@253b4863) replaced previous registration(org.hibernate.type.descriptor.sql.internal.DdlTypeImpl@fda8b32)
[20241227 21:30:55:995][DEBUG][o.h.t.descriptor.sql.spi.DdlTypeRegistry] addDescriptor(4001, org.hibernate.type.descriptor.sql.internal.DdlTypeImpl@3a0b4543) replaced previous registration(org.hibernate.type.descriptor.sql.internal.DdlTypeImpl@59afde8f)
[20241227 21:30:56:003][DEBUG][o.h.t.descriptor.sql.spi.DdlTypeRegistry] addDescriptor(4002, org.hibernate.type.descriptor.sql.internal.DdlTypeImpl@26a8ed89) replaced previous registration(org.hibernate.type.descriptor.sql.internal.DdlTypeImpl@7df06175)
[20241227 21:30:56:008][DEBUG][o.h.t.descriptor.sql.spi.DdlTypeRegistry] addDescriptor(2004, org.hibernate.type.descriptor.sql.internal.CapacityDependentDdlType@1db112d5) replaced previous registration(org.hibernate.type.descriptor.sql.internal.DdlTypeImpl@3a4dec4a)
[20241227 21:30:56:009][DEBUG][o.h.t.descriptor.sql.spi.DdlTypeRegistry] addDescriptor(2005, org.hibernate.type.descriptor.sql.internal.CapacityDependentDdlType@5b689a2f) replaced previous registration(org.hibernate.type.descriptor.sql.internal.DdlTypeImpl@256da3fe)
[20241227 21:30:56:011][DEBUG][o.h.t.descriptor.sql.spi.DdlTypeRegistry] addDescriptor(2011, org.hibernate.type.descriptor.sql.internal.CapacityDependentDdlType@30df2a3c) replaced previous registration(org.hibernate.type.descriptor.sql.internal.DdlTypeImpl@6525bfd1)
[20241227 21:31:04:200][INFO ][o.h.e.t.j.p.i.JtaPlatformInitiator] HHH000489: No JTA platform available (set 'hibernate.transaction.jta.platform' to enable JTA platform integration)
[20241227 21:31:04:955][INFO ][o.s.o.j.LocalContainerEntityManagerFactoryBean] Initialized JPA EntityManagerFactory for persistence unit 'default'
[20241227 21:31:06:257][WARN ][o.s.b.a.o.j.JpaBaseConfiguration$JpaWebConfiguration] spring.jpa.open-in-view is enabled by default. Therefore, database queries may be performed during view rendering. Explicitly configure spring.jpa.open-in-view to disable this warning
[20241227 21:31:06:348][INFO ][o.s.b.a.w.s.WelcomePageHandlerMapping] Adding welcome page template: index
[20241227 21:31:07:233][WARN ][o.s.b.a.s.s.UserDetailsServiceAutoConfiguration] 

Using generated security password: dca7db4a-8517-490d-b73c-a9adeb7a4297

This generated password is for development use only. Your security configuration must be updated before running your application in production.

[20241227 21:31:07:258][INFO ][o.s.s.c.a.a.c.InitializeUserDetailsBeanManagerConfigurer$InitializeUserDetailsManagerConfigurer] Global AuthenticationManager configured with UserDetailsService bean with name inMemoryUserDetailsManager
[20241227 21:31:07:766][INFO ][o.s.b.d.a.OptionalLiveReloadServer] LiveReload server is running on port 35729
[20241227 21:31:07:802][INFO ][o.apache.coyote.http11.Http11NioProtocol] Starting ProtocolHandler ["http-nio-8083"]
[20241227 21:31:07:861][INFO ][o.s.b.w.embedded.tomcat.TomcatWebServer] Tomcat started on port 8083 (http) with context path '/'
[20241227 21:31:07:885][INFO ][com.example.demo.DemoApplication] Started DemoApplication in 27.883 seconds (process running for 33.904)
[20241227 21:32:59:810][INFO ][o.a.c.c.C.[Tomcat].[localhost].[/]] Initializing Spring DispatcherServlet 'dispatcherServlet'
[20241227 21:32:59:848][INFO ][o.s.web.servlet.DispatcherServlet] Initializing Servlet 'dispatcherServlet'
[20241227 21:33:00:033][INFO ][o.s.web.servlet.DispatcherServlet] Completed initialization in 177 ms
[20241227 21:33:01:086][WARN ][o.a.catalina.util.SessionIdGeneratorBase] Creation of SecureRandom instance for session ID generation using [SHA1PRNG] took [453] milliseconds.
[20241227 21:45:20:867][INFO ][com.example.demo.DemoApplication] Starting DemoApplication using Java 17.0.3 with PID 20704 (C:\Users\user\Desktop\demo\build\classes\java\main started by √÷¡¯«ı in C:\Users\user\Desktop\demo)
[20241227 21:45:20:906][INFO ][com.example.demo.DemoApplication] No active profile set, falling back to 1 default profile: "default"
[20241227 21:45:21:225][INFO ][o.s.b.d.e.DevToolsPropertyDefaultsPostProcessor] Devtools property defaults active! Set 'spring.devtools.add-properties' to 'false' to disable
[20241227 21:45:21:241][INFO ][o.s.b.d.e.DevToolsPropertyDefaultsPostProcessor] For additional web related logging consider setting the 'logging.level.web' property to 'DEBUG'
[20241227 21:45:27:472][INFO ][o.s.d.r.c.RepositoryConfigurationDelegate] Bootstrapping Spring Data JPA repositories in DEFAULT mode.
[20241227 21:45:27:792][INFO ][o.s.d.r.c.RepositoryConfigurationDelegate] Finished Spring Data repository scanning in 304 ms. Found 5 JPA repository interfaces.
[20241227 21:45:34:015][INFO ][o.s.b.w.embedded.tomcat.TomcatWebServer] Tomcat initialized with port 8083 (http)
[20241227 21:45:34:069][INFO ][o.apache.coyote.http11.Http11NioProtocol] Initializing ProtocolHandler ["http-nio-8083"]
[20241227 21:45:34:090][INFO ][o.apache.catalina.core.StandardService] Starting service [Tomcat]
[20241227 21:45:34:121][INFO ][org.apache.catalina.core.StandardEngine] Starting Servlet engine: [Apache Tomcat/10.1.31]
[20241227 21:45:34:982][INFO ][o.a.c.c.C.[Tomcat].[localhost].[/]] Initializing Spring embedded WebApplicationContext
[20241227 21:45:35:000][INFO ][o.s.b.w.s.c.ServletWebServerApplicationContext] Root WebApplicationContext: initialization completed in 13741 ms
[20241227 21:45:36:206][INFO ][o.hibernate.jpa.internal.util.LogHelper] HHH000204: Processing PersistenceUnitInfo [name: default]
[20241227 21:45:36:761][INFO ][org.hibernate.Version] HHH000412: Hibernate ORM core version 6.5.3.Final
[20241227 21:45:36:955][INFO ][o.h.c.internal.RegionFactoryInitiator] HHH000026: Second-level cache disabled
[20241227 21:45:38:942][INFO ][o.s.o.j.p.SpringPersistenceUnitInfo] No LoadTimeWeaver setup: ignoring JPA class transformer
[20241227 21:45:39:111][INFO ][com.zaxxer.hikari.HikariDataSource] HikariPool-1 - Starting...
[20241227 21:45:40:509][INFO ][com.zaxxer.hikari.pool.HikariPool] HikariPool-1 - Added connection com.mysql.cj.jdbc.ConnectionImpl@7c2ae65b
[20241227 21:45:40:521][INFO ][com.zaxxer.hikari.HikariDataSource] HikariPool-1 - Start completed.
[20241227 21:45:40:931][WARN ][org.hibernate.orm.deprecation] HHH90000025: MySQLDialect does not need to be specified explicitly using 'hibernate.dialect' (remove the property setting and it will be selected by default)
[20241227 21:45:41:046][DEBUG][o.h.t.descriptor.sql.spi.DdlTypeRegistry] addDescriptor(12, org.hibernate.type.descriptor.sql.internal.CapacityDependentDdlType@26a8ed89) replaced previous registration(org.hibernate.type.descriptor.sql.internal.CapacityDependentDdlType@7df06175)
[20241227 21:45:41:049][DEBUG][o.h.t.descriptor.sql.spi.DdlTypeRegistry] addDescriptor(-9, org.hibernate.type.descriptor.sql.internal.CapacityDependentDdlType@1db112d5) replaced previous registration(org.hibernate.type.descriptor.sql.internal.CapacityDependentDdlType@3a4dec4a)
[20241227 21:45:41:057][DEBUG][o.h.t.descriptor.sql.spi.DdlTypeRegistry] addDescriptor(-3, org.hibernate.type.descriptor.sql.internal.CapacityDependentDdlType@5b689a2f) replaced previous registration(org.hibernate.type.descriptor.sql.internal.CapacityDependentDdlType@256da3fe)
[20241227 21:45:41:068][DEBUG][o.h.t.descriptor.sql.spi.DdlTypeRegistry] addDescriptor(4003, org.hibernate.type.descriptor.sql.internal.DdlTypeImpl@30df2a3c) replaced previous registration(org.hibernate.type.descriptor.sql.internal.DdlTypeImpl@6525bfd1)
[20241227 21:45:41:080][DEBUG][o.h.t.descriptor.sql.spi.DdlTypeRegistry] addDescriptor(4001, org.hibernate.type.descriptor.sql.internal.DdlTypeImpl@7a83f8b8) replaced previous registration(org.hibernate.type.descriptor.sql.internal.DdlTypeImpl@3239c645)
[20241227 21:45:41:089][DEBUG][o.h.t.descriptor.sql.spi.DdlTypeRegistry] addDescriptor(4002, org.hibernate.type.descriptor.sql.internal.DdlTypeImpl@7b7e84f4) replaced previous registration(org.hibernate.type.descriptor.sql.internal.DdlTypeImpl@336d777d)
[20241227 21:45:41:091][DEBUG][o.h.t.descriptor.sql.spi.DdlTypeRegistry] addDescriptor(2004, org.hibernate.type.descriptor.sql.internal.CapacityDependentDdlType@56ce0f90) replaced previous registration(org.hibernate.type.descriptor.sql.internal.DdlTypeImpl@2a39f0e2)
[20241227 21:45:41:096][DEBUG][o.h.t.descriptor.sql.spi.DdlTypeRegistry] addDescriptor(2005, org.hibernate.type.descriptor.sql.internal.CapacityDependentDdlType@256f8875) replaced previous registration(org.hibernate.type.descriptor.sql.internal.DdlTypeImpl@7de1c53a)
[20241227 21:45:41:098][DEBUG][o.h.t.descriptor.sql.spi.DdlTypeRegistry] addDescriptor(2011, org.hibernate.type.descriptor.sql.internal.CapacityDependentDdlType@5bf5f799) replaced previous registration(org.hibernate.type.descriptor.sql.internal.DdlTypeImpl@3eaeb2e5)
[20241227 21:45:45:602][INFO ][o.h.e.t.j.p.i.JtaPlatformInitiator] HHH000489: No JTA platform available (set 'hibernate.transaction.jta.platform' to enable JTA platform integration)
[20241227 21:45:46:569][INFO ][o.s.o.j.LocalContainerEntityManagerFactoryBean] Initialized JPA EntityManagerFactory for persistence unit 'default'
[20241227 21:45:48:668][WARN ][o.s.b.a.o.j.JpaBaseConfiguration$JpaWebConfiguration] spring.jpa.open-in-view is enabled by default. Therefore, database queries may be performed during view rendering. Explicitly configure spring.jpa.open-in-view to disable this warning
[20241227 21:45:48:796][INFO ][o.s.b.a.w.s.WelcomePageHandlerMapping] Adding welcome page template: index
[20241227 21:45:50:864][WARN ][o.s.b.a.s.s.UserDetailsServiceAutoConfiguration] 

Using generated security password: 73ea2ca1-b4a1-4dd1-a4b0-ed82c4196550

This generated password is for development use only. Your security configuration must be updated before running your application in production.

[20241227 21:45:50:952][INFO ][o.s.s.c.a.a.c.InitializeUserDetailsBeanManagerConfigurer$InitializeUserDetailsManagerConfigurer] Global AuthenticationManager configured with UserDetailsService bean with name inMemoryUserDetailsManager
[20241227 21:45:52:477][INFO ][o.s.b.d.a.OptionalLiveReloadServer] LiveReload server is running on port 35729
[20241227 21:45:52:539][INFO ][o.apache.coyote.http11.Http11NioProtocol] Starting ProtocolHandler ["http-nio-8083"]
[20241227 21:45:52:911][INFO ][o.s.b.w.embedded.tomcat.TomcatWebServer] Tomcat started on port 8083 (http) with context path '/'
[20241227 21:45:52:979][INFO ][com.example.demo.DemoApplication] Started DemoApplication in 36.582 seconds (process running for 39.038)
[20241227 21:46:14:355][INFO ][o.a.c.c.C.[Tomcat].[localhost].[/]] Initializing Spring DispatcherServlet 'dispatcherServlet'
[20241227 21:46:14:357][INFO ][o.s.web.servlet.DispatcherServlet] Initializing Servlet 'dispatcherServlet'
[20241227 21:46:14:364][INFO ][o.s.web.servlet.DispatcherServlet] Completed initialization in 6 ms
[20241227 21:46:15:228][WARN ][o.a.catalina.util.SessionIdGeneratorBase] Creation of SecureRandom instance for session ID generation using [SHA1PRNG] took [415] milliseconds.
[20241227 22:28:03:492][INFO ][com.example.demo.DemoApplication] Starting DemoApplication using Java 17.0.3 with PID 7812 (C:\Users\user\Desktop\demo\build\classes\java\main started by √÷¡¯«ı in C:\Users\user\Desktop\demo)
[20241227 22:28:03:501][INFO ][com.example.demo.DemoApplication] No active profile set, falling back to 1 default profile: "default"
[20241227 22:28:03:857][INFO ][o.s.b.d.e.DevToolsPropertyDefaultsPostProcessor] Devtools property defaults active! Set 'spring.devtools.add-properties' to 'false' to disable
[20241227 22:28:03:859][INFO ][o.s.b.d.e.DevToolsPropertyDefaultsPostProcessor] For additional web related logging consider setting the 'logging.level.web' property to 'DEBUG'
[20241227 22:28:07:673][INFO ][o.s.d.r.c.RepositoryConfigurationDelegate] Bootstrapping Spring Data JPA repositories in DEFAULT mode.
[20241227 22:28:07:950][INFO ][o.s.d.r.c.RepositoryConfigurationDelegate] Finished Spring Data repository scanning in 234 ms. Found 5 JPA repository interfaces.
[20241227 22:28:12:243][INFO ][o.s.b.w.embedded.tomcat.TomcatWebServer] Tomcat initialized with port 8083 (http)
[20241227 22:28:12:345][INFO ][o.apache.coyote.http11.Http11NioProtocol] Initializing ProtocolHandler ["http-nio-8083"]
[20241227 22:28:12:364][INFO ][o.apache.catalina.core.StandardService] Starting service [Tomcat]
[20241227 22:28:12:397][INFO ][org.apache.catalina.core.StandardEngine] Starting Servlet engine: [Apache Tomcat/10.1.31]
[20241227 22:28:14:112][INFO ][o.a.c.c.C.[Tomcat].[localhost].[/]] Initializing Spring embedded WebApplicationContext
[20241227 22:28:14:115][INFO ][o.s.b.w.s.c.ServletWebServerApplicationContext] Root WebApplicationContext: initialization completed in 10232 ms
[20241227 22:28:16:898][INFO ][o.hibernate.jpa.internal.util.LogHelper] HHH000204: Processing PersistenceUnitInfo [name: default]
[20241227 22:28:17:764][INFO ][org.hibernate.Version] HHH000412: Hibernate ORM core version 6.5.3.Final
[20241227 22:28:18:097][INFO ][o.h.c.internal.RegionFactoryInitiator] HHH000026: Second-level cache disabled
[20241227 22:28:22:039][INFO ][o.s.o.j.p.SpringPersistenceUnitInfo] No LoadTimeWeaver setup: ignoring JPA class transformer
[20241227 22:28:22:337][INFO ][com.zaxxer.hikari.HikariDataSource] HikariPool-1 - Starting...
[20241227 22:28:24:868][INFO ][com.zaxxer.hikari.pool.HikariPool] HikariPool-1 - Added connection com.mysql.cj.jdbc.ConnectionImpl@2f24ce05
[20241227 22:28:24:884][INFO ][com.zaxxer.hikari.HikariDataSource] HikariPool-1 - Start completed.
[20241227 22:28:25:175][WARN ][org.hibernate.orm.deprecation] HHH90000025: MySQLDialect does not need to be specified explicitly using 'hibernate.dialect' (remove the property setting and it will be selected by default)
[20241227 22:28:25:404][DEBUG][o.h.t.descriptor.sql.spi.DdlTypeRegistry] addDescriptor(12, org.hibernate.type.descriptor.sql.internal.CapacityDependentDdlType@43b59014) replaced previous registration(org.hibernate.type.descriptor.sql.internal.CapacityDependentDdlType@1ca72936)
[20241227 22:28:25:425][DEBUG][o.h.t.descriptor.sql.spi.DdlTypeRegistry] addDescriptor(-9, org.hibernate.type.descriptor.sql.internal.CapacityDependentDdlType@58c6db04) replaced previous registration(org.hibernate.type.descriptor.sql.internal.CapacityDependentDdlType@437f4977)
[20241227 22:28:25:441][DEBUG][o.h.t.descriptor.sql.spi.DdlTypeRegistry] addDescriptor(-3, org.hibernate.type.descriptor.sql.internal.CapacityDependentDdlType@2ca5443c) replaced previous registration(org.hibernate.type.descriptor.sql.internal.CapacityDependentDdlType@96e2607)
[20241227 22:28:25:488][DEBUG][o.h.t.descriptor.sql.spi.DdlTypeRegistry] addDescriptor(4003, org.hibernate.type.descriptor.sql.internal.DdlTypeImpl@671ed2d5) replaced previous registration(org.hibernate.type.descriptor.sql.internal.DdlTypeImpl@5e930bb0)
[20241227 22:28:25:519][DEBUG][o.h.t.descriptor.sql.spi.DdlTypeRegistry] addDescriptor(4001, org.hibernate.type.descriptor.sql.internal.DdlTypeImpl@589120fa) replaced previous registration(org.hibernate.type.descriptor.sql.internal.DdlTypeImpl@20377bf1)
[20241227 22:28:25:522][DEBUG][o.h.t.descriptor.sql.spi.DdlTypeRegistry] addDescriptor(4002, org.hibernate.type.descriptor.sql.internal.DdlTypeImpl@31ae8d58) replaced previous registration(org.hibernate.type.descriptor.sql.internal.DdlTypeImpl@77a6ce56)
[20241227 22:28:25:537][DEBUG][o.h.t.descriptor.sql.spi.DdlTypeRegistry] addDescriptor(2004, org.hibernate.type.descriptor.sql.internal.CapacityDependentDdlType@2661b6a8) replaced previous registration(org.hibernate.type.descriptor.sql.internal.DdlTypeImpl@3d12b966)
[20241227 22:28:25:603][DEBUG][o.h.t.descriptor.sql.spi.DdlTypeRegistry] addDescriptor(2005, org.hibernate.type.descriptor.sql.internal.CapacityDependentDdlType@789337d1) replaced previous registration(org.hibernate.type.descriptor.sql.internal.DdlTypeImpl@398692eb)
[20241227 22:28:25:726][DEBUG][o.h.t.descriptor.sql.spi.DdlTypeRegistry] addDescriptor(2011, org.hibernate.type.descriptor.sql.internal.CapacityDependentDdlType@12f9a785) replaced previous registration(org.hibernate.type.descriptor.sql.internal.DdlTypeImpl@3a88f535)
[20241227 22:28:33:189][INFO ][o.h.e.t.j.p.i.JtaPlatformInitiator] HHH000489: No JTA platform available (set 'hibernate.transaction.jta.platform' to enable JTA platform integration)
[20241227 22:28:33:756][INFO ][o.s.o.j.LocalContainerEntityManagerFactoryBean] Initialized JPA EntityManagerFactory for persistence unit 'default'
[20241227 22:28:36:491][WARN ][o.s.b.w.s.c.AnnotationConfigServletWebServerApplicationContext] Exception encountered during context initialization - cancelling refresh attempt: org.springframework.beans.factory.UnsatisfiedDependencyException: Error creating bean with name 'signupController': Unsatisfied dependency expressed through field 'userService': Error creating bean with name 'userService' defined in file [C:\Users\user\Desktop\demo\build\classes\java\main\com\example\demo\service\UserService.class]: Unsatisfied dependency expressed through constructor parameter 1: No qualifying bean of type 'org.springframework.security.crypto.bcrypt.BCryptPasswordEncoder' available: expected at least 1 bean which qualifies as autowire candidate. Dependency annotations: {}
[20241227 22:28:36:505][INFO ][o.s.o.j.LocalContainerEntityManagerFactoryBean] Closing JPA EntityManagerFactory for persistence unit 'default'
[20241227 22:28:36:652][INFO ][com.zaxxer.hikari.HikariDataSource] HikariPool-1 - Shutdown initiated...
[20241227 22:28:37:062][INFO ][com.zaxxer.hikari.HikariDataSource] HikariPool-1 - Shutdown completed.
[20241227 22:28:37:077][INFO ][o.apache.catalina.core.StandardService] Stopping service [Tomcat]
[20241227 22:28:37:184][INFO ][o.s.b.a.l.ConditionEvaluationReportLogger] 

Error starting ApplicationContext. To display the condition evaluation report re-run your application with 'debug' enabled.
[20241227 22:28:37:313][ERROR][o.s.b.d.LoggingFailureAnalysisReporter] 

***************************
APPLICATION FAILED TO START
***************************

Description:

Parameter 1 of constructor in com.example.demo.service.UserService required a bean of type 'org.springframework.security.crypto.bcrypt.BCryptPasswordEncoder' that could not be found.

The injection point has the following annotations:
	- @org.springframework.beans.factory.annotation.Autowired(required=true)


Action:

Consider defining a bean of type 'org.springframework.security.crypto.bcrypt.BCryptPasswordEncoder' in your configuration.

