[20241212 17:43:57:403][INFO ][com.example.demo.DemoApplication] Starting DemoApplication using Java 17.0.3 with PID 20744 (C:\Users\user\Desktop\demo\build\classes\java\main started by 최진혁 in C:\Users\user\Desktop\demo)
[20241212 17:43:57:540][INFO ][com.example.demo.DemoApplication] No active profile set, falling back to 1 default profile: "default"
[20241212 17:43:58:733][INFO ][o.s.b.d.e.DevToolsPropertyDefaultsPostProcessor] Devtools property defaults active! Set 'spring.devtools.add-properties' to 'false' to disable
[20241212 17:43:58:747][INFO ][o.s.b.d.e.DevToolsPropertyDefaultsPostProcessor] For additional web related logging consider setting the 'logging.level.web' property to 'DEBUG'
[20241212 17:44:08:350][INFO ][o.s.d.r.c.RepositoryConfigurationDelegate] Bootstrapping Spring Data JPA repositories in DEFAULT mode.
[20241212 17:44:09:048][INFO ][o.s.d.r.c.RepositoryConfigurationDelegate] Finished Spring Data repository scanning in 546 ms. Found 5 JPA repository interfaces.
[20241212 17:44:14:540][INFO ][o.s.b.w.embedded.tomcat.TomcatWebServer] Tomcat initialized with port 8083 (http)
[20241212 17:44:14:609][INFO ][o.apache.coyote.http11.Http11NioProtocol] Initializing ProtocolHandler ["http-nio-8083"]
[20241212 17:44:14:627][INFO ][o.apache.catalina.core.StandardService] Starting service [Tomcat]
[20241212 17:44:14:629][INFO ][org.apache.catalina.core.StandardEngine] Starting Servlet engine: [Apache Tomcat/10.1.31]
[20241212 17:44:14:925][INFO ][o.a.c.c.C.[Tomcat].[localhost].[/]] Initializing Spring embedded WebApplicationContext
[20241212 17:44:14:926][INFO ][o.s.b.w.s.c.ServletWebServerApplicationContext] Root WebApplicationContext: initialization completed in 16174 ms
[20241212 17:44:15:813][INFO ][o.hibernate.jpa.internal.util.LogHelper] HHH000204: Processing PersistenceUnitInfo [name: default]
[20241212 17:44:16:279][INFO ][org.hibernate.Version] HHH000412: Hibernate ORM core version 6.5.3.Final
[20241212 17:44:16:523][INFO ][o.h.c.internal.RegionFactoryInitiator] HHH000026: Second-level cache disabled
[20241212 17:44:17:913][INFO ][o.s.o.j.p.SpringPersistenceUnitInfo] No LoadTimeWeaver setup: ignoring JPA class transformer
[20241212 17:44:18:110][INFO ][com.zaxxer.hikari.HikariDataSource] HikariPool-1 - Starting...
[20241212 17:44:20:103][INFO ][com.zaxxer.hikari.pool.HikariPool] HikariPool-1 - Added connection com.mysql.cj.jdbc.ConnectionImpl@1663417b
[20241212 17:44:20:117][INFO ][com.zaxxer.hikari.HikariDataSource] HikariPool-1 - Start completed.
[20241212 17:44:21:228][WARN ][org.hibernate.orm.deprecation] HHH90000025: MySQLDialect does not need to be specified explicitly using 'hibernate.dialect' (remove the property setting and it will be selected by default)
[20241212 17:44:21:960][DEBUG][o.h.t.descriptor.sql.spi.DdlTypeRegistry] addDescriptor(12, org.hibernate.type.descriptor.sql.internal.CapacityDependentDdlType@687f1c93) replaced previous registration(org.hibernate.type.descriptor.sql.internal.CapacityDependentDdlType@6bc1a648)
[20241212 17:44:21:963][DEBUG][o.h.t.descriptor.sql.spi.DdlTypeRegistry] addDescriptor(-9, org.hibernate.type.descriptor.sql.internal.CapacityDependentDdlType@1b18716) replaced previous registration(org.hibernate.type.descriptor.sql.internal.CapacityDependentDdlType@31e5a94b)
[20241212 17:44:22:159][DEBUG][o.h.t.descriptor.sql.spi.DdlTypeRegistry] addDescriptor(-3, org.hibernate.type.descriptor.sql.internal.CapacityDependentDdlType@21eeb060) replaced previous registration(org.hibernate.type.descriptor.sql.internal.CapacityDependentDdlType@477bb1f3)
[20241212 17:44:22:230][DEBUG][o.h.t.descriptor.sql.spi.DdlTypeRegistry] addDescriptor(4003, org.hibernate.type.descriptor.sql.internal.DdlTypeImpl@4aff173d) replaced previous registration(org.hibernate.type.descriptor.sql.internal.DdlTypeImpl@564c50d8)
[20241212 17:44:22:242][DEBUG][o.h.t.descriptor.sql.spi.DdlTypeRegistry] addDescriptor(4001, org.hibernate.type.descriptor.sql.internal.DdlTypeImpl@2f597c1) replaced previous registration(org.hibernate.type.descriptor.sql.internal.DdlTypeImpl@181b4a45)
[20241212 17:44:22:292][DEBUG][o.h.t.descriptor.sql.spi.DdlTypeRegistry] addDescriptor(4002, org.hibernate.type.descriptor.sql.internal.DdlTypeImpl@2a6ff084) replaced previous registration(org.hibernate.type.descriptor.sql.internal.DdlTypeImpl@1e11af81)
[20241212 17:44:22:579][DEBUG][o.h.t.descriptor.sql.spi.DdlTypeRegistry] addDescriptor(2004, org.hibernate.type.descriptor.sql.internal.CapacityDependentDdlType@30f4681d) replaced previous registration(org.hibernate.type.descriptor.sql.internal.DdlTypeImpl@727f4524)
[20241212 17:44:22:623][DEBUG][o.h.t.descriptor.sql.spi.DdlTypeRegistry] addDescriptor(2005, org.hibernate.type.descriptor.sql.internal.CapacityDependentDdlType@27c1603f) replaced previous registration(org.hibernate.type.descriptor.sql.internal.DdlTypeImpl@34bfbee1)
[20241212 17:44:22:643][DEBUG][o.h.t.descriptor.sql.spi.DdlTypeRegistry] addDescriptor(2011, org.hibernate.type.descriptor.sql.internal.CapacityDependentDdlType@27989ceb) replaced previous registration(org.hibernate.type.descriptor.sql.internal.DdlTypeImpl@2fc6ab59)
[20241212 17:44:29:764][INFO ][o.h.e.t.j.p.i.JtaPlatformInitiator] HHH000489: No JTA platform available (set 'hibernate.transaction.jta.platform' to enable JTA platform integration)
[20241212 17:44:30:193][INFO ][o.s.o.j.LocalContainerEntityManagerFactoryBean] Initialized JPA EntityManagerFactory for persistence unit 'default'
[20241212 17:44:33:234][WARN ][o.s.b.a.o.j.JpaBaseConfiguration$JpaWebConfiguration] spring.jpa.open-in-view is enabled by default. Therefore, database queries may be performed during view rendering. Explicitly configure spring.jpa.open-in-view to disable this warning
[20241212 17:44:33:487][INFO ][o.s.b.a.w.s.WelcomePageHandlerMapping] Adding welcome page template: index
[20241212 17:44:36:935][INFO ][o.s.b.d.a.OptionalLiveReloadServer] LiveReload server is running on port 35729
[20241212 17:44:37:021][INFO ][o.apache.coyote.http11.Http11NioProtocol] Starting ProtocolHandler ["http-nio-8083"]
[20241212 17:44:37:191][INFO ][o.s.b.w.embedded.tomcat.TomcatWebServer] Tomcat started on port 8083 (http) with context path '/'
[20241212 17:44:37:288][INFO ][com.example.demo.DemoApplication] Started DemoApplication in 46.371 seconds (process running for 51.904)
[20241212 17:44:42:721][INFO ][o.a.c.c.C.[Tomcat].[localhost].[/]] Initializing Spring DispatcherServlet 'dispatcherServlet'
[20241212 17:44:42:732][INFO ][o.s.web.servlet.DispatcherServlet] Initializing Servlet 'dispatcherServlet'
[20241212 17:44:42:736][INFO ][o.s.web.servlet.DispatcherServlet] Completed initialization in 2 ms
[20241212 17:44:46:377][DEBUG][org.hibernate.SQL] select p1_0.id,p1_0.category,p1_0.country,p1_0.manufacturer,p1_0.name,p1_0.price,p1_0.quantity from product p1_0
[20241212 17:44:46:378][DEBUG][org.hibernate.SQL] select u1_0.id,u1_0.created_at,u1_0.name,u1_0.phone,u1_0.signup_id,u1_0.signup_password,u1_0.updated_at from user u1_0 where u1_0.signup_id=?
[20241212 17:44:53:052][DEBUG][org.hibernate.SQL] select u1_0.id,u1_0.created_at,u1_0.name,u1_0.phone,u1_0.signup_id,u1_0.signup_password,u1_0.updated_at from user u1_0 where u1_0.signup_id=?
[20241212 17:44:53:110][DEBUG][org.hibernate.SQL] select c1_0.id,c1_0.created_at,c1_0.product_id,c1_0.quantity,c1_0.updated_at,c1_0.signup_id from cart c1_0 where c1_0.signup_id=?
[20241212 17:44:53:160][DEBUG][org.hibernate.SQL] select u1_0.id,u1_0.created_at,u1_0.name,u1_0.phone,u1_0.signup_id,u1_0.signup_password,u1_0.updated_at from user u1_0 where u1_0.signup_id=?
[20241212 17:44:53:177][DEBUG][org.hibernate.SQL] select p1_0.id,p1_0.category,p1_0.country,p1_0.manufacturer,p1_0.name,p1_0.price,p1_0.quantity from product p1_0 where p1_0.id=?
[20241212 17:44:53:183][DEBUG][org.hibernate.SQL] select p1_0.id,p1_0.category,p1_0.country,p1_0.manufacturer,p1_0.name,p1_0.price,p1_0.quantity from product p1_0 where p1_0.id=?
[20241212 17:44:53:187][DEBUG][org.hibernate.SQL] select p1_0.id,p1_0.category,p1_0.country,p1_0.manufacturer,p1_0.name,p1_0.price,p1_0.quantity from product p1_0 where p1_0.id=?
[20241212 17:44:53:190][DEBUG][org.hibernate.SQL] select p1_0.id,p1_0.category,p1_0.country,p1_0.manufacturer,p1_0.name,p1_0.price,p1_0.quantity from product p1_0 where p1_0.id=?
[20241212 17:44:53:198][DEBUG][org.hibernate.SQL] select p1_0.id,p1_0.category,p1_0.country,p1_0.manufacturer,p1_0.name,p1_0.price,p1_0.quantity from product p1_0 where p1_0.id=?
[20241212 17:46:23:870][INFO ][c.e.demo.controller.WidgetController] Currency: null
[20241212 17:46:23:885][INFO ][c.e.demo.controller.WidgetController] Method: null
[20241212 17:46:24:148][DEBUG][org.hibernate.SQL] insert into test_payment_info (country,coupon_applied,currency,payment_method,total_amount) values (?,?,?,?,?)
[20241212 17:46:25:795][INFO ][c.e.demo.controller.WidgetController] Response Status Code: 200
[20241212 17:46:25:800][INFO ][c.e.demo.controller.WidgetController] API Response: {"country":"KR","metadata":null,"orderId":"MC4xNDMxNTk4MDI1NjA0","cashReceipts":null,"isPartialCancelable":true,"lastTransactionKey":"txrd_a01jex0rfq86qdk1qx2jfa1hj9b","discount":null,"taxExemptionAmount":0,"suppliedAmount":696364,"secret":"ps_AQ92ymxN34yQXdONZe6yVajRKXvd","type":"NORMAL","cultureExpense":false,"taxFreeAmount":0,"requestedAt":"2024-12-12T17:45:28+09:00","currency":"KRW","paymentKey":"tgen_20241212174528zXHo6","virtualAccount":null,"checkout":{"url":"https:\/\/api.tosspayments.com\/v1\/payments\/tgen_20241212174528zXHo6\/checkout"},"orderName":"토스 티셔츠 외 11건","method":"간편결제","useEscrow":false,"vat":69636,"mId":"tgen_docs","approvedAt":"2024-12-12T17:46:25+09:00","balanceAmount":766000,"version":"2022-11-16","easyPay":{"amount":766000,"provider":"토스페이","discountAmount":0},"totalAmount":766000,"cancels":null,"transfer":null,"mobilePhone":null,"failure":null,"receipt":{"url":"https:\/\/dashboard.tosspayments.com\/receipt\/redirection?transactionId=tgen_20241212174528zXHo6&ref=PX"},"giftCertificate":null,"cashReceipt":null,"card":null,"status":"DONE"}
[20241212 17:55:22:515][INFO ][com.example.demo.DemoApplication] Starting DemoApplication using Java 17.0.3 with PID 7768 (C:\Users\user\Desktop\demo\build\classes\java\main started by 최진혁 in C:\Users\user\Desktop\demo)
[20241212 17:55:22:528][INFO ][com.example.demo.DemoApplication] No active profile set, falling back to 1 default profile: "default"
[20241212 17:55:22:804][INFO ][o.s.b.d.e.DevToolsPropertyDefaultsPostProcessor] Devtools property defaults active! Set 'spring.devtools.add-properties' to 'false' to disable
[20241212 17:55:22:806][INFO ][o.s.b.d.e.DevToolsPropertyDefaultsPostProcessor] For additional web related logging consider setting the 'logging.level.web' property to 'DEBUG'
[20241212 17:55:26:129][INFO ][o.s.d.r.c.RepositoryConfigurationDelegate] Bootstrapping Spring Data JPA repositories in DEFAULT mode.
[20241212 17:55:26:403][INFO ][o.s.d.r.c.RepositoryConfigurationDelegate] Finished Spring Data repository scanning in 250 ms. Found 5 JPA repository interfaces.
[20241212 17:55:29:477][INFO ][o.s.b.w.embedded.tomcat.TomcatWebServer] Tomcat initialized with port 8083 (http)
[20241212 17:55:29:519][INFO ][o.apache.coyote.http11.Http11NioProtocol] Initializing ProtocolHandler ["http-nio-8083"]
[20241212 17:55:29:537][INFO ][o.apache.catalina.core.StandardService] Starting service [Tomcat]
[20241212 17:55:29:545][INFO ][org.apache.catalina.core.StandardEngine] Starting Servlet engine: [Apache Tomcat/10.1.31]
[20241212 17:55:29:876][INFO ][o.a.c.c.C.[Tomcat].[localhost].[/]] Initializing Spring embedded WebApplicationContext
[20241212 17:55:29:884][INFO ][o.s.b.w.s.c.ServletWebServerApplicationContext] Root WebApplicationContext: initialization completed in 7006 ms
[20241212 17:55:31:063][INFO ][o.hibernate.jpa.internal.util.LogHelper] HHH000204: Processing PersistenceUnitInfo [name: default]
[20241212 17:55:31:409][INFO ][org.hibernate.Version] HHH000412: Hibernate ORM core version 6.5.3.Final
[20241212 17:55:31:575][INFO ][o.h.c.internal.RegionFactoryInitiator] HHH000026: Second-level cache disabled
[20241212 17:55:32:762][INFO ][o.s.o.j.p.SpringPersistenceUnitInfo] No LoadTimeWeaver setup: ignoring JPA class transformer
[20241212 17:55:32:916][INFO ][com.zaxxer.hikari.HikariDataSource] HikariPool-1 - Starting...
[20241212 17:55:33:887][INFO ][com.zaxxer.hikari.pool.HikariPool] HikariPool-1 - Added connection com.mysql.cj.jdbc.ConnectionImpl@7fd2b41d
[20241212 17:55:33:897][INFO ][com.zaxxer.hikari.HikariDataSource] HikariPool-1 - Start completed.
[20241212 17:55:34:146][WARN ][org.hibernate.orm.deprecation] HHH90000025: MySQLDialect does not need to be specified explicitly using 'hibernate.dialect' (remove the property setting and it will be selected by default)
[20241212 17:55:34:292][DEBUG][o.h.t.descriptor.sql.spi.DdlTypeRegistry] addDescriptor(12, org.hibernate.type.descriptor.sql.internal.CapacityDependentDdlType@4a03ccbd) replaced previous registration(org.hibernate.type.descriptor.sql.internal.CapacityDependentDdlType@6d957a2f)
[20241212 17:55:34:309][DEBUG][o.h.t.descriptor.sql.spi.DdlTypeRegistry] addDescriptor(-9, org.hibernate.type.descriptor.sql.internal.CapacityDependentDdlType@b8ccc4f) replaced previous registration(org.hibernate.type.descriptor.sql.internal.CapacityDependentDdlType@721ceb8e)
[20241212 17:55:34:322][DEBUG][o.h.t.descriptor.sql.spi.DdlTypeRegistry] addDescriptor(-3, org.hibernate.type.descriptor.sql.internal.CapacityDependentDdlType@262eb754) replaced previous registration(org.hibernate.type.descriptor.sql.internal.CapacityDependentDdlType@60ace5bc)
[20241212 17:55:34:327][DEBUG][o.h.t.descriptor.sql.spi.DdlTypeRegistry] addDescriptor(4003, org.hibernate.type.descriptor.sql.internal.DdlTypeImpl@dafb352) replaced previous registration(org.hibernate.type.descriptor.sql.internal.DdlTypeImpl@18fa79f2)
[20241212 17:55:34:349][DEBUG][o.h.t.descriptor.sql.spi.DdlTypeRegistry] addDescriptor(4001, org.hibernate.type.descriptor.sql.internal.DdlTypeImpl@4bbde9ae) replaced previous registration(org.hibernate.type.descriptor.sql.internal.DdlTypeImpl@4c3b6460)
[20241212 17:55:34:351][DEBUG][o.h.t.descriptor.sql.spi.DdlTypeRegistry] addDescriptor(4002, org.hibernate.type.descriptor.sql.internal.DdlTypeImpl@3cfe7b96) replaced previous registration(org.hibernate.type.descriptor.sql.internal.DdlTypeImpl@7780b012)
[20241212 17:55:34:366][DEBUG][o.h.t.descriptor.sql.spi.DdlTypeRegistry] addDescriptor(2004, org.hibernate.type.descriptor.sql.internal.CapacityDependentDdlType@53d4c7d5) replaced previous registration(org.hibernate.type.descriptor.sql.internal.DdlTypeImpl@445bb1ab)
[20241212 17:55:34:431][DEBUG][o.h.t.descriptor.sql.spi.DdlTypeRegistry] addDescriptor(2005, org.hibernate.type.descriptor.sql.internal.CapacityDependentDdlType@b36407d) replaced previous registration(org.hibernate.type.descriptor.sql.internal.DdlTypeImpl@79c47129)
[20241212 17:55:34:466][DEBUG][o.h.t.descriptor.sql.spi.DdlTypeRegistry] addDescriptor(2011, org.hibernate.type.descriptor.sql.internal.CapacityDependentDdlType@cdbfbab) replaced previous registration(org.hibernate.type.descriptor.sql.internal.DdlTypeImpl@1514d572)
[20241212 17:55:37:889][INFO ][o.h.e.t.j.p.i.JtaPlatformInitiator] HHH000489: No JTA platform available (set 'hibernate.transaction.jta.platform' to enable JTA platform integration)
[20241212 17:55:38:208][INFO ][o.s.o.j.LocalContainerEntityManagerFactoryBean] Initialized JPA EntityManagerFactory for persistence unit 'default'
[20241212 17:55:40:231][WARN ][o.s.b.a.o.j.JpaBaseConfiguration$JpaWebConfiguration] spring.jpa.open-in-view is enabled by default. Therefore, database queries may be performed during view rendering. Explicitly configure spring.jpa.open-in-view to disable this warning
[20241212 17:55:40:363][INFO ][o.s.b.a.w.s.WelcomePageHandlerMapping] Adding welcome page template: index
[20241212 17:55:42:359][INFO ][o.s.b.d.a.OptionalLiveReloadServer] LiveReload server is running on port 35729
[20241212 17:55:42:416][INFO ][o.apache.coyote.http11.Http11NioProtocol] Starting ProtocolHandler ["http-nio-8083"]
[20241212 17:55:42:530][INFO ][o.s.b.w.embedded.tomcat.TomcatWebServer] Tomcat started on port 8083 (http) with context path '/'
[20241212 17:55:42:573][INFO ][com.example.demo.DemoApplication] Started DemoApplication in 22.295 seconds (process running for 30.375)
[20241212 18:53:46:932][INFO ][o.a.c.c.C.[Tomcat].[localhost].[/]] Initializing Spring DispatcherServlet 'dispatcherServlet'
[20241212 18:53:47:012][INFO ][o.s.web.servlet.DispatcherServlet] Initializing Servlet 'dispatcherServlet'
[20241212 18:53:47:151][INFO ][o.s.web.servlet.DispatcherServlet] Completed initialization in 136 ms
[20241212 18:53:48:976][INFO ][c.e.demo.controller.WidgetController] Currency: null
[20241212 18:53:48:987][INFO ][c.e.demo.controller.WidgetController] Method: null
[20241212 18:53:48:990][INFO ][c.e.demo.controller.WidgetController] Total Amount: 0
[20241212 18:53:49:356][DEBUG][org.hibernate.SQL] insert into test_payment_info (country,coupon_applied,currency,payment_method,total_amount) values (?,?,?,?,?)
[20241212 18:53:50:504][INFO ][c.e.demo.controller.WidgetController] Response Status Code: 404
[20241212 18:53:50:669][INFO ][c.e.demo.controller.WidgetController] API Response: {"code":"NOT_FOUND_PAYMENT_SESSION","message":"결제 시간이 만료되어 결제 진행 데이터가 존재하지 않습니다."}
[20241212 18:53:50:864][INFO ][c.e.demo.controller.WidgetController] Discount Amount: 0
[20241212 18:53:50:887][INFO ][c.e.demo.controller.WidgetController] Payment Method: null
[20241212 18:53:50:900][INFO ][c.e.demo.controller.WidgetController] Currency: null
[20241212 18:53:51:297][DEBUG][org.hibernate.SQL] select u1_0.id,u1_0.created_at,u1_0.name,u1_0.phone,u1_0.signup_id,u1_0.signup_password,u1_0.updated_at from user u1_0 where u1_0.signup_id=?
[20241212 18:53:51:298][DEBUG][org.hibernate.SQL] select p1_0.id,p1_0.category,p1_0.country,p1_0.manufacturer,p1_0.name,p1_0.price,p1_0.quantity from product p1_0
[20241212 18:53:54:247][DEBUG][org.hibernate.SQL] select u1_0.id,u1_0.created_at,u1_0.name,u1_0.phone,u1_0.signup_id,u1_0.signup_password,u1_0.updated_at from user u1_0 where u1_0.signup_id=?
[20241212 18:53:54:274][DEBUG][org.hibernate.SQL] select c1_0.id,c1_0.created_at,c1_0.product_id,c1_0.quantity,c1_0.updated_at,c1_0.signup_id from cart c1_0 where c1_0.signup_id=?
[20241212 18:53:54:317][DEBUG][org.hibernate.SQL] select u1_0.id,u1_0.created_at,u1_0.name,u1_0.phone,u1_0.signup_id,u1_0.signup_password,u1_0.updated_at from user u1_0 where u1_0.signup_id=?
[20241212 18:53:54:331][DEBUG][org.hibernate.SQL] select p1_0.id,p1_0.category,p1_0.country,p1_0.manufacturer,p1_0.name,p1_0.price,p1_0.quantity from product p1_0 where p1_0.id=?
[20241212 18:53:54:349][DEBUG][org.hibernate.SQL] select p1_0.id,p1_0.category,p1_0.country,p1_0.manufacturer,p1_0.name,p1_0.price,p1_0.quantity from product p1_0 where p1_0.id=?
[20241212 18:53:54:353][DEBUG][org.hibernate.SQL] select p1_0.id,p1_0.category,p1_0.country,p1_0.manufacturer,p1_0.name,p1_0.price,p1_0.quantity from product p1_0 where p1_0.id=?
[20241212 18:53:54:360][DEBUG][org.hibernate.SQL] select p1_0.id,p1_0.category,p1_0.country,p1_0.manufacturer,p1_0.name,p1_0.price,p1_0.quantity from product p1_0 where p1_0.id=?
[20241212 18:53:54:364][DEBUG][org.hibernate.SQL] select p1_0.id,p1_0.category,p1_0.country,p1_0.manufacturer,p1_0.name,p1_0.price,p1_0.quantity from product p1_0 where p1_0.id=?
[20241212 18:54:50:939][INFO ][c.e.demo.controller.WidgetController] Currency: null
[20241212 18:54:50:941][INFO ][c.e.demo.controller.WidgetController] Method: null
[20241212 18:54:50:943][INFO ][c.e.demo.controller.WidgetController] Total Amount: 0
[20241212 18:54:50:952][DEBUG][org.hibernate.SQL] insert into test_payment_info (country,coupon_applied,currency,payment_method,total_amount) values (?,?,?,?,?)
[20241212 18:54:51:690][INFO ][c.e.demo.controller.WidgetController] Response Status Code: 200
[20241212 18:54:51:692][INFO ][c.e.demo.controller.WidgetController] API Response: {"country":"KR","metadata":null,"orderId":"MC4wOTk2NTE5MzM2MDQw","cashReceipts":null,"isPartialCancelable":true,"lastTransactionKey":"txrd_a01jex4nsfradhnwp8m8wewdf90","discount":null,"taxExemptionAmount":0,"suppliedAmount":696364,"secret":"ps_4yKeq5bgrpWYYBJbE5qxVGX0lzW6","type":"NORMAL","cultureExpense":false,"taxFreeAmount":0,"requestedAt":"2024-12-12T18:54:06+09:00","currency":"KRW","paymentKey":"tgen_20241212185406jtBP1","virtualAccount":null,"checkout":{"url":"https:\/\/api.tosspayments.com\/v1\/payments\/tgen_20241212185406jtBP1\/checkout"},"orderName":"토스 티셔츠 외 11건","method":"간편결제","useEscrow":false,"vat":69636,"mId":"tgen_docs","approvedAt":"2024-12-12T18:54:51+09:00","balanceAmount":766000,"version":"2022-11-16","easyPay":{"amount":766000,"provider":"토스페이","discountAmount":0},"totalAmount":766000,"cancels":null,"transfer":null,"mobilePhone":null,"failure":null,"receipt":{"url":"https:\/\/dashboard.tosspayments.com\/receipt\/redirection?transactionId=tgen_20241212185406jtBP1&ref=PX"},"giftCertificate":null,"cashReceipt":null,"card":null,"status":"DONE"}
[20241212 18:54:51:692][INFO ][c.e.demo.controller.WidgetController] Discount Amount: 0
[20241212 18:54:51:692][INFO ][c.e.demo.controller.WidgetController] Payment Method: null
[20241212 18:54:51:692][INFO ][c.e.demo.controller.WidgetController] Currency: null
[20241212 19:10:35:961][INFO ][com.example.demo.DemoApplication] Starting DemoApplication using Java 17.0.3 with PID 18360 (C:\Users\user\Desktop\demo\build\classes\java\main started by 최진혁 in C:\Users\user\Desktop\demo)
[20241212 19:10:35:977][INFO ][com.example.demo.DemoApplication] No active profile set, falling back to 1 default profile: "default"
[20241212 19:10:36:401][INFO ][o.s.b.d.e.DevToolsPropertyDefaultsPostProcessor] Devtools property defaults active! Set 'spring.devtools.add-properties' to 'false' to disable
[20241212 19:10:36:418][INFO ][o.s.b.d.e.DevToolsPropertyDefaultsPostProcessor] For additional web related logging consider setting the 'logging.level.web' property to 'DEBUG'
[20241212 19:10:42:125][INFO ][o.s.d.r.c.RepositoryConfigurationDelegate] Bootstrapping Spring Data JPA repositories in DEFAULT mode.
[20241212 19:10:42:402][INFO ][o.s.d.r.c.RepositoryConfigurationDelegate] Finished Spring Data repository scanning in 249 ms. Found 5 JPA repository interfaces.
[20241212 19:10:45:143][INFO ][o.s.b.w.embedded.tomcat.TomcatWebServer] Tomcat initialized with port 8083 (http)
[20241212 19:10:45:178][INFO ][o.apache.coyote.http11.Http11NioProtocol] Initializing ProtocolHandler ["http-nio-8083"]
[20241212 19:10:45:192][INFO ][o.apache.catalina.core.StandardService] Starting service [Tomcat]
[20241212 19:10:45:196][INFO ][org.apache.catalina.core.StandardEngine] Starting Servlet engine: [Apache Tomcat/10.1.31]
[20241212 19:10:45:441][INFO ][o.a.c.c.C.[Tomcat].[localhost].[/]] Initializing Spring embedded WebApplicationContext
[20241212 19:10:45:443][INFO ][o.s.b.w.s.c.ServletWebServerApplicationContext] Root WebApplicationContext: initialization completed in 8980 ms
[20241212 19:10:46:018][INFO ][o.hibernate.jpa.internal.util.LogHelper] HHH000204: Processing PersistenceUnitInfo [name: default]
[20241212 19:10:46:324][INFO ][org.hibernate.Version] HHH000412: Hibernate ORM core version 6.5.3.Final
[20241212 19:10:46:445][INFO ][o.h.c.internal.RegionFactoryInitiator] HHH000026: Second-level cache disabled
[20241212 19:10:47:330][INFO ][o.s.o.j.p.SpringPersistenceUnitInfo] No LoadTimeWeaver setup: ignoring JPA class transformer
[20241212 19:10:47:414][INFO ][com.zaxxer.hikari.HikariDataSource] HikariPool-1 - Starting...
[20241212 19:10:48:609][INFO ][com.zaxxer.hikari.pool.HikariPool] HikariPool-1 - Added connection com.mysql.cj.jdbc.ConnectionImpl@be329a6
[20241212 19:10:48:621][INFO ][com.zaxxer.hikari.HikariDataSource] HikariPool-1 - Start completed.
[20241212 19:10:48:907][WARN ][org.hibernate.orm.deprecation] HHH90000025: MySQLDialect does not need to be specified explicitly using 'hibernate.dialect' (remove the property setting and it will be selected by default)
[20241212 19:10:49:069][DEBUG][o.h.t.descriptor.sql.spi.DdlTypeRegistry] addDescriptor(12, org.hibernate.type.descriptor.sql.internal.CapacityDependentDdlType@4c3b6460) replaced previous registration(org.hibernate.type.descriptor.sql.internal.CapacityDependentDdlType@3cfe7b96)
[20241212 19:10:49:071][DEBUG][o.h.t.descriptor.sql.spi.DdlTypeRegistry] addDescriptor(-9, org.hibernate.type.descriptor.sql.internal.CapacityDependentDdlType@7780b012) replaced previous registration(org.hibernate.type.descriptor.sql.internal.CapacityDependentDdlType@53d4c7d5)
[20241212 19:10:49:074][DEBUG][o.h.t.descriptor.sql.spi.DdlTypeRegistry] addDescriptor(-3, org.hibernate.type.descriptor.sql.internal.CapacityDependentDdlType@445bb1ab) replaced previous registration(org.hibernate.type.descriptor.sql.internal.CapacityDependentDdlType@b36407d)
[20241212 19:10:49:082][DEBUG][o.h.t.descriptor.sql.spi.DdlTypeRegistry] addDescriptor(4003, org.hibernate.type.descriptor.sql.internal.DdlTypeImpl@79c47129) replaced previous registration(org.hibernate.type.descriptor.sql.internal.DdlTypeImpl@cdbfbab)
[20241212 19:10:49:084][DEBUG][o.h.t.descriptor.sql.spi.DdlTypeRegistry] addDescriptor(4001, org.hibernate.type.descriptor.sql.internal.DdlTypeImpl@1514d572) replaced previous registration(org.hibernate.type.descriptor.sql.internal.DdlTypeImpl@2c185a05)
[20241212 19:10:49:085][DEBUG][o.h.t.descriptor.sql.spi.DdlTypeRegistry] addDescriptor(4002, org.hibernate.type.descriptor.sql.internal.DdlTypeImpl@760f3b96) replaced previous registration(org.hibernate.type.descriptor.sql.internal.DdlTypeImpl@255a805f)
[20241212 19:10:49:087][DEBUG][o.h.t.descriptor.sql.spi.DdlTypeRegistry] addDescriptor(2004, org.hibernate.type.descriptor.sql.internal.CapacityDependentDdlType@16d66ec3) replaced previous registration(org.hibernate.type.descriptor.sql.internal.DdlTypeImpl@7870c66e)
[20241212 19:10:49:091][DEBUG][o.h.t.descriptor.sql.spi.DdlTypeRegistry] addDescriptor(2005, org.hibernate.type.descriptor.sql.internal.CapacityDependentDdlType@772c817d) replaced previous registration(org.hibernate.type.descriptor.sql.internal.DdlTypeImpl@605afbf)
[20241212 19:10:49:101][DEBUG][o.h.t.descriptor.sql.spi.DdlTypeRegistry] addDescriptor(2011, org.hibernate.type.descriptor.sql.internal.CapacityDependentDdlType@238079ca) replaced previous registration(org.hibernate.type.descriptor.sql.internal.DdlTypeImpl@5dbd8862)
[20241212 19:10:51:703][INFO ][o.h.e.t.j.p.i.JtaPlatformInitiator] HHH000489: No JTA platform available (set 'hibernate.transaction.jta.platform' to enable JTA platform integration)
[20241212 19:10:52:052][INFO ][o.s.o.j.LocalContainerEntityManagerFactoryBean] Initialized JPA EntityManagerFactory for persistence unit 'default'
[20241212 19:10:53:893][WARN ][o.s.b.a.o.j.JpaBaseConfiguration$JpaWebConfiguration] spring.jpa.open-in-view is enabled by default. Therefore, database queries may be performed during view rendering. Explicitly configure spring.jpa.open-in-view to disable this warning
[20241212 19:10:54:049][INFO ][o.s.b.a.w.s.WelcomePageHandlerMapping] Adding welcome page template: index
[20241212 19:10:55:869][INFO ][o.s.b.d.a.OptionalLiveReloadServer] LiveReload server is running on port 35729
[20241212 19:10:55:912][INFO ][o.apache.coyote.http11.Http11NioProtocol] Starting ProtocolHandler ["http-nio-8083"]
[20241212 19:10:55:986][INFO ][o.s.b.w.embedded.tomcat.TomcatWebServer] Tomcat started on port 8083 (http) with context path '/'
[20241212 19:10:56:006][INFO ][com.example.demo.DemoApplication] Started DemoApplication in 23.688 seconds (process running for 26.328)
[20241212 19:15:59:286][INFO ][o.a.c.c.C.[Tomcat].[localhost].[/]] Initializing Spring DispatcherServlet 'dispatcherServlet'
[20241212 19:15:59:330][INFO ][o.s.web.servlet.DispatcherServlet] Initializing Servlet 'dispatcherServlet'
[20241212 19:15:59:381][INFO ][o.s.web.servlet.DispatcherServlet] Completed initialization in 49 ms
[20241212 19:16:01:715][DEBUG][org.hibernate.SQL] select u1_0.id,u1_0.created_at,u1_0.name,u1_0.phone,u1_0.signup_id,u1_0.signup_password,u1_0.updated_at from user u1_0 where u1_0.signup_id=?
[20241212 19:16:01:715][DEBUG][org.hibernate.SQL] select p1_0.id,p1_0.category,p1_0.country,p1_0.manufacturer,p1_0.name,p1_0.price,p1_0.quantity from product p1_0
[20241212 19:17:48:276][DEBUG][org.hibernate.SQL] select u1_0.id,u1_0.created_at,u1_0.name,u1_0.phone,u1_0.signup_id,u1_0.signup_password,u1_0.updated_at from user u1_0 where u1_0.signup_id=?
[20241212 19:17:48:357][DEBUG][org.hibernate.SQL] select c1_0.id,c1_0.created_at,c1_0.product_id,c1_0.quantity,c1_0.updated_at,c1_0.signup_id from cart c1_0 where c1_0.signup_id=?
[20241212 19:17:48:420][DEBUG][org.hibernate.SQL] select u1_0.id,u1_0.created_at,u1_0.name,u1_0.phone,u1_0.signup_id,u1_0.signup_password,u1_0.updated_at from user u1_0 where u1_0.signup_id=?
[20241212 19:17:48:441][DEBUG][org.hibernate.SQL] select p1_0.id,p1_0.category,p1_0.country,p1_0.manufacturer,p1_0.name,p1_0.price,p1_0.quantity from product p1_0 where p1_0.id=?
[20241212 19:17:48:454][DEBUG][org.hibernate.SQL] select p1_0.id,p1_0.category,p1_0.country,p1_0.manufacturer,p1_0.name,p1_0.price,p1_0.quantity from product p1_0 where p1_0.id=?
[20241212 19:17:48:458][DEBUG][org.hibernate.SQL] select p1_0.id,p1_0.category,p1_0.country,p1_0.manufacturer,p1_0.name,p1_0.price,p1_0.quantity from product p1_0 where p1_0.id=?
[20241212 19:17:48:461][DEBUG][org.hibernate.SQL] select p1_0.id,p1_0.category,p1_0.country,p1_0.manufacturer,p1_0.name,p1_0.price,p1_0.quantity from product p1_0 where p1_0.id=?
[20241212 19:17:48:465][DEBUG][org.hibernate.SQL] select p1_0.id,p1_0.category,p1_0.country,p1_0.manufacturer,p1_0.name,p1_0.price,p1_0.quantity from product p1_0 where p1_0.id=?
[20241212 19:18:34:080][INFO ][c.e.demo.controller.WidgetController] API Response - Order ID: MC42MDUzMDU1MTg4ODM2
[20241212 19:18:34:083][INFO ][c.e.demo.controller.WidgetController] Amount: 771000
[20241212 19:18:34:084][INFO ][c.e.demo.controller.WidgetController] Payment Key: tgen_20241212191755jDwC8
[20241212 19:18:34:086][INFO ][c.e.demo.controller.WidgetController] Payment Method: null
[20241212 19:18:34:087][INFO ][c.e.demo.controller.WidgetController] Currency: null
[20241212 19:18:34:088][INFO ][c.e.demo.controller.WidgetController] Total Amount: 0
[20241212 19:18:34:092][INFO ][c.e.demo.controller.WidgetController] Discount Amount: 0
[20241212 19:18:35:492][INFO ][c.e.demo.controller.WidgetController] Response Status Code: 200
[20241212 19:18:35:495][INFO ][c.e.demo.controller.WidgetController] API Response: {"country":"KR","metadata":null,"orderId":"MC42MDUzMDU1MTg4ODM2","cashReceipts":null,"isPartialCancelable":true,"lastTransactionKey":"txrd_a01jex6183r0e6gya36sread1ey","discount":null,"taxExemptionAmount":0,"suppliedAmount":700909,"secret":"ps_DLJOpm5QrlBlLYmDqoBd3PNdxbWn","type":"NORMAL","cultureExpense":false,"taxFreeAmount":0,"requestedAt":"2024-12-12T19:17:55+09:00","currency":"KRW","paymentKey":"tgen_20241212191755jDwC8","virtualAccount":null,"checkout":{"url":"https:\/\/api.tosspayments.com\/v1\/payments\/tgen_20241212191755jDwC8\/checkout"},"orderName":"토스 티셔츠 외 11건","method":"간편결제","useEscrow":false,"vat":70091,"mId":"tgen_docs","approvedAt":"2024-12-12T19:18:35+09:00","balanceAmount":771000,"version":"2022-11-16","easyPay":{"amount":771000,"provider":"토스페이","discountAmount":0},"totalAmount":771000,"cancels":null,"transfer":null,"mobilePhone":null,"failure":null,"receipt":{"url":"https:\/\/dashboard.tosspayments.com\/receipt\/redirection?transactionId=tgen_20241212191755jDwC8&ref=PX"},"giftCertificate":null,"cashReceipt":null,"card":null,"status":"DONE"}
[20241212 19:18:35:527][ERROR][o.a.c.c.C.[.[.[/].[dispatcherServlet]] Servlet.service() for servlet [dispatcherServlet] in context with path [] threw exception [Request processing failed: java.lang.ClassCastException: class java.lang.Long cannot be cast to class java.lang.String (java.lang.Long and java.lang.String are in module java.base of loader 'bootstrap')] with root cause
java.lang.ClassCastException: class java.lang.Long cannot be cast to class java.lang.String (java.lang.Long and java.lang.String are in module java.base of loader 'bootstrap')
	at com.example.demo.controller.WidgetController.confirmPayment(WidgetController.java:108)
	at java.base/jdk.internal.reflect.NativeMethodAccessorImpl.invoke0(Native Method)
	at java.base/jdk.internal.reflect.NativeMethodAccessorImpl.invoke(NativeMethodAccessorImpl.java:77)
	at java.base/jdk.internal.reflect.DelegatingMethodAccessorImpl.invoke(DelegatingMethodAccessorImpl.java:43)
	at java.base/java.lang.reflect.Method.invoke(Method.java:568)
	at org.springframework.web.method.support.InvocableHandlerMethod.doInvoke(InvocableHandlerMethod.java:255)
	at org.springframework.web.method.support.InvocableHandlerMethod.invokeForRequest(InvocableHandlerMethod.java:188)
	at org.springframework.web.servlet.mvc.method.annotation.ServletInvocableHandlerMethod.invokeAndHandle(ServletInvocableHandlerMethod.java:118)
	at org.springframework.web.servlet.mvc.method.annotation.RequestMappingHandlerAdapter.invokeHandlerMethod(RequestMappingHandlerAdapter.java:926)
	at org.springframework.web.servlet.mvc.method.annotation.RequestMappingHandlerAdapter.handleInternal(RequestMappingHandlerAdapter.java:831)
	at org.springframework.web.servlet.mvc.method.AbstractHandlerMethodAdapter.handle(AbstractHandlerMethodAdapter.java:87)
	at org.springframework.web.servlet.DispatcherServlet.doDispatch(DispatcherServlet.java:1089)
	at org.springframework.web.servlet.DispatcherServlet.doService(DispatcherServlet.java:979)
	at org.springframework.web.servlet.FrameworkServlet.processRequest(FrameworkServlet.java:1014)
	at org.springframework.web.servlet.FrameworkServlet.doPost(FrameworkServlet.java:914)
	at jakarta.servlet.http.HttpServlet.service(HttpServlet.java:590)
	at org.springframework.web.servlet.FrameworkServlet.service(FrameworkServlet.java:885)
	at jakarta.servlet.http.HttpServlet.service(HttpServlet.java:658)
	at org.apache.catalina.core.ApplicationFilterChain.internalDoFilter(ApplicationFilterChain.java:195)
	at org.apache.catalina.core.ApplicationFilterChain.doFilter(ApplicationFilterChain.java:140)
	at org.apache.tomcat.websocket.server.WsFilter.doFilter(WsFilter.java:51)
	at org.apache.catalina.core.ApplicationFilterChain.internalDoFilter(ApplicationFilterChain.java:164)
	at org.apache.catalina.core.ApplicationFilterChain.doFilter(ApplicationFilterChain.java:140)
	at org.springframework.web.filter.RequestContextFilter.doFilterInternal(RequestContextFilter.java:100)
	at org.springframework.web.filter.OncePerRequestFilter.doFilter(OncePerRequestFilter.java:116)
	at org.apache.catalina.core.ApplicationFilterChain.internalDoFilter(ApplicationFilterChain.java:164)
	at org.apache.catalina.core.ApplicationFilterChain.doFilter(ApplicationFilterChain.java:140)
	at org.springframework.web.filter.FormContentFilter.doFilterInternal(FormContentFilter.java:93)
	at org.springframework.web.filter.OncePerRequestFilter.doFilter(OncePerRequestFilter.java:116)
	at org.apache.catalina.core.ApplicationFilterChain.internalDoFilter(ApplicationFilterChain.java:164)
	at org.apache.catalina.core.ApplicationFilterChain.doFilter(ApplicationFilterChain.java:140)
	at org.springframework.web.filter.CharacterEncodingFilter.doFilterInternal(CharacterEncodingFilter.java:201)
	at org.springframework.web.filter.OncePerRequestFilter.doFilter(OncePerRequestFilter.java:116)
	at org.apache.catalina.core.ApplicationFilterChain.internalDoFilter(ApplicationFilterChain.java:164)
	at org.apache.catalina.core.ApplicationFilterChain.doFilter(ApplicationFilterChain.java:140)
	at org.apache.catalina.core.StandardWrapperValve.invoke(StandardWrapperValve.java:167)
	at org.apache.catalina.core.StandardContextValve.invoke(StandardContextValve.java:90)
	at org.apache.catalina.authenticator.AuthenticatorBase.invoke(AuthenticatorBase.java:483)
	at org.apache.catalina.core.StandardHostValve.invoke(StandardHostValve.java:115)
	at org.apache.catalina.valves.ErrorReportValve.invoke(ErrorReportValve.java:93)
	at org.apache.catalina.core.StandardEngineValve.invoke(StandardEngineValve.java:74)
	at org.apache.catalina.connector.CoyoteAdapter.service(CoyoteAdapter.java:344)
	at org.apache.coyote.http11.Http11Processor.service(Http11Processor.java:384)
	at org.apache.coyote.AbstractProcessorLight.process(AbstractProcessorLight.java:63)
	at org.apache.coyote.AbstractProtocol$ConnectionHandler.process(AbstractProtocol.java:905)
	at org.apache.tomcat.util.net.NioEndpoint$SocketProcessor.doRun(NioEndpoint.java:1741)
	at org.apache.tomcat.util.net.SocketProcessorBase.run(SocketProcessorBase.java:52)
	at org.apache.tomcat.util.threads.ThreadPoolExecutor.runWorker(ThreadPoolExecutor.java:1190)
	at org.apache.tomcat.util.threads.ThreadPoolExecutor$Worker.run(ThreadPoolExecutor.java:659)
	at org.apache.tomcat.util.threads.TaskThread$WrappingRunnable.run(TaskThread.java:63)
	at java.base/java.lang.Thread.run(Thread.java:833)
[20241212 19:19:11:374][DEBUG][org.hibernate.SQL] select u1_0.id,u1_0.created_at,u1_0.name,u1_0.phone,u1_0.signup_id,u1_0.signup_password,u1_0.updated_at from user u1_0 where u1_0.signup_id=?
[20241212 19:19:11:413][DEBUG][org.hibernate.SQL] select p1_0.id,p1_0.category,p1_0.country,p1_0.manufacturer,p1_0.name,p1_0.price,p1_0.quantity from product p1_0
[20241212 19:19:17:721][DEBUG][org.hibernate.SQL] select u1_0.id,u1_0.created_at,u1_0.name,u1_0.phone,u1_0.signup_id,u1_0.signup_password,u1_0.updated_at from user u1_0 where u1_0.signup_id=?
[20241212 19:19:17:729][DEBUG][org.hibernate.SQL] select c1_0.id,c1_0.created_at,c1_0.product_id,c1_0.quantity,c1_0.updated_at,c1_0.signup_id from cart c1_0 where c1_0.signup_id=?
[20241212 19:19:17:733][DEBUG][org.hibernate.SQL] select u1_0.id,u1_0.created_at,u1_0.name,u1_0.phone,u1_0.signup_id,u1_0.signup_password,u1_0.updated_at from user u1_0 where u1_0.signup_id=?
[20241212 19:19:17:753][DEBUG][org.hibernate.SQL] select p1_0.id,p1_0.category,p1_0.country,p1_0.manufacturer,p1_0.name,p1_0.price,p1_0.quantity from product p1_0 where p1_0.id=?
[20241212 19:19:17:760][DEBUG][org.hibernate.SQL] select p1_0.id,p1_0.category,p1_0.country,p1_0.manufacturer,p1_0.name,p1_0.price,p1_0.quantity from product p1_0 where p1_0.id=?
[20241212 19:19:17:771][DEBUG][org.hibernate.SQL] select p1_0.id,p1_0.category,p1_0.country,p1_0.manufacturer,p1_0.name,p1_0.price,p1_0.quantity from product p1_0 where p1_0.id=?
[20241212 19:19:17:784][DEBUG][org.hibernate.SQL] select p1_0.id,p1_0.category,p1_0.country,p1_0.manufacturer,p1_0.name,p1_0.price,p1_0.quantity from product p1_0 where p1_0.id=?
[20241212 19:19:17:797][DEBUG][org.hibernate.SQL] select p1_0.id,p1_0.category,p1_0.country,p1_0.manufacturer,p1_0.name,p1_0.price,p1_0.quantity from product p1_0 where p1_0.id=?
[20241212 19:19:50:394][INFO ][c.e.demo.controller.WidgetController] API Response - Order ID: MC43MDczNTA3OTc1NjAy
[20241212 19:19:50:397][INFO ][c.e.demo.controller.WidgetController] Amount: 766000
[20241212 19:19:50:399][INFO ][c.e.demo.controller.WidgetController] Payment Key: tgen_20241212191923vHNz5
[20241212 19:19:50:400][INFO ][c.e.demo.controller.WidgetController] Payment Method: null
[20241212 19:19:50:402][INFO ][c.e.demo.controller.WidgetController] Currency: null
[20241212 19:19:50:407][INFO ][c.e.demo.controller.WidgetController] Total Amount: 0
[20241212 19:19:50:415][INFO ][c.e.demo.controller.WidgetController] Discount Amount: 0
[20241212 19:19:51:217][INFO ][c.e.demo.controller.WidgetController] Response Status Code: 200
[20241212 19:19:51:221][INFO ][c.e.demo.controller.WidgetController] API Response: {"country":"KR","metadata":null,"orderId":"MC43MDczNTA3OTc1NjAy","cashReceipts":null,"isPartialCancelable":true,"lastTransactionKey":"txrd_a01jex63jar6xg99v0yqf2jhhg0","discount":null,"taxExemptionAmount":0,"suppliedAmount":696364,"secret":"ps_Z1aOwX7K8mXbQRlqBKQBryQxzvNP","type":"NORMAL","cultureExpense":false,"taxFreeAmount":0,"requestedAt":"2024-12-12T19:19:23+09:00","currency":"KRW","paymentKey":"tgen_20241212191923vHNz5","virtualAccount":null,"checkout":{"url":"https:\/\/api.tosspayments.com\/v1\/payments\/tgen_20241212191923vHNz5\/checkout"},"orderName":"토스 티셔츠 외 11건","method":"간편결제","useEscrow":false,"vat":69636,"mId":"tgen_docs","approvedAt":"2024-12-12T19:19:51+09:00","balanceAmount":766000,"version":"2022-11-16","easyPay":{"amount":766000,"provider":"토스페이","discountAmount":0},"totalAmount":766000,"cancels":null,"transfer":null,"mobilePhone":null,"failure":null,"receipt":{"url":"https:\/\/dashboard.tosspayments.com\/receipt\/redirection?transactionId=tgen_20241212191923vHNz5&ref=PX"},"giftCertificate":null,"cashReceipt":null,"card":null,"status":"DONE"}
[20241212 19:19:51:227][ERROR][o.a.c.c.C.[.[.[/].[dispatcherServlet]] Servlet.service() for servlet [dispatcherServlet] in context with path [] threw exception [Request processing failed: java.lang.ClassCastException: class java.lang.Long cannot be cast to class java.lang.String (java.lang.Long and java.lang.String are in module java.base of loader 'bootstrap')] with root cause
java.lang.ClassCastException: class java.lang.Long cannot be cast to class java.lang.String (java.lang.Long and java.lang.String are in module java.base of loader 'bootstrap')
	at com.example.demo.controller.WidgetController.confirmPayment(WidgetController.java:108)
	at java.base/jdk.internal.reflect.NativeMethodAccessorImpl.invoke0(Native Method)
	at java.base/jdk.internal.reflect.NativeMethodAccessorImpl.invoke(NativeMethodAccessorImpl.java:77)
	at java.base/jdk.internal.reflect.DelegatingMethodAccessorImpl.invoke(DelegatingMethodAccessorImpl.java:43)
	at java.base/java.lang.reflect.Method.invoke(Method.java:568)
	at org.springframework.web.method.support.InvocableHandlerMethod.doInvoke(InvocableHandlerMethod.java:255)
	at org.springframework.web.method.support.InvocableHandlerMethod.invokeForRequest(InvocableHandlerMethod.java:188)
	at org.springframework.web.servlet.mvc.method.annotation.ServletInvocableHandlerMethod.invokeAndHandle(ServletInvocableHandlerMethod.java:118)
	at org.springframework.web.servlet.mvc.method.annotation.RequestMappingHandlerAdapter.invokeHandlerMethod(RequestMappingHandlerAdapter.java:926)
	at org.springframework.web.servlet.mvc.method.annotation.RequestMappingHandlerAdapter.handleInternal(RequestMappingHandlerAdapter.java:831)
	at org.springframework.web.servlet.mvc.method.AbstractHandlerMethodAdapter.handle(AbstractHandlerMethodAdapter.java:87)
	at org.springframework.web.servlet.DispatcherServlet.doDispatch(DispatcherServlet.java:1089)
	at org.springframework.web.servlet.DispatcherServlet.doService(DispatcherServlet.java:979)
	at org.springframework.web.servlet.FrameworkServlet.processRequest(FrameworkServlet.java:1014)
	at org.springframework.web.servlet.FrameworkServlet.doPost(FrameworkServlet.java:914)
	at jakarta.servlet.http.HttpServlet.service(HttpServlet.java:590)
	at org.springframework.web.servlet.FrameworkServlet.service(FrameworkServlet.java:885)
	at jakarta.servlet.http.HttpServlet.service(HttpServlet.java:658)
	at org.apache.catalina.core.ApplicationFilterChain.internalDoFilter(ApplicationFilterChain.java:195)
	at org.apache.catalina.core.ApplicationFilterChain.doFilter(ApplicationFilterChain.java:140)
	at org.apache.tomcat.websocket.server.WsFilter.doFilter(WsFilter.java:51)
	at org.apache.catalina.core.ApplicationFilterChain.internalDoFilter(ApplicationFilterChain.java:164)
	at org.apache.catalina.core.ApplicationFilterChain.doFilter(ApplicationFilterChain.java:140)
	at org.springframework.web.filter.RequestContextFilter.doFilterInternal(RequestContextFilter.java:100)
	at org.springframework.web.filter.OncePerRequestFilter.doFilter(OncePerRequestFilter.java:116)
	at org.apache.catalina.core.ApplicationFilterChain.internalDoFilter(ApplicationFilterChain.java:164)
	at org.apache.catalina.core.ApplicationFilterChain.doFilter(ApplicationFilterChain.java:140)
	at org.springframework.web.filter.FormContentFilter.doFilterInternal(FormContentFilter.java:93)
	at org.springframework.web.filter.OncePerRequestFilter.doFilter(OncePerRequestFilter.java:116)
	at org.apache.catalina.core.ApplicationFilterChain.internalDoFilter(ApplicationFilterChain.java:164)
	at org.apache.catalina.core.ApplicationFilterChain.doFilter(ApplicationFilterChain.java:140)
	at org.springframework.web.filter.CharacterEncodingFilter.doFilterInternal(CharacterEncodingFilter.java:201)
	at org.springframework.web.filter.OncePerRequestFilter.doFilter(OncePerRequestFilter.java:116)
	at org.apache.catalina.core.ApplicationFilterChain.internalDoFilter(ApplicationFilterChain.java:164)
	at org.apache.catalina.core.ApplicationFilterChain.doFilter(ApplicationFilterChain.java:140)
	at org.apache.catalina.core.StandardWrapperValve.invoke(StandardWrapperValve.java:167)
	at org.apache.catalina.core.StandardContextValve.invoke(StandardContextValve.java:90)
	at org.apache.catalina.authenticator.AuthenticatorBase.invoke(AuthenticatorBase.java:483)
	at org.apache.catalina.core.StandardHostValve.invoke(StandardHostValve.java:115)
	at org.apache.catalina.valves.ErrorReportValve.invoke(ErrorReportValve.java:93)
	at org.apache.catalina.core.StandardEngineValve.invoke(StandardEngineValve.java:74)
	at org.apache.catalina.connector.CoyoteAdapter.service(CoyoteAdapter.java:344)
	at org.apache.coyote.http11.Http11Processor.service(Http11Processor.java:384)
	at org.apache.coyote.AbstractProcessorLight.process(AbstractProcessorLight.java:63)
	at org.apache.coyote.AbstractProtocol$ConnectionHandler.process(AbstractProtocol.java:905)
	at org.apache.tomcat.util.net.NioEndpoint$SocketProcessor.doRun(NioEndpoint.java:1741)
	at org.apache.tomcat.util.net.SocketProcessorBase.run(SocketProcessorBase.java:52)
	at org.apache.tomcat.util.threads.ThreadPoolExecutor.runWorker(ThreadPoolExecutor.java:1190)
	at org.apache.tomcat.util.threads.ThreadPoolExecutor$Worker.run(ThreadPoolExecutor.java:659)
	at org.apache.tomcat.util.threads.TaskThread$WrappingRunnable.run(TaskThread.java:63)
	at java.base/java.lang.Thread.run(Thread.java:833)
[20241212 19:38:13:868][INFO ][com.example.demo.DemoApplication] Starting DemoApplication using Java 17.0.3 with PID 18312 (C:\Users\user\Desktop\demo\build\classes\java\main started by 최진혁 in C:\Users\user\Desktop\demo)
[20241212 19:38:13:876][INFO ][com.example.demo.DemoApplication] No active profile set, falling back to 1 default profile: "default"
[20241212 19:38:14:139][INFO ][o.s.b.d.e.DevToolsPropertyDefaultsPostProcessor] Devtools property defaults active! Set 'spring.devtools.add-properties' to 'false' to disable
[20241212 19:38:14:142][INFO ][o.s.b.d.e.DevToolsPropertyDefaultsPostProcessor] For additional web related logging consider setting the 'logging.level.web' property to 'DEBUG'
[20241212 19:38:19:244][INFO ][o.s.d.r.c.RepositoryConfigurationDelegate] Bootstrapping Spring Data JPA repositories in DEFAULT mode.
[20241212 19:38:19:892][INFO ][o.s.d.r.c.RepositoryConfigurationDelegate] Finished Spring Data repository scanning in 595 ms. Found 5 JPA repository interfaces.
[20241212 19:38:26:130][INFO ][o.s.b.w.embedded.tomcat.TomcatWebServer] Tomcat initialized with port 8083 (http)
[20241212 19:38:26:184][INFO ][o.apache.coyote.http11.Http11NioProtocol] Initializing ProtocolHandler ["http-nio-8083"]
[20241212 19:38:26:206][INFO ][o.apache.catalina.core.StandardService] Starting service [Tomcat]
[20241212 19:38:26:208][INFO ][org.apache.catalina.core.StandardEngine] Starting Servlet engine: [Apache Tomcat/10.1.31]
[20241212 19:38:26:501][INFO ][o.a.c.c.C.[Tomcat].[localhost].[/]] Initializing Spring embedded WebApplicationContext
[20241212 19:38:26:505][INFO ][o.s.b.w.s.c.ServletWebServerApplicationContext] Root WebApplicationContext: initialization completed in 12360 ms
[20241212 19:38:28:540][INFO ][o.hibernate.jpa.internal.util.LogHelper] HHH000204: Processing PersistenceUnitInfo [name: default]
[20241212 19:38:29:795][INFO ][org.hibernate.Version] HHH000412: Hibernate ORM core version 6.5.3.Final
[20241212 19:38:30:094][INFO ][o.h.c.internal.RegionFactoryInitiator] HHH000026: Second-level cache disabled
[20241212 19:38:34:595][INFO ][o.s.o.j.p.SpringPersistenceUnitInfo] No LoadTimeWeaver setup: ignoring JPA class transformer
[20241212 19:38:34:916][INFO ][com.zaxxer.hikari.HikariDataSource] HikariPool-1 - Starting...
[20241212 19:38:37:452][INFO ][com.zaxxer.hikari.pool.HikariPool] HikariPool-1 - Added connection com.mysql.cj.jdbc.ConnectionImpl@1d2f4241
[20241212 19:38:37:459][INFO ][com.zaxxer.hikari.HikariDataSource] HikariPool-1 - Start completed.
[20241212 19:38:37:808][WARN ][org.hibernate.orm.deprecation] HHH90000025: MySQLDialect does not need to be specified explicitly using 'hibernate.dialect' (remove the property setting and it will be selected by default)
[20241212 19:38:37:931][DEBUG][o.h.t.descriptor.sql.spi.DdlTypeRegistry] addDescriptor(12, org.hibernate.type.descriptor.sql.internal.CapacityDependentDdlType@3243803a) replaced previous registration(org.hibernate.type.descriptor.sql.internal.CapacityDependentDdlType@340f73de)
[20241212 19:38:37:933][DEBUG][o.h.t.descriptor.sql.spi.DdlTypeRegistry] addDescriptor(-9, org.hibernate.type.descriptor.sql.internal.CapacityDependentDdlType@5b5b4cda) replaced previous registration(org.hibernate.type.descriptor.sql.internal.CapacityDependentDdlType@7e228b00)
[20241212 19:38:37:936][DEBUG][o.h.t.descriptor.sql.spi.DdlTypeRegistry] addDescriptor(-3, org.hibernate.type.descriptor.sql.internal.CapacityDependentDdlType@504e86ae) replaced previous registration(org.hibernate.type.descriptor.sql.internal.CapacityDependentDdlType@1f108efa)
[20241212 19:38:37:940][DEBUG][o.h.t.descriptor.sql.spi.DdlTypeRegistry] addDescriptor(4003, org.hibernate.type.descriptor.sql.internal.DdlTypeImpl@1eac2c5e) replaced previous registration(org.hibernate.type.descriptor.sql.internal.DdlTypeImpl@743cce00)
[20241212 19:38:37:945][DEBUG][o.h.t.descriptor.sql.spi.DdlTypeRegistry] addDescriptor(4001, org.hibernate.type.descriptor.sql.internal.DdlTypeImpl@50e34ddf) replaced previous registration(org.hibernate.type.descriptor.sql.internal.DdlTypeImpl@4b1f6e67)
[20241212 19:38:37:948][DEBUG][o.h.t.descriptor.sql.spi.DdlTypeRegistry] addDescriptor(4002, org.hibernate.type.descriptor.sql.internal.DdlTypeImpl@342e7586) replaced previous registration(org.hibernate.type.descriptor.sql.internal.DdlTypeImpl@26f0e1cd)
[20241212 19:38:37:952][DEBUG][o.h.t.descriptor.sql.spi.DdlTypeRegistry] addDescriptor(2004, org.hibernate.type.descriptor.sql.internal.CapacityDependentDdlType@6cb7dd79) replaced previous registration(org.hibernate.type.descriptor.sql.internal.DdlTypeImpl@5c6bfade)
[20241212 19:38:37:954][DEBUG][o.h.t.descriptor.sql.spi.DdlTypeRegistry] addDescriptor(2005, org.hibernate.type.descriptor.sql.internal.CapacityDependentDdlType@1b2e3690) replaced previous registration(org.hibernate.type.descriptor.sql.internal.DdlTypeImpl@3a7152b1)
[20241212 19:38:37:956][DEBUG][o.h.t.descriptor.sql.spi.DdlTypeRegistry] addDescriptor(2011, org.hibernate.type.descriptor.sql.internal.CapacityDependentDdlType@687f1c93) replaced previous registration(org.hibernate.type.descriptor.sql.internal.DdlTypeImpl@6bc1a648)
[20241212 19:38:40:900][INFO ][o.h.e.t.j.p.i.JtaPlatformInitiator] HHH000489: No JTA platform available (set 'hibernate.transaction.jta.platform' to enable JTA platform integration)
[20241212 19:38:41:240][INFO ][o.s.o.j.LocalContainerEntityManagerFactoryBean] Initialized JPA EntityManagerFactory for persistence unit 'default'
[20241212 19:38:44:792][WARN ][o.s.b.a.o.j.JpaBaseConfiguration$JpaWebConfiguration] spring.jpa.open-in-view is enabled by default. Therefore, database queries may be performed during view rendering. Explicitly configure spring.jpa.open-in-view to disable this warning
[20241212 19:38:44:957][INFO ][o.s.b.a.w.s.WelcomePageHandlerMapping] Adding welcome page template: index
[20241212 19:38:46:922][INFO ][o.s.b.d.a.OptionalLiveReloadServer] LiveReload server is running on port 35729
[20241212 19:38:46:946][INFO ][o.apache.coyote.http11.Http11NioProtocol] Starting ProtocolHandler ["http-nio-8083"]
[20241212 19:38:47:048][INFO ][o.s.b.w.embedded.tomcat.TomcatWebServer] Tomcat started on port 8083 (http) with context path '/'
[20241212 19:38:47:074][INFO ][com.example.demo.DemoApplication] Started DemoApplication in 36.038 seconds (process running for 37.609)
[20241212 19:48:58:390][INFO ][o.a.c.c.C.[Tomcat].[localhost].[/]] Initializing Spring DispatcherServlet 'dispatcherServlet'
[20241212 19:48:58:454][INFO ][o.s.web.servlet.DispatcherServlet] Initializing Servlet 'dispatcherServlet'
[20241212 19:48:58:515][INFO ][o.s.web.servlet.DispatcherServlet] Completed initialization in 60 ms
[20241212 19:49:00:158][DEBUG][org.hibernate.SQL] select u1_0.id,u1_0.created_at,u1_0.name,u1_0.phone,u1_0.signup_id,u1_0.signup_password,u1_0.updated_at from user u1_0 where u1_0.signup_id=?
[20241212 19:49:00:160][DEBUG][org.hibernate.SQL] select p1_0.id,p1_0.category,p1_0.country,p1_0.manufacturer,p1_0.name,p1_0.price,p1_0.quantity from product p1_0
[20241212 19:49:00:741][DEBUG][org.hibernate.SQL] select u1_0.id,u1_0.created_at,u1_0.name,u1_0.phone,u1_0.signup_id,u1_0.signup_password,u1_0.updated_at from user u1_0 where u1_0.signup_id=?
[20241212 19:49:00:793][DEBUG][org.hibernate.SQL] select c1_0.id,c1_0.created_at,c1_0.product_id,c1_0.quantity,c1_0.updated_at,c1_0.signup_id from cart c1_0 where c1_0.signup_id=?
[20241212 19:49:00:863][DEBUG][org.hibernate.SQL] select u1_0.id,u1_0.created_at,u1_0.name,u1_0.phone,u1_0.signup_id,u1_0.signup_password,u1_0.updated_at from user u1_0 where u1_0.signup_id=?
[20241212 19:49:00:891][DEBUG][org.hibernate.SQL] select p1_0.id,p1_0.category,p1_0.country,p1_0.manufacturer,p1_0.name,p1_0.price,p1_0.quantity from product p1_0 where p1_0.id=?
[20241212 19:49:00:908][DEBUG][org.hibernate.SQL] select p1_0.id,p1_0.category,p1_0.country,p1_0.manufacturer,p1_0.name,p1_0.price,p1_0.quantity from product p1_0 where p1_0.id=?
[20241212 19:49:00:912][DEBUG][org.hibernate.SQL] select p1_0.id,p1_0.category,p1_0.country,p1_0.manufacturer,p1_0.name,p1_0.price,p1_0.quantity from product p1_0 where p1_0.id=?
[20241212 19:49:00:916][DEBUG][org.hibernate.SQL] select p1_0.id,p1_0.category,p1_0.country,p1_0.manufacturer,p1_0.name,p1_0.price,p1_0.quantity from product p1_0 where p1_0.id=?
[20241212 19:49:00:922][DEBUG][org.hibernate.SQL] select p1_0.id,p1_0.category,p1_0.country,p1_0.manufacturer,p1_0.name,p1_0.price,p1_0.quantity from product p1_0 where p1_0.id=?
[20241212 19:50:15:435][INFO ][c.e.demo.controller.WidgetController] Currency: KRW
[20241212 19:50:15:440][INFO ][c.e.demo.controller.WidgetController] Method: 간편결제
[20241212 19:50:15:540][DEBUG][org.hibernate.SQL] insert into test_payment_info (country,coupon_applied,currency,payment_method,total_amount) values (?,?,?,?,?)
[20241212 19:58:13:770][INFO ][com.example.demo.DemoApplication] Starting DemoApplication using Java 17.0.3 with PID 16816 (C:\Users\user\Desktop\demo\build\classes\java\main started by 최진혁 in C:\Users\user\Desktop\demo)
[20241212 19:58:13:792][INFO ][com.example.demo.DemoApplication] No active profile set, falling back to 1 default profile: "default"
[20241212 19:58:14:276][INFO ][o.s.b.d.e.DevToolsPropertyDefaultsPostProcessor] Devtools property defaults active! Set 'spring.devtools.add-properties' to 'false' to disable
[20241212 19:58:14:278][INFO ][o.s.b.d.e.DevToolsPropertyDefaultsPostProcessor] For additional web related logging consider setting the 'logging.level.web' property to 'DEBUG'
[20241212 19:58:21:928][INFO ][o.s.d.r.c.RepositoryConfigurationDelegate] Bootstrapping Spring Data JPA repositories in DEFAULT mode.
[20241212 19:58:22:250][INFO ][o.s.d.r.c.RepositoryConfigurationDelegate] Finished Spring Data repository scanning in 293 ms. Found 5 JPA repository interfaces.
[20241212 19:58:25:649][INFO ][o.s.b.w.embedded.tomcat.TomcatWebServer] Tomcat initialized with port 8083 (http)
[20241212 19:58:25:688][INFO ][o.apache.coyote.http11.Http11NioProtocol] Initializing ProtocolHandler ["http-nio-8083"]
[20241212 19:58:25:702][INFO ][o.apache.catalina.core.StandardService] Starting service [Tomcat]
[20241212 19:58:25:702][INFO ][org.apache.catalina.core.StandardEngine] Starting Servlet engine: [Apache Tomcat/10.1.31]
[20241212 19:58:26:034][INFO ][o.a.c.c.C.[Tomcat].[localhost].[/]] Initializing Spring embedded WebApplicationContext
[20241212 19:58:26:034][INFO ][o.s.b.w.s.c.ServletWebServerApplicationContext] Root WebApplicationContext: initialization completed in 11485 ms
[20241212 19:58:28:062][INFO ][o.hibernate.jpa.internal.util.LogHelper] HHH000204: Processing PersistenceUnitInfo [name: default]
[20241212 19:58:28:428][INFO ][org.hibernate.Version] HHH000412: Hibernate ORM core version 6.5.3.Final
[20241212 19:58:28:691][INFO ][o.h.c.internal.RegionFactoryInitiator] HHH000026: Second-level cache disabled
[20241212 19:58:30:916][INFO ][o.s.o.j.p.SpringPersistenceUnitInfo] No LoadTimeWeaver setup: ignoring JPA class transformer
[20241212 19:58:31:505][INFO ][com.zaxxer.hikari.HikariDataSource] HikariPool-1 - Starting...
[20241212 19:58:37:696][INFO ][com.zaxxer.hikari.pool.HikariPool] HikariPool-1 - Added connection com.mysql.cj.jdbc.ConnectionImpl@2e28de89
[20241212 19:58:37:911][INFO ][com.zaxxer.hikari.HikariDataSource] HikariPool-1 - Start completed.
[20241212 19:58:39:948][WARN ][org.hibernate.orm.deprecation] HHH90000025: MySQLDialect does not need to be specified explicitly using 'hibernate.dialect' (remove the property setting and it will be selected by default)
[20241212 19:58:40:476][DEBUG][o.h.t.descriptor.sql.spi.DdlTypeRegistry] addDescriptor(12, org.hibernate.type.descriptor.sql.internal.CapacityDependentDdlType@1b18716) replaced previous registration(org.hibernate.type.descriptor.sql.internal.CapacityDependentDdlType@31e5a94b)
[20241212 19:58:40:572][DEBUG][o.h.t.descriptor.sql.spi.DdlTypeRegistry] addDescriptor(-9, org.hibernate.type.descriptor.sql.internal.CapacityDependentDdlType@21eeb060) replaced previous registration(org.hibernate.type.descriptor.sql.internal.CapacityDependentDdlType@477bb1f3)
[20241212 19:58:40:651][DEBUG][o.h.t.descriptor.sql.spi.DdlTypeRegistry] addDescriptor(-3, org.hibernate.type.descriptor.sql.internal.CapacityDependentDdlType@4aff173d) replaced previous registration(org.hibernate.type.descriptor.sql.internal.CapacityDependentDdlType@564c50d8)
[20241212 19:58:40:719][DEBUG][o.h.t.descriptor.sql.spi.DdlTypeRegistry] addDescriptor(4003, org.hibernate.type.descriptor.sql.internal.DdlTypeImpl@2f597c1) replaced previous registration(org.hibernate.type.descriptor.sql.internal.DdlTypeImpl@181b4a45)
[20241212 19:58:40:750][DEBUG][o.h.t.descriptor.sql.spi.DdlTypeRegistry] addDescriptor(4001, org.hibernate.type.descriptor.sql.internal.DdlTypeImpl@2a6ff084) replaced previous registration(org.hibernate.type.descriptor.sql.internal.DdlTypeImpl@1e11af81)
[20241212 19:58:40:860][DEBUG][o.h.t.descriptor.sql.spi.DdlTypeRegistry] addDescriptor(4002, org.hibernate.type.descriptor.sql.internal.DdlTypeImpl@30f4681d) replaced previous registration(org.hibernate.type.descriptor.sql.internal.DdlTypeImpl@727f4524)
[20241212 19:58:40:927][DEBUG][o.h.t.descriptor.sql.spi.DdlTypeRegistry] addDescriptor(2004, org.hibernate.type.descriptor.sql.internal.CapacityDependentDdlType@27c1603f) replaced previous registration(org.hibernate.type.descriptor.sql.internal.DdlTypeImpl@34bfbee1)
[20241212 19:58:41:019][DEBUG][o.h.t.descriptor.sql.spi.DdlTypeRegistry] addDescriptor(2005, org.hibernate.type.descriptor.sql.internal.CapacityDependentDdlType@27989ceb) replaced previous registration(org.hibernate.type.descriptor.sql.internal.DdlTypeImpl@2fc6ab59)
[20241212 19:58:41:081][DEBUG][o.h.t.descriptor.sql.spi.DdlTypeRegistry] addDescriptor(2011, org.hibernate.type.descriptor.sql.internal.CapacityDependentDdlType@3aaf606) replaced previous registration(org.hibernate.type.descriptor.sql.internal.DdlTypeImpl@4aab1824)
[20241212 19:58:46:534][INFO ][o.h.e.t.j.p.i.JtaPlatformInitiator] HHH000489: No JTA platform available (set 'hibernate.transaction.jta.platform' to enable JTA platform integration)
[20241212 19:58:47:193][INFO ][o.s.o.j.LocalContainerEntityManagerFactoryBean] Initialized JPA EntityManagerFactory for persistence unit 'default'
[20241212 19:58:49:212][WARN ][o.s.b.a.o.j.JpaBaseConfiguration$JpaWebConfiguration] spring.jpa.open-in-view is enabled by default. Therefore, database queries may be performed during view rendering. Explicitly configure spring.jpa.open-in-view to disable this warning
[20241212 19:58:49:364][INFO ][o.s.b.a.w.s.WelcomePageHandlerMapping] Adding welcome page template: index
[20241212 19:58:52:183][INFO ][o.s.b.d.a.OptionalLiveReloadServer] LiveReload server is running on port 35729
[20241212 19:58:52:301][INFO ][o.apache.coyote.http11.Http11NioProtocol] Starting ProtocolHandler ["http-nio-8083"]
[20241212 19:58:52:585][INFO ][o.s.b.w.embedded.tomcat.TomcatWebServer] Tomcat started on port 8083 (http) with context path '/'
[20241212 19:58:52:725][INFO ][com.example.demo.DemoApplication] Started DemoApplication in 42.661 seconds (process running for 46.331)
[20241212 19:58:53:232][INFO ][o.a.c.c.C.[Tomcat].[localhost].[/]] Initializing Spring DispatcherServlet 'dispatcherServlet'
[20241212 19:58:53:242][INFO ][o.s.web.servlet.DispatcherServlet] Initializing Servlet 'dispatcherServlet'
[20241212 19:58:53:246][INFO ][o.s.web.servlet.DispatcherServlet] Completed initialization in 3 ms
[20241212 19:58:56:171][DEBUG][org.hibernate.SQL] select p1_0.id,p1_0.category,p1_0.country,p1_0.manufacturer,p1_0.name,p1_0.price,p1_0.quantity from product p1_0
[20241212 19:58:56:170][DEBUG][org.hibernate.SQL] select u1_0.id,u1_0.created_at,u1_0.name,u1_0.phone,u1_0.signup_id,u1_0.signup_password,u1_0.updated_at from user u1_0 where u1_0.signup_id=?
[20241212 19:59:02:803][DEBUG][org.hibernate.SQL] select u1_0.id,u1_0.created_at,u1_0.name,u1_0.phone,u1_0.signup_id,u1_0.signup_password,u1_0.updated_at from user u1_0 where u1_0.signup_id=?
[20241212 19:59:02:923][DEBUG][org.hibernate.SQL] select c1_0.id,c1_0.created_at,c1_0.product_id,c1_0.quantity,c1_0.updated_at,c1_0.signup_id from cart c1_0 where c1_0.signup_id=?
[20241212 19:59:02:995][DEBUG][org.hibernate.SQL] select u1_0.id,u1_0.created_at,u1_0.name,u1_0.phone,u1_0.signup_id,u1_0.signup_password,u1_0.updated_at from user u1_0 where u1_0.signup_id=?
[20241212 19:59:03:017][DEBUG][org.hibernate.SQL] select p1_0.id,p1_0.category,p1_0.country,p1_0.manufacturer,p1_0.name,p1_0.price,p1_0.quantity from product p1_0 where p1_0.id=?
[20241212 19:59:03:028][DEBUG][org.hibernate.SQL] select p1_0.id,p1_0.category,p1_0.country,p1_0.manufacturer,p1_0.name,p1_0.price,p1_0.quantity from product p1_0 where p1_0.id=?
[20241212 19:59:03:096][DEBUG][org.hibernate.SQL] select p1_0.id,p1_0.category,p1_0.country,p1_0.manufacturer,p1_0.name,p1_0.price,p1_0.quantity from product p1_0 where p1_0.id=?
[20241212 19:59:03:114][DEBUG][org.hibernate.SQL] select p1_0.id,p1_0.category,p1_0.country,p1_0.manufacturer,p1_0.name,p1_0.price,p1_0.quantity from product p1_0 where p1_0.id=?
[20241212 19:59:03:120][DEBUG][org.hibernate.SQL] select p1_0.id,p1_0.category,p1_0.country,p1_0.manufacturer,p1_0.name,p1_0.price,p1_0.quantity from product p1_0 where p1_0.id=?
[20241212 19:59:58:219][INFO ][c.e.demo.controller.WidgetController] Currency: KRW
[20241212 19:59:58:246][INFO ][c.e.demo.controller.WidgetController] Method: 간편결제
[20241212 19:59:59:005][DEBUG][org.hibernate.SQL] insert into test_payment_info (country,coupon_applied,currency,payment_method,total_amount) values (?,?,?,?,?)
[20241212 20:49:25:764][INFO ][com.example.demo.DemoApplication] Starting DemoApplication using Java 17.0.3 with PID 4820 (C:\Users\user\Desktop\demo\build\classes\java\main started by 최진혁 in C:\Users\user\Desktop\demo)
[20241212 20:49:25:779][INFO ][com.example.demo.DemoApplication] No active profile set, falling back to 1 default profile: "default"
[20241212 20:49:26:113][INFO ][o.s.b.d.e.DevToolsPropertyDefaultsPostProcessor] Devtools property defaults active! Set 'spring.devtools.add-properties' to 'false' to disable
[20241212 20:49:26:113][INFO ][o.s.b.d.e.DevToolsPropertyDefaultsPostProcessor] For additional web related logging consider setting the 'logging.level.web' property to 'DEBUG'
[20241212 20:49:59:694][INFO ][com.example.demo.DemoApplication] Starting DemoApplication using Java 17.0.3 with PID 4784 (C:\Users\user\Desktop\demo\build\classes\java\main started by 최진혁 in C:\Users\user\Desktop\demo)
[20241212 20:49:59:701][INFO ][com.example.demo.DemoApplication] No active profile set, falling back to 1 default profile: "default"
[20241212 20:50:00:079][INFO ][o.s.b.d.e.DevToolsPropertyDefaultsPostProcessor] Devtools property defaults active! Set 'spring.devtools.add-properties' to 'false' to disable
[20241212 20:50:00:081][INFO ][o.s.b.d.e.DevToolsPropertyDefaultsPostProcessor] For additional web related logging consider setting the 'logging.level.web' property to 'DEBUG'
[20241212 20:50:06:400][INFO ][o.s.d.r.c.RepositoryConfigurationDelegate] Bootstrapping Spring Data JPA repositories in DEFAULT mode.
[20241212 20:50:07:449][INFO ][o.s.d.r.c.RepositoryConfigurationDelegate] Finished Spring Data repository scanning in 785 ms. Found 5 JPA repository interfaces.
[20241212 20:50:13:682][INFO ][o.s.b.w.embedded.tomcat.TomcatWebServer] Tomcat initialized with port 8083 (http)
[20241212 20:50:13:911][INFO ][o.apache.coyote.http11.Http11NioProtocol] Initializing ProtocolHandler ["http-nio-8083"]
[20241212 20:50:14:038][INFO ][o.apache.catalina.core.StandardService] Starting service [Tomcat]
[20241212 20:50:14:081][INFO ][org.apache.catalina.core.StandardEngine] Starting Servlet engine: [Apache Tomcat/10.1.31]
[20241212 20:50:15:390][INFO ][o.a.c.c.C.[Tomcat].[localhost].[/]] Initializing Spring embedded WebApplicationContext
[20241212 20:50:15:394][INFO ][o.s.b.w.s.c.ServletWebServerApplicationContext] Root WebApplicationContext: initialization completed in 15312 ms
[20241212 20:50:19:803][INFO ][o.hibernate.jpa.internal.util.LogHelper] HHH000204: Processing PersistenceUnitInfo [name: default]
[20241212 20:50:21:668][INFO ][org.hibernate.Version] HHH000412: Hibernate ORM core version 6.5.3.Final
[20241212 20:50:22:092][INFO ][o.h.c.internal.RegionFactoryInitiator] HHH000026: Second-level cache disabled
[20241212 20:50:27:759][INFO ][o.s.o.j.p.SpringPersistenceUnitInfo] No LoadTimeWeaver setup: ignoring JPA class transformer
[20241212 20:50:29:293][INFO ][com.zaxxer.hikari.HikariDataSource] HikariPool-1 - Starting...
[20241212 20:50:31:834][INFO ][com.zaxxer.hikari.pool.HikariPool] HikariPool-1 - Added connection com.mysql.cj.jdbc.ConnectionImpl@2e28de89
[20241212 20:50:32:013][INFO ][com.zaxxer.hikari.HikariDataSource] HikariPool-1 - Start completed.
[20241212 20:50:33:765][WARN ][org.hibernate.orm.deprecation] HHH90000025: MySQLDialect does not need to be specified explicitly using 'hibernate.dialect' (remove the property setting and it will be selected by default)
[20241212 20:50:35:717][DEBUG][o.h.t.descriptor.sql.spi.DdlTypeRegistry] addDescriptor(12, org.hibernate.type.descriptor.sql.internal.CapacityDependentDdlType@1b18716) replaced previous registration(org.hibernate.type.descriptor.sql.internal.CapacityDependentDdlType@31e5a94b)
[20241212 20:50:35:719][DEBUG][o.h.t.descriptor.sql.spi.DdlTypeRegistry] addDescriptor(-9, org.hibernate.type.descriptor.sql.internal.CapacityDependentDdlType@21eeb060) replaced previous registration(org.hibernate.type.descriptor.sql.internal.CapacityDependentDdlType@477bb1f3)
[20241212 20:50:35:721][DEBUG][o.h.t.descriptor.sql.spi.DdlTypeRegistry] addDescriptor(-3, org.hibernate.type.descriptor.sql.internal.CapacityDependentDdlType@4aff173d) replaced previous registration(org.hibernate.type.descriptor.sql.internal.CapacityDependentDdlType@564c50d8)
[20241212 20:50:35:724][DEBUG][o.h.t.descriptor.sql.spi.DdlTypeRegistry] addDescriptor(4003, org.hibernate.type.descriptor.sql.internal.DdlTypeImpl@2f597c1) replaced previous registration(org.hibernate.type.descriptor.sql.internal.DdlTypeImpl@181b4a45)
[20241212 20:50:35:735][DEBUG][o.h.t.descriptor.sql.spi.DdlTypeRegistry] addDescriptor(4001, org.hibernate.type.descriptor.sql.internal.DdlTypeImpl@2a6ff084) replaced previous registration(org.hibernate.type.descriptor.sql.internal.DdlTypeImpl@1e11af81)
[20241212 20:50:35:737][DEBUG][o.h.t.descriptor.sql.spi.DdlTypeRegistry] addDescriptor(4002, org.hibernate.type.descriptor.sql.internal.DdlTypeImpl@30f4681d) replaced previous registration(org.hibernate.type.descriptor.sql.internal.DdlTypeImpl@727f4524)
[20241212 20:50:35:739][DEBUG][o.h.t.descriptor.sql.spi.DdlTypeRegistry] addDescriptor(2004, org.hibernate.type.descriptor.sql.internal.CapacityDependentDdlType@27c1603f) replaced previous registration(org.hibernate.type.descriptor.sql.internal.DdlTypeImpl@34bfbee1)
[20241212 20:50:35:766][DEBUG][o.h.t.descriptor.sql.spi.DdlTypeRegistry] addDescriptor(2005, org.hibernate.type.descriptor.sql.internal.CapacityDependentDdlType@27989ceb) replaced previous registration(org.hibernate.type.descriptor.sql.internal.DdlTypeImpl@2fc6ab59)
[20241212 20:50:35:786][DEBUG][o.h.t.descriptor.sql.spi.DdlTypeRegistry] addDescriptor(2011, org.hibernate.type.descriptor.sql.internal.CapacityDependentDdlType@3aaf606) replaced previous registration(org.hibernate.type.descriptor.sql.internal.DdlTypeImpl@4aab1824)
[20241212 20:50:51:579][INFO ][o.h.e.t.j.p.i.JtaPlatformInitiator] HHH000489: No JTA platform available (set 'hibernate.transaction.jta.platform' to enable JTA platform integration)
[20241212 20:50:53:113][INFO ][o.s.o.j.LocalContainerEntityManagerFactoryBean] Initialized JPA EntityManagerFactory for persistence unit 'default'
[20241212 20:50:58:149][WARN ][o.s.b.a.o.j.JpaBaseConfiguration$JpaWebConfiguration] spring.jpa.open-in-view is enabled by default. Therefore, database queries may be performed during view rendering. Explicitly configure spring.jpa.open-in-view to disable this warning
[20241212 20:50:58:422][INFO ][o.s.b.a.w.s.WelcomePageHandlerMapping] Adding welcome page template: index
[20241212 20:51:03:250][INFO ][o.s.b.d.a.OptionalLiveReloadServer] LiveReload server is running on port 35729
[20241212 20:51:03:336][INFO ][o.apache.coyote.http11.Http11NioProtocol] Starting ProtocolHandler ["http-nio-8083"]
[20241212 20:51:03:561][INFO ][o.s.b.w.embedded.tomcat.TomcatWebServer] Tomcat started on port 8083 (http) with context path '/'
[20241212 20:51:03:708][INFO ][com.example.demo.DemoApplication] Started DemoApplication in 67.113 seconds (process running for 69.824)
[20241212 20:53:09:058][INFO ][o.a.c.c.C.[Tomcat].[localhost].[/]] Initializing Spring DispatcherServlet 'dispatcherServlet'
[20241212 20:53:09:063][INFO ][o.s.web.servlet.DispatcherServlet] Initializing Servlet 'dispatcherServlet'
[20241212 20:53:09:070][INFO ][o.s.web.servlet.DispatcherServlet] Completed initialization in 5 ms
[20241212 20:53:09:908][INFO ][c.e.demo.controller.WidgetController] Currency: null
[20241212 20:53:09:909][INFO ][c.e.demo.controller.WidgetController] Method: null
[20241212 20:53:10:156][DEBUG][org.hibernate.SQL] insert into test_payment_info (country,currency,discount_amount,payment_method,payment_time,total_amount) values (?,?,?,?,?,?)
[20241212 20:53:14:345][DEBUG][org.hibernate.SQL] select p1_0.id,p1_0.category,p1_0.country,p1_0.manufacturer,p1_0.name,p1_0.price,p1_0.quantity from product p1_0
[20241212 20:53:14:345][DEBUG][org.hibernate.SQL] select u1_0.id,u1_0.created_at,u1_0.name,u1_0.phone,u1_0.signup_id,u1_0.signup_password,u1_0.updated_at from user u1_0 where u1_0.signup_id=?
[20241212 20:53:15:578][DEBUG][org.hibernate.SQL] select u1_0.id,u1_0.created_at,u1_0.name,u1_0.phone,u1_0.signup_id,u1_0.signup_password,u1_0.updated_at from user u1_0 where u1_0.signup_id=?
[20241212 20:53:15:633][DEBUG][org.hibernate.SQL] select c1_0.id,c1_0.created_at,c1_0.product_id,c1_0.quantity,c1_0.updated_at,c1_0.signup_id from cart c1_0 where c1_0.signup_id=?
[20241212 20:53:15:675][DEBUG][org.hibernate.SQL] select u1_0.id,u1_0.created_at,u1_0.name,u1_0.phone,u1_0.signup_id,u1_0.signup_password,u1_0.updated_at from user u1_0 where u1_0.signup_id=?
[20241212 20:53:15:692][DEBUG][org.hibernate.SQL] select p1_0.id,p1_0.category,p1_0.country,p1_0.manufacturer,p1_0.name,p1_0.price,p1_0.quantity from product p1_0 where p1_0.id=?
[20241212 20:53:15:698][DEBUG][org.hibernate.SQL] select p1_0.id,p1_0.category,p1_0.country,p1_0.manufacturer,p1_0.name,p1_0.price,p1_0.quantity from product p1_0 where p1_0.id=?
[20241212 20:53:15:702][DEBUG][org.hibernate.SQL] select p1_0.id,p1_0.category,p1_0.country,p1_0.manufacturer,p1_0.name,p1_0.price,p1_0.quantity from product p1_0 where p1_0.id=?
[20241212 20:53:15:705][DEBUG][org.hibernate.SQL] select p1_0.id,p1_0.category,p1_0.country,p1_0.manufacturer,p1_0.name,p1_0.price,p1_0.quantity from product p1_0 where p1_0.id=?
[20241212 20:53:15:708][DEBUG][org.hibernate.SQL] select p1_0.id,p1_0.category,p1_0.country,p1_0.manufacturer,p1_0.name,p1_0.price,p1_0.quantity from product p1_0 where p1_0.id=?
[20241212 20:54:02:577][INFO ][c.e.demo.controller.WidgetController] Currency: KRW
[20241212 20:54:02:577][INFO ][c.e.demo.controller.WidgetController] Method: 간편결제
[20241212 20:54:02:577][DEBUG][org.hibernate.SQL] insert into test_payment_info (country,currency,discount_amount,payment_method,payment_time,total_amount) values (?,?,?,?,?,?)
[20241212 22:03:45:980][INFO ][com.example.demo.DemoApplication] Starting DemoApplication using Java 17.0.3 with PID 11760 (C:\Users\user\Desktop\demo\build\classes\java\main started by 최진혁 in C:\Users\user\Desktop\demo)
[20241212 22:03:46:002][INFO ][com.example.demo.DemoApplication] No active profile set, falling back to 1 default profile: "default"
[20241212 22:03:46:472][INFO ][o.s.b.d.e.DevToolsPropertyDefaultsPostProcessor] Devtools property defaults active! Set 'spring.devtools.add-properties' to 'false' to disable
[20241212 22:03:46:474][INFO ][o.s.b.d.e.DevToolsPropertyDefaultsPostProcessor] For additional web related logging consider setting the 'logging.level.web' property to 'DEBUG'
[20241212 22:04:01:479][INFO ][o.s.d.r.c.RepositoryConfigurationDelegate] Bootstrapping Spring Data JPA repositories in DEFAULT mode.
[20241212 22:04:02:232][INFO ][o.s.d.r.c.RepositoryConfigurationDelegate] Finished Spring Data repository scanning in 592 ms. Found 5 JPA repository interfaces.
[20241212 22:04:09:908][INFO ][o.s.b.w.embedded.tomcat.TomcatWebServer] Tomcat initialized with port 8083 (http)
[20241212 22:04:10:096][INFO ][o.apache.coyote.http11.Http11NioProtocol] Initializing ProtocolHandler ["http-nio-8083"]
[20241212 22:04:10:190][INFO ][o.apache.catalina.core.StandardService] Starting service [Tomcat]
[20241212 22:04:10:207][INFO ][org.apache.catalina.core.StandardEngine] Starting Servlet engine: [Apache Tomcat/10.1.31]
[20241212 22:04:11:512][INFO ][o.a.c.c.C.[Tomcat].[localhost].[/]] Initializing Spring embedded WebApplicationContext
[20241212 22:04:11:522][INFO ][o.s.b.w.s.c.ServletWebServerApplicationContext] Root WebApplicationContext: initialization completed in 25043 ms
[20241212 22:04:13:827][INFO ][o.hibernate.jpa.internal.util.LogHelper] HHH000204: Processing PersistenceUnitInfo [name: default]
[20241212 22:04:14:905][INFO ][org.hibernate.Version] HHH000412: Hibernate ORM core version 6.5.3.Final
[20241212 22:04:15:354][INFO ][o.h.c.internal.RegionFactoryInitiator] HHH000026: Second-level cache disabled
[20241212 22:04:20:103][INFO ][o.s.o.j.p.SpringPersistenceUnitInfo] No LoadTimeWeaver setup: ignoring JPA class transformer
[20241212 22:04:20:850][INFO ][com.zaxxer.hikari.HikariDataSource] HikariPool-1 - Starting...
[20241212 22:04:25:386][INFO ][com.zaxxer.hikari.pool.HikariPool] HikariPool-1 - Added connection com.mysql.cj.jdbc.ConnectionImpl@735330eb
[20241212 22:04:25:539][INFO ][com.zaxxer.hikari.HikariDataSource] HikariPool-1 - Start completed.
[20241212 22:04:25:957][WARN ][org.hibernate.orm.deprecation] HHH90000025: MySQLDialect does not need to be specified explicitly using 'hibernate.dialect' (remove the property setting and it will be selected by default)
[20241212 22:04:26:490][DEBUG][o.h.t.descriptor.sql.spi.DdlTypeRegistry] addDescriptor(12, org.hibernate.type.descriptor.sql.internal.CapacityDependentDdlType@6bc1a648) replaced previous registration(org.hibernate.type.descriptor.sql.internal.CapacityDependentDdlType@1b18716)
[20241212 22:04:26:495][DEBUG][o.h.t.descriptor.sql.spi.DdlTypeRegistry] addDescriptor(-9, org.hibernate.type.descriptor.sql.internal.CapacityDependentDdlType@31e5a94b) replaced previous registration(org.hibernate.type.descriptor.sql.internal.CapacityDependentDdlType@21eeb060)
[20241212 22:04:26:577][DEBUG][o.h.t.descriptor.sql.spi.DdlTypeRegistry] addDescriptor(-3, org.hibernate.type.descriptor.sql.internal.CapacityDependentDdlType@477bb1f3) replaced previous registration(org.hibernate.type.descriptor.sql.internal.CapacityDependentDdlType@4aff173d)
[20241212 22:04:26:766][DEBUG][o.h.t.descriptor.sql.spi.DdlTypeRegistry] addDescriptor(4003, org.hibernate.type.descriptor.sql.internal.DdlTypeImpl@564c50d8) replaced previous registration(org.hibernate.type.descriptor.sql.internal.DdlTypeImpl@2f597c1)
[20241212 22:04:26:899][DEBUG][o.h.t.descriptor.sql.spi.DdlTypeRegistry] addDescriptor(4001, org.hibernate.type.descriptor.sql.internal.DdlTypeImpl@181b4a45) replaced previous registration(org.hibernate.type.descriptor.sql.internal.DdlTypeImpl@2a6ff084)
[20241212 22:04:26:999][DEBUG][o.h.t.descriptor.sql.spi.DdlTypeRegistry] addDescriptor(4002, org.hibernate.type.descriptor.sql.internal.DdlTypeImpl@1e11af81) replaced previous registration(org.hibernate.type.descriptor.sql.internal.DdlTypeImpl@30f4681d)
[20241212 22:04:27:204][DEBUG][o.h.t.descriptor.sql.spi.DdlTypeRegistry] addDescriptor(2004, org.hibernate.type.descriptor.sql.internal.CapacityDependentDdlType@727f4524) replaced previous registration(org.hibernate.type.descriptor.sql.internal.DdlTypeImpl@27c1603f)
[20241212 22:04:27:289][DEBUG][o.h.t.descriptor.sql.spi.DdlTypeRegistry] addDescriptor(2005, org.hibernate.type.descriptor.sql.internal.CapacityDependentDdlType@34bfbee1) replaced previous registration(org.hibernate.type.descriptor.sql.internal.DdlTypeImpl@27989ceb)
[20241212 22:04:27:321][DEBUG][o.h.t.descriptor.sql.spi.DdlTypeRegistry] addDescriptor(2011, org.hibernate.type.descriptor.sql.internal.CapacityDependentDdlType@2fc6ab59) replaced previous registration(org.hibernate.type.descriptor.sql.internal.DdlTypeImpl@3aaf606)
[20241212 22:04:38:718][INFO ][o.h.e.t.j.p.i.JtaPlatformInitiator] HHH000489: No JTA platform available (set 'hibernate.transaction.jta.platform' to enable JTA platform integration)
[20241212 22:04:39:783][INFO ][o.s.o.j.LocalContainerEntityManagerFactoryBean] Initialized JPA EntityManagerFactory for persistence unit 'default'
[20241212 22:04:48:540][WARN ][o.s.b.a.o.j.JpaBaseConfiguration$JpaWebConfiguration] spring.jpa.open-in-view is enabled by default. Therefore, database queries may be performed during view rendering. Explicitly configure spring.jpa.open-in-view to disable this warning
[20241212 22:04:49:170][INFO ][o.s.b.a.w.s.WelcomePageHandlerMapping] Adding welcome page template: index
[20241212 22:04:54:711][INFO ][o.s.b.d.a.OptionalLiveReloadServer] LiveReload server is running on port 35729
[20241212 22:04:54:835][INFO ][o.apache.coyote.http11.Http11NioProtocol] Starting ProtocolHandler ["http-nio-8083"]
[20241212 22:04:55:037][INFO ][o.s.b.w.embedded.tomcat.TomcatWebServer] Tomcat started on port 8083 (http) with context path '/'
[20241212 22:04:55:194][INFO ][com.example.demo.DemoApplication] Started DemoApplication in 76.344 seconds (process running for 79.72)
[20241212 22:06:09:560][INFO ][o.a.c.c.C.[Tomcat].[localhost].[/]] Initializing Spring DispatcherServlet 'dispatcherServlet'
[20241212 22:06:09:658][INFO ][o.s.web.servlet.DispatcherServlet] Initializing Servlet 'dispatcherServlet'
[20241212 22:06:09:828][INFO ][o.s.web.servlet.DispatcherServlet] Completed initialization in 163 ms
[20241212 22:06:18:171][INFO ][c.e.demo.controller.WidgetController] Payment Method: null
[20241212 22:06:18:172][INFO ][c.e.demo.controller.WidgetController] Currency: null
[20241212 22:06:18:174][INFO ][c.e.demo.controller.WidgetController] Country: null
[20241212 22:06:18:177][INFO ][c.e.demo.controller.WidgetController] Total Amount: 771000
[20241212 22:06:18:182][INFO ][c.e.demo.controller.WidgetController] Discount Amount: 0
[20241212 22:06:19:057][DEBUG][org.hibernate.SQL] insert into test_payment_info (country,currency,discount_amount,payment_method,payment_time,total_amount) values (?,?,?,?,?,?)
[20241212 22:06:23:584][DEBUG][org.hibernate.SQL] select u1_0.id,u1_0.created_at,u1_0.name,u1_0.phone,u1_0.signup_id,u1_0.signup_password,u1_0.updated_at from user u1_0 where u1_0.signup_id=?
[20241212 22:06:23:585][DEBUG][org.hibernate.SQL] select p1_0.id,p1_0.category,p1_0.country,p1_0.manufacturer,p1_0.name,p1_0.price,p1_0.quantity from product p1_0
[20241212 22:06:29:246][DEBUG][org.hibernate.SQL] select u1_0.id,u1_0.created_at,u1_0.name,u1_0.phone,u1_0.signup_id,u1_0.signup_password,u1_0.updated_at from user u1_0 where u1_0.signup_id=?
[20241212 22:06:29:276][DEBUG][org.hibernate.SQL] select c1_0.id,c1_0.created_at,c1_0.product_id,c1_0.quantity,c1_0.updated_at,c1_0.signup_id from cart c1_0 where c1_0.signup_id=?
[20241212 22:06:29:334][DEBUG][org.hibernate.SQL] select u1_0.id,u1_0.created_at,u1_0.name,u1_0.phone,u1_0.signup_id,u1_0.signup_password,u1_0.updated_at from user u1_0 where u1_0.signup_id=?
[20241212 22:06:29:356][DEBUG][org.hibernate.SQL] select p1_0.id,p1_0.category,p1_0.country,p1_0.manufacturer,p1_0.name,p1_0.price,p1_0.quantity from product p1_0 where p1_0.id=?
[20241212 22:06:29:363][DEBUG][org.hibernate.SQL] select p1_0.id,p1_0.category,p1_0.country,p1_0.manufacturer,p1_0.name,p1_0.price,p1_0.quantity from product p1_0 where p1_0.id=?
[20241212 22:06:29:367][DEBUG][org.hibernate.SQL] select p1_0.id,p1_0.category,p1_0.country,p1_0.manufacturer,p1_0.name,p1_0.price,p1_0.quantity from product p1_0 where p1_0.id=?
[20241212 22:06:29:371][DEBUG][org.hibernate.SQL] select p1_0.id,p1_0.category,p1_0.country,p1_0.manufacturer,p1_0.name,p1_0.price,p1_0.quantity from product p1_0 where p1_0.id=?
[20241212 22:06:29:375][DEBUG][org.hibernate.SQL] select p1_0.id,p1_0.category,p1_0.country,p1_0.manufacturer,p1_0.name,p1_0.price,p1_0.quantity from product p1_0 where p1_0.id=?
[20241212 22:07:21:904][INFO ][c.e.demo.controller.WidgetController] Payment Method: null
[20241212 22:07:21:904][INFO ][c.e.demo.controller.WidgetController] Currency: KRW
[20241212 22:07:21:904][INFO ][c.e.demo.controller.WidgetController] Country: KR
[20241212 22:07:21:904][INFO ][c.e.demo.controller.WidgetController] Total Amount: 771000
[20241212 22:07:21:904][INFO ][c.e.demo.controller.WidgetController] Discount Amount: 0
[20241212 22:07:21:919][DEBUG][org.hibernate.SQL] insert into test_payment_info (country,currency,discount_amount,payment_method,payment_time,total_amount) values (?,?,?,?,?,?)
[20241212 22:08:34:148][DEBUG][org.hibernate.SQL] select u1_0.id,u1_0.created_at,u1_0.name,u1_0.phone,u1_0.signup_id,u1_0.signup_password,u1_0.updated_at from user u1_0 where u1_0.signup_id=?
[20241212 22:08:34:150][DEBUG][org.hibernate.SQL] select p1_0.id,p1_0.category,p1_0.country,p1_0.manufacturer,p1_0.name,p1_0.price,p1_0.quantity from product p1_0
[20241212 22:08:38:852][DEBUG][org.hibernate.SQL] select u1_0.id,u1_0.created_at,u1_0.name,u1_0.phone,u1_0.signup_id,u1_0.signup_password,u1_0.updated_at from user u1_0 where u1_0.signup_id=?
[20241212 22:08:38:863][DEBUG][org.hibernate.SQL] select c1_0.id,c1_0.created_at,c1_0.product_id,c1_0.quantity,c1_0.updated_at,c1_0.signup_id from cart c1_0 where c1_0.signup_id=?
[20241212 22:08:38:887][DEBUG][org.hibernate.SQL] select u1_0.id,u1_0.created_at,u1_0.name,u1_0.phone,u1_0.signup_id,u1_0.signup_password,u1_0.updated_at from user u1_0 where u1_0.signup_id=?
[20241212 22:08:38:899][DEBUG][org.hibernate.SQL] select p1_0.id,p1_0.category,p1_0.country,p1_0.manufacturer,p1_0.name,p1_0.price,p1_0.quantity from product p1_0 where p1_0.id=?
[20241212 22:08:38:924][DEBUG][org.hibernate.SQL] select p1_0.id,p1_0.category,p1_0.country,p1_0.manufacturer,p1_0.name,p1_0.price,p1_0.quantity from product p1_0 where p1_0.id=?
[20241212 22:08:38:925][DEBUG][org.hibernate.SQL] select p1_0.id,p1_0.category,p1_0.country,p1_0.manufacturer,p1_0.name,p1_0.price,p1_0.quantity from product p1_0 where p1_0.id=?
[20241212 22:08:38:925][DEBUG][org.hibernate.SQL] select p1_0.id,p1_0.category,p1_0.country,p1_0.manufacturer,p1_0.name,p1_0.price,p1_0.quantity from product p1_0 where p1_0.id=?
[20241212 22:08:38:945][DEBUG][org.hibernate.SQL] select p1_0.id,p1_0.category,p1_0.country,p1_0.manufacturer,p1_0.name,p1_0.price,p1_0.quantity from product p1_0 where p1_0.id=?
[20241212 22:09:12:479][INFO ][c.e.demo.controller.WidgetController] Payment Method: null
[20241212 22:09:12:479][INFO ][c.e.demo.controller.WidgetController] Currency: KRW
[20241212 22:09:12:479][INFO ][c.e.demo.controller.WidgetController] Country: KR
[20241212 22:09:12:479][INFO ][c.e.demo.controller.WidgetController] Total Amount: 766000
[20241212 22:09:12:479][INFO ][c.e.demo.controller.WidgetController] Discount Amount: 0
[20241212 22:09:12:494][DEBUG][org.hibernate.SQL] insert into test_payment_info (country,currency,discount_amount,payment_method,payment_time,total_amount) values (?,?,?,?,?,?)
[20241212 22:09:49:371][DEBUG][org.hibernate.SQL] select p1_0.id,p1_0.category,p1_0.country,p1_0.manufacturer,p1_0.name,p1_0.price,p1_0.quantity from product p1_0
[20241212 22:09:49:373][DEBUG][org.hibernate.SQL] select u1_0.id,u1_0.created_at,u1_0.name,u1_0.phone,u1_0.signup_id,u1_0.signup_password,u1_0.updated_at from user u1_0 where u1_0.signup_id=?
[20241212 22:09:50:578][DEBUG][org.hibernate.SQL] select u1_0.id,u1_0.created_at,u1_0.name,u1_0.phone,u1_0.signup_id,u1_0.signup_password,u1_0.updated_at from user u1_0 where u1_0.signup_id=?
[20241212 22:09:50:592][DEBUG][org.hibernate.SQL] select c1_0.id,c1_0.created_at,c1_0.product_id,c1_0.quantity,c1_0.updated_at,c1_0.signup_id from cart c1_0 where c1_0.signup_id=?
[20241212 22:09:50:598][DEBUG][org.hibernate.SQL] select u1_0.id,u1_0.created_at,u1_0.name,u1_0.phone,u1_0.signup_id,u1_0.signup_password,u1_0.updated_at from user u1_0 where u1_0.signup_id=?
[20241212 22:09:50:614][DEBUG][org.hibernate.SQL] select p1_0.id,p1_0.category,p1_0.country,p1_0.manufacturer,p1_0.name,p1_0.price,p1_0.quantity from product p1_0 where p1_0.id=?
[20241212 22:09:50:624][DEBUG][org.hibernate.SQL] select p1_0.id,p1_0.category,p1_0.country,p1_0.manufacturer,p1_0.name,p1_0.price,p1_0.quantity from product p1_0 where p1_0.id=?
[20241212 22:09:50:628][DEBUG][org.hibernate.SQL] select p1_0.id,p1_0.category,p1_0.country,p1_0.manufacturer,p1_0.name,p1_0.price,p1_0.quantity from product p1_0 where p1_0.id=?
[20241212 22:09:50:638][DEBUG][org.hibernate.SQL] select p1_0.id,p1_0.category,p1_0.country,p1_0.manufacturer,p1_0.name,p1_0.price,p1_0.quantity from product p1_0 where p1_0.id=?
[20241212 22:09:50:644][DEBUG][org.hibernate.SQL] select p1_0.id,p1_0.category,p1_0.country,p1_0.manufacturer,p1_0.name,p1_0.price,p1_0.quantity from product p1_0 where p1_0.id=?
