[20241211 17:31:26:808][INFO ][com.example.demo.DemoApplication] Starting DemoApplication using Java 17.0.3 with PID 5636 (C:\Users\user\Desktop\demo\build\classes\java\main started by √÷¡¯«ı in C:\Users\user\Desktop\demo)
[20241211 17:31:26:826][INFO ][com.example.demo.DemoApplication] No active profile set, falling back to 1 default profile: "default"
[20241211 17:31:27:070][INFO ][o.s.b.d.e.DevToolsPropertyDefaultsPostProcessor] Devtools property defaults active! Set 'spring.devtools.add-properties' to 'false' to disable
[20241211 17:31:27:079][INFO ][o.s.b.d.e.DevToolsPropertyDefaultsPostProcessor] For additional web related logging consider setting the 'logging.level.web' property to 'DEBUG'
[20241211 17:31:31:081][INFO ][o.s.d.r.c.RepositoryConfigurationDelegate] Bootstrapping Spring Data JPA repositories in DEFAULT mode.
[20241211 17:31:31:445][INFO ][o.s.d.r.c.RepositoryConfigurationDelegate] Finished Spring Data repository scanning in 321 ms. Found 4 JPA repository interfaces.
[20241211 17:31:34:875][INFO ][o.s.b.w.embedded.tomcat.TomcatWebServer] Tomcat initialized with port 8083 (http)
[20241211 17:31:34:938][INFO ][o.apache.coyote.http11.Http11NioProtocol] Initializing ProtocolHandler ["http-nio-8083"]
[20241211 17:31:34:957][INFO ][o.apache.catalina.core.StandardService] Starting service [Tomcat]
[20241211 17:31:34:958][INFO ][org.apache.catalina.core.StandardEngine] Starting Servlet engine: [Apache Tomcat/10.1.31]
[20241211 17:31:35:428][INFO ][o.a.c.c.C.[Tomcat].[localhost].[/]] Initializing Spring embedded WebApplicationContext
[20241211 17:31:35:433][INFO ][o.s.b.w.s.c.ServletWebServerApplicationContext] Root WebApplicationContext: initialization completed in 8343 ms
[20241211 17:31:36:043][INFO ][o.hibernate.jpa.internal.util.LogHelper] HHH000204: Processing PersistenceUnitInfo [name: default]
[20241211 17:31:36:419][INFO ][org.hibernate.Version] HHH000412: Hibernate ORM core version 6.5.3.Final
[20241211 17:31:39:278][INFO ][o.h.c.internal.RegionFactoryInitiator] HHH000026: Second-level cache disabled
[20241211 17:31:41:208][INFO ][o.s.o.j.p.SpringPersistenceUnitInfo] No LoadTimeWeaver setup: ignoring JPA class transformer
[20241211 17:31:41:558][INFO ][com.zaxxer.hikari.HikariDataSource] HikariPool-1 - Starting...
[20241211 17:31:43:387][INFO ][com.zaxxer.hikari.pool.HikariPool] HikariPool-1 - Added connection com.mysql.cj.jdbc.ConnectionImpl@15e51107
[20241211 17:31:43:392][INFO ][com.zaxxer.hikari.HikariDataSource] HikariPool-1 - Start completed.
[20241211 17:31:46:115][WARN ][org.hibernate.orm.deprecation] HHH90000025: MySQLDialect does not need to be specified explicitly using 'hibernate.dialect' (remove the property setting and it will be selected by default)
[20241211 17:31:46:251][DEBUG][o.h.t.descriptor.sql.spi.DdlTypeRegistry] addDescriptor(12, org.hibernate.type.descriptor.sql.internal.CapacityDependentDdlType@340f73de) replaced previous registration(org.hibernate.type.descriptor.sql.internal.CapacityDependentDdlType@5b5b4cda)
[20241211 17:31:46:254][DEBUG][o.h.t.descriptor.sql.spi.DdlTypeRegistry] addDescriptor(-9, org.hibernate.type.descriptor.sql.internal.CapacityDependentDdlType@7e228b00) replaced previous registration(org.hibernate.type.descriptor.sql.internal.CapacityDependentDdlType@504e86ae)
[20241211 17:31:46:257][DEBUG][o.h.t.descriptor.sql.spi.DdlTypeRegistry] addDescriptor(-3, org.hibernate.type.descriptor.sql.internal.CapacityDependentDdlType@1f108efa) replaced previous registration(org.hibernate.type.descriptor.sql.internal.CapacityDependentDdlType@1eac2c5e)
[20241211 17:31:46:262][DEBUG][o.h.t.descriptor.sql.spi.DdlTypeRegistry] addDescriptor(4003, org.hibernate.type.descriptor.sql.internal.DdlTypeImpl@743cce00) replaced previous registration(org.hibernate.type.descriptor.sql.internal.DdlTypeImpl@50e34ddf)
[20241211 17:31:46:265][DEBUG][o.h.t.descriptor.sql.spi.DdlTypeRegistry] addDescriptor(4001, org.hibernate.type.descriptor.sql.internal.DdlTypeImpl@4b1f6e67) replaced previous registration(org.hibernate.type.descriptor.sql.internal.DdlTypeImpl@342e7586)
[20241211 17:31:46:267][DEBUG][o.h.t.descriptor.sql.spi.DdlTypeRegistry] addDescriptor(4002, org.hibernate.type.descriptor.sql.internal.DdlTypeImpl@26f0e1cd) replaced previous registration(org.hibernate.type.descriptor.sql.internal.DdlTypeImpl@6cb7dd79)
[20241211 17:31:46:272][DEBUG][o.h.t.descriptor.sql.spi.DdlTypeRegistry] addDescriptor(2004, org.hibernate.type.descriptor.sql.internal.CapacityDependentDdlType@5c6bfade) replaced previous registration(org.hibernate.type.descriptor.sql.internal.DdlTypeImpl@1b2e3690)
[20241211 17:31:46:274][DEBUG][o.h.t.descriptor.sql.spi.DdlTypeRegistry] addDescriptor(2005, org.hibernate.type.descriptor.sql.internal.CapacityDependentDdlType@3a7152b1) replaced previous registration(org.hibernate.type.descriptor.sql.internal.DdlTypeImpl@687f1c93)
[20241211 17:31:46:287][DEBUG][o.h.t.descriptor.sql.spi.DdlTypeRegistry] addDescriptor(2011, org.hibernate.type.descriptor.sql.internal.CapacityDependentDdlType@6bc1a648) replaced previous registration(org.hibernate.type.descriptor.sql.internal.DdlTypeImpl@1b18716)
[20241211 17:31:49:798][INFO ][o.h.e.t.j.p.i.JtaPlatformInitiator] HHH000489: No JTA platform available (set 'hibernate.transaction.jta.platform' to enable JTA platform integration)
[20241211 17:31:50:225][INFO ][o.s.o.j.LocalContainerEntityManagerFactoryBean] Initialized JPA EntityManagerFactory for persistence unit 'default'
[20241211 17:31:51:308][WARN ][o.s.b.a.o.j.JpaBaseConfiguration$JpaWebConfiguration] spring.jpa.open-in-view is enabled by default. Therefore, database queries may be performed during view rendering. Explicitly configure spring.jpa.open-in-view to disable this warning
[20241211 17:31:51:387][INFO ][o.s.b.a.w.s.WelcomePageHandlerMapping] Adding welcome page template: index
[20241211 17:31:52:967][INFO ][o.s.b.d.a.OptionalLiveReloadServer] LiveReload server is running on port 35729
[20241211 17:31:53:612][INFO ][o.apache.coyote.http11.Http11NioProtocol] Starting ProtocolHandler ["http-nio-8083"]
[20241211 17:31:54:947][INFO ][o.s.b.w.embedded.tomcat.TomcatWebServer] Tomcat started on port 8083 (http) with context path '/'
[20241211 17:31:55:106][INFO ][com.example.demo.DemoApplication] Started DemoApplication in 33.613 seconds (process running for 49.506)
[20241211 17:33:31:793][INFO ][com.example.demo.DemoApplication] Starting DemoApplication using Java 17.0.3 with PID 15776 (C:\Users\user\Desktop\demo\build\classes\java\main started by √÷¡¯«ı in C:\Users\user\Desktop\demo)
[20241211 17:33:31:812][INFO ][com.example.demo.DemoApplication] No active profile set, falling back to 1 default profile: "default"
[20241211 17:33:32:389][INFO ][o.s.b.d.e.DevToolsPropertyDefaultsPostProcessor] Devtools property defaults active! Set 'spring.devtools.add-properties' to 'false' to disable
[20241211 17:33:32:393][INFO ][o.s.b.d.e.DevToolsPropertyDefaultsPostProcessor] For additional web related logging consider setting the 'logging.level.web' property to 'DEBUG'
[20241211 17:33:37:228][INFO ][o.s.d.r.c.RepositoryConfigurationDelegate] Bootstrapping Spring Data JPA repositories in DEFAULT mode.
[20241211 17:33:37:518][INFO ][o.s.d.r.c.RepositoryConfigurationDelegate] Finished Spring Data repository scanning in 248 ms. Found 4 JPA repository interfaces.
[20241211 17:33:39:578][INFO ][o.s.b.w.embedded.tomcat.TomcatWebServer] Tomcat initialized with port 8083 (http)
[20241211 17:33:39:614][INFO ][o.apache.coyote.http11.Http11NioProtocol] Initializing ProtocolHandler ["http-nio-8083"]
[20241211 17:33:39:628][INFO ][o.apache.catalina.core.StandardService] Starting service [Tomcat]
[20241211 17:33:39:628][INFO ][org.apache.catalina.core.StandardEngine] Starting Servlet engine: [Apache Tomcat/10.1.31]
[20241211 17:33:39:808][INFO ][o.a.c.c.C.[Tomcat].[localhost].[/]] Initializing Spring embedded WebApplicationContext
[20241211 17:33:39:808][INFO ][o.s.b.w.s.c.ServletWebServerApplicationContext] Root WebApplicationContext: initialization completed in 7356 ms
[20241211 17:33:40:148][INFO ][o.hibernate.jpa.internal.util.LogHelper] HHH000204: Processing PersistenceUnitInfo [name: default]
[20241211 17:33:40:328][INFO ][org.hibernate.Version] HHH000412: Hibernate ORM core version 6.5.3.Final
[20241211 17:33:40:442][INFO ][o.h.c.internal.RegionFactoryInitiator] HHH000026: Second-level cache disabled
[20241211 17:33:41:385][INFO ][o.s.o.j.p.SpringPersistenceUnitInfo] No LoadTimeWeaver setup: ignoring JPA class transformer
[20241211 17:33:41:517][INFO ][com.zaxxer.hikari.HikariDataSource] HikariPool-1 - Starting...
[20241211 17:33:42:627][INFO ][com.zaxxer.hikari.pool.HikariPool] HikariPool-1 - Added connection com.mysql.cj.jdbc.ConnectionImpl@7fd2b41d
[20241211 17:33:42:632][INFO ][com.zaxxer.hikari.HikariDataSource] HikariPool-1 - Start completed.
[20241211 17:33:42:808][WARN ][org.hibernate.orm.deprecation] HHH90000025: MySQLDialect does not need to be specified explicitly using 'hibernate.dialect' (remove the property setting and it will be selected by default)
[20241211 17:33:42:884][DEBUG][o.h.t.descriptor.sql.spi.DdlTypeRegistry] addDescriptor(12, org.hibernate.type.descriptor.sql.internal.CapacityDependentDdlType@4a03ccbd) replaced previous registration(org.hibernate.type.descriptor.sql.internal.CapacityDependentDdlType@6d957a2f)
[20241211 17:33:42:886][DEBUG][o.h.t.descriptor.sql.spi.DdlTypeRegistry] addDescriptor(-9, org.hibernate.type.descriptor.sql.internal.CapacityDependentDdlType@b8ccc4f) replaced previous registration(org.hibernate.type.descriptor.sql.internal.CapacityDependentDdlType@721ceb8e)
[20241211 17:33:42:888][DEBUG][o.h.t.descriptor.sql.spi.DdlTypeRegistry] addDescriptor(-3, org.hibernate.type.descriptor.sql.internal.CapacityDependentDdlType@262eb754) replaced previous registration(org.hibernate.type.descriptor.sql.internal.CapacityDependentDdlType@60ace5bc)
[20241211 17:33:42:890][DEBUG][o.h.t.descriptor.sql.spi.DdlTypeRegistry] addDescriptor(4003, org.hibernate.type.descriptor.sql.internal.DdlTypeImpl@dafb352) replaced previous registration(org.hibernate.type.descriptor.sql.internal.DdlTypeImpl@18fa79f2)
[20241211 17:33:42:893][DEBUG][o.h.t.descriptor.sql.spi.DdlTypeRegistry] addDescriptor(4001, org.hibernate.type.descriptor.sql.internal.DdlTypeImpl@4bbde9ae) replaced previous registration(org.hibernate.type.descriptor.sql.internal.DdlTypeImpl@4c3b6460)
[20241211 17:33:42:895][DEBUG][o.h.t.descriptor.sql.spi.DdlTypeRegistry] addDescriptor(4002, org.hibernate.type.descriptor.sql.internal.DdlTypeImpl@3cfe7b96) replaced previous registration(org.hibernate.type.descriptor.sql.internal.DdlTypeImpl@7780b012)
[20241211 17:33:42:897][DEBUG][o.h.t.descriptor.sql.spi.DdlTypeRegistry] addDescriptor(2004, org.hibernate.type.descriptor.sql.internal.CapacityDependentDdlType@53d4c7d5) replaced previous registration(org.hibernate.type.descriptor.sql.internal.DdlTypeImpl@445bb1ab)
[20241211 17:33:42:901][DEBUG][o.h.t.descriptor.sql.spi.DdlTypeRegistry] addDescriptor(2005, org.hibernate.type.descriptor.sql.internal.CapacityDependentDdlType@b36407d) replaced previous registration(org.hibernate.type.descriptor.sql.internal.DdlTypeImpl@79c47129)
[20241211 17:33:42:915][DEBUG][o.h.t.descriptor.sql.spi.DdlTypeRegistry] addDescriptor(2011, org.hibernate.type.descriptor.sql.internal.CapacityDependentDdlType@cdbfbab) replaced previous registration(org.hibernate.type.descriptor.sql.internal.DdlTypeImpl@1514d572)
[20241211 17:33:46:728][INFO ][o.h.e.t.j.p.i.JtaPlatformInitiator] HHH000489: No JTA platform available (set 'hibernate.transaction.jta.platform' to enable JTA platform integration)
[20241211 17:33:46:978][INFO ][o.s.o.j.LocalContainerEntityManagerFactoryBean] Initialized JPA EntityManagerFactory for persistence unit 'default'
[20241211 17:33:48:308][WARN ][o.s.b.a.o.j.JpaBaseConfiguration$JpaWebConfiguration] spring.jpa.open-in-view is enabled by default. Therefore, database queries may be performed during view rendering. Explicitly configure spring.jpa.open-in-view to disable this warning
[20241211 17:33:48:417][INFO ][o.s.b.a.w.s.WelcomePageHandlerMapping] Adding welcome page template: index
[20241211 17:33:49:672][INFO ][o.s.b.d.a.OptionalLiveReloadServer] LiveReload server is running on port 35729
[20241211 17:33:49:707][INFO ][o.apache.coyote.http11.Http11NioProtocol] Starting ProtocolHandler ["http-nio-8083"]
[20241211 17:33:49:971][INFO ][o.s.b.w.embedded.tomcat.TomcatWebServer] Tomcat started on port 8083 (http) with context path '/'
[20241211 17:33:50:001][INFO ][com.example.demo.DemoApplication] Started DemoApplication in 21.066 seconds (process running for 23.799)
[20241211 17:41:25:256][INFO ][o.a.c.c.C.[Tomcat].[localhost].[/]] Initializing Spring DispatcherServlet 'dispatcherServlet'
[20241211 17:41:25:335][INFO ][o.s.web.servlet.DispatcherServlet] Initializing Servlet 'dispatcherServlet'
[20241211 17:41:25:486][INFO ][o.s.web.servlet.DispatcherServlet] Completed initialization in 149 ms
[20241211 17:41:27:560][DEBUG][org.hibernate.SQL] select u1_0.id,u1_0.created_at,u1_0.name,u1_0.phone,u1_0.signup_id,u1_0.signup_password,u1_0.updated_at from user u1_0 where u1_0.signup_id=?
[20241211 17:41:27:567][DEBUG][org.hibernate.SQL] select p1_0.id,p1_0.category,p1_0.country,p1_0.manufacturer,p1_0.name,p1_0.price,p1_0.quantity from product p1_0
[20241211 17:42:03:747][DEBUG][org.hibernate.SQL] select u1_0.id,u1_0.created_at,u1_0.name,u1_0.phone,u1_0.signup_id,u1_0.signup_password,u1_0.updated_at from user u1_0 where u1_0.signup_id=?
[20241211 17:42:03:831][DEBUG][org.hibernate.SQL] select c1_0.id,c1_0.created_at,c1_0.product_id,c1_0.quantity,c1_0.updated_at,c1_0.signup_id from cart c1_0 where c1_0.signup_id=?
[20241211 17:42:03:902][DEBUG][org.hibernate.SQL] select u1_0.id,u1_0.created_at,u1_0.name,u1_0.phone,u1_0.signup_id,u1_0.signup_password,u1_0.updated_at from user u1_0 where u1_0.signup_id=?
[20241211 17:42:03:930][DEBUG][org.hibernate.SQL] select p1_0.id,p1_0.category,p1_0.country,p1_0.manufacturer,p1_0.name,p1_0.price,p1_0.quantity from product p1_0 where p1_0.id=?
[20241211 17:42:03:938][DEBUG][org.hibernate.SQL] select p1_0.id,p1_0.category,p1_0.country,p1_0.manufacturer,p1_0.name,p1_0.price,p1_0.quantity from product p1_0 where p1_0.id=?
[20241211 17:42:03:941][DEBUG][org.hibernate.SQL] select p1_0.id,p1_0.category,p1_0.country,p1_0.manufacturer,p1_0.name,p1_0.price,p1_0.quantity from product p1_0 where p1_0.id=?
[20241211 17:42:03:947][DEBUG][org.hibernate.SQL] select p1_0.id,p1_0.category,p1_0.country,p1_0.manufacturer,p1_0.name,p1_0.price,p1_0.quantity from product p1_0 where p1_0.id=?
[20241211 17:42:03:952][DEBUG][org.hibernate.SQL] select p1_0.id,p1_0.category,p1_0.country,p1_0.manufacturer,p1_0.name,p1_0.price,p1_0.quantity from product p1_0 where p1_0.id=?
[20241211 17:42:03:958][DEBUG][org.hibernate.SQL] select p1_0.id,p1_0.category,p1_0.country,p1_0.manufacturer,p1_0.name,p1_0.price,p1_0.quantity from product p1_0 where p1_0.id=?
[20241211 18:09:28:233][INFO ][com.example.demo.DemoApplication] Starting DemoApplication using Java 17.0.3 with PID 7808 (C:\Users\user\Desktop\demo\build\classes\java\main started by √÷¡¯«ı in C:\Users\user\Desktop\demo)
[20241211 18:09:28:242][INFO ][com.example.demo.DemoApplication] No active profile set, falling back to 1 default profile: "default"
[20241211 18:09:28:452][INFO ][o.s.b.d.e.DevToolsPropertyDefaultsPostProcessor] Devtools property defaults active! Set 'spring.devtools.add-properties' to 'false' to disable
[20241211 18:09:28:457][INFO ][o.s.b.d.e.DevToolsPropertyDefaultsPostProcessor] For additional web related logging consider setting the 'logging.level.web' property to 'DEBUG'
[20241211 18:09:32:918][INFO ][o.s.d.r.c.RepositoryConfigurationDelegate] Bootstrapping Spring Data JPA repositories in DEFAULT mode.
[20241211 18:09:33:576][INFO ][o.s.d.r.c.RepositoryConfigurationDelegate] Finished Spring Data repository scanning in 535 ms. Found 4 JPA repository interfaces.
[20241211 18:09:40:087][INFO ][o.s.b.w.embedded.tomcat.TomcatWebServer] Tomcat initialized with port 8083 (http)
[20241211 18:09:40:191][INFO ][o.apache.coyote.http11.Http11NioProtocol] Initializing ProtocolHandler ["http-nio-8083"]
[20241211 18:09:40:220][INFO ][o.apache.catalina.core.StandardService] Starting service [Tomcat]
[20241211 18:09:40:223][INFO ][org.apache.catalina.core.StandardEngine] Starting Servlet engine: [Apache Tomcat/10.1.31]
[20241211 18:09:40:729][INFO ][o.a.c.c.C.[Tomcat].[localhost].[/]] Initializing Spring embedded WebApplicationContext
[20241211 18:09:40:732][INFO ][o.s.b.w.s.c.ServletWebServerApplicationContext] Root WebApplicationContext: initialization completed in 12266 ms
[20241211 18:09:43:250][INFO ][o.hibernate.jpa.internal.util.LogHelper] HHH000204: Processing PersistenceUnitInfo [name: default]
[20241211 18:09:44:004][INFO ][org.hibernate.Version] HHH000412: Hibernate ORM core version 6.5.3.Final
[20241211 18:09:44:299][INFO ][o.h.c.internal.RegionFactoryInitiator] HHH000026: Second-level cache disabled
[20241211 18:09:45:495][INFO ][o.s.o.j.p.SpringPersistenceUnitInfo] No LoadTimeWeaver setup: ignoring JPA class transformer
[20241211 18:09:45:599][INFO ][com.zaxxer.hikari.HikariDataSource] HikariPool-1 - Starting...
[20241211 18:09:46:959][INFO ][com.zaxxer.hikari.pool.HikariPool] HikariPool-1 - Added connection com.mysql.cj.jdbc.ConnectionImpl@3707bf14
[20241211 18:09:46:969][INFO ][com.zaxxer.hikari.HikariDataSource] HikariPool-1 - Start completed.
[20241211 18:09:47:688][WARN ][org.hibernate.orm.deprecation] HHH90000025: MySQLDialect does not need to be specified explicitly using 'hibernate.dialect' (remove the property setting and it will be selected by default)
[20241211 18:09:47:799][DEBUG][o.h.t.descriptor.sql.spi.DdlTypeRegistry] addDescriptor(12, org.hibernate.type.descriptor.sql.internal.CapacityDependentDdlType@36eb2a17) replaced previous registration(org.hibernate.type.descriptor.sql.internal.CapacityDependentDdlType@6d1918a1)
[20241211 18:09:47:801][DEBUG][o.h.t.descriptor.sql.spi.DdlTypeRegistry] addDescriptor(-9, org.hibernate.type.descriptor.sql.internal.CapacityDependentDdlType@3243803a) replaced previous registration(org.hibernate.type.descriptor.sql.internal.CapacityDependentDdlType@340f73de)
[20241211 18:09:47:806][DEBUG][o.h.t.descriptor.sql.spi.DdlTypeRegistry] addDescriptor(-3, org.hibernate.type.descriptor.sql.internal.CapacityDependentDdlType@5b5b4cda) replaced previous registration(org.hibernate.type.descriptor.sql.internal.CapacityDependentDdlType@7e228b00)
[20241211 18:09:47:812][DEBUG][o.h.t.descriptor.sql.spi.DdlTypeRegistry] addDescriptor(4003, org.hibernate.type.descriptor.sql.internal.DdlTypeImpl@504e86ae) replaced previous registration(org.hibernate.type.descriptor.sql.internal.DdlTypeImpl@1f108efa)
[20241211 18:09:47:813][DEBUG][o.h.t.descriptor.sql.spi.DdlTypeRegistry] addDescriptor(4001, org.hibernate.type.descriptor.sql.internal.DdlTypeImpl@1eac2c5e) replaced previous registration(org.hibernate.type.descriptor.sql.internal.DdlTypeImpl@743cce00)
[20241211 18:09:47:815][DEBUG][o.h.t.descriptor.sql.spi.DdlTypeRegistry] addDescriptor(4002, org.hibernate.type.descriptor.sql.internal.DdlTypeImpl@50e34ddf) replaced previous registration(org.hibernate.type.descriptor.sql.internal.DdlTypeImpl@4b1f6e67)
[20241211 18:09:47:818][DEBUG][o.h.t.descriptor.sql.spi.DdlTypeRegistry] addDescriptor(2004, org.hibernate.type.descriptor.sql.internal.CapacityDependentDdlType@342e7586) replaced previous registration(org.hibernate.type.descriptor.sql.internal.DdlTypeImpl@26f0e1cd)
[20241211 18:09:47:864][DEBUG][o.h.t.descriptor.sql.spi.DdlTypeRegistry] addDescriptor(2005, org.hibernate.type.descriptor.sql.internal.CapacityDependentDdlType@6cb7dd79) replaced previous registration(org.hibernate.type.descriptor.sql.internal.DdlTypeImpl@5c6bfade)
[20241211 18:09:47:869][DEBUG][o.h.t.descriptor.sql.spi.DdlTypeRegistry] addDescriptor(2011, org.hibernate.type.descriptor.sql.internal.CapacityDependentDdlType@1b2e3690) replaced previous registration(org.hibernate.type.descriptor.sql.internal.DdlTypeImpl@3a7152b1)
[20241211 18:09:51:025][INFO ][o.h.e.t.j.p.i.JtaPlatformInitiator] HHH000489: No JTA platform available (set 'hibernate.transaction.jta.platform' to enable JTA platform integration)
[20241211 18:09:51:447][INFO ][o.s.o.j.LocalContainerEntityManagerFactoryBean] Initialized JPA EntityManagerFactory for persistence unit 'default'
[20241211 18:09:52:854][WARN ][o.s.b.a.o.j.JpaBaseConfiguration$JpaWebConfiguration] spring.jpa.open-in-view is enabled by default. Therefore, database queries may be performed during view rendering. Explicitly configure spring.jpa.open-in-view to disable this warning
[20241211 18:09:53:025][INFO ][o.s.b.a.w.s.WelcomePageHandlerMapping] Adding welcome page template: index
[20241211 18:09:53:946][INFO ][o.s.b.d.a.OptionalLiveReloadServer] LiveReload server is running on port 35729
[20241211 18:09:53:981][INFO ][o.apache.coyote.http11.Http11NioProtocol] Starting ProtocolHandler ["http-nio-8083"]
[20241211 18:09:54:099][INFO ][o.s.b.w.embedded.tomcat.TomcatWebServer] Tomcat started on port 8083 (http) with context path '/'
[20241211 18:09:54:140][INFO ][com.example.demo.DemoApplication] Started DemoApplication in 28.746 seconds (process running for 30.744)
[20241211 18:11:27:007][INFO ][o.a.c.c.C.[Tomcat].[localhost].[/]] Initializing Spring DispatcherServlet 'dispatcherServlet'
[20241211 18:11:27:078][INFO ][o.s.web.servlet.DispatcherServlet] Initializing Servlet 'dispatcherServlet'
[20241211 18:11:27:131][INFO ][o.s.web.servlet.DispatcherServlet] Completed initialization in 11 ms
[20241211 18:11:28:008][INFO ][c.e.demo.controller.WidgetController] Currency: null
[20241211 18:11:28:008][INFO ][c.e.demo.controller.WidgetController] Method: null
[20241211 18:11:35:765][DEBUG][org.hibernate.SQL] select u1_0.id,u1_0.created_at,u1_0.name,u1_0.phone,u1_0.signup_id,u1_0.signup_password,u1_0.updated_at from user u1_0 where u1_0.signup_id=?
[20241211 18:11:35:767][DEBUG][org.hibernate.SQL] select p1_0.id,p1_0.category,p1_0.country,p1_0.manufacturer,p1_0.name,p1_0.price,p1_0.quantity from product p1_0
[20241211 18:11:36:947][DEBUG][org.hibernate.SQL] select u1_0.id,u1_0.created_at,u1_0.name,u1_0.phone,u1_0.signup_id,u1_0.signup_password,u1_0.updated_at from user u1_0 where u1_0.signup_id=?
[20241211 18:11:36:983][DEBUG][org.hibernate.SQL] select c1_0.id,c1_0.created_at,c1_0.product_id,c1_0.quantity,c1_0.updated_at,c1_0.signup_id from cart c1_0 where c1_0.signup_id=?
[20241211 18:11:37:034][DEBUG][org.hibernate.SQL] select u1_0.id,u1_0.created_at,u1_0.name,u1_0.phone,u1_0.signup_id,u1_0.signup_password,u1_0.updated_at from user u1_0 where u1_0.signup_id=?
[20241211 18:11:37:057][DEBUG][org.hibernate.SQL] select p1_0.id,p1_0.category,p1_0.country,p1_0.manufacturer,p1_0.name,p1_0.price,p1_0.quantity from product p1_0 where p1_0.id=?
[20241211 18:11:37:064][DEBUG][org.hibernate.SQL] select p1_0.id,p1_0.category,p1_0.country,p1_0.manufacturer,p1_0.name,p1_0.price,p1_0.quantity from product p1_0 where p1_0.id=?
[20241211 18:11:37:070][DEBUG][org.hibernate.SQL] select p1_0.id,p1_0.category,p1_0.country,p1_0.manufacturer,p1_0.name,p1_0.price,p1_0.quantity from product p1_0 where p1_0.id=?
[20241211 18:11:37:075][DEBUG][org.hibernate.SQL] select p1_0.id,p1_0.category,p1_0.country,p1_0.manufacturer,p1_0.name,p1_0.price,p1_0.quantity from product p1_0 where p1_0.id=?
[20241211 18:11:37:077][DEBUG][org.hibernate.SQL] select p1_0.id,p1_0.category,p1_0.country,p1_0.manufacturer,p1_0.name,p1_0.price,p1_0.quantity from product p1_0 where p1_0.id=?
[20241211 18:11:37:077][DEBUG][org.hibernate.SQL] select p1_0.id,p1_0.category,p1_0.country,p1_0.manufacturer,p1_0.name,p1_0.price,p1_0.quantity from product p1_0 where p1_0.id=?
[20241211 18:12:23:404][INFO ][c.e.demo.controller.WidgetController] Currency: KRW
[20241211 18:12:23:408][INFO ][c.e.demo.controller.WidgetController] Method: ∞£∆Ì∞·¡¶
[20241211 18:18:04:625][INFO ][com.example.demo.DemoApplication] Starting DemoApplication using Java 17.0.3 with PID 19212 (C:\Users\user\Desktop\demo\build\classes\java\main started by √÷¡¯«ı in C:\Users\user\Desktop\demo)
[20241211 18:18:04:634][INFO ][com.example.demo.DemoApplication] No active profile set, falling back to 1 default profile: "default"
[20241211 18:18:05:029][INFO ][o.s.b.d.e.DevToolsPropertyDefaultsPostProcessor] Devtools property defaults active! Set 'spring.devtools.add-properties' to 'false' to disable
[20241211 18:18:05:033][INFO ][o.s.b.d.e.DevToolsPropertyDefaultsPostProcessor] For additional web related logging consider setting the 'logging.level.web' property to 'DEBUG'
[20241211 18:18:08:901][INFO ][o.s.d.r.c.RepositoryConfigurationDelegate] Bootstrapping Spring Data JPA repositories in DEFAULT mode.
[20241211 18:18:09:467][INFO ][o.s.d.r.c.RepositoryConfigurationDelegate] Finished Spring Data repository scanning in 470 ms. Found 4 JPA repository interfaces.
[20241211 18:18:13:140][INFO ][o.s.b.w.embedded.tomcat.TomcatWebServer] Tomcat initialized with port 8083 (http)
[20241211 18:18:13:201][INFO ][o.apache.coyote.http11.Http11NioProtocol] Initializing ProtocolHandler ["http-nio-8083"]
[20241211 18:18:13:223][INFO ][o.apache.catalina.core.StandardService] Starting service [Tomcat]
[20241211 18:18:13:225][INFO ][org.apache.catalina.core.StandardEngine] Starting Servlet engine: [Apache Tomcat/10.1.31]
[20241211 18:18:13:548][INFO ][o.a.c.c.C.[Tomcat].[localhost].[/]] Initializing Spring embedded WebApplicationContext
[20241211 18:18:13:550][INFO ][o.s.b.w.s.c.ServletWebServerApplicationContext] Root WebApplicationContext: initialization completed in 8500 ms
[20241211 18:18:13:997][INFO ][o.hibernate.jpa.internal.util.LogHelper] HHH000204: Processing PersistenceUnitInfo [name: default]
[20241211 18:18:14:213][INFO ][org.hibernate.Version] HHH000412: Hibernate ORM core version 6.5.3.Final
[20241211 18:18:14:364][INFO ][o.h.c.internal.RegionFactoryInitiator] HHH000026: Second-level cache disabled
[20241211 18:18:15:447][INFO ][o.s.o.j.p.SpringPersistenceUnitInfo] No LoadTimeWeaver setup: ignoring JPA class transformer
[20241211 18:18:15:547][INFO ][com.zaxxer.hikari.HikariDataSource] HikariPool-1 - Starting...
[20241211 18:18:16:900][INFO ][com.zaxxer.hikari.pool.HikariPool] HikariPool-1 - Added connection com.mysql.cj.jdbc.ConnectionImpl@39889ec6
[20241211 18:18:16:908][INFO ][com.zaxxer.hikari.HikariDataSource] HikariPool-1 - Start completed.
[20241211 18:18:17:144][WARN ][org.hibernate.orm.deprecation] HHH90000025: MySQLDialect does not need to be specified explicitly using 'hibernate.dialect' (remove the property setting and it will be selected by default)
[20241211 18:18:17:220][DEBUG][o.h.t.descriptor.sql.spi.DdlTypeRegistry] addDescriptor(12, org.hibernate.type.descriptor.sql.internal.CapacityDependentDdlType@1d71840b) replaced previous registration(org.hibernate.type.descriptor.sql.internal.CapacityDependentDdlType@35abff0e)
[20241211 18:18:17:222][DEBUG][o.h.t.descriptor.sql.spi.DdlTypeRegistry] addDescriptor(-9, org.hibernate.type.descriptor.sql.internal.CapacityDependentDdlType@4b51f0f1) replaced previous registration(org.hibernate.type.descriptor.sql.internal.CapacityDependentDdlType@1913a8ea)
[20241211 18:18:17:224][DEBUG][o.h.t.descriptor.sql.spi.DdlTypeRegistry] addDescriptor(-3, org.hibernate.type.descriptor.sql.internal.CapacityDependentDdlType@853261f) replaced previous registration(org.hibernate.type.descriptor.sql.internal.CapacityDependentDdlType@626afb94)
[20241211 18:18:17:227][DEBUG][o.h.t.descriptor.sql.spi.DdlTypeRegistry] addDescriptor(4003, org.hibernate.type.descriptor.sql.internal.DdlTypeImpl@26f85950) replaced previous registration(org.hibernate.type.descriptor.sql.internal.DdlTypeImpl@2228f19d)
[20241211 18:18:17:230][DEBUG][o.h.t.descriptor.sql.spi.DdlTypeRegistry] addDescriptor(4001, org.hibernate.type.descriptor.sql.internal.DdlTypeImpl@33da5819) replaced previous registration(org.hibernate.type.descriptor.sql.internal.DdlTypeImpl@659b3ad)
[20241211 18:18:17:231][DEBUG][o.h.t.descriptor.sql.spi.DdlTypeRegistry] addDescriptor(4002, org.hibernate.type.descriptor.sql.internal.DdlTypeImpl@628f58ef) replaced previous registration(org.hibernate.type.descriptor.sql.internal.DdlTypeImpl@7cef93a)
[20241211 18:18:17:244][DEBUG][o.h.t.descriptor.sql.spi.DdlTypeRegistry] addDescriptor(2004, org.hibernate.type.descriptor.sql.internal.CapacityDependentDdlType@6635734a) replaced previous registration(org.hibernate.type.descriptor.sql.internal.DdlTypeImpl@2d3a70fa)
[20241211 18:18:17:248][DEBUG][o.h.t.descriptor.sql.spi.DdlTypeRegistry] addDescriptor(2005, org.hibernate.type.descriptor.sql.internal.CapacityDependentDdlType@35ea1d92) replaced previous registration(org.hibernate.type.descriptor.sql.internal.DdlTypeImpl@459d253c)
[20241211 18:18:17:258][DEBUG][o.h.t.descriptor.sql.spi.DdlTypeRegistry] addDescriptor(2011, org.hibernate.type.descriptor.sql.internal.CapacityDependentDdlType@87fb1e6) replaced previous registration(org.hibernate.type.descriptor.sql.internal.DdlTypeImpl@763cbdb3)
[20241211 18:18:19:655][INFO ][o.h.e.t.j.p.i.JtaPlatformInitiator] HHH000489: No JTA platform available (set 'hibernate.transaction.jta.platform' to enable JTA platform integration)
[20241211 18:18:19:984][INFO ][o.s.o.j.LocalContainerEntityManagerFactoryBean] Initialized JPA EntityManagerFactory for persistence unit 'default'
[20241211 18:18:21:510][WARN ][o.s.b.a.o.j.JpaBaseConfiguration$JpaWebConfiguration] spring.jpa.open-in-view is enabled by default. Therefore, database queries may be performed during view rendering. Explicitly configure spring.jpa.open-in-view to disable this warning
[20241211 18:18:21:605][INFO ][o.s.b.a.w.s.WelcomePageHandlerMapping] Adding welcome page template: index
[20241211 18:18:23:025][INFO ][o.s.b.d.a.OptionalLiveReloadServer] LiveReload server is running on port 35729
[20241211 18:18:23:096][INFO ][o.apache.coyote.http11.Http11NioProtocol] Starting ProtocolHandler ["http-nio-8083"]
[20241211 18:18:23:284][INFO ][o.s.b.w.embedded.tomcat.TomcatWebServer] Tomcat started on port 8083 (http) with context path '/'
[20241211 18:18:23:309][INFO ][com.example.demo.DemoApplication] Started DemoApplication in 22.187 seconds (process running for 25.124)
[20241211 18:20:48:742][INFO ][o.a.c.c.C.[Tomcat].[localhost].[/]] Initializing Spring DispatcherServlet 'dispatcherServlet'
[20241211 18:20:48:747][INFO ][o.s.web.servlet.DispatcherServlet] Initializing Servlet 'dispatcherServlet'
[20241211 18:20:48:757][INFO ][o.s.web.servlet.DispatcherServlet] Completed initialization in 10 ms
[20241211 18:20:50:189][DEBUG][org.hibernate.SQL] select p1_0.id,p1_0.category,p1_0.country,p1_0.manufacturer,p1_0.name,p1_0.price,p1_0.quantity from product p1_0
[20241211 18:20:50:190][DEBUG][org.hibernate.SQL] select u1_0.id,u1_0.created_at,u1_0.name,u1_0.phone,u1_0.signup_id,u1_0.signup_password,u1_0.updated_at from user u1_0 where u1_0.signup_id=?
[20241211 18:20:56:144][DEBUG][org.hibernate.SQL] select u1_0.id,u1_0.created_at,u1_0.name,u1_0.phone,u1_0.signup_id,u1_0.signup_password,u1_0.updated_at from user u1_0 where u1_0.signup_id=?
[20241211 18:20:56:157][DEBUG][org.hibernate.SQL] select c1_0.id,c1_0.created_at,c1_0.product_id,c1_0.quantity,c1_0.updated_at,c1_0.signup_id from cart c1_0 where c1_0.signup_id=?
[20241211 18:20:56:217][DEBUG][org.hibernate.SQL] select u1_0.id,u1_0.created_at,u1_0.name,u1_0.phone,u1_0.signup_id,u1_0.signup_password,u1_0.updated_at from user u1_0 where u1_0.signup_id=?
[20241211 18:20:56:260][DEBUG][org.hibernate.SQL] select p1_0.id,p1_0.category,p1_0.country,p1_0.manufacturer,p1_0.name,p1_0.price,p1_0.quantity from product p1_0 where p1_0.id=?
[20241211 18:20:56:272][DEBUG][org.hibernate.SQL] select p1_0.id,p1_0.category,p1_0.country,p1_0.manufacturer,p1_0.name,p1_0.price,p1_0.quantity from product p1_0 where p1_0.id=?
[20241211 18:20:56:277][DEBUG][org.hibernate.SQL] select p1_0.id,p1_0.category,p1_0.country,p1_0.manufacturer,p1_0.name,p1_0.price,p1_0.quantity from product p1_0 where p1_0.id=?
[20241211 18:20:56:289][DEBUG][org.hibernate.SQL] select p1_0.id,p1_0.category,p1_0.country,p1_0.manufacturer,p1_0.name,p1_0.price,p1_0.quantity from product p1_0 where p1_0.id=?
[20241211 18:20:56:294][DEBUG][org.hibernate.SQL] select p1_0.id,p1_0.category,p1_0.country,p1_0.manufacturer,p1_0.name,p1_0.price,p1_0.quantity from product p1_0 where p1_0.id=?
[20241211 18:20:56:301][DEBUG][org.hibernate.SQL] select p1_0.id,p1_0.category,p1_0.country,p1_0.manufacturer,p1_0.name,p1_0.price,p1_0.quantity from product p1_0 where p1_0.id=?
[20241211 18:21:54:706][INFO ][c.e.demo.controller.WidgetController] Currency: KRW
[20241211 18:21:54:709][INFO ][c.e.demo.controller.WidgetController] Method: ∞£∆Ì∞·¡¶
[20241211 20:43:56:874][INFO ][com.example.demo.DemoApplication] Starting DemoApplication using Java 17.0.3 with PID 12404 (C:\Users\user\Desktop\demo\build\classes\java\main started by √÷¡¯«ı in C:\Users\user\Desktop\demo)
[20241211 20:43:56:894][INFO ][com.example.demo.DemoApplication] No active profile set, falling back to 1 default profile: "default"
[20241211 20:43:57:096][INFO ][o.s.b.d.e.DevToolsPropertyDefaultsPostProcessor] Devtools property defaults active! Set 'spring.devtools.add-properties' to 'false' to disable
[20241211 20:43:57:098][INFO ][o.s.b.d.e.DevToolsPropertyDefaultsPostProcessor] For additional web related logging consider setting the 'logging.level.web' property to 'DEBUG'
[20241211 20:44:04:500][INFO ][o.s.d.r.c.RepositoryConfigurationDelegate] Bootstrapping Spring Data JPA repositories in DEFAULT mode.
[20241211 20:44:05:381][INFO ][o.s.d.r.c.RepositoryConfigurationDelegate] Finished Spring Data repository scanning in 832 ms. Found 5 JPA repository interfaces.
[20241211 20:44:09:816][INFO ][o.s.b.w.embedded.tomcat.TomcatWebServer] Tomcat initialized with port 8083 (http)
[20241211 20:44:09:867][INFO ][o.apache.coyote.http11.Http11NioProtocol] Initializing ProtocolHandler ["http-nio-8083"]
[20241211 20:44:09:883][INFO ][o.apache.catalina.core.StandardService] Starting service [Tomcat]
[20241211 20:44:09:885][INFO ][org.apache.catalina.core.StandardEngine] Starting Servlet engine: [Apache Tomcat/10.1.31]
[20241211 20:44:10:203][INFO ][o.a.c.c.C.[Tomcat].[localhost].[/]] Initializing Spring embedded WebApplicationContext
[20241211 20:44:10:204][INFO ][o.s.b.w.s.c.ServletWebServerApplicationContext] Root WebApplicationContext: initialization completed in 13102 ms
[20241211 20:44:10:935][INFO ][o.hibernate.jpa.internal.util.LogHelper] HHH000204: Processing PersistenceUnitInfo [name: default]
[20241211 20:44:11:217][INFO ][org.hibernate.Version] HHH000412: Hibernate ORM core version 6.5.3.Final
[20241211 20:44:11:367][INFO ][o.h.c.internal.RegionFactoryInitiator] HHH000026: Second-level cache disabled
[20241211 20:44:12:462][INFO ][o.s.o.j.p.SpringPersistenceUnitInfo] No LoadTimeWeaver setup: ignoring JPA class transformer
[20241211 20:44:12:677][INFO ][com.zaxxer.hikari.HikariDataSource] HikariPool-1 - Starting...
[20241211 20:44:14:061][INFO ][com.zaxxer.hikari.pool.HikariPool] HikariPool-1 - Added connection com.mysql.cj.jdbc.ConnectionImpl@17335d1
[20241211 20:44:14:069][INFO ][com.zaxxer.hikari.HikariDataSource] HikariPool-1 - Start completed.
[20241211 20:44:14:307][WARN ][org.hibernate.orm.deprecation] HHH90000025: MySQLDialect does not need to be specified explicitly using 'hibernate.dialect' (remove the property setting and it will be selected by default)
[20241211 20:44:14:388][DEBUG][o.h.t.descriptor.sql.spi.DdlTypeRegistry] addDescriptor(12, org.hibernate.type.descriptor.sql.internal.CapacityDependentDdlType@375bbbe0) replaced previous registration(org.hibernate.type.descriptor.sql.internal.CapacityDependentDdlType@43d28f75)
[20241211 20:44:14:389][DEBUG][o.h.t.descriptor.sql.spi.DdlTypeRegistry] addDescriptor(-9, org.hibernate.type.descriptor.sql.internal.CapacityDependentDdlType@471c3d35) replaced previous registration(org.hibernate.type.descriptor.sql.internal.CapacityDependentDdlType@71a774eb)
[20241211 20:44:14:391][DEBUG][o.h.t.descriptor.sql.spi.DdlTypeRegistry] addDescriptor(-3, org.hibernate.type.descriptor.sql.internal.CapacityDependentDdlType@1bc94584) replaced previous registration(org.hibernate.type.descriptor.sql.internal.CapacityDependentDdlType@4cb7d8af)
[20241211 20:44:14:393][DEBUG][o.h.t.descriptor.sql.spi.DdlTypeRegistry] addDescriptor(4003, org.hibernate.type.descriptor.sql.internal.DdlTypeImpl@6a64b199) replaced previous registration(org.hibernate.type.descriptor.sql.internal.DdlTypeImpl@202e9012)
[20241211 20:44:14:396][DEBUG][o.h.t.descriptor.sql.spi.DdlTypeRegistry] addDescriptor(4001, org.hibernate.type.descriptor.sql.internal.DdlTypeImpl@711a14f6) replaced previous registration(org.hibernate.type.descriptor.sql.internal.DdlTypeImpl@39ad8da)
[20241211 20:44:14:399][DEBUG][o.h.t.descriptor.sql.spi.DdlTypeRegistry] addDescriptor(4002, org.hibernate.type.descriptor.sql.internal.DdlTypeImpl@4c3d4949) replaced previous registration(org.hibernate.type.descriptor.sql.internal.DdlTypeImpl@18c7eedc)
[20241211 20:44:14:404][DEBUG][o.h.t.descriptor.sql.spi.DdlTypeRegistry] addDescriptor(2004, org.hibernate.type.descriptor.sql.internal.CapacityDependentDdlType@395bf496) replaced previous registration(org.hibernate.type.descriptor.sql.internal.DdlTypeImpl@6cd2a76f)
[20241211 20:44:14:457][DEBUG][o.h.t.descriptor.sql.spi.DdlTypeRegistry] addDescriptor(2005, org.hibernate.type.descriptor.sql.internal.CapacityDependentDdlType@4a03ccbd) replaced previous registration(org.hibernate.type.descriptor.sql.internal.DdlTypeImpl@6d957a2f)
[20241211 20:44:14:472][DEBUG][o.h.t.descriptor.sql.spi.DdlTypeRegistry] addDescriptor(2011, org.hibernate.type.descriptor.sql.internal.CapacityDependentDdlType@b8ccc4f) replaced previous registration(org.hibernate.type.descriptor.sql.internal.DdlTypeImpl@721ceb8e)
[20241211 20:44:17:497][INFO ][o.h.e.t.j.p.i.JtaPlatformInitiator] HHH000489: No JTA platform available (set 'hibernate.transaction.jta.platform' to enable JTA platform integration)
[20241211 20:44:17:880][DEBUG][org.hibernate.SQL] alter table test_payment_info add column coupon_applied bit not null
[20241211 20:44:18:447][INFO ][o.s.o.j.LocalContainerEntityManagerFactoryBean] Initialized JPA EntityManagerFactory for persistence unit 'default'
[20241211 20:44:19:862][WARN ][o.s.b.a.o.j.JpaBaseConfiguration$JpaWebConfiguration] spring.jpa.open-in-view is enabled by default. Therefore, database queries may be performed during view rendering. Explicitly configure spring.jpa.open-in-view to disable this warning
[20241211 20:44:20:000][INFO ][o.s.b.a.w.s.WelcomePageHandlerMapping] Adding welcome page template: index
[20241211 20:44:21:870][INFO ][o.s.b.d.a.OptionalLiveReloadServer] LiveReload server is running on port 35729
[20241211 20:44:21:984][INFO ][o.apache.coyote.http11.Http11NioProtocol] Starting ProtocolHandler ["http-nio-8083"]
[20241211 20:44:22:137][INFO ][o.s.b.w.embedded.tomcat.TomcatWebServer] Tomcat started on port 8083 (http) with context path '/'
[20241211 20:44:22:170][INFO ][com.example.demo.DemoApplication] Started DemoApplication in 28.744 seconds (process running for 31.878)
[20241211 20:44:49:134][INFO ][o.a.c.c.C.[Tomcat].[localhost].[/]] Initializing Spring DispatcherServlet 'dispatcherServlet'
[20241211 20:44:49:143][INFO ][o.s.web.servlet.DispatcherServlet] Initializing Servlet 'dispatcherServlet'
[20241211 20:44:49:149][INFO ][o.s.web.servlet.DispatcherServlet] Completed initialization in 4 ms
[20241211 20:44:52:887][INFO ][c.e.demo.controller.WidgetController] Currency: null
[20241211 20:44:52:888][INFO ][c.e.demo.controller.WidgetController] Method: null
[20241211 20:44:53:144][DEBUG][org.hibernate.SQL] insert into test_payment_info (country,coupon_applied,currency,payment_method,total_amount) values (?,?,?,?,?)
[20241211 21:23:09:325][INFO ][com.example.demo.DemoApplication] Starting DemoApplication using Java 17.0.3 with PID 3268 (C:\Users\user\Desktop\demo\build\classes\java\main started by √÷¡¯«ı in C:\Users\user\Desktop\demo)
[20241211 21:23:09:342][INFO ][com.example.demo.DemoApplication] No active profile set, falling back to 1 default profile: "default"
[20241211 21:23:09:554][INFO ][o.s.b.d.e.DevToolsPropertyDefaultsPostProcessor] Devtools property defaults active! Set 'spring.devtools.add-properties' to 'false' to disable
[20241211 21:23:09:561][INFO ][o.s.b.d.e.DevToolsPropertyDefaultsPostProcessor] For additional web related logging consider setting the 'logging.level.web' property to 'DEBUG'
[20241211 21:23:14:032][INFO ][o.s.d.r.c.RepositoryConfigurationDelegate] Bootstrapping Spring Data JPA repositories in DEFAULT mode.
[20241211 21:23:14:476][INFO ][o.s.d.r.c.RepositoryConfigurationDelegate] Finished Spring Data repository scanning in 370 ms. Found 5 JPA repository interfaces.
[20241211 21:23:20:542][INFO ][o.s.b.w.embedded.tomcat.TomcatWebServer] Tomcat initialized with port 8083 (http)
[20241211 21:23:20:605][INFO ][o.apache.coyote.http11.Http11NioProtocol] Initializing ProtocolHandler ["http-nio-8083"]
[20241211 21:23:20:625][INFO ][o.apache.catalina.core.StandardService] Starting service [Tomcat]
[20241211 21:23:20:627][INFO ][org.apache.catalina.core.StandardEngine] Starting Servlet engine: [Apache Tomcat/10.1.31]
[20241211 21:23:21:646][INFO ][o.a.c.c.C.[Tomcat].[localhost].[/]] Initializing Spring embedded WebApplicationContext
[20241211 21:23:21:648][INFO ][o.s.b.w.s.c.ServletWebServerApplicationContext] Root WebApplicationContext: initialization completed in 12083 ms
[20241211 21:23:22:708][INFO ][o.hibernate.jpa.internal.util.LogHelper] HHH000204: Processing PersistenceUnitInfo [name: default]
[20241211 21:23:23:459][INFO ][org.hibernate.Version] HHH000412: Hibernate ORM core version 6.5.3.Final
[20241211 21:23:23:747][INFO ][o.h.c.internal.RegionFactoryInitiator] HHH000026: Second-level cache disabled
[20241211 21:23:25:442][INFO ][o.s.o.j.p.SpringPersistenceUnitInfo] No LoadTimeWeaver setup: ignoring JPA class transformer
[20241211 21:23:25:584][INFO ][com.zaxxer.hikari.HikariDataSource] HikariPool-1 - Starting...
[20241211 21:23:27:043][INFO ][com.zaxxer.hikari.pool.HikariPool] HikariPool-1 - Added connection com.mysql.cj.jdbc.ConnectionImpl@3fbf3f14
[20241211 21:23:27:053][INFO ][com.zaxxer.hikari.HikariDataSource] HikariPool-1 - Start completed.
[20241211 21:23:27:269][WARN ][org.hibernate.orm.deprecation] HHH90000025: MySQLDialect does not need to be specified explicitly using 'hibernate.dialect' (remove the property setting and it will be selected by default)
[20241211 21:23:27:349][DEBUG][o.h.t.descriptor.sql.spi.DdlTypeRegistry] addDescriptor(12, org.hibernate.type.descriptor.sql.internal.CapacityDependentDdlType@4bbde9ae) replaced previous registration(org.hibernate.type.descriptor.sql.internal.CapacityDependentDdlType@4c3b6460)
[20241211 21:23:27:353][DEBUG][o.h.t.descriptor.sql.spi.DdlTypeRegistry] addDescriptor(-9, org.hibernate.type.descriptor.sql.internal.CapacityDependentDdlType@3cfe7b96) replaced previous registration(org.hibernate.type.descriptor.sql.internal.CapacityDependentDdlType@7780b012)
[20241211 21:23:27:353][DEBUG][o.h.t.descriptor.sql.spi.DdlTypeRegistry] addDescriptor(-3, org.hibernate.type.descriptor.sql.internal.CapacityDependentDdlType@53d4c7d5) replaced previous registration(org.hibernate.type.descriptor.sql.internal.CapacityDependentDdlType@445bb1ab)
[20241211 21:23:27:353][DEBUG][o.h.t.descriptor.sql.spi.DdlTypeRegistry] addDescriptor(4003, org.hibernate.type.descriptor.sql.internal.DdlTypeImpl@b36407d) replaced previous registration(org.hibernate.type.descriptor.sql.internal.DdlTypeImpl@79c47129)
[20241211 21:23:27:358][DEBUG][o.h.t.descriptor.sql.spi.DdlTypeRegistry] addDescriptor(4001, org.hibernate.type.descriptor.sql.internal.DdlTypeImpl@cdbfbab) replaced previous registration(org.hibernate.type.descriptor.sql.internal.DdlTypeImpl@1514d572)
[20241211 21:23:27:360][DEBUG][o.h.t.descriptor.sql.spi.DdlTypeRegistry] addDescriptor(4002, org.hibernate.type.descriptor.sql.internal.DdlTypeImpl@2c185a05) replaced previous registration(org.hibernate.type.descriptor.sql.internal.DdlTypeImpl@760f3b96)
[20241211 21:23:27:363][DEBUG][o.h.t.descriptor.sql.spi.DdlTypeRegistry] addDescriptor(2004, org.hibernate.type.descriptor.sql.internal.CapacityDependentDdlType@255a805f) replaced previous registration(org.hibernate.type.descriptor.sql.internal.DdlTypeImpl@16d66ec3)
[20241211 21:23:27:368][DEBUG][o.h.t.descriptor.sql.spi.DdlTypeRegistry] addDescriptor(2005, org.hibernate.type.descriptor.sql.internal.CapacityDependentDdlType@7870c66e) replaced previous registration(org.hibernate.type.descriptor.sql.internal.DdlTypeImpl@772c817d)
[20241211 21:23:27:371][DEBUG][o.h.t.descriptor.sql.spi.DdlTypeRegistry] addDescriptor(2011, org.hibernate.type.descriptor.sql.internal.CapacityDependentDdlType@605afbf) replaced previous registration(org.hibernate.type.descriptor.sql.internal.DdlTypeImpl@238079ca)
[20241211 21:23:29:818][INFO ][o.h.e.t.j.p.i.JtaPlatformInitiator] HHH000489: No JTA platform available (set 'hibernate.transaction.jta.platform' to enable JTA platform integration)
[20241211 21:23:30:183][INFO ][o.s.o.j.LocalContainerEntityManagerFactoryBean] Initialized JPA EntityManagerFactory for persistence unit 'default'
[20241211 21:23:31:376][WARN ][o.s.b.a.o.j.JpaBaseConfiguration$JpaWebConfiguration] spring.jpa.open-in-view is enabled by default. Therefore, database queries may be performed during view rendering. Explicitly configure spring.jpa.open-in-view to disable this warning
[20241211 21:23:31:437][INFO ][o.s.b.a.w.s.WelcomePageHandlerMapping] Adding welcome page template: index
[20241211 21:23:32:407][INFO ][o.s.b.d.a.OptionalLiveReloadServer] LiveReload server is running on port 35729
[20241211 21:23:32:473][INFO ][o.apache.coyote.http11.Http11NioProtocol] Starting ProtocolHandler ["http-nio-8083"]
[20241211 21:23:32:552][INFO ][o.s.b.w.embedded.tomcat.TomcatWebServer] Tomcat started on port 8083 (http) with context path '/'
[20241211 21:23:32:595][INFO ][com.example.demo.DemoApplication] Started DemoApplication in 25.883 seconds (process running for 28.874)
[20241211 21:23:32:728][INFO ][o.a.c.c.C.[Tomcat].[localhost].[/]] Initializing Spring DispatcherServlet 'dispatcherServlet'
[20241211 21:23:32:730][INFO ][o.s.web.servlet.DispatcherServlet] Initializing Servlet 'dispatcherServlet'
[20241211 21:23:32:733][INFO ][o.s.web.servlet.DispatcherServlet] Completed initialization in 0 ms
[20241211 21:23:33:822][DEBUG][org.hibernate.SQL] select p1_0.id,p1_0.category,p1_0.country,p1_0.manufacturer,p1_0.name,p1_0.price,p1_0.quantity from product p1_0
[20241211 21:23:33:822][DEBUG][org.hibernate.SQL] select u1_0.id,u1_0.created_at,u1_0.name,u1_0.phone,u1_0.signup_id,u1_0.signup_password,u1_0.updated_at from user u1_0 where u1_0.signup_id=?
[20241211 21:24:01:336][DEBUG][org.hibernate.SQL] select u1_0.id,u1_0.created_at,u1_0.name,u1_0.phone,u1_0.signup_id,u1_0.signup_password,u1_0.updated_at from user u1_0 where u1_0.signup_id=?
[20241211 21:24:01:355][DEBUG][org.hibernate.SQL] select c1_0.id,c1_0.created_at,c1_0.product_id,c1_0.quantity,c1_0.updated_at,c1_0.signup_id from cart c1_0 where c1_0.signup_id=?
[20241211 21:24:01:426][DEBUG][org.hibernate.SQL] select u1_0.id,u1_0.created_at,u1_0.name,u1_0.phone,u1_0.signup_id,u1_0.signup_password,u1_0.updated_at from user u1_0 where u1_0.signup_id=?
[20241211 21:24:01:463][DEBUG][org.hibernate.SQL] select p1_0.id,p1_0.category,p1_0.country,p1_0.manufacturer,p1_0.name,p1_0.price,p1_0.quantity from product p1_0 where p1_0.id=?
[20241211 21:24:01:483][DEBUG][org.hibernate.SQL] select p1_0.id,p1_0.category,p1_0.country,p1_0.manufacturer,p1_0.name,p1_0.price,p1_0.quantity from product p1_0 where p1_0.id=?
[20241211 21:24:01:488][DEBUG][org.hibernate.SQL] select p1_0.id,p1_0.category,p1_0.country,p1_0.manufacturer,p1_0.name,p1_0.price,p1_0.quantity from product p1_0 where p1_0.id=?
[20241211 21:24:01:494][DEBUG][org.hibernate.SQL] select p1_0.id,p1_0.category,p1_0.country,p1_0.manufacturer,p1_0.name,p1_0.price,p1_0.quantity from product p1_0 where p1_0.id=?
[20241211 21:24:01:494][DEBUG][org.hibernate.SQL] select p1_0.id,p1_0.category,p1_0.country,p1_0.manufacturer,p1_0.name,p1_0.price,p1_0.quantity from product p1_0 where p1_0.id=?
[20241211 21:24:01:494][DEBUG][org.hibernate.SQL] select p1_0.id,p1_0.category,p1_0.country,p1_0.manufacturer,p1_0.name,p1_0.price,p1_0.quantity from product p1_0 where p1_0.id=?
[20241211 21:24:51:543][INFO ][c.e.demo.controller.WidgetController] Currency: KRW
[20241211 21:24:51:548][INFO ][c.e.demo.controller.WidgetController] Method: ∞£∆Ì∞·¡¶
[20241211 21:24:51:623][DEBUG][org.hibernate.SQL] insert into test_payment_info (country,coupon_applied,currency,payment_method,total_amount) values (?,?,?,?,?)
[20241211 21:26:01:940][INFO ][c.e.demo.controller.WidgetController] Currency: null
[20241211 21:26:01:969][INFO ][c.e.demo.controller.WidgetController] Method: null
[20241211 21:26:01:999][DEBUG][org.hibernate.SQL] insert into test_payment_info (country,coupon_applied,currency,payment_method,total_amount) values (?,?,?,?,?)
[20241211 21:27:16:293][DEBUG][org.hibernate.SQL] select p1_0.id,p1_0.category,p1_0.country,p1_0.manufacturer,p1_0.name,p1_0.price,p1_0.quantity from product p1_0
[20241211 21:27:16:293][DEBUG][org.hibernate.SQL] select u1_0.id,u1_0.created_at,u1_0.name,u1_0.phone,u1_0.signup_id,u1_0.signup_password,u1_0.updated_at from user u1_0 where u1_0.signup_id=?
[20241211 21:27:22:521][DEBUG][org.hibernate.SQL] select u1_0.id,u1_0.created_at,u1_0.name,u1_0.phone,u1_0.signup_id,u1_0.signup_password,u1_0.updated_at from user u1_0 where u1_0.signup_id=?
[20241211 21:27:23:173][DEBUG][org.hibernate.SQL] select u1_0.id,u1_0.created_at,u1_0.name,u1_0.phone,u1_0.signup_id,u1_0.signup_password,u1_0.updated_at from user u1_0 where u1_0.signup_id=?
[20241211 21:27:23:524][DEBUG][org.hibernate.SQL] select u1_0.id,u1_0.created_at,u1_0.name,u1_0.phone,u1_0.signup_id,u1_0.signup_password,u1_0.updated_at from user u1_0 where u1_0.signup_id=?
[20241211 21:27:23:532][DEBUG][org.hibernate.SQL] select p1_0.id,p1_0.category,p1_0.country,p1_0.manufacturer,p1_0.name,p1_0.price,p1_0.quantity from product p1_0
[20241211 21:27:26:948][DEBUG][org.hibernate.SQL] select u1_0.id,u1_0.created_at,u1_0.name,u1_0.phone,u1_0.signup_id,u1_0.signup_password,u1_0.updated_at from user u1_0 where u1_0.signup_id=?
[20241211 21:27:27:005][DEBUG][org.hibernate.SQL] select c1_0.id,c1_0.created_at,c1_0.product_id,c1_0.quantity,c1_0.updated_at,c1_0.signup_id from cart c1_0 where c1_0.signup_id=?
[20241211 21:27:27:246][DEBUG][org.hibernate.SQL] select u1_0.id,u1_0.created_at,u1_0.name,u1_0.phone,u1_0.signup_id,u1_0.signup_password,u1_0.updated_at from user u1_0 where u1_0.signup_id=?
[20241211 21:27:27:395][DEBUG][org.hibernate.SQL] select p1_0.id,p1_0.category,p1_0.country,p1_0.manufacturer,p1_0.name,p1_0.price,p1_0.quantity from product p1_0 where p1_0.id=?
[20241211 21:27:27:415][DEBUG][org.hibernate.SQL] select p1_0.id,p1_0.category,p1_0.country,p1_0.manufacturer,p1_0.name,p1_0.price,p1_0.quantity from product p1_0 where p1_0.id=?
[20241211 21:27:27:419][DEBUG][org.hibernate.SQL] select p1_0.id,p1_0.category,p1_0.country,p1_0.manufacturer,p1_0.name,p1_0.price,p1_0.quantity from product p1_0 where p1_0.id=?
[20241211 21:27:27:435][DEBUG][org.hibernate.SQL] select p1_0.id,p1_0.category,p1_0.country,p1_0.manufacturer,p1_0.name,p1_0.price,p1_0.quantity from product p1_0 where p1_0.id=?
[20241211 21:27:27:440][DEBUG][org.hibernate.SQL] select p1_0.id,p1_0.category,p1_0.country,p1_0.manufacturer,p1_0.name,p1_0.price,p1_0.quantity from product p1_0 where p1_0.id=?
[20241211 21:27:27:447][DEBUG][org.hibernate.SQL] select p1_0.id,p1_0.category,p1_0.country,p1_0.manufacturer,p1_0.name,p1_0.price,p1_0.quantity from product p1_0 where p1_0.id=?
[20241211 21:27:30:933][DEBUG][org.hibernate.SQL] select u1_0.id,u1_0.created_at,u1_0.name,u1_0.phone,u1_0.signup_id,u1_0.signup_password,u1_0.updated_at from user u1_0 where u1_0.signup_id=?
[20241211 21:27:31:100][DEBUG][org.hibernate.SQL] select p1_0.id,p1_0.category,p1_0.country,p1_0.manufacturer,p1_0.name,p1_0.price,p1_0.quantity from product p1_0 where p1_0.id=?
[20241211 21:27:31:154][DEBUG][org.hibernate.SQL] select c1_0.id,c1_0.created_at,c1_0.product_id,c1_0.quantity,c1_0.updated_at,c1_0.signup_id from cart c1_0 where c1_0.signup_id=? and c1_0.product_id=?
[20241211 21:27:31:161][DEBUG][org.hibernate.SQL] select u1_0.id,u1_0.created_at,u1_0.name,u1_0.phone,u1_0.signup_id,u1_0.signup_password,u1_0.updated_at from user u1_0 where u1_0.signup_id=?
[20241211 21:27:31:311][DEBUG][org.hibernate.SQL] delete from cart where id=?
[20241211 21:27:32:085][DEBUG][org.hibernate.SQL] select u1_0.id,u1_0.created_at,u1_0.name,u1_0.phone,u1_0.signup_id,u1_0.signup_password,u1_0.updated_at from user u1_0 where u1_0.signup_id=?
[20241211 21:27:32:094][DEBUG][org.hibernate.SQL] select c1_0.id,c1_0.created_at,c1_0.product_id,c1_0.quantity,c1_0.updated_at,c1_0.signup_id from cart c1_0 where c1_0.signup_id=?
[20241211 21:27:32:142][DEBUG][org.hibernate.SQL] select u1_0.id,u1_0.created_at,u1_0.name,u1_0.phone,u1_0.signup_id,u1_0.signup_password,u1_0.updated_at from user u1_0 where u1_0.signup_id=?
[20241211 21:27:32:162][DEBUG][org.hibernate.SQL] select p1_0.id,p1_0.category,p1_0.country,p1_0.manufacturer,p1_0.name,p1_0.price,p1_0.quantity from product p1_0 where p1_0.id=?
[20241211 21:27:32:176][DEBUG][org.hibernate.SQL] select p1_0.id,p1_0.category,p1_0.country,p1_0.manufacturer,p1_0.name,p1_0.price,p1_0.quantity from product p1_0 where p1_0.id=?
[20241211 21:27:32:179][DEBUG][org.hibernate.SQL] select p1_0.id,p1_0.category,p1_0.country,p1_0.manufacturer,p1_0.name,p1_0.price,p1_0.quantity from product p1_0 where p1_0.id=?
[20241211 21:27:32:185][DEBUG][org.hibernate.SQL] select p1_0.id,p1_0.category,p1_0.country,p1_0.manufacturer,p1_0.name,p1_0.price,p1_0.quantity from product p1_0 where p1_0.id=?
[20241211 21:27:32:192][DEBUG][org.hibernate.SQL] select p1_0.id,p1_0.category,p1_0.country,p1_0.manufacturer,p1_0.name,p1_0.price,p1_0.quantity from product p1_0 where p1_0.id=?
[20241211 21:27:34:088][DEBUG][org.hibernate.SQL] select u1_0.id,u1_0.created_at,u1_0.name,u1_0.phone,u1_0.signup_id,u1_0.signup_password,u1_0.updated_at from user u1_0 where u1_0.signup_id=?
[20241211 21:27:34:129][DEBUG][org.hibernate.SQL] select c1_0.id,c1_0.created_at,c1_0.product_id,c1_0.quantity,c1_0.updated_at,c1_0.signup_id from cart c1_0 where c1_0.signup_id=?
[20241211 21:27:34:155][DEBUG][org.hibernate.SQL] select u1_0.id,u1_0.created_at,u1_0.name,u1_0.phone,u1_0.signup_id,u1_0.signup_password,u1_0.updated_at from user u1_0 where u1_0.signup_id=?
[20241211 21:27:34:168][DEBUG][org.hibernate.SQL] select p1_0.id,p1_0.category,p1_0.country,p1_0.manufacturer,p1_0.name,p1_0.price,p1_0.quantity from product p1_0 where p1_0.id=?
[20241211 21:27:34:175][DEBUG][org.hibernate.SQL] select p1_0.id,p1_0.category,p1_0.country,p1_0.manufacturer,p1_0.name,p1_0.price,p1_0.quantity from product p1_0 where p1_0.id=?
[20241211 21:27:34:178][DEBUG][org.hibernate.SQL] select p1_0.id,p1_0.category,p1_0.country,p1_0.manufacturer,p1_0.name,p1_0.price,p1_0.quantity from product p1_0 where p1_0.id=?
[20241211 21:27:34:184][DEBUG][org.hibernate.SQL] select p1_0.id,p1_0.category,p1_0.country,p1_0.manufacturer,p1_0.name,p1_0.price,p1_0.quantity from product p1_0 where p1_0.id=?
[20241211 21:27:34:195][DEBUG][org.hibernate.SQL] select p1_0.id,p1_0.category,p1_0.country,p1_0.manufacturer,p1_0.name,p1_0.price,p1_0.quantity from product p1_0 where p1_0.id=?
[20241211 21:28:30:202][INFO ][com.example.demo.DemoApplication] Starting DemoApplication using Java 17.0.3 with PID 22544 (C:\Users\user\Desktop\demo\build\classes\java\main started by √÷¡¯«ı in C:\Users\user\Desktop\demo)
[20241211 21:28:30:241][INFO ][com.example.demo.DemoApplication] No active profile set, falling back to 1 default profile: "default"
[20241211 21:28:30:444][INFO ][o.s.b.d.e.DevToolsPropertyDefaultsPostProcessor] Devtools property defaults active! Set 'spring.devtools.add-properties' to 'false' to disable
[20241211 21:28:30:447][INFO ][o.s.b.d.e.DevToolsPropertyDefaultsPostProcessor] For additional web related logging consider setting the 'logging.level.web' property to 'DEBUG'
[20241211 21:28:33:565][INFO ][o.s.d.r.c.RepositoryConfigurationDelegate] Bootstrapping Spring Data JPA repositories in DEFAULT mode.
[20241211 21:28:33:819][INFO ][o.s.d.r.c.RepositoryConfigurationDelegate] Finished Spring Data repository scanning in 222 ms. Found 5 JPA repository interfaces.
[20241211 21:28:37:405][INFO ][o.s.b.w.embedded.tomcat.TomcatWebServer] Tomcat initialized with port 8083 (http)
[20241211 21:28:37:469][INFO ][o.apache.coyote.http11.Http11NioProtocol] Initializing ProtocolHandler ["http-nio-8083"]
[20241211 21:28:37:503][INFO ][o.apache.catalina.core.StandardService] Starting service [Tomcat]
[20241211 21:28:37:513][INFO ][org.apache.catalina.core.StandardEngine] Starting Servlet engine: [Apache Tomcat/10.1.31]
[20241211 21:28:38:116][INFO ][o.a.c.c.C.[Tomcat].[localhost].[/]] Initializing Spring embedded WebApplicationContext
[20241211 21:28:38:116][INFO ][o.s.b.w.s.c.ServletWebServerApplicationContext] Root WebApplicationContext: initialization completed in 7665 ms
[20241211 21:28:38:688][INFO ][o.hibernate.jpa.internal.util.LogHelper] HHH000204: Processing PersistenceUnitInfo [name: default]
[20241211 21:28:38:906][INFO ][org.hibernate.Version] HHH000412: Hibernate ORM core version 6.5.3.Final
[20241211 21:28:39:082][INFO ][o.h.c.internal.RegionFactoryInitiator] HHH000026: Second-level cache disabled
[20241211 21:28:40:672][INFO ][o.s.o.j.p.SpringPersistenceUnitInfo] No LoadTimeWeaver setup: ignoring JPA class transformer
[20241211 21:28:40:857][INFO ][com.zaxxer.hikari.HikariDataSource] HikariPool-1 - Starting...
[20241211 21:28:41:963][INFO ][com.zaxxer.hikari.pool.HikariPool] HikariPool-1 - Added connection com.mysql.cj.jdbc.ConnectionImpl@735330eb
[20241211 21:28:41:963][INFO ][com.zaxxer.hikari.HikariDataSource] HikariPool-1 - Start completed.
[20241211 21:28:42:258][WARN ][org.hibernate.orm.deprecation] HHH90000025: MySQLDialect does not need to be specified explicitly using 'hibernate.dialect' (remove the property setting and it will be selected by default)
[20241211 21:28:42:375][DEBUG][o.h.t.descriptor.sql.spi.DdlTypeRegistry] addDescriptor(12, org.hibernate.type.descriptor.sql.internal.CapacityDependentDdlType@6bc1a648) replaced previous registration(org.hibernate.type.descriptor.sql.internal.CapacityDependentDdlType@1b18716)
[20241211 21:28:42:383][DEBUG][o.h.t.descriptor.sql.spi.DdlTypeRegistry] addDescriptor(-9, org.hibernate.type.descriptor.sql.internal.CapacityDependentDdlType@31e5a94b) replaced previous registration(org.hibernate.type.descriptor.sql.internal.CapacityDependentDdlType@21eeb060)
[20241211 21:28:42:383][DEBUG][o.h.t.descriptor.sql.spi.DdlTypeRegistry] addDescriptor(-3, org.hibernate.type.descriptor.sql.internal.CapacityDependentDdlType@477bb1f3) replaced previous registration(org.hibernate.type.descriptor.sql.internal.CapacityDependentDdlType@4aff173d)
[20241211 21:28:42:388][DEBUG][o.h.t.descriptor.sql.spi.DdlTypeRegistry] addDescriptor(4003, org.hibernate.type.descriptor.sql.internal.DdlTypeImpl@564c50d8) replaced previous registration(org.hibernate.type.descriptor.sql.internal.DdlTypeImpl@2f597c1)
[20241211 21:28:42:397][DEBUG][o.h.t.descriptor.sql.spi.DdlTypeRegistry] addDescriptor(4001, org.hibernate.type.descriptor.sql.internal.DdlTypeImpl@181b4a45) replaced previous registration(org.hibernate.type.descriptor.sql.internal.DdlTypeImpl@2a6ff084)
[20241211 21:28:42:418][DEBUG][o.h.t.descriptor.sql.spi.DdlTypeRegistry] addDescriptor(4002, org.hibernate.type.descriptor.sql.internal.DdlTypeImpl@1e11af81) replaced previous registration(org.hibernate.type.descriptor.sql.internal.DdlTypeImpl@30f4681d)
[20241211 21:28:42:438][DEBUG][o.h.t.descriptor.sql.spi.DdlTypeRegistry] addDescriptor(2004, org.hibernate.type.descriptor.sql.internal.CapacityDependentDdlType@727f4524) replaced previous registration(org.hibernate.type.descriptor.sql.internal.DdlTypeImpl@27c1603f)
[20241211 21:28:42:454][DEBUG][o.h.t.descriptor.sql.spi.DdlTypeRegistry] addDescriptor(2005, org.hibernate.type.descriptor.sql.internal.CapacityDependentDdlType@34bfbee1) replaced previous registration(org.hibernate.type.descriptor.sql.internal.DdlTypeImpl@27989ceb)
[20241211 21:28:42:454][DEBUG][o.h.t.descriptor.sql.spi.DdlTypeRegistry] addDescriptor(2011, org.hibernate.type.descriptor.sql.internal.CapacityDependentDdlType@2fc6ab59) replaced previous registration(org.hibernate.type.descriptor.sql.internal.DdlTypeImpl@3aaf606)
[20241211 21:28:45:583][INFO ][o.h.e.t.j.p.i.JtaPlatformInitiator] HHH000489: No JTA platform available (set 'hibernate.transaction.jta.platform' to enable JTA platform integration)
[20241211 21:28:45:984][INFO ][o.s.o.j.LocalContainerEntityManagerFactoryBean] Initialized JPA EntityManagerFactory for persistence unit 'default'
[20241211 21:28:47:628][WARN ][o.s.b.a.o.j.JpaBaseConfiguration$JpaWebConfiguration] spring.jpa.open-in-view is enabled by default. Therefore, database queries may be performed during view rendering. Explicitly configure spring.jpa.open-in-view to disable this warning
[20241211 21:28:47:777][INFO ][o.s.b.a.w.s.WelcomePageHandlerMapping] Adding welcome page template: index
[20241211 21:28:49:519][INFO ][o.s.b.d.a.OptionalLiveReloadServer] LiveReload server is running on port 35729
[20241211 21:28:49:600][INFO ][o.apache.coyote.http11.Http11NioProtocol] Starting ProtocolHandler ["http-nio-8083"]
[20241211 21:28:49:799][INFO ][o.s.b.w.embedded.tomcat.TomcatWebServer] Tomcat started on port 8083 (http) with context path '/'
[20241211 21:28:49:854][INFO ][com.example.demo.DemoApplication] Started DemoApplication in 22.16 seconds (process running for 25.032)
[20241211 21:29:04:808][INFO ][o.a.c.c.C.[Tomcat].[localhost].[/]] Initializing Spring DispatcherServlet 'dispatcherServlet'
[20241211 21:29:04:813][INFO ][o.s.web.servlet.DispatcherServlet] Initializing Servlet 'dispatcherServlet'
[20241211 21:29:04:823][INFO ][o.s.web.servlet.DispatcherServlet] Completed initialization in 10 ms
[20241211 21:29:07:932][DEBUG][org.hibernate.SQL] select u1_0.id,u1_0.created_at,u1_0.name,u1_0.phone,u1_0.signup_id,u1_0.signup_password,u1_0.updated_at from user u1_0 where u1_0.signup_id=?
[20241211 21:29:07:933][DEBUG][org.hibernate.SQL] select p1_0.id,p1_0.category,p1_0.country,p1_0.manufacturer,p1_0.name,p1_0.price,p1_0.quantity from product p1_0
[20241211 21:29:24:205][DEBUG][org.hibernate.SQL] select u1_0.id,u1_0.created_at,u1_0.name,u1_0.phone,u1_0.signup_id,u1_0.signup_password,u1_0.updated_at from user u1_0 where u1_0.signup_id=?
[20241211 21:29:24:286][DEBUG][org.hibernate.SQL] select c1_0.id,c1_0.created_at,c1_0.product_id,c1_0.quantity,c1_0.updated_at,c1_0.signup_id from cart c1_0 where c1_0.signup_id=?
[20241211 21:29:24:335][DEBUG][org.hibernate.SQL] select u1_0.id,u1_0.created_at,u1_0.name,u1_0.phone,u1_0.signup_id,u1_0.signup_password,u1_0.updated_at from user u1_0 where u1_0.signup_id=?
[20241211 21:29:24:366][DEBUG][org.hibernate.SQL] select p1_0.id,p1_0.category,p1_0.country,p1_0.manufacturer,p1_0.name,p1_0.price,p1_0.quantity from product p1_0 where p1_0.id=?
[20241211 21:29:24:376][DEBUG][org.hibernate.SQL] select p1_0.id,p1_0.category,p1_0.country,p1_0.manufacturer,p1_0.name,p1_0.price,p1_0.quantity from product p1_0 where p1_0.id=?
[20241211 21:29:24:383][DEBUG][org.hibernate.SQL] select p1_0.id,p1_0.category,p1_0.country,p1_0.manufacturer,p1_0.name,p1_0.price,p1_0.quantity from product p1_0 where p1_0.id=?
[20241211 21:29:24:387][DEBUG][org.hibernate.SQL] select p1_0.id,p1_0.category,p1_0.country,p1_0.manufacturer,p1_0.name,p1_0.price,p1_0.quantity from product p1_0 where p1_0.id=?
[20241211 21:29:24:390][DEBUG][org.hibernate.SQL] select p1_0.id,p1_0.category,p1_0.country,p1_0.manufacturer,p1_0.name,p1_0.price,p1_0.quantity from product p1_0 where p1_0.id=?
[20241211 21:30:31:397][INFO ][c.e.demo.controller.WidgetController] Currency: KRW
[20241211 21:30:31:436][INFO ][c.e.demo.controller.WidgetController] Method: ∞£∆Ì∞·¡¶
[20241211 21:30:31:565][DEBUG][org.hibernate.SQL] insert into test_payment_info (country,coupon_applied,currency,payment_method,total_amount) values (?,?,?,?,?)
