[20241210 17:30:43:651][INFO ][com.example.demo.DemoApplication] Starting DemoApplication using Java 17.0.3 with PID 15452 (C:\Users\user\Desktop\demo\build\classes\java\main started by √÷¡¯«ı in C:\Users\user\Desktop\demo)
[20241210 17:30:43:675][INFO ][com.example.demo.DemoApplication] No active profile set, falling back to 1 default profile: "default"
[20241210 17:30:44:489][INFO ][o.s.b.d.e.DevToolsPropertyDefaultsPostProcessor] Devtools property defaults active! Set 'spring.devtools.add-properties' to 'false' to disable
[20241210 17:30:44:494][INFO ][o.s.b.d.e.DevToolsPropertyDefaultsPostProcessor] For additional web related logging consider setting the 'logging.level.web' property to 'DEBUG'
[20241210 17:30:55:382][INFO ][o.s.d.r.c.RepositoryConfigurationDelegate] Bootstrapping Spring Data JPA repositories in DEFAULT mode.
[20241210 17:30:56:620][INFO ][o.s.d.r.c.RepositoryConfigurationDelegate] Finished Spring Data repository scanning in 1113 ms. Found 4 JPA repository interfaces.
[20241210 17:31:05:039][INFO ][o.s.b.w.embedded.tomcat.TomcatWebServer] Tomcat initialized with port 8083 (http)
[20241210 17:31:05:221][INFO ][o.apache.coyote.http11.Http11NioProtocol] Initializing ProtocolHandler ["http-nio-8083"]
[20241210 17:31:05:253][INFO ][o.apache.catalina.core.StandardService] Starting service [Tomcat]
[20241210 17:31:05:255][INFO ][org.apache.catalina.core.StandardEngine] Starting Servlet engine: [Apache Tomcat/10.1.31]
[20241210 17:31:06:702][INFO ][o.a.c.c.C.[Tomcat].[localhost].[/]] Initializing Spring embedded WebApplicationContext
[20241210 17:31:06:703][INFO ][o.s.b.w.s.c.ServletWebServerApplicationContext] Root WebApplicationContext: initialization completed in 21918 ms
[20241210 17:31:08:658][INFO ][o.hibernate.jpa.internal.util.LogHelper] HHH000204: Processing PersistenceUnitInfo [name: default]
[20241210 17:31:09:884][INFO ][org.hibernate.Version] HHH000412: Hibernate ORM core version 6.5.3.Final
[20241210 17:31:10:366][INFO ][o.h.c.internal.RegionFactoryInitiator] HHH000026: Second-level cache disabled
[20241210 17:31:13:834][INFO ][o.s.o.j.p.SpringPersistenceUnitInfo] No LoadTimeWeaver setup: ignoring JPA class transformer
[20241210 17:31:14:498][INFO ][com.zaxxer.hikari.HikariDataSource] HikariPool-1 - Starting...
[20241210 17:31:19:325][INFO ][com.zaxxer.hikari.pool.HikariPool] HikariPool-1 - Added connection com.mysql.cj.jdbc.ConnectionImpl@1d2f4241
[20241210 17:31:19:378][INFO ][com.zaxxer.hikari.HikariDataSource] HikariPool-1 - Start completed.
[20241210 17:31:20:512][WARN ][org.hibernate.orm.deprecation] HHH90000025: MySQLDialect does not need to be specified explicitly using 'hibernate.dialect' (remove the property setting and it will be selected by default)
[20241210 17:31:21:012][DEBUG][o.h.t.descriptor.sql.spi.DdlTypeRegistry] addDescriptor(12, org.hibernate.type.descriptor.sql.internal.CapacityDependentDdlType@3243803a) replaced previous registration(org.hibernate.type.descriptor.sql.internal.CapacityDependentDdlType@340f73de)
[20241210 17:31:21:015][DEBUG][o.h.t.descriptor.sql.spi.DdlTypeRegistry] addDescriptor(-9, org.hibernate.type.descriptor.sql.internal.CapacityDependentDdlType@5b5b4cda) replaced previous registration(org.hibernate.type.descriptor.sql.internal.CapacityDependentDdlType@7e228b00)
[20241210 17:31:21:016][DEBUG][o.h.t.descriptor.sql.spi.DdlTypeRegistry] addDescriptor(-3, org.hibernate.type.descriptor.sql.internal.CapacityDependentDdlType@504e86ae) replaced previous registration(org.hibernate.type.descriptor.sql.internal.CapacityDependentDdlType@1f108efa)
[20241210 17:31:21:024][DEBUG][o.h.t.descriptor.sql.spi.DdlTypeRegistry] addDescriptor(4003, org.hibernate.type.descriptor.sql.internal.DdlTypeImpl@1eac2c5e) replaced previous registration(org.hibernate.type.descriptor.sql.internal.DdlTypeImpl@743cce00)
[20241210 17:31:21:030][DEBUG][o.h.t.descriptor.sql.spi.DdlTypeRegistry] addDescriptor(4001, org.hibernate.type.descriptor.sql.internal.DdlTypeImpl@50e34ddf) replaced previous registration(org.hibernate.type.descriptor.sql.internal.DdlTypeImpl@4b1f6e67)
[20241210 17:31:21:063][DEBUG][o.h.t.descriptor.sql.spi.DdlTypeRegistry] addDescriptor(4002, org.hibernate.type.descriptor.sql.internal.DdlTypeImpl@342e7586) replaced previous registration(org.hibernate.type.descriptor.sql.internal.DdlTypeImpl@26f0e1cd)
[20241210 17:31:21:077][DEBUG][o.h.t.descriptor.sql.spi.DdlTypeRegistry] addDescriptor(2004, org.hibernate.type.descriptor.sql.internal.CapacityDependentDdlType@6cb7dd79) replaced previous registration(org.hibernate.type.descriptor.sql.internal.DdlTypeImpl@5c6bfade)
[20241210 17:31:21:114][DEBUG][o.h.t.descriptor.sql.spi.DdlTypeRegistry] addDescriptor(2005, org.hibernate.type.descriptor.sql.internal.CapacityDependentDdlType@1b2e3690) replaced previous registration(org.hibernate.type.descriptor.sql.internal.DdlTypeImpl@3a7152b1)
[20241210 17:31:21:129][DEBUG][o.h.t.descriptor.sql.spi.DdlTypeRegistry] addDescriptor(2011, org.hibernate.type.descriptor.sql.internal.CapacityDependentDdlType@687f1c93) replaced previous registration(org.hibernate.type.descriptor.sql.internal.DdlTypeImpl@6bc1a648)
[20241210 17:31:32:293][INFO ][o.h.e.t.j.p.i.JtaPlatformInitiator] HHH000489: No JTA platform available (set 'hibernate.transaction.jta.platform' to enable JTA platform integration)
[20241210 17:31:33:676][INFO ][o.s.o.j.LocalContainerEntityManagerFactoryBean] Initialized JPA EntityManagerFactory for persistence unit 'default'
[20241210 17:31:41:235][WARN ][o.s.b.a.o.j.JpaBaseConfiguration$JpaWebConfiguration] spring.jpa.open-in-view is enabled by default. Therefore, database queries may be performed during view rendering. Explicitly configure spring.jpa.open-in-view to disable this warning
[20241210 17:31:42:705][INFO ][o.s.b.a.w.s.WelcomePageHandlerMapping] Adding welcome page template: index
[20241210 17:31:51:920][INFO ][o.s.b.d.a.OptionalLiveReloadServer] LiveReload server is running on port 35729
[20241210 17:31:52:638][INFO ][o.apache.coyote.http11.Http11NioProtocol] Starting ProtocolHandler ["http-nio-8083"]
[20241210 17:31:57:344][INFO ][com.example.demo.DemoApplication] Starting DemoApplication using Java 17.0.3 with PID 16112 (C:\Users\user\Desktop\demo\build\classes\java\main started by √÷¡¯«ı in C:\Users\user\Desktop\demo)
[20241210 17:31:57:399][INFO ][com.example.demo.DemoApplication] No active profile set, falling back to 1 default profile: "default"
[20241210 17:31:58:019][INFO ][o.s.b.w.embedded.tomcat.TomcatWebServer] Tomcat started on port 8083 (http) with context path '/'
[20241210 17:31:58:431][INFO ][o.s.b.d.e.DevToolsPropertyDefaultsPostProcessor] Devtools property defaults active! Set 'spring.devtools.add-properties' to 'false' to disable
[20241210 17:31:58:433][INFO ][o.s.b.d.e.DevToolsPropertyDefaultsPostProcessor] For additional web related logging consider setting the 'logging.level.web' property to 'DEBUG'
[20241210 17:31:58:406][INFO ][com.example.demo.DemoApplication] Started DemoApplication in 82.055 seconds (process running for 88.809)
[20241210 17:32:05:144][INFO ][o.a.c.c.C.[Tomcat].[localhost].[/]] Initializing Spring DispatcherServlet 'dispatcherServlet'
[20241210 17:32:05:145][INFO ][o.s.web.servlet.DispatcherServlet] Initializing Servlet 'dispatcherServlet'
[20241210 17:32:05:250][INFO ][o.s.web.servlet.DispatcherServlet] Completed initialization in 54 ms
[20241210 17:32:19:934][DEBUG][org.hibernate.SQL] select p1_0.id,p1_0.category,p1_0.country,p1_0.manufacturer,p1_0.name,p1_0.price,p1_0.quantity from product p1_0
[20241210 17:32:19:988][DEBUG][org.hibernate.SQL] select u1_0.id,u1_0.created_at,u1_0.name,u1_0.phone,u1_0.signup_id,u1_0.signup_password,u1_0.updated_at from user u1_0 where u1_0.signup_id=?
[20241210 17:32:20:445][INFO ][o.s.d.r.c.RepositoryConfigurationDelegate] Bootstrapping Spring Data JPA repositories in DEFAULT mode.
[20241210 17:32:21:939][INFO ][o.s.d.r.c.RepositoryConfigurationDelegate] Finished Spring Data repository scanning in 1206 ms. Found 4 JPA repository interfaces.
[20241210 17:32:26:418][DEBUG][org.hibernate.SQL] select u1_0.id,u1_0.created_at,u1_0.name,u1_0.phone,u1_0.signup_id,u1_0.signup_password,u1_0.updated_at from user u1_0 where u1_0.signup_id=?
[20241210 17:32:26:521][DEBUG][org.hibernate.SQL] select c1_0.id,c1_0.created_at,c1_0.product_id,c1_0.quantity,c1_0.updated_at,c1_0.signup_id from cart c1_0 where c1_0.signup_id=?
[20241210 17:32:26:650][DEBUG][org.hibernate.SQL] select u1_0.id,u1_0.created_at,u1_0.name,u1_0.phone,u1_0.signup_id,u1_0.signup_password,u1_0.updated_at from user u1_0 where u1_0.signup_id=?
[20241210 17:32:26:694][DEBUG][org.hibernate.SQL] select p1_0.id,p1_0.category,p1_0.country,p1_0.manufacturer,p1_0.name,p1_0.price,p1_0.quantity from product p1_0 where p1_0.id=?
[20241210 17:32:26:735][DEBUG][org.hibernate.SQL] select p1_0.id,p1_0.category,p1_0.country,p1_0.manufacturer,p1_0.name,p1_0.price,p1_0.quantity from product p1_0 where p1_0.id=?
[20241210 17:32:26:742][DEBUG][org.hibernate.SQL] select p1_0.id,p1_0.category,p1_0.country,p1_0.manufacturer,p1_0.name,p1_0.price,p1_0.quantity from product p1_0 where p1_0.id=?
[20241210 17:32:26:752][DEBUG][org.hibernate.SQL] select p1_0.id,p1_0.category,p1_0.country,p1_0.manufacturer,p1_0.name,p1_0.price,p1_0.quantity from product p1_0 where p1_0.id=?
[20241210 17:32:26:756][DEBUG][org.hibernate.SQL] select p1_0.id,p1_0.category,p1_0.country,p1_0.manufacturer,p1_0.name,p1_0.price,p1_0.quantity from product p1_0 where p1_0.id=?
[20241210 17:32:26:760][DEBUG][org.hibernate.SQL] select p1_0.id,p1_0.category,p1_0.country,p1_0.manufacturer,p1_0.name,p1_0.price,p1_0.quantity from product p1_0 where p1_0.id=?
[20241210 17:32:47:584][INFO ][o.s.b.w.embedded.tomcat.TomcatWebServer] Tomcat initialized with port 8083 (http)
[20241210 17:32:48:005][INFO ][o.apache.coyote.http11.Http11NioProtocol] Initializing ProtocolHandler ["http-nio-8083"]
[20241210 17:32:48:116][INFO ][o.apache.catalina.core.StandardService] Starting service [Tomcat]
[20241210 17:32:48:483][INFO ][org.apache.catalina.core.StandardEngine] Starting Servlet engine: [Apache Tomcat/10.1.31]
[20241210 17:32:50:834][INFO ][o.a.c.c.C.[Tomcat].[localhost].[/]] Initializing Spring embedded WebApplicationContext
[20241210 17:32:50:837][INFO ][o.s.b.w.s.c.ServletWebServerApplicationContext] Root WebApplicationContext: initialization completed in 52399 ms
[20241210 17:33:02:965][INFO ][o.hibernate.jpa.internal.util.LogHelper] HHH000204: Processing PersistenceUnitInfo [name: default]
[20241210 17:33:05:140][INFO ][org.hibernate.Version] HHH000412: Hibernate ORM core version 6.5.3.Final
[20241210 17:33:06:123][INFO ][o.h.c.internal.RegionFactoryInitiator] HHH000026: Second-level cache disabled
[20241210 17:33:18:432][INFO ][o.s.o.j.p.SpringPersistenceUnitInfo] No LoadTimeWeaver setup: ignoring JPA class transformer
[20241210 17:33:20:901][INFO ][com.zaxxer.hikari.HikariDataSource] HikariPool-1 - Starting...
[20241210 17:33:27:772][INFO ][com.zaxxer.hikari.pool.HikariPool] HikariPool-1 - Added connection com.mysql.cj.jdbc.ConnectionImpl@2ca808ba
[20241210 17:33:27:833][INFO ][com.zaxxer.hikari.HikariDataSource] HikariPool-1 - Start completed.
[20241210 17:33:28:434][WARN ][org.hibernate.orm.deprecation] HHH90000025: MySQLDialect does not need to be specified explicitly using 'hibernate.dialect' (remove the property setting and it will be selected by default)
[20241210 17:33:28:761][DEBUG][o.h.t.descriptor.sql.spi.DdlTypeRegistry] addDescriptor(12, org.hibernate.type.descriptor.sql.internal.CapacityDependentDdlType@7e228b00) replaced previous registration(org.hibernate.type.descriptor.sql.internal.CapacityDependentDdlType@504e86ae)
[20241210 17:33:28:765][DEBUG][o.h.t.descriptor.sql.spi.DdlTypeRegistry] addDescriptor(-9, org.hibernate.type.descriptor.sql.internal.CapacityDependentDdlType@1f108efa) replaced previous registration(org.hibernate.type.descriptor.sql.internal.CapacityDependentDdlType@1eac2c5e)
[20241210 17:33:28:767][DEBUG][o.h.t.descriptor.sql.spi.DdlTypeRegistry] addDescriptor(-3, org.hibernate.type.descriptor.sql.internal.CapacityDependentDdlType@743cce00) replaced previous registration(org.hibernate.type.descriptor.sql.internal.CapacityDependentDdlType@50e34ddf)
[20241210 17:33:28:769][DEBUG][o.h.t.descriptor.sql.spi.DdlTypeRegistry] addDescriptor(4003, org.hibernate.type.descriptor.sql.internal.DdlTypeImpl@4b1f6e67) replaced previous registration(org.hibernate.type.descriptor.sql.internal.DdlTypeImpl@342e7586)
[20241210 17:33:28:838][DEBUG][o.h.t.descriptor.sql.spi.DdlTypeRegistry] addDescriptor(4001, org.hibernate.type.descriptor.sql.internal.DdlTypeImpl@26f0e1cd) replaced previous registration(org.hibernate.type.descriptor.sql.internal.DdlTypeImpl@6cb7dd79)
[20241210 17:33:28:986][DEBUG][o.h.t.descriptor.sql.spi.DdlTypeRegistry] addDescriptor(4002, org.hibernate.type.descriptor.sql.internal.DdlTypeImpl@5c6bfade) replaced previous registration(org.hibernate.type.descriptor.sql.internal.DdlTypeImpl@1b2e3690)
[20241210 17:33:29:088][DEBUG][o.h.t.descriptor.sql.spi.DdlTypeRegistry] addDescriptor(2004, org.hibernate.type.descriptor.sql.internal.CapacityDependentDdlType@3a7152b1) replaced previous registration(org.hibernate.type.descriptor.sql.internal.DdlTypeImpl@687f1c93)
[20241210 17:33:29:133][DEBUG][o.h.t.descriptor.sql.spi.DdlTypeRegistry] addDescriptor(2005, org.hibernate.type.descriptor.sql.internal.CapacityDependentDdlType@6bc1a648) replaced previous registration(org.hibernate.type.descriptor.sql.internal.DdlTypeImpl@1b18716)
[20241210 17:33:29:220][DEBUG][o.h.t.descriptor.sql.spi.DdlTypeRegistry] addDescriptor(2011, org.hibernate.type.descriptor.sql.internal.CapacityDependentDdlType@31e5a94b) replaced previous registration(org.hibernate.type.descriptor.sql.internal.DdlTypeImpl@21eeb060)
[20241210 17:33:47:779][INFO ][o.h.e.t.j.p.i.JtaPlatformInitiator] HHH000489: No JTA platform available (set 'hibernate.transaction.jta.platform' to enable JTA platform integration)
[20241210 17:33:49:598][INFO ][o.s.o.j.LocalContainerEntityManagerFactoryBean] Initialized JPA EntityManagerFactory for persistence unit 'default'
[20241210 17:33:55:112][WARN ][o.s.b.a.o.j.JpaBaseConfiguration$JpaWebConfiguration] spring.jpa.open-in-view is enabled by default. Therefore, database queries may be performed during view rendering. Explicitly configure spring.jpa.open-in-view to disable this warning
[20241210 17:33:55:562][INFO ][o.s.b.a.w.s.WelcomePageHandlerMapping] Adding welcome page template: index
[20241210 17:34:01:925][WARN ][o.s.b.d.a.OptionalLiveReloadServer] Unable to start LiveReload server
[20241210 17:34:02:106][INFO ][o.apache.coyote.http11.Http11NioProtocol] Starting ProtocolHandler ["http-nio-8083"]
[20241210 17:34:02:260][WARN ][o.s.b.w.s.c.AnnotationConfigServletWebServerApplicationContext] Exception encountered during context initialization - cancelling refresh attempt: org.springframework.context.ApplicationContextException: Failed to start bean 'webServerStartStop'
[20241210 17:34:02:288][INFO ][o.s.o.j.LocalContainerEntityManagerFactoryBean] Closing JPA EntityManagerFactory for persistence unit 'default'
[20241210 17:34:02:309][INFO ][com.zaxxer.hikari.HikariDataSource] HikariPool-1 - Shutdown initiated...
[20241210 17:34:02:460][INFO ][com.zaxxer.hikari.HikariDataSource] HikariPool-1 - Shutdown completed.
[20241210 17:34:02:591][INFO ][o.s.b.a.l.ConditionEvaluationReportLogger] 

Error starting ApplicationContext. To display the condition evaluation report re-run your application with 'debug' enabled.
[20241210 17:34:02:825][ERROR][o.s.b.d.LoggingFailureAnalysisReporter] 

***************************
APPLICATION FAILED TO START
***************************

Description:

Web server failed to start. Port 8083 was already in use.

Action:

Identify and stop the process that's listening on port 8083 or configure this application to listen on another port.

[20241210 17:42:10:527][INFO ][com.example.demo.DemoApplication] Starting DemoApplication using Java 17.0.3 with PID 20916 (C:\Users\user\Desktop\demo\build\classes\java\main started by √÷¡¯«ı in C:\Users\user\Desktop\demo)
[20241210 17:42:10:643][INFO ][com.example.demo.DemoApplication] No active profile set, falling back to 1 default profile: "default"
[20241210 17:42:11:563][INFO ][o.s.b.d.e.DevToolsPropertyDefaultsPostProcessor] Devtools property defaults active! Set 'spring.devtools.add-properties' to 'false' to disable
[20241210 17:42:11:577][INFO ][o.s.b.d.e.DevToolsPropertyDefaultsPostProcessor] For additional web related logging consider setting the 'logging.level.web' property to 'DEBUG'
[20241210 17:42:20:108][INFO ][o.s.d.r.c.RepositoryConfigurationDelegate] Bootstrapping Spring Data JPA repositories in DEFAULT mode.
[20241210 17:42:20:569][INFO ][o.s.d.r.c.RepositoryConfigurationDelegate] Finished Spring Data repository scanning in 397 ms. Found 4 JPA repository interfaces.
[20241210 17:42:28:834][INFO ][o.s.b.w.embedded.tomcat.TomcatWebServer] Tomcat initialized with port 8083 (http)
[20241210 17:42:28:921][INFO ][o.apache.coyote.http11.Http11NioProtocol] Initializing ProtocolHandler ["http-nio-8083"]
[20241210 17:42:28:956][INFO ][o.apache.catalina.core.StandardService] Starting service [Tomcat]
[20241210 17:42:28:967][INFO ][org.apache.catalina.core.StandardEngine] Starting Servlet engine: [Apache Tomcat/10.1.31]
[20241210 17:42:29:468][INFO ][o.a.c.c.C.[Tomcat].[localhost].[/]] Initializing Spring embedded WebApplicationContext
[20241210 17:42:29:470][INFO ][o.s.b.w.s.c.ServletWebServerApplicationContext] Root WebApplicationContext: initialization completed in 17842 ms
[20241210 17:42:31:053][INFO ][o.hibernate.jpa.internal.util.LogHelper] HHH000204: Processing PersistenceUnitInfo [name: default]
[20241210 17:42:31:540][INFO ][org.hibernate.Version] HHH000412: Hibernate ORM core version 6.5.3.Final
[20241210 17:42:31:764][INFO ][o.h.c.internal.RegionFactoryInitiator] HHH000026: Second-level cache disabled
[20241210 17:42:33:218][INFO ][o.s.o.j.p.SpringPersistenceUnitInfo] No LoadTimeWeaver setup: ignoring JPA class transformer
[20241210 17:42:33:355][INFO ][com.zaxxer.hikari.HikariDataSource] HikariPool-1 - Starting...
[20241210 17:42:35:084][INFO ][com.zaxxer.hikari.pool.HikariPool] HikariPool-1 - Added connection com.mysql.cj.jdbc.ConnectionImpl@1d2f4241
[20241210 17:42:35:091][INFO ][com.zaxxer.hikari.HikariDataSource] HikariPool-1 - Start completed.
[20241210 17:42:35:483][WARN ][org.hibernate.orm.deprecation] HHH90000025: MySQLDialect does not need to be specified explicitly using 'hibernate.dialect' (remove the property setting and it will be selected by default)
[20241210 17:42:35:755][DEBUG][o.h.t.descriptor.sql.spi.DdlTypeRegistry] addDescriptor(12, org.hibernate.type.descriptor.sql.internal.CapacityDependentDdlType@3243803a) replaced previous registration(org.hibernate.type.descriptor.sql.internal.CapacityDependentDdlType@340f73de)
[20241210 17:42:35:769][DEBUG][o.h.t.descriptor.sql.spi.DdlTypeRegistry] addDescriptor(-9, org.hibernate.type.descriptor.sql.internal.CapacityDependentDdlType@5b5b4cda) replaced previous registration(org.hibernate.type.descriptor.sql.internal.CapacityDependentDdlType@7e228b00)
[20241210 17:42:35:779][DEBUG][o.h.t.descriptor.sql.spi.DdlTypeRegistry] addDescriptor(-3, org.hibernate.type.descriptor.sql.internal.CapacityDependentDdlType@504e86ae) replaced previous registration(org.hibernate.type.descriptor.sql.internal.CapacityDependentDdlType@1f108efa)
[20241210 17:42:35:783][DEBUG][o.h.t.descriptor.sql.spi.DdlTypeRegistry] addDescriptor(4003, org.hibernate.type.descriptor.sql.internal.DdlTypeImpl@1eac2c5e) replaced previous registration(org.hibernate.type.descriptor.sql.internal.DdlTypeImpl@743cce00)
[20241210 17:42:35:788][DEBUG][o.h.t.descriptor.sql.spi.DdlTypeRegistry] addDescriptor(4001, org.hibernate.type.descriptor.sql.internal.DdlTypeImpl@50e34ddf) replaced previous registration(org.hibernate.type.descriptor.sql.internal.DdlTypeImpl@4b1f6e67)
[20241210 17:42:35:800][DEBUG][o.h.t.descriptor.sql.spi.DdlTypeRegistry] addDescriptor(4002, org.hibernate.type.descriptor.sql.internal.DdlTypeImpl@342e7586) replaced previous registration(org.hibernate.type.descriptor.sql.internal.DdlTypeImpl@26f0e1cd)
[20241210 17:42:35:881][DEBUG][o.h.t.descriptor.sql.spi.DdlTypeRegistry] addDescriptor(2004, org.hibernate.type.descriptor.sql.internal.CapacityDependentDdlType@6cb7dd79) replaced previous registration(org.hibernate.type.descriptor.sql.internal.DdlTypeImpl@5c6bfade)
[20241210 17:42:35:935][DEBUG][o.h.t.descriptor.sql.spi.DdlTypeRegistry] addDescriptor(2005, org.hibernate.type.descriptor.sql.internal.CapacityDependentDdlType@1b2e3690) replaced previous registration(org.hibernate.type.descriptor.sql.internal.DdlTypeImpl@3a7152b1)
[20241210 17:42:36:012][DEBUG][o.h.t.descriptor.sql.spi.DdlTypeRegistry] addDescriptor(2011, org.hibernate.type.descriptor.sql.internal.CapacityDependentDdlType@687f1c93) replaced previous registration(org.hibernate.type.descriptor.sql.internal.DdlTypeImpl@6bc1a648)
[20241210 17:42:40:179][INFO ][o.h.e.t.j.p.i.JtaPlatformInitiator] HHH000489: No JTA platform available (set 'hibernate.transaction.jta.platform' to enable JTA platform integration)
[20241210 17:42:40:618][INFO ][o.s.o.j.LocalContainerEntityManagerFactoryBean] Initialized JPA EntityManagerFactory for persistence unit 'default'
[20241210 17:42:43:931][WARN ][o.s.b.a.o.j.JpaBaseConfiguration$JpaWebConfiguration] spring.jpa.open-in-view is enabled by default. Therefore, database queries may be performed during view rendering. Explicitly configure spring.jpa.open-in-view to disable this warning
[20241210 17:42:44:249][INFO ][o.s.b.a.w.s.WelcomePageHandlerMapping] Adding welcome page template: index
[20241210 17:42:47:545][INFO ][o.s.b.d.a.OptionalLiveReloadServer] LiveReload server is running on port 35729
[20241210 17:42:47:745][INFO ][o.apache.coyote.http11.Http11NioProtocol] Starting ProtocolHandler ["http-nio-8083"]
[20241210 17:42:47:983][INFO ][o.s.b.w.embedded.tomcat.TomcatWebServer] Tomcat started on port 8083 (http) with context path '/'
[20241210 17:42:48:097][INFO ][com.example.demo.DemoApplication] Started DemoApplication in 47.701 seconds (process running for 54.152)
[20241210 17:46:33:271][INFO ][o.a.c.c.C.[Tomcat].[localhost].[/]] Initializing Spring DispatcherServlet 'dispatcherServlet'
[20241210 17:46:33:300][INFO ][o.s.web.servlet.DispatcherServlet] Initializing Servlet 'dispatcherServlet'
[20241210 17:46:33:402][INFO ][o.s.web.servlet.DispatcherServlet] Completed initialization in 96 ms
[20241210 17:46:35:445][DEBUG][org.hibernate.SQL] select u1_0.id,u1_0.created_at,u1_0.name,u1_0.phone,u1_0.signup_id,u1_0.signup_password,u1_0.updated_at from user u1_0 where u1_0.signup_id=?
[20241210 17:46:35:445][DEBUG][org.hibernate.SQL] select p1_0.id,p1_0.category,p1_0.country,p1_0.manufacturer,p1_0.name,p1_0.price,p1_0.quantity from product p1_0
[20241210 17:46:35:967][DEBUG][org.hibernate.SQL] select u1_0.id,u1_0.created_at,u1_0.name,u1_0.phone,u1_0.signup_id,u1_0.signup_password,u1_0.updated_at from user u1_0 where u1_0.signup_id=?
[20241210 17:46:36:002][DEBUG][org.hibernate.SQL] select c1_0.id,c1_0.created_at,c1_0.product_id,c1_0.quantity,c1_0.updated_at,c1_0.signup_id from cart c1_0 where c1_0.signup_id=?
[20241210 17:46:36:063][DEBUG][org.hibernate.SQL] select u1_0.id,u1_0.created_at,u1_0.name,u1_0.phone,u1_0.signup_id,u1_0.signup_password,u1_0.updated_at from user u1_0 where u1_0.signup_id=?
[20241210 17:46:36:088][DEBUG][org.hibernate.SQL] select p1_0.id,p1_0.category,p1_0.country,p1_0.manufacturer,p1_0.name,p1_0.price,p1_0.quantity from product p1_0 where p1_0.id=?
[20241210 17:46:36:101][DEBUG][org.hibernate.SQL] select p1_0.id,p1_0.category,p1_0.country,p1_0.manufacturer,p1_0.name,p1_0.price,p1_0.quantity from product p1_0 where p1_0.id=?
[20241210 17:46:36:104][DEBUG][org.hibernate.SQL] select p1_0.id,p1_0.category,p1_0.country,p1_0.manufacturer,p1_0.name,p1_0.price,p1_0.quantity from product p1_0 where p1_0.id=?
[20241210 17:46:36:107][DEBUG][org.hibernate.SQL] select p1_0.id,p1_0.category,p1_0.country,p1_0.manufacturer,p1_0.name,p1_0.price,p1_0.quantity from product p1_0 where p1_0.id=?
[20241210 17:46:36:116][DEBUG][org.hibernate.SQL] select p1_0.id,p1_0.category,p1_0.country,p1_0.manufacturer,p1_0.name,p1_0.price,p1_0.quantity from product p1_0 where p1_0.id=?
[20241210 17:46:36:119][DEBUG][org.hibernate.SQL] select p1_0.id,p1_0.category,p1_0.country,p1_0.manufacturer,p1_0.name,p1_0.price,p1_0.quantity from product p1_0 where p1_0.id=?
[20241210 20:03:06:754][INFO ][com.example.demo.DemoApplication] Starting DemoApplication using Java 17.0.3 with PID 18048 (C:\Users\user\Desktop\demo\build\classes\java\main started by √÷¡¯«ı in C:\Users\user\Desktop\demo)
[20241210 20:03:06:774][INFO ][com.example.demo.DemoApplication] No active profile set, falling back to 1 default profile: "default"
[20241210 20:03:07:167][INFO ][o.s.b.d.e.DevToolsPropertyDefaultsPostProcessor] Devtools property defaults active! Set 'spring.devtools.add-properties' to 'false' to disable
[20241210 20:03:07:171][INFO ][o.s.b.d.e.DevToolsPropertyDefaultsPostProcessor] For additional web related logging consider setting the 'logging.level.web' property to 'DEBUG'
[20241210 20:03:17:601][INFO ][o.s.d.r.c.RepositoryConfigurationDelegate] Bootstrapping Spring Data JPA repositories in DEFAULT mode.
[20241210 20:03:18:110][INFO ][o.s.d.r.c.RepositoryConfigurationDelegate] Finished Spring Data repository scanning in 411 ms. Found 4 JPA repository interfaces.
[20241210 20:03:26:799][INFO ][o.s.b.w.embedded.tomcat.TomcatWebServer] Tomcat initialized with port 8083 (http)
[20241210 20:03:26:891][INFO ][o.apache.coyote.http11.Http11NioProtocol] Initializing ProtocolHandler ["http-nio-8083"]
[20241210 20:03:26:982][INFO ][o.apache.catalina.core.StandardService] Starting service [Tomcat]
[20241210 20:03:26:985][INFO ][org.apache.catalina.core.StandardEngine] Starting Servlet engine: [Apache Tomcat/10.1.31]
[20241210 20:03:28:015][INFO ][o.a.c.c.C.[Tomcat].[localhost].[/]] Initializing Spring embedded WebApplicationContext
[20241210 20:03:28:027][INFO ][o.s.b.w.s.c.ServletWebServerApplicationContext] Root WebApplicationContext: initialization completed in 20846 ms
[20241210 20:03:32:115][INFO ][o.hibernate.jpa.internal.util.LogHelper] HHH000204: Processing PersistenceUnitInfo [name: default]
[20241210 20:03:33:243][INFO ][org.hibernate.Version] HHH000412: Hibernate ORM core version 6.5.3.Final
[20241210 20:03:33:778][INFO ][o.h.c.internal.RegionFactoryInitiator] HHH000026: Second-level cache disabled
[20241210 20:03:36:781][INFO ][o.s.o.j.p.SpringPersistenceUnitInfo] No LoadTimeWeaver setup: ignoring JPA class transformer
[20241210 20:03:37:045][INFO ][com.zaxxer.hikari.HikariDataSource] HikariPool-1 - Starting...
[20241210 20:03:40:737][INFO ][com.zaxxer.hikari.pool.HikariPool] HikariPool-1 - Added connection com.mysql.cj.jdbc.ConnectionImpl@20150ae1
[20241210 20:03:40:759][INFO ][com.zaxxer.hikari.HikariDataSource] HikariPool-1 - Start completed.
[20241210 20:03:43:407][WARN ][org.hibernate.orm.deprecation] HHH90000025: MySQLDialect does not need to be specified explicitly using 'hibernate.dialect' (remove the property setting and it will be selected by default)
[20241210 20:03:43:672][DEBUG][o.h.t.descriptor.sql.spi.DdlTypeRegistry] addDescriptor(12, org.hibernate.type.descriptor.sql.internal.CapacityDependentDdlType@33f6a793) replaced previous registration(org.hibernate.type.descriptor.sql.internal.CapacityDependentDdlType@36eb2a17)
[20241210 20:03:43:675][DEBUG][o.h.t.descriptor.sql.spi.DdlTypeRegistry] addDescriptor(-9, org.hibernate.type.descriptor.sql.internal.CapacityDependentDdlType@6d1918a1) replaced previous registration(org.hibernate.type.descriptor.sql.internal.CapacityDependentDdlType@3243803a)
[20241210 20:03:43:752][DEBUG][o.h.t.descriptor.sql.spi.DdlTypeRegistry] addDescriptor(-3, org.hibernate.type.descriptor.sql.internal.CapacityDependentDdlType@340f73de) replaced previous registration(org.hibernate.type.descriptor.sql.internal.CapacityDependentDdlType@5b5b4cda)
[20241210 20:03:43:808][DEBUG][o.h.t.descriptor.sql.spi.DdlTypeRegistry] addDescriptor(4003, org.hibernate.type.descriptor.sql.internal.DdlTypeImpl@7e228b00) replaced previous registration(org.hibernate.type.descriptor.sql.internal.DdlTypeImpl@504e86ae)
[20241210 20:03:43:886][DEBUG][o.h.t.descriptor.sql.spi.DdlTypeRegistry] addDescriptor(4001, org.hibernate.type.descriptor.sql.internal.DdlTypeImpl@1f108efa) replaced previous registration(org.hibernate.type.descriptor.sql.internal.DdlTypeImpl@1eac2c5e)
[20241210 20:03:43:985][DEBUG][o.h.t.descriptor.sql.spi.DdlTypeRegistry] addDescriptor(4002, org.hibernate.type.descriptor.sql.internal.DdlTypeImpl@743cce00) replaced previous registration(org.hibernate.type.descriptor.sql.internal.DdlTypeImpl@50e34ddf)
[20241210 20:03:44:090][DEBUG][o.h.t.descriptor.sql.spi.DdlTypeRegistry] addDescriptor(2004, org.hibernate.type.descriptor.sql.internal.CapacityDependentDdlType@4b1f6e67) replaced previous registration(org.hibernate.type.descriptor.sql.internal.DdlTypeImpl@342e7586)
[20241210 20:03:44:138][DEBUG][o.h.t.descriptor.sql.spi.DdlTypeRegistry] addDescriptor(2005, org.hibernate.type.descriptor.sql.internal.CapacityDependentDdlType@26f0e1cd) replaced previous registration(org.hibernate.type.descriptor.sql.internal.DdlTypeImpl@6cb7dd79)
[20241210 20:03:44:172][DEBUG][o.h.t.descriptor.sql.spi.DdlTypeRegistry] addDescriptor(2011, org.hibernate.type.descriptor.sql.internal.CapacityDependentDdlType@5c6bfade) replaced previous registration(org.hibernate.type.descriptor.sql.internal.DdlTypeImpl@1b2e3690)
[20241210 20:03:51:401][INFO ][o.h.e.t.j.p.i.JtaPlatformInitiator] HHH000489: No JTA platform available (set 'hibernate.transaction.jta.platform' to enable JTA platform integration)
[20241210 20:03:51:922][INFO ][o.s.o.j.LocalContainerEntityManagerFactoryBean] Initialized JPA EntityManagerFactory for persistence unit 'default'
[20241210 20:03:54:884][WARN ][o.s.b.a.o.j.JpaBaseConfiguration$JpaWebConfiguration] spring.jpa.open-in-view is enabled by default. Therefore, database queries may be performed during view rendering. Explicitly configure spring.jpa.open-in-view to disable this warning
[20241210 20:03:55:036][INFO ][o.s.b.a.w.s.WelcomePageHandlerMapping] Adding welcome page template: index
[20241210 20:03:57:620][INFO ][o.s.b.d.a.OptionalLiveReloadServer] LiveReload server is running on port 35729
[20241210 20:03:57:733][INFO ][o.apache.coyote.http11.Http11NioProtocol] Starting ProtocolHandler ["http-nio-8083"]
[20241210 20:03:57:897][INFO ][o.s.b.w.embedded.tomcat.TomcatWebServer] Tomcat started on port 8083 (http) with context path '/'
[20241210 20:03:57:927][INFO ][com.example.demo.DemoApplication] Started DemoApplication in 55.839 seconds (process running for 60.337)
[20241210 20:03:58:970][INFO ][o.a.c.c.C.[Tomcat].[localhost].[/]] Initializing Spring DispatcherServlet 'dispatcherServlet'
[20241210 20:03:58:971][INFO ][o.s.web.servlet.DispatcherServlet] Initializing Servlet 'dispatcherServlet'
[20241210 20:03:58:974][INFO ][o.s.web.servlet.DispatcherServlet] Completed initialization in 2 ms
[20241210 20:04:00:934][DEBUG][org.hibernate.SQL] select p1_0.id,p1_0.category,p1_0.country,p1_0.manufacturer,p1_0.name,p1_0.price,p1_0.quantity from product p1_0
[20241210 20:04:00:966][DEBUG][org.hibernate.SQL] select u1_0.id,u1_0.created_at,u1_0.name,u1_0.phone,u1_0.signup_id,u1_0.signup_password,u1_0.updated_at from user u1_0 where u1_0.signup_id=?
[20241210 20:04:03:649][DEBUG][org.hibernate.SQL] select u1_0.id,u1_0.created_at,u1_0.name,u1_0.phone,u1_0.signup_id,u1_0.signup_password,u1_0.updated_at from user u1_0 where u1_0.signup_id=?
[20241210 20:04:03:667][DEBUG][org.hibernate.SQL] select c1_0.id,c1_0.created_at,c1_0.product_id,c1_0.quantity,c1_0.updated_at,c1_0.signup_id from cart c1_0 where c1_0.signup_id=?
[20241210 20:04:03:750][DEBUG][org.hibernate.SQL] select u1_0.id,u1_0.created_at,u1_0.name,u1_0.phone,u1_0.signup_id,u1_0.signup_password,u1_0.updated_at from user u1_0 where u1_0.signup_id=?
[20241210 20:04:03:779][DEBUG][org.hibernate.SQL] select p1_0.id,p1_0.category,p1_0.country,p1_0.manufacturer,p1_0.name,p1_0.price,p1_0.quantity from product p1_0 where p1_0.id=?
[20241210 20:04:03:787][DEBUG][org.hibernate.SQL] select p1_0.id,p1_0.category,p1_0.country,p1_0.manufacturer,p1_0.name,p1_0.price,p1_0.quantity from product p1_0 where p1_0.id=?
[20241210 20:04:03:794][DEBUG][org.hibernate.SQL] select p1_0.id,p1_0.category,p1_0.country,p1_0.manufacturer,p1_0.name,p1_0.price,p1_0.quantity from product p1_0 where p1_0.id=?
[20241210 20:04:03:798][DEBUG][org.hibernate.SQL] select p1_0.id,p1_0.category,p1_0.country,p1_0.manufacturer,p1_0.name,p1_0.price,p1_0.quantity from product p1_0 where p1_0.id=?
[20241210 20:04:03:801][DEBUG][org.hibernate.SQL] select p1_0.id,p1_0.category,p1_0.country,p1_0.manufacturer,p1_0.name,p1_0.price,p1_0.quantity from product p1_0 where p1_0.id=?
[20241210 20:04:03:806][DEBUG][org.hibernate.SQL] select p1_0.id,p1_0.category,p1_0.country,p1_0.manufacturer,p1_0.name,p1_0.price,p1_0.quantity from product p1_0 where p1_0.id=?
[20241210 20:05:38:484][ERROR][o.a.c.c.C.[.[.[/].[dispatcherServlet]] Servlet.service() for servlet [dispatcherServlet] in context with path [] threw exception [Request processing failed: java.lang.NumberFormatException: For input string: "MC4wMTM0NDgwNDMwMjk0"] with root cause
java.lang.NumberFormatException: For input string: "MC4wMTM0NDgwNDMwMjk0"
	at java.base/java.lang.NumberFormatException.forInputString(NumberFormatException.java:67)
	at java.base/java.lang.Long.parseLong(Long.java:711)
	at java.base/java.lang.Long.parseLong(Long.java:836)
	at com.example.demo.controller.WidgetController.confirmPayment(WidgetController.java:86)
	at java.base/jdk.internal.reflect.NativeMethodAccessorImpl.invoke0(Native Method)
	at java.base/jdk.internal.reflect.NativeMethodAccessorImpl.invoke(NativeMethodAccessorImpl.java:77)
	at java.base/jdk.internal.reflect.DelegatingMethodAccessorImpl.invoke(DelegatingMethodAccessorImpl.java:43)
	at java.base/java.lang.reflect.Method.invoke(Method.java:568)
	at org.springframework.web.method.support.InvocableHandlerMethod.doInvoke(InvocableHandlerMethod.java:255)
	at org.springframework.web.method.support.InvocableHandlerMethod.invokeForRequest(InvocableHandlerMethod.java:188)
	at org.springframework.web.servlet.mvc.method.annotation.ServletInvocableHandlerMethod.invokeAndHandle(ServletInvocableHandlerMethod.java:118)
	at org.springframework.web.servlet.mvc.method.annotation.RequestMappingHandlerAdapter.invokeHandlerMethod(RequestMappingHandlerAdapter.java:926)
	at org.springframework.web.servlet.mvc.method.annotation.RequestMappingHandlerAdapter.handleInternal(RequestMappingHandlerAdapter.java:831)
	at org.springframework.web.servlet.mvc.method.AbstractHandlerMethodAdapter.handle(AbstractHandlerMethodAdapter.java:87)
	at org.springframework.web.servlet.DispatcherServlet.doDispatch(DispatcherServlet.java:1089)
	at org.springframework.web.servlet.DispatcherServlet.doService(DispatcherServlet.java:979)
	at org.springframework.web.servlet.FrameworkServlet.processRequest(FrameworkServlet.java:1014)
	at org.springframework.web.servlet.FrameworkServlet.doPost(FrameworkServlet.java:914)
	at jakarta.servlet.http.HttpServlet.service(HttpServlet.java:590)
	at org.springframework.web.servlet.FrameworkServlet.service(FrameworkServlet.java:885)
	at jakarta.servlet.http.HttpServlet.service(HttpServlet.java:658)
	at org.apache.catalina.core.ApplicationFilterChain.internalDoFilter(ApplicationFilterChain.java:195)
	at org.apache.catalina.core.ApplicationFilterChain.doFilter(ApplicationFilterChain.java:140)
	at org.apache.tomcat.websocket.server.WsFilter.doFilter(WsFilter.java:51)
	at org.apache.catalina.core.ApplicationFilterChain.internalDoFilter(ApplicationFilterChain.java:164)
	at org.apache.catalina.core.ApplicationFilterChain.doFilter(ApplicationFilterChain.java:140)
	at org.springframework.web.filter.RequestContextFilter.doFilterInternal(RequestContextFilter.java:100)
	at org.springframework.web.filter.OncePerRequestFilter.doFilter(OncePerRequestFilter.java:116)
	at org.apache.catalina.core.ApplicationFilterChain.internalDoFilter(ApplicationFilterChain.java:164)
	at org.apache.catalina.core.ApplicationFilterChain.doFilter(ApplicationFilterChain.java:140)
	at org.springframework.web.filter.FormContentFilter.doFilterInternal(FormContentFilter.java:93)
	at org.springframework.web.filter.OncePerRequestFilter.doFilter(OncePerRequestFilter.java:116)
	at org.apache.catalina.core.ApplicationFilterChain.internalDoFilter(ApplicationFilterChain.java:164)
	at org.apache.catalina.core.ApplicationFilterChain.doFilter(ApplicationFilterChain.java:140)
	at org.springframework.web.filter.CharacterEncodingFilter.doFilterInternal(CharacterEncodingFilter.java:201)
	at org.springframework.web.filter.OncePerRequestFilter.doFilter(OncePerRequestFilter.java:116)
	at org.apache.catalina.core.ApplicationFilterChain.internalDoFilter(ApplicationFilterChain.java:164)
	at org.apache.catalina.core.ApplicationFilterChain.doFilter(ApplicationFilterChain.java:140)
	at org.apache.catalina.core.StandardWrapperValve.invoke(StandardWrapperValve.java:167)
	at org.apache.catalina.core.StandardContextValve.invoke(StandardContextValve.java:90)
	at org.apache.catalina.authenticator.AuthenticatorBase.invoke(AuthenticatorBase.java:483)
	at org.apache.catalina.core.StandardHostValve.invoke(StandardHostValve.java:115)
	at org.apache.catalina.valves.ErrorReportValve.invoke(ErrorReportValve.java:93)
	at org.apache.catalina.core.StandardEngineValve.invoke(StandardEngineValve.java:74)
	at org.apache.catalina.connector.CoyoteAdapter.service(CoyoteAdapter.java:344)
	at org.apache.coyote.http11.Http11Processor.service(Http11Processor.java:384)
	at org.apache.coyote.AbstractProcessorLight.process(AbstractProcessorLight.java:63)
	at org.apache.coyote.AbstractProtocol$ConnectionHandler.process(AbstractProtocol.java:905)
	at org.apache.tomcat.util.net.NioEndpoint$SocketProcessor.doRun(NioEndpoint.java:1741)
	at org.apache.tomcat.util.net.SocketProcessorBase.run(SocketProcessorBase.java:52)
	at org.apache.tomcat.util.threads.ThreadPoolExecutor.runWorker(ThreadPoolExecutor.java:1190)
	at org.apache.tomcat.util.threads.ThreadPoolExecutor$Worker.run(ThreadPoolExecutor.java:659)
	at org.apache.tomcat.util.threads.TaskThread$WrappingRunnable.run(TaskThread.java:63)
	at java.base/java.lang.Thread.run(Thread.java:833)
[20241210 20:09:05:012][INFO ][com.example.demo.DemoApplication] Starting DemoApplication using Java 17.0.3 with PID 22272 (C:\Users\user\Desktop\demo\build\classes\java\main started by √÷¡¯«ı in C:\Users\user\Desktop\demo)
[20241210 20:09:05:034][INFO ][com.example.demo.DemoApplication] No active profile set, falling back to 1 default profile: "default"
[20241210 20:09:05:717][INFO ][o.s.b.d.e.DevToolsPropertyDefaultsPostProcessor] Devtools property defaults active! Set 'spring.devtools.add-properties' to 'false' to disable
[20241210 20:09:05:728][INFO ][o.s.b.d.e.DevToolsPropertyDefaultsPostProcessor] For additional web related logging consider setting the 'logging.level.web' property to 'DEBUG'
[20241210 20:09:17:629][INFO ][o.s.d.r.c.RepositoryConfigurationDelegate] Bootstrapping Spring Data JPA repositories in DEFAULT mode.
[20241210 20:09:18:396][INFO ][o.s.d.r.c.RepositoryConfigurationDelegate] Finished Spring Data repository scanning in 653 ms. Found 4 JPA repository interfaces.
[20241210 20:09:24:671][INFO ][o.s.b.w.embedded.tomcat.TomcatWebServer] Tomcat initialized with port 8083 (http)
[20241210 20:09:24:820][INFO ][o.apache.coyote.http11.Http11NioProtocol] Initializing ProtocolHandler ["http-nio-8083"]
[20241210 20:09:24:905][INFO ][o.apache.catalina.core.StandardService] Starting service [Tomcat]
[20241210 20:09:24:907][INFO ][org.apache.catalina.core.StandardEngine] Starting Servlet engine: [Apache Tomcat/10.1.31]
[20241210 20:09:26:043][INFO ][o.a.c.c.C.[Tomcat].[localhost].[/]] Initializing Spring embedded WebApplicationContext
[20241210 20:09:26:090][INFO ][o.s.b.w.s.c.ServletWebServerApplicationContext] Root WebApplicationContext: initialization completed in 20357 ms
[20241210 20:09:29:337][INFO ][o.hibernate.jpa.internal.util.LogHelper] HHH000204: Processing PersistenceUnitInfo [name: default]
[20241210 20:09:30:022][INFO ][org.hibernate.Version] HHH000412: Hibernate ORM core version 6.5.3.Final
[20241210 20:09:30:292][INFO ][o.h.c.internal.RegionFactoryInitiator] HHH000026: Second-level cache disabled
[20241210 20:09:31:804][INFO ][o.s.o.j.p.SpringPersistenceUnitInfo] No LoadTimeWeaver setup: ignoring JPA class transformer
[20241210 20:09:31:972][INFO ][com.zaxxer.hikari.HikariDataSource] HikariPool-1 - Starting...
[20241210 20:09:33:467][INFO ][com.zaxxer.hikari.pool.HikariPool] HikariPool-1 - Added connection com.mysql.cj.jdbc.ConnectionImpl@20150ae1
[20241210 20:09:33:475][INFO ][com.zaxxer.hikari.HikariDataSource] HikariPool-1 - Start completed.
[20241210 20:09:33:938][WARN ][org.hibernate.orm.deprecation] HHH90000025: MySQLDialect does not need to be specified explicitly using 'hibernate.dialect' (remove the property setting and it will be selected by default)
[20241210 20:09:34:268][DEBUG][o.h.t.descriptor.sql.spi.DdlTypeRegistry] addDescriptor(12, org.hibernate.type.descriptor.sql.internal.CapacityDependentDdlType@33f6a793) replaced previous registration(org.hibernate.type.descriptor.sql.internal.CapacityDependentDdlType@36eb2a17)
[20241210 20:09:34:274][DEBUG][o.h.t.descriptor.sql.spi.DdlTypeRegistry] addDescriptor(-9, org.hibernate.type.descriptor.sql.internal.CapacityDependentDdlType@6d1918a1) replaced previous registration(org.hibernate.type.descriptor.sql.internal.CapacityDependentDdlType@3243803a)
[20241210 20:09:34:358][DEBUG][o.h.t.descriptor.sql.spi.DdlTypeRegistry] addDescriptor(-3, org.hibernate.type.descriptor.sql.internal.CapacityDependentDdlType@340f73de) replaced previous registration(org.hibernate.type.descriptor.sql.internal.CapacityDependentDdlType@5b5b4cda)
[20241210 20:09:34:491][DEBUG][o.h.t.descriptor.sql.spi.DdlTypeRegistry] addDescriptor(4003, org.hibernate.type.descriptor.sql.internal.DdlTypeImpl@7e228b00) replaced previous registration(org.hibernate.type.descriptor.sql.internal.DdlTypeImpl@504e86ae)
[20241210 20:09:34:650][DEBUG][o.h.t.descriptor.sql.spi.DdlTypeRegistry] addDescriptor(4001, org.hibernate.type.descriptor.sql.internal.DdlTypeImpl@1f108efa) replaced previous registration(org.hibernate.type.descriptor.sql.internal.DdlTypeImpl@1eac2c5e)
[20241210 20:09:34:670][DEBUG][o.h.t.descriptor.sql.spi.DdlTypeRegistry] addDescriptor(4002, org.hibernate.type.descriptor.sql.internal.DdlTypeImpl@743cce00) replaced previous registration(org.hibernate.type.descriptor.sql.internal.DdlTypeImpl@50e34ddf)
[20241210 20:09:34:675][DEBUG][o.h.t.descriptor.sql.spi.DdlTypeRegistry] addDescriptor(2004, org.hibernate.type.descriptor.sql.internal.CapacityDependentDdlType@4b1f6e67) replaced previous registration(org.hibernate.type.descriptor.sql.internal.DdlTypeImpl@342e7586)
[20241210 20:09:34:707][DEBUG][o.h.t.descriptor.sql.spi.DdlTypeRegistry] addDescriptor(2005, org.hibernate.type.descriptor.sql.internal.CapacityDependentDdlType@26f0e1cd) replaced previous registration(org.hibernate.type.descriptor.sql.internal.DdlTypeImpl@6cb7dd79)
[20241210 20:09:34:720][DEBUG][o.h.t.descriptor.sql.spi.DdlTypeRegistry] addDescriptor(2011, org.hibernate.type.descriptor.sql.internal.CapacityDependentDdlType@5c6bfade) replaced previous registration(org.hibernate.type.descriptor.sql.internal.DdlTypeImpl@1b2e3690)
[20241210 20:09:39:252][INFO ][o.h.e.t.j.p.i.JtaPlatformInitiator] HHH000489: No JTA platform available (set 'hibernate.transaction.jta.platform' to enable JTA platform integration)
[20241210 20:09:39:738][INFO ][o.s.o.j.LocalContainerEntityManagerFactoryBean] Initialized JPA EntityManagerFactory for persistence unit 'default'
[20241210 20:09:44:219][WARN ][o.s.b.a.o.j.JpaBaseConfiguration$JpaWebConfiguration] spring.jpa.open-in-view is enabled by default. Therefore, database queries may be performed during view rendering. Explicitly configure spring.jpa.open-in-view to disable this warning
[20241210 20:09:44:356][INFO ][o.s.b.a.w.s.WelcomePageHandlerMapping] Adding welcome page template: index
[20241210 20:09:46:135][INFO ][o.s.b.d.a.OptionalLiveReloadServer] LiveReload server is running on port 35729
[20241210 20:09:46:202][INFO ][o.apache.coyote.http11.Http11NioProtocol] Starting ProtocolHandler ["http-nio-8083"]
[20241210 20:09:46:328][INFO ][o.s.b.w.embedded.tomcat.TomcatWebServer] Tomcat started on port 8083 (http) with context path '/'
[20241210 20:09:46:362][INFO ][com.example.demo.DemoApplication] Started DemoApplication in 49.242 seconds (process running for 58.554)
[20241210 20:10:07:444][INFO ][o.a.c.c.C.[Tomcat].[localhost].[/]] Initializing Spring DispatcherServlet 'dispatcherServlet'
[20241210 20:10:07:471][INFO ][o.s.web.servlet.DispatcherServlet] Initializing Servlet 'dispatcherServlet'
[20241210 20:10:07:474][INFO ][o.s.web.servlet.DispatcherServlet] Completed initialization in 2 ms
[20241210 20:10:09:847][DEBUG][org.hibernate.SQL] select p1_0.id,p1_0.category,p1_0.country,p1_0.manufacturer,p1_0.name,p1_0.price,p1_0.quantity from product p1_0
[20241210 20:10:09:851][DEBUG][org.hibernate.SQL] select u1_0.id,u1_0.created_at,u1_0.name,u1_0.phone,u1_0.signup_id,u1_0.signup_password,u1_0.updated_at from user u1_0 where u1_0.signup_id=?
[20241210 20:10:14:261][DEBUG][org.hibernate.SQL] select u1_0.id,u1_0.created_at,u1_0.name,u1_0.phone,u1_0.signup_id,u1_0.signup_password,u1_0.updated_at from user u1_0 where u1_0.signup_id=?
[20241210 20:10:14:292][DEBUG][org.hibernate.SQL] select c1_0.id,c1_0.created_at,c1_0.product_id,c1_0.quantity,c1_0.updated_at,c1_0.signup_id from cart c1_0 where c1_0.signup_id=?
[20241210 20:10:14:357][DEBUG][org.hibernate.SQL] select u1_0.id,u1_0.created_at,u1_0.name,u1_0.phone,u1_0.signup_id,u1_0.signup_password,u1_0.updated_at from user u1_0 where u1_0.signup_id=?
[20241210 20:10:14:419][DEBUG][org.hibernate.SQL] select p1_0.id,p1_0.category,p1_0.country,p1_0.manufacturer,p1_0.name,p1_0.price,p1_0.quantity from product p1_0 where p1_0.id=?
[20241210 20:10:14:427][DEBUG][org.hibernate.SQL] select p1_0.id,p1_0.category,p1_0.country,p1_0.manufacturer,p1_0.name,p1_0.price,p1_0.quantity from product p1_0 where p1_0.id=?
[20241210 20:10:14:435][DEBUG][org.hibernate.SQL] select p1_0.id,p1_0.category,p1_0.country,p1_0.manufacturer,p1_0.name,p1_0.price,p1_0.quantity from product p1_0 where p1_0.id=?
[20241210 20:10:14:439][DEBUG][org.hibernate.SQL] select p1_0.id,p1_0.category,p1_0.country,p1_0.manufacturer,p1_0.name,p1_0.price,p1_0.quantity from product p1_0 where p1_0.id=?
[20241210 20:10:14:461][DEBUG][org.hibernate.SQL] select p1_0.id,p1_0.category,p1_0.country,p1_0.manufacturer,p1_0.name,p1_0.price,p1_0.quantity from product p1_0 where p1_0.id=?
[20241210 20:10:14:473][DEBUG][org.hibernate.SQL] select p1_0.id,p1_0.category,p1_0.country,p1_0.manufacturer,p1_0.name,p1_0.price,p1_0.quantity from product p1_0 where p1_0.id=?
[20241210 20:11:10:358][ERROR][o.a.c.c.C.[.[.[/].[dispatcherServlet]] Servlet.service() for servlet [dispatcherServlet] in context with path [] threw exception [Request processing failed: java.lang.NumberFormatException: For input string: "MC45NDcyMzM5NjIyNDM4"] with root cause
java.lang.NumberFormatException: For input string: "MC45NDcyMzM5NjIyNDM4"
	at java.base/java.lang.NumberFormatException.forInputString(NumberFormatException.java:67)
	at java.base/java.lang.Long.parseLong(Long.java:711)
	at java.base/java.lang.Long.parseLong(Long.java:836)
	at com.example.demo.controller.WidgetController.confirmPayment(WidgetController.java:86)
	at java.base/jdk.internal.reflect.NativeMethodAccessorImpl.invoke0(Native Method)
	at java.base/jdk.internal.reflect.NativeMethodAccessorImpl.invoke(NativeMethodAccessorImpl.java:77)
	at java.base/jdk.internal.reflect.DelegatingMethodAccessorImpl.invoke(DelegatingMethodAccessorImpl.java:43)
	at java.base/java.lang.reflect.Method.invoke(Method.java:568)
	at org.springframework.web.method.support.InvocableHandlerMethod.doInvoke(InvocableHandlerMethod.java:255)
	at org.springframework.web.method.support.InvocableHandlerMethod.invokeForRequest(InvocableHandlerMethod.java:188)
	at org.springframework.web.servlet.mvc.method.annotation.ServletInvocableHandlerMethod.invokeAndHandle(ServletInvocableHandlerMethod.java:118)
	at org.springframework.web.servlet.mvc.method.annotation.RequestMappingHandlerAdapter.invokeHandlerMethod(RequestMappingHandlerAdapter.java:926)
	at org.springframework.web.servlet.mvc.method.annotation.RequestMappingHandlerAdapter.handleInternal(RequestMappingHandlerAdapter.java:831)
	at org.springframework.web.servlet.mvc.method.AbstractHandlerMethodAdapter.handle(AbstractHandlerMethodAdapter.java:87)
	at org.springframework.web.servlet.DispatcherServlet.doDispatch(DispatcherServlet.java:1089)
	at org.springframework.web.servlet.DispatcherServlet.doService(DispatcherServlet.java:979)
	at org.springframework.web.servlet.FrameworkServlet.processRequest(FrameworkServlet.java:1014)
	at org.springframework.web.servlet.FrameworkServlet.doPost(FrameworkServlet.java:914)
	at jakarta.servlet.http.HttpServlet.service(HttpServlet.java:590)
	at org.springframework.web.servlet.FrameworkServlet.service(FrameworkServlet.java:885)
	at jakarta.servlet.http.HttpServlet.service(HttpServlet.java:658)
	at org.apache.catalina.core.ApplicationFilterChain.internalDoFilter(ApplicationFilterChain.java:195)
	at org.apache.catalina.core.ApplicationFilterChain.doFilter(ApplicationFilterChain.java:140)
	at org.apache.tomcat.websocket.server.WsFilter.doFilter(WsFilter.java:51)
	at org.apache.catalina.core.ApplicationFilterChain.internalDoFilter(ApplicationFilterChain.java:164)
	at org.apache.catalina.core.ApplicationFilterChain.doFilter(ApplicationFilterChain.java:140)
	at org.springframework.web.filter.RequestContextFilter.doFilterInternal(RequestContextFilter.java:100)
	at org.springframework.web.filter.OncePerRequestFilter.doFilter(OncePerRequestFilter.java:116)
	at org.apache.catalina.core.ApplicationFilterChain.internalDoFilter(ApplicationFilterChain.java:164)
	at org.apache.catalina.core.ApplicationFilterChain.doFilter(ApplicationFilterChain.java:140)
	at org.springframework.web.filter.FormContentFilter.doFilterInternal(FormContentFilter.java:93)
	at org.springframework.web.filter.OncePerRequestFilter.doFilter(OncePerRequestFilter.java:116)
	at org.apache.catalina.core.ApplicationFilterChain.internalDoFilter(ApplicationFilterChain.java:164)
	at org.apache.catalina.core.ApplicationFilterChain.doFilter(ApplicationFilterChain.java:140)
	at org.springframework.web.filter.CharacterEncodingFilter.doFilterInternal(CharacterEncodingFilter.java:201)
	at org.springframework.web.filter.OncePerRequestFilter.doFilter(OncePerRequestFilter.java:116)
	at org.apache.catalina.core.ApplicationFilterChain.internalDoFilter(ApplicationFilterChain.java:164)
	at org.apache.catalina.core.ApplicationFilterChain.doFilter(ApplicationFilterChain.java:140)
	at org.apache.catalina.core.StandardWrapperValve.invoke(StandardWrapperValve.java:167)
	at org.apache.catalina.core.StandardContextValve.invoke(StandardContextValve.java:90)
	at org.apache.catalina.authenticator.AuthenticatorBase.invoke(AuthenticatorBase.java:483)
	at org.apache.catalina.core.StandardHostValve.invoke(StandardHostValve.java:115)
	at org.apache.catalina.valves.ErrorReportValve.invoke(ErrorReportValve.java:93)
	at org.apache.catalina.core.StandardEngineValve.invoke(StandardEngineValve.java:74)
	at org.apache.catalina.connector.CoyoteAdapter.service(CoyoteAdapter.java:344)
	at org.apache.coyote.http11.Http11Processor.service(Http11Processor.java:384)
	at org.apache.coyote.AbstractProcessorLight.process(AbstractProcessorLight.java:63)
	at org.apache.coyote.AbstractProtocol$ConnectionHandler.process(AbstractProtocol.java:905)
	at org.apache.tomcat.util.net.NioEndpoint$SocketProcessor.doRun(NioEndpoint.java:1741)
	at org.apache.tomcat.util.net.SocketProcessorBase.run(SocketProcessorBase.java:52)
	at org.apache.tomcat.util.threads.ThreadPoolExecutor.runWorker(ThreadPoolExecutor.java:1190)
	at org.apache.tomcat.util.threads.ThreadPoolExecutor$Worker.run(ThreadPoolExecutor.java:659)
	at org.apache.tomcat.util.threads.TaskThread$WrappingRunnable.run(TaskThread.java:63)
	at java.base/java.lang.Thread.run(Thread.java:833)
[20241210 20:13:12:514][INFO ][com.example.demo.DemoApplication] Starting DemoApplication using Java 17.0.3 with PID 3376 (C:\Users\user\Desktop\demo\build\classes\java\main started by √÷¡¯«ı in C:\Users\user\Desktop\demo)
[20241210 20:13:12:527][INFO ][com.example.demo.DemoApplication] No active profile set, falling back to 1 default profile: "default"
[20241210 20:13:12:864][INFO ][o.s.b.d.e.DevToolsPropertyDefaultsPostProcessor] Devtools property defaults active! Set 'spring.devtools.add-properties' to 'false' to disable
[20241210 20:13:12:911][INFO ][o.s.b.d.e.DevToolsPropertyDefaultsPostProcessor] For additional web related logging consider setting the 'logging.level.web' property to 'DEBUG'
[20241210 20:13:18:714][INFO ][o.s.d.r.c.RepositoryConfigurationDelegate] Bootstrapping Spring Data JPA repositories in DEFAULT mode.
[20241210 20:13:19:195][INFO ][o.s.d.r.c.RepositoryConfigurationDelegate] Finished Spring Data repository scanning in 428 ms. Found 4 JPA repository interfaces.
[20241210 20:13:26:074][INFO ][o.s.b.w.embedded.tomcat.TomcatWebServer] Tomcat initialized with port 8083 (http)
[20241210 20:13:26:162][INFO ][o.apache.coyote.http11.Http11NioProtocol] Initializing ProtocolHandler ["http-nio-8083"]
[20241210 20:13:26:193][INFO ][o.apache.catalina.core.StandardService] Starting service [Tomcat]
[20241210 20:13:26:195][INFO ][org.apache.catalina.core.StandardEngine] Starting Servlet engine: [Apache Tomcat/10.1.31]
[20241210 20:13:26:912][INFO ][o.a.c.c.C.[Tomcat].[localhost].[/]] Initializing Spring embedded WebApplicationContext
[20241210 20:13:26:926][INFO ][o.s.b.w.s.c.ServletWebServerApplicationContext] Root WebApplicationContext: initialization completed in 13975 ms
[20241210 20:13:28:657][INFO ][o.hibernate.jpa.internal.util.LogHelper] HHH000204: Processing PersistenceUnitInfo [name: default]
[20241210 20:13:29:303][INFO ][org.hibernate.Version] HHH000412: Hibernate ORM core version 6.5.3.Final
[20241210 20:13:29:588][INFO ][o.h.c.internal.RegionFactoryInitiator] HHH000026: Second-level cache disabled
[20241210 20:13:32:106][INFO ][o.s.o.j.p.SpringPersistenceUnitInfo] No LoadTimeWeaver setup: ignoring JPA class transformer
[20241210 20:13:32:286][INFO ][com.zaxxer.hikari.HikariDataSource] HikariPool-1 - Starting...
[20241210 20:13:33:940][INFO ][com.zaxxer.hikari.pool.HikariPool] HikariPool-1 - Added connection com.mysql.cj.jdbc.ConnectionImpl@20397b76
[20241210 20:13:34:001][INFO ][com.zaxxer.hikari.HikariDataSource] HikariPool-1 - Start completed.
[20241210 20:13:34:355][WARN ][org.hibernate.orm.deprecation] HHH90000025: MySQLDialect does not need to be specified explicitly using 'hibernate.dialect' (remove the property setting and it will be selected by default)
[20241210 20:13:34:504][DEBUG][o.h.t.descriptor.sql.spi.DdlTypeRegistry] addDescriptor(12, org.hibernate.type.descriptor.sql.internal.CapacityDependentDdlType@77fa47ad) replaced previous registration(org.hibernate.type.descriptor.sql.internal.CapacityDependentDdlType@3dc9d9e5)
[20241210 20:13:34:518][DEBUG][o.h.t.descriptor.sql.spi.DdlTypeRegistry] addDescriptor(-9, org.hibernate.type.descriptor.sql.internal.CapacityDependentDdlType@76c047b1) replaced previous registration(org.hibernate.type.descriptor.sql.internal.CapacityDependentDdlType@614ca0ca)
[20241210 20:13:34:520][DEBUG][o.h.t.descriptor.sql.spi.DdlTypeRegistry] addDescriptor(-3, org.hibernate.type.descriptor.sql.internal.CapacityDependentDdlType@44ae5461) replaced previous registration(org.hibernate.type.descriptor.sql.internal.CapacityDependentDdlType@375bbbe0)
[20241210 20:13:34:525][DEBUG][o.h.t.descriptor.sql.spi.DdlTypeRegistry] addDescriptor(4003, org.hibernate.type.descriptor.sql.internal.DdlTypeImpl@43d28f75) replaced previous registration(org.hibernate.type.descriptor.sql.internal.DdlTypeImpl@471c3d35)
[20241210 20:13:34:574][DEBUG][o.h.t.descriptor.sql.spi.DdlTypeRegistry] addDescriptor(4001, org.hibernate.type.descriptor.sql.internal.DdlTypeImpl@71a774eb) replaced previous registration(org.hibernate.type.descriptor.sql.internal.DdlTypeImpl@1bc94584)
[20241210 20:13:34:606][DEBUG][o.h.t.descriptor.sql.spi.DdlTypeRegistry] addDescriptor(4002, org.hibernate.type.descriptor.sql.internal.DdlTypeImpl@4cb7d8af) replaced previous registration(org.hibernate.type.descriptor.sql.internal.DdlTypeImpl@6a64b199)
[20241210 20:13:34:626][DEBUG][o.h.t.descriptor.sql.spi.DdlTypeRegistry] addDescriptor(2004, org.hibernate.type.descriptor.sql.internal.CapacityDependentDdlType@202e9012) replaced previous registration(org.hibernate.type.descriptor.sql.internal.DdlTypeImpl@711a14f6)
[20241210 20:13:34:644][DEBUG][o.h.t.descriptor.sql.spi.DdlTypeRegistry] addDescriptor(2005, org.hibernate.type.descriptor.sql.internal.CapacityDependentDdlType@39ad8da) replaced previous registration(org.hibernate.type.descriptor.sql.internal.DdlTypeImpl@4c3d4949)
[20241210 20:13:34:652][DEBUG][o.h.t.descriptor.sql.spi.DdlTypeRegistry] addDescriptor(2011, org.hibernate.type.descriptor.sql.internal.CapacityDependentDdlType@18c7eedc) replaced previous registration(org.hibernate.type.descriptor.sql.internal.DdlTypeImpl@395bf496)
[20241210 20:13:43:016][INFO ][o.h.e.t.j.p.i.JtaPlatformInitiator] HHH000489: No JTA platform available (set 'hibernate.transaction.jta.platform' to enable JTA platform integration)
[20241210 20:13:43:569][INFO ][o.s.o.j.LocalContainerEntityManagerFactoryBean] Initialized JPA EntityManagerFactory for persistence unit 'default'
[20241210 20:13:46:748][WARN ][o.s.b.a.o.j.JpaBaseConfiguration$JpaWebConfiguration] spring.jpa.open-in-view is enabled by default. Therefore, database queries may be performed during view rendering. Explicitly configure spring.jpa.open-in-view to disable this warning
[20241210 20:13:46:906][INFO ][o.s.b.a.w.s.WelcomePageHandlerMapping] Adding welcome page template: index
[20241210 20:13:49:435][INFO ][o.s.b.d.a.OptionalLiveReloadServer] LiveReload server is running on port 35729
[20241210 20:13:49:589][INFO ][o.apache.coyote.http11.Http11NioProtocol] Starting ProtocolHandler ["http-nio-8083"]
[20241210 20:13:51:431][INFO ][o.s.b.w.embedded.tomcat.TomcatWebServer] Tomcat started on port 8083 (http) with context path '/'
[20241210 20:13:51:514][INFO ][com.example.demo.DemoApplication] Started DemoApplication in 43.579 seconds (process running for 45.947)
[20241210 20:15:13:288][INFO ][o.a.c.c.C.[Tomcat].[localhost].[/]] Initializing Spring DispatcherServlet 'dispatcherServlet'
[20241210 20:15:13:340][INFO ][o.s.web.servlet.DispatcherServlet] Initializing Servlet 'dispatcherServlet'
[20241210 20:15:13:509][INFO ][o.s.web.servlet.DispatcherServlet] Completed initialization in 167 ms
[20241210 20:15:27:369][DEBUG][org.hibernate.SQL] select p1_0.id,p1_0.category,p1_0.country,p1_0.manufacturer,p1_0.name,p1_0.price,p1_0.quantity from product p1_0
[20241210 20:15:27:369][DEBUG][org.hibernate.SQL] select u1_0.id,u1_0.created_at,u1_0.name,u1_0.phone,u1_0.signup_id,u1_0.signup_password,u1_0.updated_at from user u1_0 where u1_0.signup_id=?
[20241210 20:16:35:693][DEBUG][org.hibernate.SQL] select u1_0.id,u1_0.created_at,u1_0.name,u1_0.phone,u1_0.signup_id,u1_0.signup_password,u1_0.updated_at from user u1_0 where u1_0.signup_id=?
[20241210 20:16:35:741][DEBUG][org.hibernate.SQL] select c1_0.id,c1_0.created_at,c1_0.product_id,c1_0.quantity,c1_0.updated_at,c1_0.signup_id from cart c1_0 where c1_0.signup_id=?
[20241210 20:16:35:824][DEBUG][org.hibernate.SQL] select u1_0.id,u1_0.created_at,u1_0.name,u1_0.phone,u1_0.signup_id,u1_0.signup_password,u1_0.updated_at from user u1_0 where u1_0.signup_id=?
[20241210 20:16:35:876][DEBUG][org.hibernate.SQL] select p1_0.id,p1_0.category,p1_0.country,p1_0.manufacturer,p1_0.name,p1_0.price,p1_0.quantity from product p1_0 where p1_0.id=?
[20241210 20:16:35:892][DEBUG][org.hibernate.SQL] select p1_0.id,p1_0.category,p1_0.country,p1_0.manufacturer,p1_0.name,p1_0.price,p1_0.quantity from product p1_0 where p1_0.id=?
[20241210 20:16:35:897][DEBUG][org.hibernate.SQL] select p1_0.id,p1_0.category,p1_0.country,p1_0.manufacturer,p1_0.name,p1_0.price,p1_0.quantity from product p1_0 where p1_0.id=?
[20241210 20:16:35:902][DEBUG][org.hibernate.SQL] select p1_0.id,p1_0.category,p1_0.country,p1_0.manufacturer,p1_0.name,p1_0.price,p1_0.quantity from product p1_0 where p1_0.id=?
[20241210 20:16:35:909][DEBUG][org.hibernate.SQL] select p1_0.id,p1_0.category,p1_0.country,p1_0.manufacturer,p1_0.name,p1_0.price,p1_0.quantity from product p1_0 where p1_0.id=?
[20241210 20:16:35:913][DEBUG][org.hibernate.SQL] select p1_0.id,p1_0.category,p1_0.country,p1_0.manufacturer,p1_0.name,p1_0.price,p1_0.quantity from product p1_0 where p1_0.id=?
[20241210 20:19:56:643][INFO ][com.example.demo.DemoApplication] Starting DemoApplication using Java 17.0.3 with PID 17956 (C:\Users\user\Desktop\demo\build\classes\java\main started by √÷¡¯«ı in C:\Users\user\Desktop\demo)
[20241210 20:19:56:646][INFO ][com.example.demo.DemoApplication] No active profile set, falling back to 1 default profile: "default"
[20241210 20:19:56:903][INFO ][o.s.b.d.e.DevToolsPropertyDefaultsPostProcessor] Devtools property defaults active! Set 'spring.devtools.add-properties' to 'false' to disable
[20241210 20:19:56:903][INFO ][o.s.b.d.e.DevToolsPropertyDefaultsPostProcessor] For additional web related logging consider setting the 'logging.level.web' property to 'DEBUG'
[20241210 20:20:03:735][INFO ][o.s.d.r.c.RepositoryConfigurationDelegate] Bootstrapping Spring Data JPA repositories in DEFAULT mode.
[20241210 20:20:04:206][INFO ][o.s.d.r.c.RepositoryConfigurationDelegate] Finished Spring Data repository scanning in 386 ms. Found 4 JPA repository interfaces.
[20241210 20:20:11:363][INFO ][o.s.b.w.embedded.tomcat.TomcatWebServer] Tomcat initialized with port 8083 (http)
[20241210 20:20:11:502][INFO ][o.apache.coyote.http11.Http11NioProtocol] Initializing ProtocolHandler ["http-nio-8083"]
[20241210 20:20:11:554][INFO ][o.apache.catalina.core.StandardService] Starting service [Tomcat]
[20241210 20:20:11:611][INFO ][org.apache.catalina.core.StandardEngine] Starting Servlet engine: [Apache Tomcat/10.1.31]
[20241210 20:20:12:346][INFO ][o.a.c.c.C.[Tomcat].[localhost].[/]] Initializing Spring embedded WebApplicationContext
[20241210 20:20:12:348][INFO ][o.s.b.w.s.c.ServletWebServerApplicationContext] Root WebApplicationContext: initialization completed in 15429 ms
[20241210 20:20:13:504][INFO ][o.hibernate.jpa.internal.util.LogHelper] HHH000204: Processing PersistenceUnitInfo [name: default]
[20241210 20:20:14:271][INFO ][org.hibernate.Version] HHH000412: Hibernate ORM core version 6.5.3.Final
[20241210 20:20:14:585][INFO ][o.h.c.internal.RegionFactoryInitiator] HHH000026: Second-level cache disabled
[20241210 20:20:17:481][INFO ][o.s.o.j.p.SpringPersistenceUnitInfo] No LoadTimeWeaver setup: ignoring JPA class transformer
[20241210 20:20:17:626][INFO ][com.zaxxer.hikari.HikariDataSource] HikariPool-1 - Starting...
[20241210 20:20:19:651][INFO ][com.zaxxer.hikari.pool.HikariPool] HikariPool-1 - Added connection com.mysql.cj.jdbc.ConnectionImpl@64bb229c
[20241210 20:20:19:770][INFO ][com.zaxxer.hikari.HikariDataSource] HikariPool-1 - Start completed.
[20241210 20:20:20:233][WARN ][org.hibernate.orm.deprecation] HHH90000025: MySQLDialect does not need to be specified explicitly using 'hibernate.dialect' (remove the property setting and it will be selected by default)
[20241210 20:20:20:352][DEBUG][o.h.t.descriptor.sql.spi.DdlTypeRegistry] addDescriptor(12, org.hibernate.type.descriptor.sql.internal.CapacityDependentDdlType@71a774eb) replaced previous registration(org.hibernate.type.descriptor.sql.internal.CapacityDependentDdlType@1bc94584)
[20241210 20:20:20:355][DEBUG][o.h.t.descriptor.sql.spi.DdlTypeRegistry] addDescriptor(-9, org.hibernate.type.descriptor.sql.internal.CapacityDependentDdlType@4cb7d8af) replaced previous registration(org.hibernate.type.descriptor.sql.internal.CapacityDependentDdlType@6a64b199)
[20241210 20:20:20:360][DEBUG][o.h.t.descriptor.sql.spi.DdlTypeRegistry] addDescriptor(-3, org.hibernate.type.descriptor.sql.internal.CapacityDependentDdlType@202e9012) replaced previous registration(org.hibernate.type.descriptor.sql.internal.CapacityDependentDdlType@711a14f6)
[20241210 20:20:20:362][DEBUG][o.h.t.descriptor.sql.spi.DdlTypeRegistry] addDescriptor(4003, org.hibernate.type.descriptor.sql.internal.DdlTypeImpl@39ad8da) replaced previous registration(org.hibernate.type.descriptor.sql.internal.DdlTypeImpl@4c3d4949)
[20241210 20:20:20:395][DEBUG][o.h.t.descriptor.sql.spi.DdlTypeRegistry] addDescriptor(4001, org.hibernate.type.descriptor.sql.internal.DdlTypeImpl@18c7eedc) replaced previous registration(org.hibernate.type.descriptor.sql.internal.DdlTypeImpl@395bf496)
[20241210 20:20:20:401][DEBUG][o.h.t.descriptor.sql.spi.DdlTypeRegistry] addDescriptor(4002, org.hibernate.type.descriptor.sql.internal.DdlTypeImpl@6cd2a76f) replaced previous registration(org.hibernate.type.descriptor.sql.internal.DdlTypeImpl@4a03ccbd)
[20241210 20:20:20:405][DEBUG][o.h.t.descriptor.sql.spi.DdlTypeRegistry] addDescriptor(2004, org.hibernate.type.descriptor.sql.internal.CapacityDependentDdlType@6d957a2f) replaced previous registration(org.hibernate.type.descriptor.sql.internal.DdlTypeImpl@b8ccc4f)
[20241210 20:20:20:418][DEBUG][o.h.t.descriptor.sql.spi.DdlTypeRegistry] addDescriptor(2005, org.hibernate.type.descriptor.sql.internal.CapacityDependentDdlType@721ceb8e) replaced previous registration(org.hibernate.type.descriptor.sql.internal.DdlTypeImpl@262eb754)
[20241210 20:20:20:428][DEBUG][o.h.t.descriptor.sql.spi.DdlTypeRegistry] addDescriptor(2011, org.hibernate.type.descriptor.sql.internal.CapacityDependentDdlType@60ace5bc) replaced previous registration(org.hibernate.type.descriptor.sql.internal.DdlTypeImpl@dafb352)
[20241210 20:20:24:402][INFO ][o.h.e.t.j.p.i.JtaPlatformInitiator] HHH000489: No JTA platform available (set 'hibernate.transaction.jta.platform' to enable JTA platform integration)
[20241210 20:20:24:964][INFO ][o.s.o.j.LocalContainerEntityManagerFactoryBean] Initialized JPA EntityManagerFactory for persistence unit 'default'
[20241210 20:20:27:987][WARN ][o.s.b.a.o.j.JpaBaseConfiguration$JpaWebConfiguration] spring.jpa.open-in-view is enabled by default. Therefore, database queries may be performed during view rendering. Explicitly configure spring.jpa.open-in-view to disable this warning
[20241210 20:20:28:220][INFO ][o.s.b.a.w.s.WelcomePageHandlerMapping] Adding welcome page template: index
[20241210 20:20:29:807][INFO ][o.s.b.d.a.OptionalLiveReloadServer] LiveReload server is running on port 35729
[20241210 20:20:29:947][INFO ][o.apache.coyote.http11.Http11NioProtocol] Starting ProtocolHandler ["http-nio-8083"]
[20241210 20:20:30:040][INFO ][o.s.b.w.embedded.tomcat.TomcatWebServer] Tomcat started on port 8083 (http) with context path '/'
[20241210 20:20:30:069][INFO ][com.example.demo.DemoApplication] Started DemoApplication in 38.306 seconds (process running for 42.811)
[20241210 20:21:15:496][INFO ][o.a.c.c.C.[Tomcat].[localhost].[/]] Initializing Spring DispatcherServlet 'dispatcherServlet'
[20241210 20:21:15:501][INFO ][o.s.web.servlet.DispatcherServlet] Initializing Servlet 'dispatcherServlet'
[20241210 20:21:15:509][INFO ][o.s.web.servlet.DispatcherServlet] Completed initialization in 5 ms
[20241210 20:21:17:573][DEBUG][org.hibernate.SQL] select u1_0.id,u1_0.created_at,u1_0.name,u1_0.phone,u1_0.signup_id,u1_0.signup_password,u1_0.updated_at from user u1_0 where u1_0.signup_id=?
[20241210 20:21:17:574][DEBUG][org.hibernate.SQL] select p1_0.id,p1_0.category,p1_0.country,p1_0.manufacturer,p1_0.name,p1_0.price,p1_0.quantity from product p1_0
[20241210 20:22:01:881][DEBUG][org.hibernate.SQL] select u1_0.id,u1_0.created_at,u1_0.name,u1_0.phone,u1_0.signup_id,u1_0.signup_password,u1_0.updated_at from user u1_0 where u1_0.signup_id=?
[20241210 20:22:01:921][DEBUG][org.hibernate.SQL] select c1_0.id,c1_0.created_at,c1_0.product_id,c1_0.quantity,c1_0.updated_at,c1_0.signup_id from cart c1_0 where c1_0.signup_id=?
[20241210 20:22:01:978][DEBUG][org.hibernate.SQL] select u1_0.id,u1_0.created_at,u1_0.name,u1_0.phone,u1_0.signup_id,u1_0.signup_password,u1_0.updated_at from user u1_0 where u1_0.signup_id=?
[20241210 20:22:02:069][DEBUG][org.hibernate.SQL] select p1_0.id,p1_0.category,p1_0.country,p1_0.manufacturer,p1_0.name,p1_0.price,p1_0.quantity from product p1_0 where p1_0.id=?
[20241210 20:22:02:088][DEBUG][org.hibernate.SQL] select p1_0.id,p1_0.category,p1_0.country,p1_0.manufacturer,p1_0.name,p1_0.price,p1_0.quantity from product p1_0 where p1_0.id=?
[20241210 20:22:02:102][DEBUG][org.hibernate.SQL] select p1_0.id,p1_0.category,p1_0.country,p1_0.manufacturer,p1_0.name,p1_0.price,p1_0.quantity from product p1_0 where p1_0.id=?
[20241210 20:22:02:113][DEBUG][org.hibernate.SQL] select p1_0.id,p1_0.category,p1_0.country,p1_0.manufacturer,p1_0.name,p1_0.price,p1_0.quantity from product p1_0 where p1_0.id=?
[20241210 20:22:02:117][DEBUG][org.hibernate.SQL] select p1_0.id,p1_0.category,p1_0.country,p1_0.manufacturer,p1_0.name,p1_0.price,p1_0.quantity from product p1_0 where p1_0.id=?
[20241210 20:22:02:128][DEBUG][org.hibernate.SQL] select p1_0.id,p1_0.category,p1_0.country,p1_0.manufacturer,p1_0.name,p1_0.price,p1_0.quantity from product p1_0 where p1_0.id=?
[20241210 20:34:44:096][INFO ][com.example.demo.DemoApplication] Starting DemoApplication using Java 17.0.3 with PID 22344 (C:\Users\user\Desktop\demo\build\classes\java\main started by √÷¡¯«ı in C:\Users\user\Desktop\demo)
[20241210 20:34:44:112][INFO ][com.example.demo.DemoApplication] No active profile set, falling back to 1 default profile: "default"
[20241210 20:34:44:439][INFO ][o.s.b.d.e.DevToolsPropertyDefaultsPostProcessor] Devtools property defaults active! Set 'spring.devtools.add-properties' to 'false' to disable
[20241210 20:34:44:439][INFO ][o.s.b.d.e.DevToolsPropertyDefaultsPostProcessor] For additional web related logging consider setting the 'logging.level.web' property to 'DEBUG'
[20241210 20:34:48:676][INFO ][o.s.d.r.c.RepositoryConfigurationDelegate] Bootstrapping Spring Data JPA repositories in DEFAULT mode.
[20241210 20:34:48:895][INFO ][o.s.d.r.c.RepositoryConfigurationDelegate] Finished Spring Data repository scanning in 203 ms. Found 4 JPA repository interfaces.
[20241210 20:34:51:640][INFO ][o.s.b.w.embedded.tomcat.TomcatWebServer] Tomcat initialized with port 8083 (http)
[20241210 20:34:51:693][INFO ][o.apache.coyote.http11.Http11NioProtocol] Initializing ProtocolHandler ["http-nio-8083"]
[20241210 20:34:51:723][INFO ][o.apache.catalina.core.StandardService] Starting service [Tomcat]
[20241210 20:34:51:724][INFO ][org.apache.catalina.core.StandardEngine] Starting Servlet engine: [Apache Tomcat/10.1.31]
[20241210 20:34:52:164][INFO ][o.a.c.c.C.[Tomcat].[localhost].[/]] Initializing Spring embedded WebApplicationContext
[20241210 20:34:52:164][INFO ][o.s.b.w.s.c.ServletWebServerApplicationContext] Root WebApplicationContext: initialization completed in 7709 ms
[20241210 20:34:53:147][INFO ][o.hibernate.jpa.internal.util.LogHelper] HHH000204: Processing PersistenceUnitInfo [name: default]
[20241210 20:34:53:444][INFO ][org.hibernate.Version] HHH000412: Hibernate ORM core version 6.5.3.Final
[20241210 20:34:53:617][INFO ][o.h.c.internal.RegionFactoryInitiator] HHH000026: Second-level cache disabled
[20241210 20:34:55:131][INFO ][o.s.o.j.p.SpringPersistenceUnitInfo] No LoadTimeWeaver setup: ignoring JPA class transformer
[20241210 20:34:55:267][INFO ][com.zaxxer.hikari.HikariDataSource] HikariPool-1 - Starting...
[20241210 20:34:56:638][INFO ][com.zaxxer.hikari.pool.HikariPool] HikariPool-1 - Added connection com.mysql.cj.jdbc.ConnectionImpl@1a6a808e
[20241210 20:34:56:646][INFO ][com.zaxxer.hikari.HikariDataSource] HikariPool-1 - Start completed.
[20241210 20:34:57:003][WARN ][org.hibernate.orm.deprecation] HHH90000025: MySQLDialect does not need to be specified explicitly using 'hibernate.dialect' (remove the property setting and it will be selected by default)
[20241210 20:34:57:286][DEBUG][o.h.t.descriptor.sql.spi.DdlTypeRegistry] addDescriptor(12, org.hibernate.type.descriptor.sql.internal.CapacityDependentDdlType@7c2ae65b) replaced previous registration(org.hibernate.type.descriptor.sql.internal.CapacityDependentDdlType@5633894e)
[20241210 20:34:57:296][DEBUG][o.h.t.descriptor.sql.spi.DdlTypeRegistry] addDescriptor(-9, org.hibernate.type.descriptor.sql.internal.CapacityDependentDdlType@301f7ba6) replaced previous registration(org.hibernate.type.descriptor.sql.internal.CapacityDependentDdlType@5cc97a51)
[20241210 20:34:57:296][DEBUG][o.h.t.descriptor.sql.spi.DdlTypeRegistry] addDescriptor(-3, org.hibernate.type.descriptor.sql.internal.CapacityDependentDdlType@77fa47ad) replaced previous registration(org.hibernate.type.descriptor.sql.internal.CapacityDependentDdlType@3dc9d9e5)
[20241210 20:34:57:333][DEBUG][o.h.t.descriptor.sql.spi.DdlTypeRegistry] addDescriptor(4003, org.hibernate.type.descriptor.sql.internal.DdlTypeImpl@76c047b1) replaced previous registration(org.hibernate.type.descriptor.sql.internal.DdlTypeImpl@614ca0ca)
[20241210 20:34:57:373][DEBUG][o.h.t.descriptor.sql.spi.DdlTypeRegistry] addDescriptor(4001, org.hibernate.type.descriptor.sql.internal.DdlTypeImpl@44ae5461) replaced previous registration(org.hibernate.type.descriptor.sql.internal.DdlTypeImpl@375bbbe0)
[20241210 20:34:57:387][DEBUG][o.h.t.descriptor.sql.spi.DdlTypeRegistry] addDescriptor(4002, org.hibernate.type.descriptor.sql.internal.DdlTypeImpl@43d28f75) replaced previous registration(org.hibernate.type.descriptor.sql.internal.DdlTypeImpl@471c3d35)
[20241210 20:34:57:387][DEBUG][o.h.t.descriptor.sql.spi.DdlTypeRegistry] addDescriptor(2004, org.hibernate.type.descriptor.sql.internal.CapacityDependentDdlType@71a774eb) replaced previous registration(org.hibernate.type.descriptor.sql.internal.DdlTypeImpl@1bc94584)
[20241210 20:34:57:402][DEBUG][o.h.t.descriptor.sql.spi.DdlTypeRegistry] addDescriptor(2005, org.hibernate.type.descriptor.sql.internal.CapacityDependentDdlType@4cb7d8af) replaced previous registration(org.hibernate.type.descriptor.sql.internal.DdlTypeImpl@6a64b199)
[20241210 20:34:57:402][DEBUG][o.h.t.descriptor.sql.spi.DdlTypeRegistry] addDescriptor(2011, org.hibernate.type.descriptor.sql.internal.CapacityDependentDdlType@202e9012) replaced previous registration(org.hibernate.type.descriptor.sql.internal.DdlTypeImpl@711a14f6)
[20241210 20:35:00:614][INFO ][o.h.e.t.j.p.i.JtaPlatformInitiator] HHH000489: No JTA platform available (set 'hibernate.transaction.jta.platform' to enable JTA platform integration)
[20241210 20:35:02:794][INFO ][o.s.o.j.LocalContainerEntityManagerFactoryBean] Initialized JPA EntityManagerFactory for persistence unit 'default'
[20241210 20:35:04:438][WARN ][o.s.b.a.o.j.JpaBaseConfiguration$JpaWebConfiguration] spring.jpa.open-in-view is enabled by default. Therefore, database queries may be performed during view rendering. Explicitly configure spring.jpa.open-in-view to disable this warning
[20241210 20:35:04:531][INFO ][o.s.b.a.w.s.WelcomePageHandlerMapping] Adding welcome page template: index
[20241210 20:35:05:653][INFO ][o.s.b.d.a.OptionalLiveReloadServer] LiveReload server is running on port 35729
[20241210 20:35:05:684][INFO ][o.apache.coyote.http11.Http11NioProtocol] Starting ProtocolHandler ["http-nio-8083"]
[20241210 20:35:05:833][INFO ][o.s.b.w.embedded.tomcat.TomcatWebServer] Tomcat started on port 8083 (http) with context path '/'
[20241210 20:35:05:899][INFO ][com.example.demo.DemoApplication] Started DemoApplication in 25.348 seconds (process running for 29.973)
[20241210 20:35:15:156][INFO ][o.a.c.c.C.[Tomcat].[localhost].[/]] Initializing Spring DispatcherServlet 'dispatcherServlet'
[20241210 20:35:15:163][INFO ][o.s.web.servlet.DispatcherServlet] Initializing Servlet 'dispatcherServlet'
[20241210 20:35:15:182][INFO ][o.s.web.servlet.DispatcherServlet] Completed initialization in 16 ms
[20241210 20:35:18:712][DEBUG][org.hibernate.SQL] select u1_0.id,u1_0.created_at,u1_0.name,u1_0.phone,u1_0.signup_id,u1_0.signup_password,u1_0.updated_at from user u1_0 where u1_0.signup_id=?
[20241210 20:35:18:714][DEBUG][org.hibernate.SQL] select p1_0.id,p1_0.category,p1_0.country,p1_0.manufacturer,p1_0.name,p1_0.price,p1_0.quantity from product p1_0
[20241210 20:35:34:650][DEBUG][org.hibernate.SQL] select u1_0.id,u1_0.created_at,u1_0.name,u1_0.phone,u1_0.signup_id,u1_0.signup_password,u1_0.updated_at from user u1_0 where u1_0.signup_id=?
[20241210 20:35:34:679][DEBUG][org.hibernate.SQL] select c1_0.id,c1_0.created_at,c1_0.product_id,c1_0.quantity,c1_0.updated_at,c1_0.signup_id from cart c1_0 where c1_0.signup_id=?
[20241210 20:35:34:726][DEBUG][org.hibernate.SQL] select u1_0.id,u1_0.created_at,u1_0.name,u1_0.phone,u1_0.signup_id,u1_0.signup_password,u1_0.updated_at from user u1_0 where u1_0.signup_id=?
[20241210 20:35:34:747][DEBUG][org.hibernate.SQL] select p1_0.id,p1_0.category,p1_0.country,p1_0.manufacturer,p1_0.name,p1_0.price,p1_0.quantity from product p1_0 where p1_0.id=?
[20241210 20:35:34:754][DEBUG][org.hibernate.SQL] select p1_0.id,p1_0.category,p1_0.country,p1_0.manufacturer,p1_0.name,p1_0.price,p1_0.quantity from product p1_0 where p1_0.id=?
[20241210 20:35:34:759][DEBUG][org.hibernate.SQL] select p1_0.id,p1_0.category,p1_0.country,p1_0.manufacturer,p1_0.name,p1_0.price,p1_0.quantity from product p1_0 where p1_0.id=?
[20241210 20:35:34:762][DEBUG][org.hibernate.SQL] select p1_0.id,p1_0.category,p1_0.country,p1_0.manufacturer,p1_0.name,p1_0.price,p1_0.quantity from product p1_0 where p1_0.id=?
[20241210 20:35:34:767][DEBUG][org.hibernate.SQL] select p1_0.id,p1_0.category,p1_0.country,p1_0.manufacturer,p1_0.name,p1_0.price,p1_0.quantity from product p1_0 where p1_0.id=?
[20241210 20:35:34:772][DEBUG][org.hibernate.SQL] select p1_0.id,p1_0.category,p1_0.country,p1_0.manufacturer,p1_0.name,p1_0.price,p1_0.quantity from product p1_0 where p1_0.id=?
[20241210 21:07:27:283][INFO ][com.example.demo.DemoApplication] Starting DemoApplication using Java 17.0.3 with PID 12688 (C:\Users\user\Desktop\demo\build\classes\java\main started by √÷¡¯«ı in C:\Users\user\Desktop\demo)
[20241210 21:07:27:290][INFO ][com.example.demo.DemoApplication] No active profile set, falling back to 1 default profile: "default"
[20241210 21:07:27:430][INFO ][o.s.b.d.e.DevToolsPropertyDefaultsPostProcessor] Devtools property defaults active! Set 'spring.devtools.add-properties' to 'false' to disable
[20241210 21:07:27:431][INFO ][o.s.b.d.e.DevToolsPropertyDefaultsPostProcessor] For additional web related logging consider setting the 'logging.level.web' property to 'DEBUG'
[20241210 21:07:30:360][INFO ][o.s.d.r.c.RepositoryConfigurationDelegate] Bootstrapping Spring Data JPA repositories in DEFAULT mode.
[20241210 21:07:30:642][INFO ][o.s.d.r.c.RepositoryConfigurationDelegate] Finished Spring Data repository scanning in 248 ms. Found 4 JPA repository interfaces.
[20241210 21:07:33:191][INFO ][o.s.b.w.embedded.tomcat.TomcatWebServer] Tomcat initialized with port 8083 (http)
[20241210 21:07:33:235][INFO ][o.apache.coyote.http11.Http11NioProtocol] Initializing ProtocolHandler ["http-nio-8083"]
[20241210 21:07:33:246][INFO ][o.apache.catalina.core.StandardService] Starting service [Tomcat]
[20241210 21:07:33:247][INFO ][org.apache.catalina.core.StandardEngine] Starting Servlet engine: [Apache Tomcat/10.1.31]
[20241210 21:07:33:478][INFO ][o.a.c.c.C.[Tomcat].[localhost].[/]] Initializing Spring embedded WebApplicationContext
[20241210 21:07:33:480][INFO ][o.s.b.w.s.c.ServletWebServerApplicationContext] Root WebApplicationContext: initialization completed in 6046 ms
[20241210 21:07:34:108][INFO ][o.hibernate.jpa.internal.util.LogHelper] HHH000204: Processing PersistenceUnitInfo [name: default]
[20241210 21:07:34:486][INFO ][org.hibernate.Version] HHH000412: Hibernate ORM core version 6.5.3.Final
[20241210 21:07:34:724][INFO ][o.h.c.internal.RegionFactoryInitiator] HHH000026: Second-level cache disabled
[20241210 21:07:35:971][INFO ][o.s.o.j.p.SpringPersistenceUnitInfo] No LoadTimeWeaver setup: ignoring JPA class transformer
[20241210 21:07:36:097][INFO ][com.zaxxer.hikari.HikariDataSource] HikariPool-1 - Starting...
[20241210 21:07:37:390][INFO ][com.zaxxer.hikari.pool.HikariPool] HikariPool-1 - Added connection com.mysql.cj.jdbc.ConnectionImpl@630f46de
[20241210 21:07:37:414][INFO ][com.zaxxer.hikari.HikariDataSource] HikariPool-1 - Start completed.
[20241210 21:07:38:206][WARN ][org.hibernate.orm.deprecation] HHH90000025: MySQLDialect does not need to be specified explicitly using 'hibernate.dialect' (remove the property setting and it will be selected by default)
[20241210 21:07:38:403][DEBUG][o.h.t.descriptor.sql.spi.DdlTypeRegistry] addDescriptor(12, org.hibernate.type.descriptor.sql.internal.CapacityDependentDdlType@2991e3f2) replaced previous registration(org.hibernate.type.descriptor.sql.internal.CapacityDependentDdlType@76d7a04a)
[20241210 21:07:38:410][DEBUG][o.h.t.descriptor.sql.spi.DdlTypeRegistry] addDescriptor(-9, org.hibernate.type.descriptor.sql.internal.CapacityDependentDdlType@351a64df) replaced previous registration(org.hibernate.type.descriptor.sql.internal.CapacityDependentDdlType@5eebe86f)
[20241210 21:07:38:423][DEBUG][o.h.t.descriptor.sql.spi.DdlTypeRegistry] addDescriptor(-3, org.hibernate.type.descriptor.sql.internal.CapacityDependentDdlType@78c31e33) replaced previous registration(org.hibernate.type.descriptor.sql.internal.CapacityDependentDdlType@335d2491)
[20241210 21:07:38:426][DEBUG][o.h.t.descriptor.sql.spi.DdlTypeRegistry] addDescriptor(4003, org.hibernate.type.descriptor.sql.internal.DdlTypeImpl@550792b9) replaced previous registration(org.hibernate.type.descriptor.sql.internal.DdlTypeImpl@54aeb0e6)
[20241210 21:07:38:476][DEBUG][o.h.t.descriptor.sql.spi.DdlTypeRegistry] addDescriptor(4001, org.hibernate.type.descriptor.sql.internal.DdlTypeImpl@347c1ec6) replaced previous registration(org.hibernate.type.descriptor.sql.internal.DdlTypeImpl@6e5fcd74)
[20241210 21:07:38:518][DEBUG][o.h.t.descriptor.sql.spi.DdlTypeRegistry] addDescriptor(4002, org.hibernate.type.descriptor.sql.internal.DdlTypeImpl@724085c) replaced previous registration(org.hibernate.type.descriptor.sql.internal.DdlTypeImpl@26acb1de)
[20241210 21:07:38:532][DEBUG][o.h.t.descriptor.sql.spi.DdlTypeRegistry] addDescriptor(2004, org.hibernate.type.descriptor.sql.internal.CapacityDependentDdlType@72f211e3) replaced previous registration(org.hibernate.type.descriptor.sql.internal.DdlTypeImpl@625656a4)
[20241210 21:07:38:548][DEBUG][o.h.t.descriptor.sql.spi.DdlTypeRegistry] addDescriptor(2005, org.hibernate.type.descriptor.sql.internal.CapacityDependentDdlType@4597d45a) replaced previous registration(org.hibernate.type.descriptor.sql.internal.DdlTypeImpl@6f6af77)
[20241210 21:07:38:556][DEBUG][o.h.t.descriptor.sql.spi.DdlTypeRegistry] addDescriptor(2011, org.hibernate.type.descriptor.sql.internal.CapacityDependentDdlType@64e9cb43) replaced previous registration(org.hibernate.type.descriptor.sql.internal.DdlTypeImpl@34da420c)
[20241210 21:07:41:741][INFO ][o.h.e.t.j.p.i.JtaPlatformInitiator] HHH000489: No JTA platform available (set 'hibernate.transaction.jta.platform' to enable JTA platform integration)
[20241210 21:07:42:258][INFO ][o.s.o.j.LocalContainerEntityManagerFactoryBean] Initialized JPA EntityManagerFactory for persistence unit 'default'
[20241210 21:07:43:354][WARN ][o.s.b.a.o.j.JpaBaseConfiguration$JpaWebConfiguration] spring.jpa.open-in-view is enabled by default. Therefore, database queries may be performed during view rendering. Explicitly configure spring.jpa.open-in-view to disable this warning
[20241210 21:07:43:470][INFO ][o.s.b.a.w.s.WelcomePageHandlerMapping] Adding welcome page template: index
[20241210 21:07:44:556][INFO ][o.s.b.d.a.OptionalLiveReloadServer] LiveReload server is running on port 35729
[20241210 21:07:44:625][INFO ][o.apache.coyote.http11.Http11NioProtocol] Starting ProtocolHandler ["http-nio-8083"]
[20241210 21:07:44:775][INFO ][o.s.b.w.embedded.tomcat.TomcatWebServer] Tomcat started on port 8083 (http) with context path '/'
[20241210 21:07:44:830][INFO ][com.example.demo.DemoApplication] Started DemoApplication in 20.366 seconds (process running for 24.527)
[20241210 21:08:07:898][INFO ][o.a.c.c.C.[Tomcat].[localhost].[/]] Initializing Spring DispatcherServlet 'dispatcherServlet'
[20241210 21:08:07:899][INFO ][o.s.web.servlet.DispatcherServlet] Initializing Servlet 'dispatcherServlet'
[20241210 21:08:07:908][INFO ][o.s.web.servlet.DispatcherServlet] Completed initialization in 4 ms
[20241210 21:08:10:167][DEBUG][org.hibernate.SQL] select u1_0.id,u1_0.created_at,u1_0.name,u1_0.phone,u1_0.signup_id,u1_0.signup_password,u1_0.updated_at from user u1_0 where u1_0.signup_id=?
[20241210 21:08:10:167][DEBUG][org.hibernate.SQL] select p1_0.id,p1_0.category,p1_0.country,p1_0.manufacturer,p1_0.name,p1_0.price,p1_0.quantity from product p1_0
[20241210 21:08:11:793][DEBUG][org.hibernate.SQL] select u1_0.id,u1_0.created_at,u1_0.name,u1_0.phone,u1_0.signup_id,u1_0.signup_password,u1_0.updated_at from user u1_0 where u1_0.signup_id=?
[20241210 21:08:11:830][DEBUG][org.hibernate.SQL] select c1_0.id,c1_0.created_at,c1_0.product_id,c1_0.quantity,c1_0.updated_at,c1_0.signup_id from cart c1_0 where c1_0.signup_id=?
[20241210 21:08:11:885][DEBUG][org.hibernate.SQL] select u1_0.id,u1_0.created_at,u1_0.name,u1_0.phone,u1_0.signup_id,u1_0.signup_password,u1_0.updated_at from user u1_0 where u1_0.signup_id=?
[20241210 21:08:11:925][DEBUG][org.hibernate.SQL] select p1_0.id,p1_0.category,p1_0.country,p1_0.manufacturer,p1_0.name,p1_0.price,p1_0.quantity from product p1_0 where p1_0.id=?
[20241210 21:08:11:934][DEBUG][org.hibernate.SQL] select p1_0.id,p1_0.category,p1_0.country,p1_0.manufacturer,p1_0.name,p1_0.price,p1_0.quantity from product p1_0 where p1_0.id=?
[20241210 21:08:11:941][DEBUG][org.hibernate.SQL] select p1_0.id,p1_0.category,p1_0.country,p1_0.manufacturer,p1_0.name,p1_0.price,p1_0.quantity from product p1_0 where p1_0.id=?
[20241210 21:08:11:948][DEBUG][org.hibernate.SQL] select p1_0.id,p1_0.category,p1_0.country,p1_0.manufacturer,p1_0.name,p1_0.price,p1_0.quantity from product p1_0 where p1_0.id=?
[20241210 21:08:11:952][DEBUG][org.hibernate.SQL] select p1_0.id,p1_0.category,p1_0.country,p1_0.manufacturer,p1_0.name,p1_0.price,p1_0.quantity from product p1_0 where p1_0.id=?
[20241210 21:08:11:961][DEBUG][org.hibernate.SQL] select p1_0.id,p1_0.category,p1_0.country,p1_0.manufacturer,p1_0.name,p1_0.price,p1_0.quantity from product p1_0 where p1_0.id=?
