[20241225 17:20:03:900][INFO ][com.example.demo.DemoApplication] Starting DemoApplication using Java 17.0.3 with PID 3156 (C:\Users\user\Desktop\demo\build\classes\java\main started by 최진혁 in C:\Users\user\Desktop\demo)
[20241225 17:20:04:251][INFO ][com.example.demo.DemoApplication] No active profile set, falling back to 1 default profile: "default"
[20241225 17:20:05:119][INFO ][o.s.b.d.e.DevToolsPropertyDefaultsPostProcessor] Devtools property defaults active! Set 'spring.devtools.add-properties' to 'false' to disable
[20241225 17:20:05:286][INFO ][o.s.b.d.e.DevToolsPropertyDefaultsPostProcessor] For additional web related logging consider setting the 'logging.level.web' property to 'DEBUG'
[20241225 17:20:13:017][INFO ][o.s.d.r.c.RepositoryConfigurationDelegate] Bootstrapping Spring Data JPA repositories in DEFAULT mode.
[20241225 17:20:13:763][INFO ][o.s.d.r.c.RepositoryConfigurationDelegate] Finished Spring Data repository scanning in 605 ms. Found 5 JPA repository interfaces.
[20241225 17:20:18:892][INFO ][o.s.b.w.embedded.tomcat.TomcatWebServer] Tomcat initialized with port 8083 (http)
[20241225 17:20:19:016][INFO ][o.apache.coyote.http11.Http11NioProtocol] Initializing ProtocolHandler ["http-nio-8083"]
[20241225 17:20:19:184][INFO ][o.apache.catalina.core.StandardService] Starting service [Tomcat]
[20241225 17:20:19:200][INFO ][org.apache.catalina.core.StandardEngine] Starting Servlet engine: [Apache Tomcat/10.1.31]
[20241225 17:20:19:601][INFO ][o.a.c.c.C.[Tomcat].[localhost].[/]] Initializing Spring embedded WebApplicationContext
[20241225 17:20:19:605][INFO ][o.s.b.w.s.c.ServletWebServerApplicationContext] Root WebApplicationContext: initialization completed in 14252 ms
[20241225 17:20:21:580][INFO ][o.hibernate.jpa.internal.util.LogHelper] HHH000204: Processing PersistenceUnitInfo [name: default]
[20241225 17:20:22:091][INFO ][org.hibernate.Version] HHH000412: Hibernate ORM core version 6.5.3.Final
[20241225 17:20:22:267][INFO ][o.h.c.internal.RegionFactoryInitiator] HHH000026: Second-level cache disabled
[20241225 17:20:26:379][INFO ][o.s.o.j.p.SpringPersistenceUnitInfo] No LoadTimeWeaver setup: ignoring JPA class transformer
[20241225 17:20:26:775][INFO ][com.zaxxer.hikari.HikariDataSource] HikariPool-1 - Starting...
[20241225 17:20:31:567][INFO ][com.zaxxer.hikari.pool.HikariPool] HikariPool-1 - Added connection com.mysql.cj.jdbc.ConnectionImpl@7c1a574c
[20241225 17:20:31:679][INFO ][com.zaxxer.hikari.HikariDataSource] HikariPool-1 - Start completed.
[20241225 17:20:31:969][WARN ][org.hibernate.orm.deprecation] HHH90000025: MySQLDialect does not need to be specified explicitly using 'hibernate.dialect' (remove the property setting and it will be selected by default)
[20241225 17:20:32:517][DEBUG][o.h.t.descriptor.sql.spi.DdlTypeRegistry] addDescriptor(12, org.hibernate.type.descriptor.sql.internal.CapacityDependentDdlType@45b480a0) replaced previous registration(org.hibernate.type.descriptor.sql.internal.CapacityDependentDdlType@74fbeeec)
[20241225 17:20:32:627][DEBUG][o.h.t.descriptor.sql.spi.DdlTypeRegistry] addDescriptor(-9, org.hibernate.type.descriptor.sql.internal.CapacityDependentDdlType@741cd277) replaced previous registration(org.hibernate.type.descriptor.sql.internal.CapacityDependentDdlType@462b6227)
[20241225 17:20:32:725][DEBUG][o.h.t.descriptor.sql.spi.DdlTypeRegistry] addDescriptor(-3, org.hibernate.type.descriptor.sql.internal.CapacityDependentDdlType@277b5bc2) replaced previous registration(org.hibernate.type.descriptor.sql.internal.CapacityDependentDdlType@cdc4d4f)
[20241225 17:20:32:820][DEBUG][o.h.t.descriptor.sql.spi.DdlTypeRegistry] addDescriptor(4003, org.hibernate.type.descriptor.sql.internal.DdlTypeImpl@1e41b9c9) replaced previous registration(org.hibernate.type.descriptor.sql.internal.DdlTypeImpl@366ca7c)
[20241225 17:20:32:827][DEBUG][o.h.t.descriptor.sql.spi.DdlTypeRegistry] addDescriptor(4001, org.hibernate.type.descriptor.sql.internal.DdlTypeImpl@7ebe3499) replaced previous registration(org.hibernate.type.descriptor.sql.internal.DdlTypeImpl@1066a834)
[20241225 17:20:32:905][DEBUG][o.h.t.descriptor.sql.spi.DdlTypeRegistry] addDescriptor(4002, org.hibernate.type.descriptor.sql.internal.DdlTypeImpl@37ac400) replaced previous registration(org.hibernate.type.descriptor.sql.internal.DdlTypeImpl@36fadb39)
[20241225 17:20:32:943][DEBUG][o.h.t.descriptor.sql.spi.DdlTypeRegistry] addDescriptor(2004, org.hibernate.type.descriptor.sql.internal.CapacityDependentDdlType@39ef2b83) replaced previous registration(org.hibernate.type.descriptor.sql.internal.DdlTypeImpl@1c6d1382)
[20241225 17:20:33:013][DEBUG][o.h.t.descriptor.sql.spi.DdlTypeRegistry] addDescriptor(2005, org.hibernate.type.descriptor.sql.internal.CapacityDependentDdlType@49e28ecb) replaced previous registration(org.hibernate.type.descriptor.sql.internal.DdlTypeImpl@29a1a7dd)
[20241225 17:20:33:040][DEBUG][o.h.t.descriptor.sql.spi.DdlTypeRegistry] addDescriptor(2011, org.hibernate.type.descriptor.sql.internal.CapacityDependentDdlType@69d23259) replaced previous registration(org.hibernate.type.descriptor.sql.internal.DdlTypeImpl@1d57cde2)
[20241225 17:20:38:335][INFO ][o.h.e.t.j.p.i.JtaPlatformInitiator] HHH000489: No JTA platform available (set 'hibernate.transaction.jta.platform' to enable JTA platform integration)
[20241225 17:20:38:853][INFO ][o.s.o.j.LocalContainerEntityManagerFactoryBean] Initialized JPA EntityManagerFactory for persistence unit 'default'
[20241225 17:20:40:477][WARN ][o.s.b.a.o.j.JpaBaseConfiguration$JpaWebConfiguration] spring.jpa.open-in-view is enabled by default. Therefore, database queries may be performed during view rendering. Explicitly configure spring.jpa.open-in-view to disable this warning
[20241225 17:20:40:555][INFO ][o.s.b.a.w.s.WelcomePageHandlerMapping] Adding welcome page template: index
[20241225 17:20:42:084][INFO ][o.s.b.d.a.OptionalLiveReloadServer] LiveReload server is running on port 35729
[20241225 17:20:42:272][INFO ][o.apache.coyote.http11.Http11NioProtocol] Starting ProtocolHandler ["http-nio-8083"]
[20241225 17:20:42:335][INFO ][o.s.b.w.embedded.tomcat.TomcatWebServer] Tomcat started on port 8083 (http) with context path '/'
[20241225 17:20:42:353][INFO ][com.example.demo.DemoApplication] Started DemoApplication in 44.73 seconds (process running for 49.936)
[20241225 17:24:39:717][INFO ][o.a.c.c.C.[Tomcat].[localhost].[/]] Initializing Spring DispatcherServlet 'dispatcherServlet'
[20241225 17:24:39:750][INFO ][o.s.web.servlet.DispatcherServlet] Initializing Servlet 'dispatcherServlet'
[20241225 17:24:39:797][INFO ][o.s.web.servlet.DispatcherServlet] Completed initialization in 47 ms
[20241225 17:24:41:250][WARN ][o.a.catalina.util.SessionIdGeneratorBase] Creation of SecureRandom instance for session ID generation using [SHA1PRNG] took [536] milliseconds.
[20241225 17:24:41:455][DEBUG][org.hibernate.SQL] select p1_0.id,p1_0.category,p1_0.country,p1_0.manufacturer,p1_0.name,p1_0.price,p1_0.quantity from product p1_0
[20241225 17:24:43:813][DEBUG][org.hibernate.SQL] select u1_0.id,u1_0.created_at,u1_0.name,u1_0.phone,u1_0.signup_id,u1_0.signup_password,u1_0.updated_at from user u1_0 where u1_0.signup_id=?
[20241225 17:24:44:587][DEBUG][org.hibernate.SQL] select u1_0.id,u1_0.created_at,u1_0.name,u1_0.phone,u1_0.signup_id,u1_0.signup_password,u1_0.updated_at from user u1_0 where u1_0.signup_id=?
[20241225 17:24:44:654][DEBUG][org.hibernate.SQL] select u1_0.id,u1_0.created_at,u1_0.name,u1_0.phone,u1_0.signup_id,u1_0.signup_password,u1_0.updated_at from user u1_0 where u1_0.signup_id=?
[20241225 17:24:44:663][DEBUG][org.hibernate.SQL] select p1_0.id,p1_0.category,p1_0.country,p1_0.manufacturer,p1_0.name,p1_0.price,p1_0.quantity from product p1_0
[20241225 17:24:46:024][DEBUG][org.hibernate.SQL] select u1_0.id,u1_0.created_at,u1_0.name,u1_0.phone,u1_0.signup_id,u1_0.signup_password,u1_0.updated_at from user u1_0 where u1_0.signup_id=?
[20241225 17:24:46:043][DEBUG][org.hibernate.SQL] select c1_0.id,c1_0.created_at,c1_0.product_id,c1_0.quantity,c1_0.updated_at,c1_0.signup_id from cart c1_0 where c1_0.signup_id=?
[20241225 17:24:46:088][DEBUG][org.hibernate.SQL] select u1_0.id,u1_0.created_at,u1_0.name,u1_0.phone,u1_0.signup_id,u1_0.signup_password,u1_0.updated_at from user u1_0 where u1_0.signup_id=?
[20241225 17:24:46:108][DEBUG][org.hibernate.SQL] select p1_0.id,p1_0.category,p1_0.country,p1_0.manufacturer,p1_0.name,p1_0.price,p1_0.quantity from product p1_0 where p1_0.id=?
[20241225 17:24:46:118][DEBUG][org.hibernate.SQL] select p1_0.id,p1_0.category,p1_0.country,p1_0.manufacturer,p1_0.name,p1_0.price,p1_0.quantity from product p1_0 where p1_0.id=?
[20241225 17:24:46:122][DEBUG][org.hibernate.SQL] select p1_0.id,p1_0.category,p1_0.country,p1_0.manufacturer,p1_0.name,p1_0.price,p1_0.quantity from product p1_0 where p1_0.id=?
[20241225 17:24:47:346][INFO ][c.e.demo.controller.WidgetController] 총 가격: 551000, 총 수량: 7
[20241225 18:20:39:143][INFO ][com.example.demo.DemoApplication] Starting DemoApplication using Java 17.0.3 with PID 11872 (C:\Users\user\Desktop\demo\build\classes\java\main started by 최진혁 in C:\Users\user\Desktop\demo)
[20241225 18:20:39:159][INFO ][com.example.demo.DemoApplication] No active profile set, falling back to 1 default profile: "default"
[20241225 18:20:39:601][INFO ][o.s.b.d.e.DevToolsPropertyDefaultsPostProcessor] Devtools property defaults active! Set 'spring.devtools.add-properties' to 'false' to disable
[20241225 18:20:39:604][INFO ][o.s.b.d.e.DevToolsPropertyDefaultsPostProcessor] For additional web related logging consider setting the 'logging.level.web' property to 'DEBUG'
[20241225 18:20:43:151][INFO ][o.s.d.r.c.RepositoryConfigurationDelegate] Bootstrapping Spring Data JPA repositories in DEFAULT mode.
[20241225 18:20:43:320][INFO ][o.s.d.r.c.RepositoryConfigurationDelegate] Finished Spring Data repository scanning in 150 ms. Found 5 JPA repository interfaces.
[20241225 18:20:45:173][INFO ][o.s.b.w.embedded.tomcat.TomcatWebServer] Tomcat initialized with port 8083 (http)
[20241225 18:20:45:189][INFO ][o.apache.coyote.http11.Http11NioProtocol] Initializing ProtocolHandler ["http-nio-8083"]
[20241225 18:20:45:242][INFO ][o.apache.catalina.core.StandardService] Starting service [Tomcat]
[20241225 18:20:45:242][INFO ][org.apache.catalina.core.StandardEngine] Starting Servlet engine: [Apache Tomcat/10.1.31]
[20241225 18:20:45:420][INFO ][o.a.c.c.C.[Tomcat].[localhost].[/]] Initializing Spring embedded WebApplicationContext
[20241225 18:20:45:420][INFO ][o.s.b.w.s.c.ServletWebServerApplicationContext] Root WebApplicationContext: initialization completed in 5773 ms
[20241225 18:20:46:490][INFO ][o.hibernate.jpa.internal.util.LogHelper] HHH000204: Processing PersistenceUnitInfo [name: default]
[20241225 18:20:46:727][INFO ][org.hibernate.Version] HHH000412: Hibernate ORM core version 6.5.3.Final
[20241225 18:20:46:825][INFO ][o.h.c.internal.RegionFactoryInitiator] HHH000026: Second-level cache disabled
[20241225 18:20:47:573][INFO ][o.s.o.j.p.SpringPersistenceUnitInfo] No LoadTimeWeaver setup: ignoring JPA class transformer
[20241225 18:20:47:689][INFO ][com.zaxxer.hikari.HikariDataSource] HikariPool-1 - Starting...
[20241225 18:20:49:008][INFO ][com.zaxxer.hikari.pool.HikariPool] HikariPool-1 - Added connection com.mysql.cj.jdbc.ConnectionImpl@15deae87
[20241225 18:20:49:042][INFO ][com.zaxxer.hikari.HikariDataSource] HikariPool-1 - Start completed.
[20241225 18:20:49:505][WARN ][org.hibernate.orm.deprecation] HHH90000025: MySQLDialect does not need to be specified explicitly using 'hibernate.dialect' (remove the property setting and it will be selected by default)
[20241225 18:20:49:640][DEBUG][o.h.t.descriptor.sql.spi.DdlTypeRegistry] addDescriptor(12, org.hibernate.type.descriptor.sql.internal.CapacityDependentDdlType@5dbd8862) replaced previous registration(org.hibernate.type.descriptor.sql.internal.CapacityDependentDdlType@4e89cdc1)
[20241225 18:20:49:640][DEBUG][o.h.t.descriptor.sql.spi.DdlTypeRegistry] addDescriptor(-9, org.hibernate.type.descriptor.sql.internal.CapacityDependentDdlType@65daebf8) replaced previous registration(org.hibernate.type.descriptor.sql.internal.CapacityDependentDdlType@45b480a0)
[20241225 18:20:49:640][DEBUG][o.h.t.descriptor.sql.spi.DdlTypeRegistry] addDescriptor(-3, org.hibernate.type.descriptor.sql.internal.CapacityDependentDdlType@74fbeeec) replaced previous registration(org.hibernate.type.descriptor.sql.internal.CapacityDependentDdlType@741cd277)
[20241225 18:20:49:640][DEBUG][o.h.t.descriptor.sql.spi.DdlTypeRegistry] addDescriptor(4003, org.hibernate.type.descriptor.sql.internal.DdlTypeImpl@462b6227) replaced previous registration(org.hibernate.type.descriptor.sql.internal.DdlTypeImpl@277b5bc2)
[20241225 18:20:49:640][DEBUG][o.h.t.descriptor.sql.spi.DdlTypeRegistry] addDescriptor(4001, org.hibernate.type.descriptor.sql.internal.DdlTypeImpl@cdc4d4f) replaced previous registration(org.hibernate.type.descriptor.sql.internal.DdlTypeImpl@1e41b9c9)
[20241225 18:20:49:640][DEBUG][o.h.t.descriptor.sql.spi.DdlTypeRegistry] addDescriptor(4002, org.hibernate.type.descriptor.sql.internal.DdlTypeImpl@366ca7c) replaced previous registration(org.hibernate.type.descriptor.sql.internal.DdlTypeImpl@7ebe3499)
[20241225 18:20:49:640][DEBUG][o.h.t.descriptor.sql.spi.DdlTypeRegistry] addDescriptor(2004, org.hibernate.type.descriptor.sql.internal.CapacityDependentDdlType@1066a834) replaced previous registration(org.hibernate.type.descriptor.sql.internal.DdlTypeImpl@37ac400)
[20241225 18:20:49:661][DEBUG][o.h.t.descriptor.sql.spi.DdlTypeRegistry] addDescriptor(2005, org.hibernate.type.descriptor.sql.internal.CapacityDependentDdlType@36fadb39) replaced previous registration(org.hibernate.type.descriptor.sql.internal.DdlTypeImpl@39ef2b83)
[20241225 18:20:49:675][DEBUG][o.h.t.descriptor.sql.spi.DdlTypeRegistry] addDescriptor(2011, org.hibernate.type.descriptor.sql.internal.CapacityDependentDdlType@1c6d1382) replaced previous registration(org.hibernate.type.descriptor.sql.internal.DdlTypeImpl@49e28ecb)
[20241225 18:20:53:122][INFO ][o.h.e.t.j.p.i.JtaPlatformInitiator] HHH000489: No JTA platform available (set 'hibernate.transaction.jta.platform' to enable JTA platform integration)
[20241225 18:20:53:437][INFO ][o.s.o.j.LocalContainerEntityManagerFactoryBean] Initialized JPA EntityManagerFactory for persistence unit 'default'
[20241225 18:20:54:554][WARN ][o.s.b.a.o.j.JpaBaseConfiguration$JpaWebConfiguration] spring.jpa.open-in-view is enabled by default. Therefore, database queries may be performed during view rendering. Explicitly configure spring.jpa.open-in-view to disable this warning
[20241225 18:20:54:655][INFO ][o.s.b.a.w.s.WelcomePageHandlerMapping] Adding welcome page template: index
[20241225 18:20:55:509][INFO ][o.s.b.d.a.OptionalLiveReloadServer] LiveReload server is running on port 35729
[20241225 18:20:55:538][INFO ][o.apache.coyote.http11.Http11NioProtocol] Starting ProtocolHandler ["http-nio-8083"]
[20241225 18:20:55:652][INFO ][o.s.b.w.embedded.tomcat.TomcatWebServer] Tomcat started on port 8083 (http) with context path '/'
[20241225 18:20:55:683][INFO ][com.example.demo.DemoApplication] Started DemoApplication in 19.53 seconds (process running for 23.782)
[20241225 18:22:57:814][INFO ][o.a.c.c.C.[Tomcat].[localhost].[/]] Initializing Spring DispatcherServlet 'dispatcherServlet'
[20241225 18:22:57:830][INFO ][o.s.web.servlet.DispatcherServlet] Initializing Servlet 'dispatcherServlet'
[20241225 18:22:57:904][INFO ][o.s.web.servlet.DispatcherServlet] Completed initialization in 73 ms
[20241225 18:22:59:986][WARN ][o.a.catalina.util.SessionIdGeneratorBase] Creation of SecureRandom instance for session ID generation using [SHA1PRNG] took [587] milliseconds.
[20241225 18:23:00:343][DEBUG][org.hibernate.SQL] select p1_0.id,p1_0.category,p1_0.country,p1_0.manufacturer,p1_0.name,p1_0.price,p1_0.quantity from product p1_0
[20241225 18:23:03:519][DEBUG][org.hibernate.SQL] select u1_0.id,u1_0.created_at,u1_0.name,u1_0.phone,u1_0.signup_id,u1_0.signup_password,u1_0.updated_at from user u1_0 where u1_0.signup_id=?
[20241225 18:23:04:221][DEBUG][org.hibernate.SQL] select u1_0.id,u1_0.created_at,u1_0.name,u1_0.phone,u1_0.signup_id,u1_0.signup_password,u1_0.updated_at from user u1_0 where u1_0.signup_id=?
[20241225 18:23:04:332][DEBUG][org.hibernate.SQL] select p1_0.id,p1_0.category,p1_0.country,p1_0.manufacturer,p1_0.name,p1_0.price,p1_0.quantity from product p1_0
[20241225 18:23:04:333][DEBUG][org.hibernate.SQL] select u1_0.id,u1_0.created_at,u1_0.name,u1_0.phone,u1_0.signup_id,u1_0.signup_password,u1_0.updated_at from user u1_0 where u1_0.signup_id=?
[20241225 18:23:05:261][DEBUG][org.hibernate.SQL] select u1_0.id,u1_0.created_at,u1_0.name,u1_0.phone,u1_0.signup_id,u1_0.signup_password,u1_0.updated_at from user u1_0 where u1_0.signup_id=?
[20241225 18:23:05:293][DEBUG][org.hibernate.SQL] select c1_0.id,c1_0.created_at,c1_0.product_id,c1_0.quantity,c1_0.updated_at,c1_0.signup_id from cart c1_0 where c1_0.signup_id=?
[20241225 18:23:05:367][DEBUG][org.hibernate.SQL] select u1_0.id,u1_0.created_at,u1_0.name,u1_0.phone,u1_0.signup_id,u1_0.signup_password,u1_0.updated_at from user u1_0 where u1_0.signup_id=?
[20241225 18:23:05:390][DEBUG][org.hibernate.SQL] select p1_0.id,p1_0.category,p1_0.country,p1_0.manufacturer,p1_0.name,p1_0.price,p1_0.quantity from product p1_0 where p1_0.id=?
[20241225 18:23:05:395][DEBUG][org.hibernate.SQL] select p1_0.id,p1_0.category,p1_0.country,p1_0.manufacturer,p1_0.name,p1_0.price,p1_0.quantity from product p1_0 where p1_0.id=?
[20241225 18:23:05:395][DEBUG][org.hibernate.SQL] select p1_0.id,p1_0.category,p1_0.country,p1_0.manufacturer,p1_0.name,p1_0.price,p1_0.quantity from product p1_0 where p1_0.id=?
[20241225 18:26:58:433][INFO ][com.example.demo.DemoApplication] Starting DemoApplication using Java 17.0.3 with PID 9532 (C:\Users\user\Desktop\demo\build\classes\java\main started by 최진혁 in C:\Users\user\Desktop\demo)
[20241225 18:26:58:625][INFO ][com.example.demo.DemoApplication] No active profile set, falling back to 1 default profile: "default"
[20241225 18:27:00:002][INFO ][o.s.b.d.e.DevToolsPropertyDefaultsPostProcessor] Devtools property defaults active! Set 'spring.devtools.add-properties' to 'false' to disable
[20241225 18:27:00:004][INFO ][o.s.b.d.e.DevToolsPropertyDefaultsPostProcessor] For additional web related logging consider setting the 'logging.level.web' property to 'DEBUG'
[20241225 18:27:08:888][INFO ][o.s.d.r.c.RepositoryConfigurationDelegate] Bootstrapping Spring Data JPA repositories in DEFAULT mode.
[20241225 18:27:09:534][INFO ][o.s.d.r.c.RepositoryConfigurationDelegate] Finished Spring Data repository scanning in 602 ms. Found 5 JPA repository interfaces.
[20241225 18:27:19:265][INFO ][o.s.b.w.embedded.tomcat.TomcatWebServer] Tomcat initialized with port 8083 (http)
[20241225 18:27:19:337][INFO ][o.apache.coyote.http11.Http11NioProtocol] Initializing ProtocolHandler ["http-nio-8083"]
[20241225 18:27:19:364][INFO ][o.apache.catalina.core.StandardService] Starting service [Tomcat]
[20241225 18:27:19:367][INFO ][org.apache.catalina.core.StandardEngine] Starting Servlet engine: [Apache Tomcat/10.1.31]
[20241225 18:27:19:912][INFO ][o.a.c.c.C.[Tomcat].[localhost].[/]] Initializing Spring embedded WebApplicationContext
[20241225 18:27:19:915][INFO ][o.s.b.w.s.c.ServletWebServerApplicationContext] Root WebApplicationContext: initialization completed in 19861 ms
[20241225 18:27:22:617][INFO ][o.hibernate.jpa.internal.util.LogHelper] HHH000204: Processing PersistenceUnitInfo [name: default]
[20241225 18:27:23:166][INFO ][org.hibernate.Version] HHH000412: Hibernate ORM core version 6.5.3.Final
[20241225 18:27:23:499][INFO ][o.h.c.internal.RegionFactoryInitiator] HHH000026: Second-level cache disabled
[20241225 18:27:26:295][INFO ][o.s.o.j.p.SpringPersistenceUnitInfo] No LoadTimeWeaver setup: ignoring JPA class transformer
[20241225 18:27:26:568][INFO ][com.zaxxer.hikari.HikariDataSource] HikariPool-1 - Starting...
[20241225 18:27:29:877][INFO ][com.zaxxer.hikari.pool.HikariPool] HikariPool-1 - Added connection com.mysql.cj.jdbc.ConnectionImpl@cf565ce
[20241225 18:27:29:906][INFO ][com.zaxxer.hikari.HikariDataSource] HikariPool-1 - Start completed.
[20241225 18:27:30:431][WARN ][org.hibernate.orm.deprecation] HHH90000025: MySQLDialect does not need to be specified explicitly using 'hibernate.dialect' (remove the property setting and it will be selected by default)
[20241225 18:27:30:713][DEBUG][o.h.t.descriptor.sql.spi.DdlTypeRegistry] addDescriptor(12, org.hibernate.type.descriptor.sql.internal.CapacityDependentDdlType@33b14042) replaced previous registration(org.hibernate.type.descriptor.sql.internal.CapacityDependentDdlType@677f9af4)
[20241225 18:27:30:717][DEBUG][o.h.t.descriptor.sql.spi.DdlTypeRegistry] addDescriptor(-9, org.hibernate.type.descriptor.sql.internal.CapacityDependentDdlType@7587d407) replaced previous registration(org.hibernate.type.descriptor.sql.internal.CapacityDependentDdlType@61f675a3)
[20241225 18:27:30:774][DEBUG][o.h.t.descriptor.sql.spi.DdlTypeRegistry] addDescriptor(-3, org.hibernate.type.descriptor.sql.internal.CapacityDependentDdlType@58fc8a8f) replaced previous registration(org.hibernate.type.descriptor.sql.internal.CapacityDependentDdlType@434f135e)
[20241225 18:27:30:789][DEBUG][o.h.t.descriptor.sql.spi.DdlTypeRegistry] addDescriptor(4003, org.hibernate.type.descriptor.sql.internal.DdlTypeImpl@823d0dc) replaced previous registration(org.hibernate.type.descriptor.sql.internal.DdlTypeImpl@5a2ae716)
[20241225 18:27:30:828][DEBUG][o.h.t.descriptor.sql.spi.DdlTypeRegistry] addDescriptor(4001, org.hibernate.type.descriptor.sql.internal.DdlTypeImpl@663eb62e) replaced previous registration(org.hibernate.type.descriptor.sql.internal.DdlTypeImpl@5dd09c54)
[20241225 18:27:30:861][DEBUG][o.h.t.descriptor.sql.spi.DdlTypeRegistry] addDescriptor(4002, org.hibernate.type.descriptor.sql.internal.DdlTypeImpl@4b631202) replaced previous registration(org.hibernate.type.descriptor.sql.internal.DdlTypeImpl@467c4e2f)
[20241225 18:27:30:891][DEBUG][o.h.t.descriptor.sql.spi.DdlTypeRegistry] addDescriptor(2004, org.hibernate.type.descriptor.sql.internal.CapacityDependentDdlType@55e01f08) replaced previous registration(org.hibernate.type.descriptor.sql.internal.DdlTypeImpl@c8b0bdc)
[20241225 18:27:30:899][DEBUG][o.h.t.descriptor.sql.spi.DdlTypeRegistry] addDescriptor(2005, org.hibernate.type.descriptor.sql.internal.CapacityDependentDdlType@5fabeb4d) replaced previous registration(org.hibernate.type.descriptor.sql.internal.DdlTypeImpl@7b82dba1)
[20241225 18:27:30:931][DEBUG][o.h.t.descriptor.sql.spi.DdlTypeRegistry] addDescriptor(2011, org.hibernate.type.descriptor.sql.internal.CapacityDependentDdlType@2e4f9386) replaced previous registration(org.hibernate.type.descriptor.sql.internal.DdlTypeImpl@7a4eb878)
[20241225 18:27:35:255][INFO ][o.h.e.t.j.p.i.JtaPlatformInitiator] HHH000489: No JTA platform available (set 'hibernate.transaction.jta.platform' to enable JTA platform integration)
[20241225 18:27:36:307][INFO ][o.s.o.j.LocalContainerEntityManagerFactoryBean] Initialized JPA EntityManagerFactory for persistence unit 'default'
[20241225 18:27:38:873][WARN ][o.s.b.a.o.j.JpaBaseConfiguration$JpaWebConfiguration] spring.jpa.open-in-view is enabled by default. Therefore, database queries may be performed during view rendering. Explicitly configure spring.jpa.open-in-view to disable this warning
[20241225 18:27:38:957][INFO ][o.s.b.a.w.s.WelcomePageHandlerMapping] Adding welcome page template: index
[20241225 18:27:40:120][INFO ][o.s.b.d.a.OptionalLiveReloadServer] LiveReload server is running on port 35729
[20241225 18:27:40:160][INFO ][o.apache.coyote.http11.Http11NioProtocol] Starting ProtocolHandler ["http-nio-8083"]
[20241225 18:27:40:239][INFO ][o.s.b.w.embedded.tomcat.TomcatWebServer] Tomcat started on port 8083 (http) with context path '/'
[20241225 18:27:40:260][INFO ][com.example.demo.DemoApplication] Started DemoApplication in 47.599 seconds (process running for 55.025)
[20241225 18:27:43:711][INFO ][o.a.c.c.C.[Tomcat].[localhost].[/]] Initializing Spring DispatcherServlet 'dispatcherServlet'
[20241225 18:27:43:771][INFO ][o.s.web.servlet.DispatcherServlet] Initializing Servlet 'dispatcherServlet'
[20241225 18:27:43:969][INFO ][o.s.web.servlet.DispatcherServlet] Completed initialization in 20 ms
[20241225 18:27:46:062][WARN ][o.a.catalina.util.SessionIdGeneratorBase] Creation of SecureRandom instance for session ID generation using [SHA1PRNG] took [449] milliseconds.
[20241225 18:27:46:153][DEBUG][org.hibernate.SQL] select p1_0.id,p1_0.category,p1_0.country,p1_0.manufacturer,p1_0.name,p1_0.price,p1_0.quantity from product p1_0
[20241225 18:27:52:372][DEBUG][org.hibernate.SQL] select u1_0.id,u1_0.created_at,u1_0.name,u1_0.phone,u1_0.signup_id,u1_0.signup_password,u1_0.updated_at from user u1_0 where u1_0.signup_id=?
[20241225 18:27:53:417][DEBUG][org.hibernate.SQL] select u1_0.id,u1_0.created_at,u1_0.name,u1_0.phone,u1_0.signup_id,u1_0.signup_password,u1_0.updated_at from user u1_0 where u1_0.signup_id=?
[20241225 18:27:53:601][DEBUG][org.hibernate.SQL] select p1_0.id,p1_0.category,p1_0.country,p1_0.manufacturer,p1_0.name,p1_0.price,p1_0.quantity from product p1_0
[20241225 18:27:53:603][DEBUG][org.hibernate.SQL] select u1_0.id,u1_0.created_at,u1_0.name,u1_0.phone,u1_0.signup_id,u1_0.signup_password,u1_0.updated_at from user u1_0 where u1_0.signup_id=?
[20241225 18:27:56:201][DEBUG][org.hibernate.SQL] select u1_0.id,u1_0.created_at,u1_0.name,u1_0.phone,u1_0.signup_id,u1_0.signup_password,u1_0.updated_at from user u1_0 where u1_0.signup_id=?
[20241225 18:27:56:225][DEBUG][org.hibernate.SQL] select c1_0.id,c1_0.created_at,c1_0.product_id,c1_0.quantity,c1_0.updated_at,c1_0.signup_id from cart c1_0 where c1_0.signup_id=?
[20241225 18:27:56:301][DEBUG][org.hibernate.SQL] select u1_0.id,u1_0.created_at,u1_0.name,u1_0.phone,u1_0.signup_id,u1_0.signup_password,u1_0.updated_at from user u1_0 where u1_0.signup_id=?
[20241225 18:27:56:331][DEBUG][org.hibernate.SQL] select p1_0.id,p1_0.category,p1_0.country,p1_0.manufacturer,p1_0.name,p1_0.price,p1_0.quantity from product p1_0 where p1_0.id=?
[20241225 18:27:56:339][DEBUG][org.hibernate.SQL] select p1_0.id,p1_0.category,p1_0.country,p1_0.manufacturer,p1_0.name,p1_0.price,p1_0.quantity from product p1_0 where p1_0.id=?
[20241225 18:27:56:344][DEBUG][org.hibernate.SQL] select p1_0.id,p1_0.category,p1_0.country,p1_0.manufacturer,p1_0.name,p1_0.price,p1_0.quantity from product p1_0 where p1_0.id=?
[20241225 18:27:57:363][INFO ][c.e.demo.controller.WidgetController] 총 가격: 551000, 총 수량: 7
[20241225 19:10:45:909][INFO ][com.example.demo.DemoApplication] Starting DemoApplication using Java 17.0.3 with PID 11356 (C:\Users\user\Desktop\demo\build\classes\java\main started by 최진혁 in C:\Users\user\Desktop\demo)
[20241225 19:10:45:983][INFO ][com.example.demo.DemoApplication] No active profile set, falling back to 1 default profile: "default"
[20241225 19:10:47:026][INFO ][o.s.b.d.e.DevToolsPropertyDefaultsPostProcessor] Devtools property defaults active! Set 'spring.devtools.add-properties' to 'false' to disable
[20241225 19:10:47:028][INFO ][o.s.b.d.e.DevToolsPropertyDefaultsPostProcessor] For additional web related logging consider setting the 'logging.level.web' property to 'DEBUG'
[20241225 19:10:52:617][INFO ][o.s.d.r.c.RepositoryConfigurationDelegate] Bootstrapping Spring Data JPA repositories in DEFAULT mode.
[20241225 19:10:52:971][INFO ][o.s.d.r.c.RepositoryConfigurationDelegate] Finished Spring Data repository scanning in 220 ms. Found 5 JPA repository interfaces.
[20241225 19:10:56:945][INFO ][o.s.b.w.embedded.tomcat.TomcatWebServer] Tomcat initialized with port 8083 (http)
[20241225 19:10:56:984][INFO ][o.apache.coyote.http11.Http11NioProtocol] Initializing ProtocolHandler ["http-nio-8083"]
[20241225 19:10:56:999][INFO ][o.apache.catalina.core.StandardService] Starting service [Tomcat]
[20241225 19:10:57:000][INFO ][org.apache.catalina.core.StandardEngine] Starting Servlet engine: [Apache Tomcat/10.1.31]
[20241225 19:10:57:184][INFO ][o.a.c.c.C.[Tomcat].[localhost].[/]] Initializing Spring embedded WebApplicationContext
[20241225 19:10:57:186][INFO ][o.s.b.w.s.c.ServletWebServerApplicationContext] Root WebApplicationContext: initialization completed in 10132 ms
[20241225 19:10:57:687][INFO ][o.hibernate.jpa.internal.util.LogHelper] HHH000204: Processing PersistenceUnitInfo [name: default]
[20241225 19:10:57:899][INFO ][org.hibernate.Version] HHH000412: Hibernate ORM core version 6.5.3.Final
[20241225 19:10:58:021][INFO ][o.h.c.internal.RegionFactoryInitiator] HHH000026: Second-level cache disabled
[20241225 19:10:59:177][INFO ][o.s.o.j.p.SpringPersistenceUnitInfo] No LoadTimeWeaver setup: ignoring JPA class transformer
[20241225 19:10:59:291][INFO ][com.zaxxer.hikari.HikariDataSource] HikariPool-1 - Starting...
[20241225 19:11:00:633][INFO ][com.zaxxer.hikari.pool.HikariPool] HikariPool-1 - Added connection com.mysql.cj.jdbc.ConnectionImpl@51c28f87
[20241225 19:11:00:647][INFO ][com.zaxxer.hikari.HikariDataSource] HikariPool-1 - Start completed.
[20241225 19:11:00:859][WARN ][org.hibernate.orm.deprecation] HHH90000025: MySQLDialect does not need to be specified explicitly using 'hibernate.dialect' (remove the property setting and it will be selected by default)
[20241225 19:11:00:931][DEBUG][o.h.t.descriptor.sql.spi.DdlTypeRegistry] addDescriptor(12, org.hibernate.type.descriptor.sql.internal.CapacityDependentDdlType@2fc6ab59) replaced previous registration(org.hibernate.type.descriptor.sql.internal.CapacityDependentDdlType@3aaf606)
[20241225 19:11:00:933][DEBUG][o.h.t.descriptor.sql.spi.DdlTypeRegistry] addDescriptor(-9, org.hibernate.type.descriptor.sql.internal.CapacityDependentDdlType@4aab1824) replaced previous registration(org.hibernate.type.descriptor.sql.internal.CapacityDependentDdlType@2937ba5e)
[20241225 19:11:00:935][DEBUG][o.h.t.descriptor.sql.spi.DdlTypeRegistry] addDescriptor(-3, org.hibernate.type.descriptor.sql.internal.CapacityDependentDdlType@33b14042) replaced previous registration(org.hibernate.type.descriptor.sql.internal.CapacityDependentDdlType@677f9af4)
[20241225 19:11:00:936][DEBUG][o.h.t.descriptor.sql.spi.DdlTypeRegistry] addDescriptor(4003, org.hibernate.type.descriptor.sql.internal.DdlTypeImpl@7587d407) replaced previous registration(org.hibernate.type.descriptor.sql.internal.DdlTypeImpl@61f675a3)
[20241225 19:11:00:938][DEBUG][o.h.t.descriptor.sql.spi.DdlTypeRegistry] addDescriptor(4001, org.hibernate.type.descriptor.sql.internal.DdlTypeImpl@58fc8a8f) replaced previous registration(org.hibernate.type.descriptor.sql.internal.DdlTypeImpl@434f135e)
[20241225 19:11:00:940][DEBUG][o.h.t.descriptor.sql.spi.DdlTypeRegistry] addDescriptor(4002, org.hibernate.type.descriptor.sql.internal.DdlTypeImpl@823d0dc) replaced previous registration(org.hibernate.type.descriptor.sql.internal.DdlTypeImpl@5a2ae716)
[20241225 19:11:00:942][DEBUG][o.h.t.descriptor.sql.spi.DdlTypeRegistry] addDescriptor(2004, org.hibernate.type.descriptor.sql.internal.CapacityDependentDdlType@663eb62e) replaced previous registration(org.hibernate.type.descriptor.sql.internal.DdlTypeImpl@5dd09c54)
[20241225 19:11:00:945][DEBUG][o.h.t.descriptor.sql.spi.DdlTypeRegistry] addDescriptor(2005, org.hibernate.type.descriptor.sql.internal.CapacityDependentDdlType@4b631202) replaced previous registration(org.hibernate.type.descriptor.sql.internal.DdlTypeImpl@467c4e2f)
[20241225 19:11:00:962][DEBUG][o.h.t.descriptor.sql.spi.DdlTypeRegistry] addDescriptor(2011, org.hibernate.type.descriptor.sql.internal.CapacityDependentDdlType@55e01f08) replaced previous registration(org.hibernate.type.descriptor.sql.internal.DdlTypeImpl@c8b0bdc)
[20241225 19:11:05:444][INFO ][o.h.e.t.j.p.i.JtaPlatformInitiator] HHH000489: No JTA platform available (set 'hibernate.transaction.jta.platform' to enable JTA platform integration)
[20241225 19:11:06:437][INFO ][o.s.o.j.LocalContainerEntityManagerFactoryBean] Initialized JPA EntityManagerFactory for persistence unit 'default'
[20241225 19:11:10:031][WARN ][o.s.b.a.o.j.JpaBaseConfiguration$JpaWebConfiguration] spring.jpa.open-in-view is enabled by default. Therefore, database queries may be performed during view rendering. Explicitly configure spring.jpa.open-in-view to disable this warning
[20241225 19:11:10:192][INFO ][o.s.b.a.w.s.WelcomePageHandlerMapping] Adding welcome page template: index
[20241225 19:11:11:847][INFO ][o.s.b.d.a.OptionalLiveReloadServer] LiveReload server is running on port 35729
[20241225 19:11:11:885][INFO ][o.apache.coyote.http11.Http11NioProtocol] Starting ProtocolHandler ["http-nio-8083"]
[20241225 19:11:11:948][INFO ][o.s.b.w.embedded.tomcat.TomcatWebServer] Tomcat started on port 8083 (http) with context path '/'
[20241225 19:11:11:967][INFO ][com.example.demo.DemoApplication] Started DemoApplication in 31.573 seconds (process running for 34.042)
[20241225 19:13:34:009][INFO ][o.a.c.c.C.[Tomcat].[localhost].[/]] Initializing Spring DispatcherServlet 'dispatcherServlet'
[20241225 19:13:34:126][INFO ][o.s.web.servlet.DispatcherServlet] Initializing Servlet 'dispatcherServlet'
[20241225 19:13:34:370][INFO ][o.s.web.servlet.DispatcherServlet] Completed initialization in 235 ms
[20241225 19:13:40:224][WARN ][o.a.catalina.util.SessionIdGeneratorBase] Creation of SecureRandom instance for session ID generation using [SHA1PRNG] took [1,166] milliseconds.
[20241225 19:13:40:685][DEBUG][org.hibernate.SQL] select p1_0.id,p1_0.category,p1_0.country,p1_0.manufacturer,p1_0.name,p1_0.price,p1_0.quantity from product p1_0
[20241225 19:13:45:478][DEBUG][org.hibernate.SQL] select u1_0.id,u1_0.created_at,u1_0.name,u1_0.phone,u1_0.signup_id,u1_0.signup_password,u1_0.updated_at from user u1_0 where u1_0.signup_id=?
[20241225 19:13:46:820][DEBUG][org.hibernate.SQL] select u1_0.id,u1_0.created_at,u1_0.name,u1_0.phone,u1_0.signup_id,u1_0.signup_password,u1_0.updated_at from user u1_0 where u1_0.signup_id=?
[20241225 19:13:46:903][DEBUG][org.hibernate.SQL] select p1_0.id,p1_0.category,p1_0.country,p1_0.manufacturer,p1_0.name,p1_0.price,p1_0.quantity from product p1_0
[20241225 19:13:46:906][DEBUG][org.hibernate.SQL] select u1_0.id,u1_0.created_at,u1_0.name,u1_0.phone,u1_0.signup_id,u1_0.signup_password,u1_0.updated_at from user u1_0 where u1_0.signup_id=?
[20241225 19:13:48:109][DEBUG][org.hibernate.SQL] select u1_0.id,u1_0.created_at,u1_0.name,u1_0.phone,u1_0.signup_id,u1_0.signup_password,u1_0.updated_at from user u1_0 where u1_0.signup_id=?
[20241225 19:13:48:129][DEBUG][org.hibernate.SQL] select c1_0.id,c1_0.created_at,c1_0.product_id,c1_0.quantity,c1_0.updated_at,c1_0.signup_id from cart c1_0 where c1_0.signup_id=?
[20241225 19:13:48:186][DEBUG][org.hibernate.SQL] select u1_0.id,u1_0.created_at,u1_0.name,u1_0.phone,u1_0.signup_id,u1_0.signup_password,u1_0.updated_at from user u1_0 where u1_0.signup_id=?
[20241225 19:13:48:203][DEBUG][org.hibernate.SQL] select p1_0.id,p1_0.category,p1_0.country,p1_0.manufacturer,p1_0.name,p1_0.price,p1_0.quantity from product p1_0 where p1_0.id=?
[20241225 19:13:48:213][DEBUG][org.hibernate.SQL] select p1_0.id,p1_0.category,p1_0.country,p1_0.manufacturer,p1_0.name,p1_0.price,p1_0.quantity from product p1_0 where p1_0.id=?
[20241225 19:13:48:217][DEBUG][org.hibernate.SQL] select p1_0.id,p1_0.category,p1_0.country,p1_0.manufacturer,p1_0.name,p1_0.price,p1_0.quantity from product p1_0 where p1_0.id=?
[20241225 19:13:49:508][INFO ][c.e.demo.controller.CheckoutController] 총 가격: 551000, 총 수량: 7
[20241225 19:14:34:342][INFO ][c.e.demo.controller.WidgetController] Response from Toss Payments: {"country":"KR","metadata":null,"orderId":"MC44NjM1ODM2Mzc4NzU0","cashReceipts":null,"isPartialCancelable":true,"lastTransactionKey":"txrd_a01jfymz90q98f0yrzz8fj7yhy5","discount":null,"taxExemptionAmount":0,"suppliedAmount":496364,"secret":"ps_Poxy1XQL8RanQBEdK5y5r7nO5Wml","type":"NORMAL","cultureExpense":false,"taxFreeAmount":0,"requestedAt":"2024-12-25T19:13:56+09:00","currency":"KRW","paymentKey":"tgen_202412251913562WWK4","virtualAccount":null,"checkout":{"url":"https:\/\/api.tosspayments.com\/v1\/payments\/tgen_202412251913562WWK4\/checkout"},"orderName":"토스 티셔츠 외 11건","method":"간편결제","useEscrow":false,"vat":49636,"mId":"tgen_docs","approvedAt":"2024-12-25T19:14:35+09:00","balanceAmount":546000,"version":"2022-11-16","easyPay":{"amount":546000,"provider":"토스페이","discountAmount":0},"totalAmount":546000,"cancels":null,"transfer":null,"mobilePhone":null,"failure":null,"receipt":{"url":"https:\/\/dashboard.tosspayments.com\/receipt\/redirection?transactionId=tgen_202412251913562WWK4&ref=PX"},"giftCertificate":null,"cashReceipt":null,"card":null,"status":"DONE"}
[20241225 19:14:34:346][DEBUG][org.hibernate.SQL] select u1_0.id,u1_0.created_at,u1_0.name,u1_0.phone,u1_0.signup_id,u1_0.signup_password,u1_0.updated_at from user u1_0 where u1_0.signup_id=?
[20241225 19:14:34:413][DEBUG][org.hibernate.SQL] insert into web_payment_info (created_at,customer_name,customer_phone,payment_status,total_price,total_quantity,user_id) values (?,?,?,?,?,?,?)
[20241225 19:14:34:594][INFO ][com.example.demo.service.TossService] Saving payment info to DB: Method=간편결제, Currency=KRW, Country=KR, Amount=546000, Discount=null, Time=2024-12-25 19:14:34.3468799, SignupId=lala2222
[20241225 19:14:34:594][DEBUG][org.hibernate.SQL] select u1_0.id,u1_0.created_at,u1_0.name,u1_0.phone,u1_0.signup_id,u1_0.signup_password,u1_0.updated_at from user u1_0 where u1_0.signup_id=?
[20241225 19:14:34:610][DEBUG][org.hibernate.SQL] insert into toss_payment_info (country,currency,customer_name,customer_phone,discount,payment_method,payment_time,total_amount) values (?,?,?,?,?,?,?,?)
[20241225 19:14:34:630][INFO ][com.example.demo.service.TossService] Payment info saved successfully.
[20241225 20:04:15:053][INFO ][com.example.demo.DemoApplication] Starting DemoApplication using Java 17.0.3 with PID 9412 (C:\Users\user\Desktop\demo\build\classes\java\main started by 최진혁 in C:\Users\user\Desktop\demo)
[20241225 20:04:15:069][INFO ][com.example.demo.DemoApplication] No active profile set, falling back to 1 default profile: "default"
[20241225 20:04:15:560][INFO ][o.s.b.d.e.DevToolsPropertyDefaultsPostProcessor] Devtools property defaults active! Set 'spring.devtools.add-properties' to 'false' to disable
[20241225 20:04:15:560][INFO ][o.s.b.d.e.DevToolsPropertyDefaultsPostProcessor] For additional web related logging consider setting the 'logging.level.web' property to 'DEBUG'
[20241225 20:04:21:135][INFO ][o.s.d.r.c.RepositoryConfigurationDelegate] Bootstrapping Spring Data JPA repositories in DEFAULT mode.
[20241225 20:04:21:650][INFO ][o.s.d.r.c.RepositoryConfigurationDelegate] Finished Spring Data repository scanning in 355 ms. Found 5 JPA repository interfaces.
[20241225 20:04:25:389][INFO ][o.s.b.w.embedded.tomcat.TomcatWebServer] Tomcat initialized with port 8083 (http)
[20241225 20:04:25:420][INFO ][o.apache.coyote.http11.Http11NioProtocol] Initializing ProtocolHandler ["http-nio-8083"]
[20241225 20:04:25:486][INFO ][o.apache.catalina.core.StandardService] Starting service [Tomcat]
[20241225 20:04:25:486][INFO ][org.apache.catalina.core.StandardEngine] Starting Servlet engine: [Apache Tomcat/10.1.31]
[20241225 20:04:25:744][INFO ][o.a.c.c.C.[Tomcat].[localhost].[/]] Initializing Spring embedded WebApplicationContext
[20241225 20:04:25:744][INFO ][o.s.b.w.s.c.ServletWebServerApplicationContext] Root WebApplicationContext: initialization completed in 10184 ms
[20241225 20:04:26:363][INFO ][o.hibernate.jpa.internal.util.LogHelper] HHH000204: Processing PersistenceUnitInfo [name: default]
[20241225 20:04:26:545][INFO ][org.hibernate.Version] HHH000412: Hibernate ORM core version 6.5.3.Final
[20241225 20:04:26:729][INFO ][o.h.c.internal.RegionFactoryInitiator] HHH000026: Second-level cache disabled
[20241225 20:04:28:196][INFO ][o.s.o.j.p.SpringPersistenceUnitInfo] No LoadTimeWeaver setup: ignoring JPA class transformer
[20241225 20:04:28:331][INFO ][com.zaxxer.hikari.HikariDataSource] HikariPool-1 - Starting...
[20241225 20:04:29:466][INFO ][com.zaxxer.hikari.pool.HikariPool] HikariPool-1 - Added connection com.mysql.cj.jdbc.ConnectionImpl@6d7d63e2
[20241225 20:04:29:481][INFO ][com.zaxxer.hikari.HikariDataSource] HikariPool-1 - Start completed.
[20241225 20:04:29:739][WARN ][org.hibernate.orm.deprecation] HHH90000025: MySQLDialect does not need to be specified explicitly using 'hibernate.dialect' (remove the property setting and it will be selected by default)
[20241225 20:04:30:061][DEBUG][o.h.t.descriptor.sql.spi.DdlTypeRegistry] addDescriptor(12, org.hibernate.type.descriptor.sql.internal.CapacityDependentDdlType@772c817d) replaced previous registration(org.hibernate.type.descriptor.sql.internal.CapacityDependentDdlType@605afbf)
[20241225 20:04:30:061][DEBUG][o.h.t.descriptor.sql.spi.DdlTypeRegistry] addDescriptor(-9, org.hibernate.type.descriptor.sql.internal.CapacityDependentDdlType@238079ca) replaced previous registration(org.hibernate.type.descriptor.sql.internal.CapacityDependentDdlType@5dbd8862)
[20241225 20:04:30:088][DEBUG][o.h.t.descriptor.sql.spi.DdlTypeRegistry] addDescriptor(-3, org.hibernate.type.descriptor.sql.internal.CapacityDependentDdlType@4e89cdc1) replaced previous registration(org.hibernate.type.descriptor.sql.internal.CapacityDependentDdlType@65daebf8)
[20241225 20:04:30:257][DEBUG][o.h.t.descriptor.sql.spi.DdlTypeRegistry] addDescriptor(4003, org.hibernate.type.descriptor.sql.internal.DdlTypeImpl@45b480a0) replaced previous registration(org.hibernate.type.descriptor.sql.internal.DdlTypeImpl@74fbeeec)
[20241225 20:04:30:327][DEBUG][o.h.t.descriptor.sql.spi.DdlTypeRegistry] addDescriptor(4001, org.hibernate.type.descriptor.sql.internal.DdlTypeImpl@741cd277) replaced previous registration(org.hibernate.type.descriptor.sql.internal.DdlTypeImpl@462b6227)
[20241225 20:04:30:349][DEBUG][o.h.t.descriptor.sql.spi.DdlTypeRegistry] addDescriptor(4002, org.hibernate.type.descriptor.sql.internal.DdlTypeImpl@277b5bc2) replaced previous registration(org.hibernate.type.descriptor.sql.internal.DdlTypeImpl@cdc4d4f)
[20241225 20:04:30:349][DEBUG][o.h.t.descriptor.sql.spi.DdlTypeRegistry] addDescriptor(2004, org.hibernate.type.descriptor.sql.internal.CapacityDependentDdlType@1e41b9c9) replaced previous registration(org.hibernate.type.descriptor.sql.internal.DdlTypeImpl@366ca7c)
[20241225 20:04:30:372][DEBUG][o.h.t.descriptor.sql.spi.DdlTypeRegistry] addDescriptor(2005, org.hibernate.type.descriptor.sql.internal.CapacityDependentDdlType@7ebe3499) replaced previous registration(org.hibernate.type.descriptor.sql.internal.DdlTypeImpl@1066a834)
[20241225 20:04:30:383][DEBUG][o.h.t.descriptor.sql.spi.DdlTypeRegistry] addDescriptor(2011, org.hibernate.type.descriptor.sql.internal.CapacityDependentDdlType@37ac400) replaced previous registration(org.hibernate.type.descriptor.sql.internal.DdlTypeImpl@36fadb39)
[20241225 20:04:33:244][INFO ][o.h.e.t.j.p.i.JtaPlatformInitiator] HHH000489: No JTA platform available (set 'hibernate.transaction.jta.platform' to enable JTA platform integration)
[20241225 20:04:33:745][INFO ][o.s.o.j.LocalContainerEntityManagerFactoryBean] Initialized JPA EntityManagerFactory for persistence unit 'default'
[20241225 20:04:34:896][WARN ][o.s.b.a.o.j.JpaBaseConfiguration$JpaWebConfiguration] spring.jpa.open-in-view is enabled by default. Therefore, database queries may be performed during view rendering. Explicitly configure spring.jpa.open-in-view to disable this warning
[20241225 20:04:34:980][INFO ][o.s.b.a.w.s.WelcomePageHandlerMapping] Adding welcome page template: index
[20241225 20:04:36:629][INFO ][o.s.b.d.a.OptionalLiveReloadServer] LiveReload server is running on port 35729
[20241225 20:04:36:868][INFO ][o.apache.coyote.http11.Http11NioProtocol] Starting ProtocolHandler ["http-nio-8083"]
[20241225 20:04:37:084][INFO ][o.s.b.w.embedded.tomcat.TomcatWebServer] Tomcat started on port 8083 (http) with context path '/'
[20241225 20:04:37:208][INFO ][com.example.demo.DemoApplication] Started DemoApplication in 25.754 seconds (process running for 28.941)
[20241225 20:05:13:943][INFO ][o.a.c.c.C.[Tomcat].[localhost].[/]] Initializing Spring DispatcherServlet 'dispatcherServlet'
[20241225 20:05:13:949][INFO ][o.s.web.servlet.DispatcherServlet] Initializing Servlet 'dispatcherServlet'
[20241225 20:05:13:954][INFO ][o.s.web.servlet.DispatcherServlet] Completed initialization in 3 ms
[20241225 20:05:14:381][WARN ][o.a.catalina.util.SessionIdGeneratorBase] Creation of SecureRandom instance for session ID generation using [SHA1PRNG] took [170] milliseconds.
[20241225 20:05:14:889][INFO ][c.e.demo.controller.WidgetController] Response from Toss Payments: {"code":"NOT_FOUND_PAYMENT_SESSION","message":"결제 시간이 만료되어 결제 진행 데이터가 존재하지 않습니다."}
[20241225 20:05:15:221][DEBUG][org.hibernate.SQL] select u1_0.id,u1_0.created_at,u1_0.name,u1_0.phone,u1_0.signup_id,u1_0.signup_password,u1_0.updated_at from user u1_0 where u1_0.signup_id=?
[20241225 20:05:15:257][ERROR][o.a.c.c.C.[.[.[/].[dispatcherServlet]] Servlet.service() for servlet [dispatcherServlet] in context with path [] threw exception [Request processing failed: java.lang.NullPointerException: Cannot invoke "com.example.demo.model.User.getName()" because "user" is null] with root cause
java.lang.NullPointerException: Cannot invoke "com.example.demo.model.User.getName()" because "user" is null
	at com.example.demo.controller.WidgetController.confirmPayment(WidgetController.java:113)
	at java.base/jdk.internal.reflect.NativeMethodAccessorImpl.invoke0(Native Method)
	at java.base/jdk.internal.reflect.NativeMethodAccessorImpl.invoke(NativeMethodAccessorImpl.java:77)
	at java.base/jdk.internal.reflect.DelegatingMethodAccessorImpl.invoke(DelegatingMethodAccessorImpl.java:43)
	at java.base/java.lang.reflect.Method.invoke(Method.java:568)
	at org.springframework.web.method.support.InvocableHandlerMethod.doInvoke(InvocableHandlerMethod.java:255)
	at org.springframework.web.method.support.InvocableHandlerMethod.invokeForRequest(InvocableHandlerMethod.java:188)
	at org.springframework.web.servlet.mvc.method.annotation.ServletInvocableHandlerMethod.invokeAndHandle(ServletInvocableHandlerMethod.java:118)
	at org.springframework.web.servlet.mvc.method.annotation.RequestMappingHandlerAdapter.invokeHandlerMethod(RequestMappingHandlerAdapter.java:926)
	at org.springframework.web.servlet.mvc.method.annotation.RequestMappingHandlerAdapter.handleInternal(RequestMappingHandlerAdapter.java:831)
	at org.springframework.web.servlet.mvc.method.AbstractHandlerMethodAdapter.handle(AbstractHandlerMethodAdapter.java:87)
	at org.springframework.web.servlet.DispatcherServlet.doDispatch(DispatcherServlet.java:1089)
	at org.springframework.web.servlet.DispatcherServlet.doService(DispatcherServlet.java:979)
	at org.springframework.web.servlet.FrameworkServlet.processRequest(FrameworkServlet.java:1014)
	at org.springframework.web.servlet.FrameworkServlet.doPost(FrameworkServlet.java:914)
	at jakarta.servlet.http.HttpServlet.service(HttpServlet.java:590)
	at org.springframework.web.servlet.FrameworkServlet.service(FrameworkServlet.java:885)
	at jakarta.servlet.http.HttpServlet.service(HttpServlet.java:658)
	at org.apache.catalina.core.ApplicationFilterChain.internalDoFilter(ApplicationFilterChain.java:195)
	at org.apache.catalina.core.ApplicationFilterChain.doFilter(ApplicationFilterChain.java:140)
	at org.apache.tomcat.websocket.server.WsFilter.doFilter(WsFilter.java:51)
	at org.apache.catalina.core.ApplicationFilterChain.internalDoFilter(ApplicationFilterChain.java:164)
	at org.apache.catalina.core.ApplicationFilterChain.doFilter(ApplicationFilterChain.java:140)
	at org.springframework.web.filter.RequestContextFilter.doFilterInternal(RequestContextFilter.java:100)
	at org.springframework.web.filter.OncePerRequestFilter.doFilter(OncePerRequestFilter.java:116)
	at org.apache.catalina.core.ApplicationFilterChain.internalDoFilter(ApplicationFilterChain.java:164)
	at org.apache.catalina.core.ApplicationFilterChain.doFilter(ApplicationFilterChain.java:140)
	at org.springframework.web.filter.FormContentFilter.doFilterInternal(FormContentFilter.java:93)
	at org.springframework.web.filter.OncePerRequestFilter.doFilter(OncePerRequestFilter.java:116)
	at org.apache.catalina.core.ApplicationFilterChain.internalDoFilter(ApplicationFilterChain.java:164)
	at org.apache.catalina.core.ApplicationFilterChain.doFilter(ApplicationFilterChain.java:140)
	at org.springframework.web.filter.CharacterEncodingFilter.doFilterInternal(CharacterEncodingFilter.java:201)
	at org.springframework.web.filter.OncePerRequestFilter.doFilter(OncePerRequestFilter.java:116)
	at org.apache.catalina.core.ApplicationFilterChain.internalDoFilter(ApplicationFilterChain.java:164)
	at org.apache.catalina.core.ApplicationFilterChain.doFilter(ApplicationFilterChain.java:140)
	at org.apache.catalina.core.StandardWrapperValve.invoke(StandardWrapperValve.java:167)
	at org.apache.catalina.core.StandardContextValve.invoke(StandardContextValve.java:90)
	at org.apache.catalina.authenticator.AuthenticatorBase.invoke(AuthenticatorBase.java:483)
	at org.apache.catalina.core.StandardHostValve.invoke(StandardHostValve.java:115)
	at org.apache.catalina.valves.ErrorReportValve.invoke(ErrorReportValve.java:93)
	at org.apache.catalina.core.StandardEngineValve.invoke(StandardEngineValve.java:74)
	at org.apache.catalina.connector.CoyoteAdapter.service(CoyoteAdapter.java:344)
	at org.apache.coyote.http11.Http11Processor.service(Http11Processor.java:384)
	at org.apache.coyote.AbstractProcessorLight.process(AbstractProcessorLight.java:63)
	at org.apache.coyote.AbstractProtocol$ConnectionHandler.process(AbstractProtocol.java:905)
	at org.apache.tomcat.util.net.NioEndpoint$SocketProcessor.doRun(NioEndpoint.java:1741)
	at org.apache.tomcat.util.net.SocketProcessorBase.run(SocketProcessorBase.java:52)
	at org.apache.tomcat.util.threads.ThreadPoolExecutor.runWorker(ThreadPoolExecutor.java:1190)
	at org.apache.tomcat.util.threads.ThreadPoolExecutor$Worker.run(ThreadPoolExecutor.java:659)
	at org.apache.tomcat.util.threads.TaskThread$WrappingRunnable.run(TaskThread.java:63)
	at java.base/java.lang.Thread.run(Thread.java:833)
[20241225 20:05:29:100][DEBUG][org.hibernate.SQL] select p1_0.id,p1_0.category,p1_0.country,p1_0.manufacturer,p1_0.name,p1_0.price,p1_0.quantity from product p1_0
[20241225 20:05:39:704][DEBUG][org.hibernate.SQL] select u1_0.id,u1_0.created_at,u1_0.name,u1_0.phone,u1_0.signup_id,u1_0.signup_password,u1_0.updated_at from user u1_0 where u1_0.signup_id=?
[20241225 20:05:39:704][DEBUG][org.hibernate.SQL] select u1_0.id,u1_0.created_at,u1_0.name,u1_0.phone,u1_0.signup_id,u1_0.signup_password,u1_0.updated_at from user u1_0 where u1_0.signup_id=?
[20241225 20:06:31:038][DEBUG][org.hibernate.SQL] select u1_0.id,u1_0.created_at,u1_0.name,u1_0.phone,u1_0.signup_id,u1_0.signup_password,u1_0.updated_at from user u1_0 where u1_0.signup_id=?
[20241225 20:06:31:848][DEBUG][org.hibernate.SQL] select u1_0.id,u1_0.created_at,u1_0.name,u1_0.phone,u1_0.signup_id,u1_0.signup_password,u1_0.updated_at from user u1_0 where u1_0.signup_id=?
[20241225 20:06:31:978][DEBUG][org.hibernate.SQL] select p1_0.id,p1_0.category,p1_0.country,p1_0.manufacturer,p1_0.name,p1_0.price,p1_0.quantity from product p1_0
[20241225 20:06:31:969][DEBUG][org.hibernate.SQL] select u1_0.id,u1_0.created_at,u1_0.name,u1_0.phone,u1_0.signup_id,u1_0.signup_password,u1_0.updated_at from user u1_0 where u1_0.signup_id=?
[20241225 20:06:32:797][DEBUG][org.hibernate.SQL] select u1_0.id,u1_0.created_at,u1_0.name,u1_0.phone,u1_0.signup_id,u1_0.signup_password,u1_0.updated_at from user u1_0 where u1_0.signup_id=?
[20241225 20:06:32:820][DEBUG][org.hibernate.SQL] select c1_0.id,c1_0.created_at,c1_0.product_id,c1_0.quantity,c1_0.updated_at,c1_0.signup_id from cart c1_0 where c1_0.signup_id=?
[20241225 20:06:32:865][DEBUG][org.hibernate.SQL] select u1_0.id,u1_0.created_at,u1_0.name,u1_0.phone,u1_0.signup_id,u1_0.signup_password,u1_0.updated_at from user u1_0 where u1_0.signup_id=?
[20241225 20:06:32:884][DEBUG][org.hibernate.SQL] select p1_0.id,p1_0.category,p1_0.country,p1_0.manufacturer,p1_0.name,p1_0.price,p1_0.quantity from product p1_0 where p1_0.id=?
[20241225 20:06:32:891][DEBUG][org.hibernate.SQL] select p1_0.id,p1_0.category,p1_0.country,p1_0.manufacturer,p1_0.name,p1_0.price,p1_0.quantity from product p1_0 where p1_0.id=?
[20241225 20:06:32:895][DEBUG][org.hibernate.SQL] select p1_0.id,p1_0.category,p1_0.country,p1_0.manufacturer,p1_0.name,p1_0.price,p1_0.quantity from product p1_0 where p1_0.id=?
[20241225 20:06:33:928][INFO ][c.e.demo.controller.CheckoutController] 총 가격: 551000, 총 수량: 7
[20241225 20:08:08:647][INFO ][c.e.demo.controller.WidgetController] Response from Toss Payments: {"country":"KR","metadata":null,"orderId":"MC45MDEzNjY2NTY2Mzg1","cashReceipts":null,"isPartialCancelable":true,"lastTransactionKey":"txrd_a01jfyr1bxbz0q35ngc2wnqb85m","discount":null,"taxExemptionAmount":0,"suppliedAmount":496364,"secret":"ps_ALnQvDd2VJxGJWEgw0v8Mj7X41mN","type":"NORMAL","cultureExpense":false,"taxFreeAmount":0,"requestedAt":"2024-12-25T20:06:45+09:00","currency":"KRW","paymentKey":"tgen_20241225200645dMl60","virtualAccount":null,"checkout":{"url":"https:\/\/api.tosspayments.com\/v1\/payments\/tgen_20241225200645dMl60\/checkout"},"orderName":"토스 티셔츠 외 11건","method":"간편결제","useEscrow":false,"vat":49636,"mId":"tgen_docs","approvedAt":"2024-12-25T20:08:09+09:00","balanceAmount":546000,"version":"2022-11-16","easyPay":{"amount":546000,"provider":"토스페이","discountAmount":0},"totalAmount":546000,"cancels":null,"transfer":null,"mobilePhone":null,"failure":null,"receipt":{"url":"https:\/\/dashboard.tosspayments.com\/receipt\/redirection?transactionId=tgen_20241225200645dMl60&ref=PX"},"giftCertificate":null,"cashReceipt":null,"card":null,"status":"DONE"}
[20241225 20:08:08:662][DEBUG][org.hibernate.SQL] select u1_0.id,u1_0.created_at,u1_0.name,u1_0.phone,u1_0.signup_id,u1_0.signup_password,u1_0.updated_at from user u1_0 where u1_0.signup_id=?
[20241225 20:08:08:678][DEBUG][org.hibernate.SQL] select u1_0.id,u1_0.created_at,u1_0.name,u1_0.phone,u1_0.signup_id,u1_0.signup_password,u1_0.updated_at from user u1_0 where u1_0.signup_id=?
[20241225 20:08:09:027][DEBUG][org.hibernate.SQL] insert into web_payment_info (created_at,customer_name,customer_phone,payment_status,total_price,total_quantity,user_id) values (?,?,?,?,?,?,?)
[20241225 20:08:09:220][INFO ][com.example.demo.service.TossService] Saving payment info to DB: Method=간편결제, Currency=KRW, Country=KR, Amount=546000, Discount=null, Time=2024-12-25 20:08:08.6629644, SignupId=lala2222
[20241225 20:08:09:220][DEBUG][org.hibernate.SQL] select u1_0.id,u1_0.created_at,u1_0.name,u1_0.phone,u1_0.signup_id,u1_0.signup_password,u1_0.updated_at from user u1_0 where u1_0.signup_id=?
[20241225 20:08:09:234][DEBUG][org.hibernate.SQL] insert into toss_payment_info (country,currency,customer_name,customer_phone,discount,payment_method,payment_time,total_amount) values (?,?,?,?,?,?,?,?)
[20241225 20:08:09:257][INFO ][com.example.demo.service.TossService] Payment info saved successfully.
[20241225 20:48:51:421][INFO ][com.example.demo.DemoApplication] Starting DemoApplication using Java 17.0.3 with PID 16476 (C:\Users\user\Desktop\demo\build\classes\java\main started by 최진혁 in C:\Users\user\Desktop\demo)
[20241225 20:48:51:447][INFO ][com.example.demo.DemoApplication] No active profile set, falling back to 1 default profile: "default"
[20241225 20:48:51:770][INFO ][o.s.b.d.e.DevToolsPropertyDefaultsPostProcessor] Devtools property defaults active! Set 'spring.devtools.add-properties' to 'false' to disable
[20241225 20:48:51:820][INFO ][o.s.b.d.e.DevToolsPropertyDefaultsPostProcessor] For additional web related logging consider setting the 'logging.level.web' property to 'DEBUG'
[20241225 20:50:19:236][INFO ][com.example.demo.DemoApplication] Starting DemoApplication using Java 17.0.3 with PID 11972 (C:\Users\user\Desktop\demo\build\classes\java\main started by 최진혁 in C:\Users\user\Desktop\demo)
[20241225 20:50:19:281][INFO ][com.example.demo.DemoApplication] No active profile set, falling back to 1 default profile: "default"
[20241225 20:50:19:713][INFO ][o.s.b.d.e.DevToolsPropertyDefaultsPostProcessor] Devtools property defaults active! Set 'spring.devtools.add-properties' to 'false' to disable
[20241225 20:50:19:717][INFO ][o.s.b.d.e.DevToolsPropertyDefaultsPostProcessor] For additional web related logging consider setting the 'logging.level.web' property to 'DEBUG'
[20241225 20:50:23:341][INFO ][o.s.d.r.c.RepositoryConfigurationDelegate] Bootstrapping Spring Data JPA repositories in DEFAULT mode.
[20241225 20:50:23:661][INFO ][o.s.d.r.c.RepositoryConfigurationDelegate] Finished Spring Data repository scanning in 286 ms. Found 5 JPA repository interfaces.
[20241225 20:50:28:560][INFO ][o.s.b.w.embedded.tomcat.TomcatWebServer] Tomcat initialized with port 8083 (http)
[20241225 20:50:28:600][INFO ][o.apache.coyote.http11.Http11NioProtocol] Initializing ProtocolHandler ["http-nio-8083"]
[20241225 20:50:28:620][INFO ][o.apache.catalina.core.StandardService] Starting service [Tomcat]
[20241225 20:50:28:621][INFO ][org.apache.catalina.core.StandardEngine] Starting Servlet engine: [Apache Tomcat/10.1.31]
[20241225 20:50:28:871][INFO ][o.a.c.c.C.[Tomcat].[localhost].[/]] Initializing Spring embedded WebApplicationContext
[20241225 20:50:28:872][INFO ][o.s.b.w.s.c.ServletWebServerApplicationContext] Root WebApplicationContext: initialization completed in 9114 ms
[20241225 20:50:29:441][INFO ][o.hibernate.jpa.internal.util.LogHelper] HHH000204: Processing PersistenceUnitInfo [name: default]
[20241225 20:50:29:799][INFO ][org.hibernate.Version] HHH000412: Hibernate ORM core version 6.5.3.Final
[20241225 20:50:30:016][INFO ][o.h.c.internal.RegionFactoryInitiator] HHH000026: Second-level cache disabled
[20241225 20:50:32:563][INFO ][o.s.o.j.p.SpringPersistenceUnitInfo] No LoadTimeWeaver setup: ignoring JPA class transformer
[20241225 20:50:32:710][INFO ][com.zaxxer.hikari.HikariDataSource] HikariPool-1 - Starting...
[20241225 20:50:34:741][INFO ][com.zaxxer.hikari.pool.HikariPool] HikariPool-1 - Added connection com.mysql.cj.jdbc.ConnectionImpl@399d7aee
[20241225 20:50:34:749][INFO ][com.zaxxer.hikari.HikariDataSource] HikariPool-1 - Start completed.
[20241225 20:50:37:870][WARN ][org.hibernate.orm.deprecation] HHH90000025: MySQLDialect does not need to be specified explicitly using 'hibernate.dialect' (remove the property setting and it will be selected by default)
[20241225 20:50:38:151][DEBUG][o.h.t.descriptor.sql.spi.DdlTypeRegistry] addDescriptor(12, org.hibernate.type.descriptor.sql.internal.CapacityDependentDdlType@34bfbee1) replaced previous registration(org.hibernate.type.descriptor.sql.internal.CapacityDependentDdlType@27989ceb)
[20241225 20:50:38:156][DEBUG][o.h.t.descriptor.sql.spi.DdlTypeRegistry] addDescriptor(-9, org.hibernate.type.descriptor.sql.internal.CapacityDependentDdlType@2fc6ab59) replaced previous registration(org.hibernate.type.descriptor.sql.internal.CapacityDependentDdlType@3aaf606)
[20241225 20:50:38:170][DEBUG][o.h.t.descriptor.sql.spi.DdlTypeRegistry] addDescriptor(-3, org.hibernate.type.descriptor.sql.internal.CapacityDependentDdlType@4aab1824) replaced previous registration(org.hibernate.type.descriptor.sql.internal.CapacityDependentDdlType@2937ba5e)
[20241225 20:50:38:177][DEBUG][o.h.t.descriptor.sql.spi.DdlTypeRegistry] addDescriptor(4003, org.hibernate.type.descriptor.sql.internal.DdlTypeImpl@33b14042) replaced previous registration(org.hibernate.type.descriptor.sql.internal.DdlTypeImpl@677f9af4)
[20241225 20:50:38:391][DEBUG][o.h.t.descriptor.sql.spi.DdlTypeRegistry] addDescriptor(4001, org.hibernate.type.descriptor.sql.internal.DdlTypeImpl@7587d407) replaced previous registration(org.hibernate.type.descriptor.sql.internal.DdlTypeImpl@61f675a3)
[20241225 20:50:38:417][DEBUG][o.h.t.descriptor.sql.spi.DdlTypeRegistry] addDescriptor(4002, org.hibernate.type.descriptor.sql.internal.DdlTypeImpl@58fc8a8f) replaced previous registration(org.hibernate.type.descriptor.sql.internal.DdlTypeImpl@434f135e)
[20241225 20:50:38:466][DEBUG][o.h.t.descriptor.sql.spi.DdlTypeRegistry] addDescriptor(2004, org.hibernate.type.descriptor.sql.internal.CapacityDependentDdlType@823d0dc) replaced previous registration(org.hibernate.type.descriptor.sql.internal.DdlTypeImpl@5a2ae716)
[20241225 20:50:38:490][DEBUG][o.h.t.descriptor.sql.spi.DdlTypeRegistry] addDescriptor(2005, org.hibernate.type.descriptor.sql.internal.CapacityDependentDdlType@663eb62e) replaced previous registration(org.hibernate.type.descriptor.sql.internal.DdlTypeImpl@5dd09c54)
[20241225 20:50:38:554][DEBUG][o.h.t.descriptor.sql.spi.DdlTypeRegistry] addDescriptor(2011, org.hibernate.type.descriptor.sql.internal.CapacityDependentDdlType@4b631202) replaced previous registration(org.hibernate.type.descriptor.sql.internal.DdlTypeImpl@467c4e2f)
[20241225 20:50:43:468][INFO ][o.h.e.t.j.p.i.JtaPlatformInitiator] HHH000489: No JTA platform available (set 'hibernate.transaction.jta.platform' to enable JTA platform integration)
[20241225 20:50:44:114][INFO ][o.s.o.j.LocalContainerEntityManagerFactoryBean] Initialized JPA EntityManagerFactory for persistence unit 'default'
[20241225 20:50:46:548][WARN ][o.s.b.a.o.j.JpaBaseConfiguration$JpaWebConfiguration] spring.jpa.open-in-view is enabled by default. Therefore, database queries may be performed during view rendering. Explicitly configure spring.jpa.open-in-view to disable this warning
[20241225 20:50:48:972][INFO ][o.s.b.a.w.s.WelcomePageHandlerMapping] Adding welcome page template: index
[20241225 20:50:52:417][INFO ][o.s.b.d.a.OptionalLiveReloadServer] LiveReload server is running on port 35729
[20241225 20:50:52:496][INFO ][o.apache.coyote.http11.Http11NioProtocol] Starting ProtocolHandler ["http-nio-8083"]
[20241225 20:50:52:636][INFO ][o.s.b.w.embedded.tomcat.TomcatWebServer] Tomcat started on port 8083 (http) with context path '/'
[20241225 20:50:52:757][INFO ][com.example.demo.DemoApplication] Started DemoApplication in 39.848 seconds (process running for 48.315)
[20241225 20:55:57:893][INFO ][com.example.demo.DemoApplication] Starting DemoApplication using Java 17.0.3 with PID 11084 (C:\Users\user\Desktop\demo\build\classes\java\main started by 최진혁 in C:\Users\user\Desktop\demo)
[20241225 20:55:57:910][INFO ][com.example.demo.DemoApplication] No active profile set, falling back to 1 default profile: "default"
[20241225 20:55:58:208][INFO ][o.s.b.d.e.DevToolsPropertyDefaultsPostProcessor] Devtools property defaults active! Set 'spring.devtools.add-properties' to 'false' to disable
[20241225 20:55:58:215][INFO ][o.s.b.d.e.DevToolsPropertyDefaultsPostProcessor] For additional web related logging consider setting the 'logging.level.web' property to 'DEBUG'
[20241225 20:56:01:455][INFO ][o.s.d.r.c.RepositoryConfigurationDelegate] Bootstrapping Spring Data JPA repositories in DEFAULT mode.
[20241225 20:56:01:689][INFO ][o.s.d.r.c.RepositoryConfigurationDelegate] Finished Spring Data repository scanning in 207 ms. Found 5 JPA repository interfaces.
[20241225 20:56:05:296][INFO ][o.s.b.w.embedded.tomcat.TomcatWebServer] Tomcat initialized with port 8083 (http)
[20241225 20:56:05:339][INFO ][o.apache.coyote.http11.Http11NioProtocol] Initializing ProtocolHandler ["http-nio-8083"]
[20241225 20:56:05:359][INFO ][o.apache.catalina.core.StandardService] Starting service [Tomcat]
[20241225 20:56:05:360][INFO ][org.apache.catalina.core.StandardEngine] Starting Servlet engine: [Apache Tomcat/10.1.31]
[20241225 20:56:05:618][INFO ][o.a.c.c.C.[Tomcat].[localhost].[/]] Initializing Spring embedded WebApplicationContext
[20241225 20:56:05:619][INFO ][o.s.b.w.s.c.ServletWebServerApplicationContext] Root WebApplicationContext: initialization completed in 7368 ms
[20241225 20:56:06:296][INFO ][o.hibernate.jpa.internal.util.LogHelper] HHH000204: Processing PersistenceUnitInfo [name: default]
[20241225 20:56:06:531][INFO ][org.hibernate.Version] HHH000412: Hibernate ORM core version 6.5.3.Final
[20241225 20:56:06:693][INFO ][o.h.c.internal.RegionFactoryInitiator] HHH000026: Second-level cache disabled
[20241225 20:56:07:782][INFO ][o.s.o.j.p.SpringPersistenceUnitInfo] No LoadTimeWeaver setup: ignoring JPA class transformer
[20241225 20:56:07:907][INFO ][com.zaxxer.hikari.HikariDataSource] HikariPool-1 - Starting...
[20241225 20:56:09:696][INFO ][com.zaxxer.hikari.pool.HikariPool] HikariPool-1 - Added connection com.mysql.cj.jdbc.ConnectionImpl@15deae87
[20241225 20:56:09:704][INFO ][com.zaxxer.hikari.HikariDataSource] HikariPool-1 - Start completed.
[20241225 20:56:10:022][WARN ][org.hibernate.orm.deprecation] HHH90000025: MySQLDialect does not need to be specified explicitly using 'hibernate.dialect' (remove the property setting and it will be selected by default)
[20241225 20:56:10:187][DEBUG][o.h.t.descriptor.sql.spi.DdlTypeRegistry] addDescriptor(12, org.hibernate.type.descriptor.sql.internal.CapacityDependentDdlType@5dbd8862) replaced previous registration(org.hibernate.type.descriptor.sql.internal.CapacityDependentDdlType@4e89cdc1)
[20241225 20:56:10:189][DEBUG][o.h.t.descriptor.sql.spi.DdlTypeRegistry] addDescriptor(-9, org.hibernate.type.descriptor.sql.internal.CapacityDependentDdlType@65daebf8) replaced previous registration(org.hibernate.type.descriptor.sql.internal.CapacityDependentDdlType@45b480a0)
[20241225 20:56:10:194][DEBUG][o.h.t.descriptor.sql.spi.DdlTypeRegistry] addDescriptor(-3, org.hibernate.type.descriptor.sql.internal.CapacityDependentDdlType@74fbeeec) replaced previous registration(org.hibernate.type.descriptor.sql.internal.CapacityDependentDdlType@741cd277)
[20241225 20:56:10:241][DEBUG][o.h.t.descriptor.sql.spi.DdlTypeRegistry] addDescriptor(4003, org.hibernate.type.descriptor.sql.internal.DdlTypeImpl@462b6227) replaced previous registration(org.hibernate.type.descriptor.sql.internal.DdlTypeImpl@277b5bc2)
[20241225 20:56:10:259][DEBUG][o.h.t.descriptor.sql.spi.DdlTypeRegistry] addDescriptor(4001, org.hibernate.type.descriptor.sql.internal.DdlTypeImpl@cdc4d4f) replaced previous registration(org.hibernate.type.descriptor.sql.internal.DdlTypeImpl@1e41b9c9)
[20241225 20:56:10:261][DEBUG][o.h.t.descriptor.sql.spi.DdlTypeRegistry] addDescriptor(4002, org.hibernate.type.descriptor.sql.internal.DdlTypeImpl@366ca7c) replaced previous registration(org.hibernate.type.descriptor.sql.internal.DdlTypeImpl@7ebe3499)
[20241225 20:56:10:317][DEBUG][o.h.t.descriptor.sql.spi.DdlTypeRegistry] addDescriptor(2004, org.hibernate.type.descriptor.sql.internal.CapacityDependentDdlType@1066a834) replaced previous registration(org.hibernate.type.descriptor.sql.internal.DdlTypeImpl@37ac400)
[20241225 20:56:10:344][DEBUG][o.h.t.descriptor.sql.spi.DdlTypeRegistry] addDescriptor(2005, org.hibernate.type.descriptor.sql.internal.CapacityDependentDdlType@36fadb39) replaced previous registration(org.hibernate.type.descriptor.sql.internal.DdlTypeImpl@39ef2b83)
[20241225 20:56:10:424][DEBUG][o.h.t.descriptor.sql.spi.DdlTypeRegistry] addDescriptor(2011, org.hibernate.type.descriptor.sql.internal.CapacityDependentDdlType@1c6d1382) replaced previous registration(org.hibernate.type.descriptor.sql.internal.DdlTypeImpl@49e28ecb)
[20241225 20:56:13:318][INFO ][o.h.e.t.j.p.i.JtaPlatformInitiator] HHH000489: No JTA platform available (set 'hibernate.transaction.jta.platform' to enable JTA platform integration)
[20241225 20:56:13:627][INFO ][o.s.o.j.LocalContainerEntityManagerFactoryBean] Initialized JPA EntityManagerFactory for persistence unit 'default'
[20241225 20:56:15:976][WARN ][o.s.b.a.o.j.JpaBaseConfiguration$JpaWebConfiguration] spring.jpa.open-in-view is enabled by default. Therefore, database queries may be performed during view rendering. Explicitly configure spring.jpa.open-in-view to disable this warning
[20241225 20:56:16:102][INFO ][o.s.b.a.w.s.WelcomePageHandlerMapping] Adding welcome page template: index
[20241225 20:56:17:741][INFO ][o.s.b.d.a.OptionalLiveReloadServer] LiveReload server is running on port 35729
[20241225 20:56:17:790][INFO ][o.apache.coyote.http11.Http11NioProtocol] Starting ProtocolHandler ["http-nio-8083"]
[20241225 20:56:17:926][INFO ][o.s.b.w.embedded.tomcat.TomcatWebServer] Tomcat started on port 8083 (http) with context path '/'
[20241225 20:56:17:972][INFO ][com.example.demo.DemoApplication] Started DemoApplication in 22.311 seconds (process running for 25.774)
[20241225 20:56:57:680][INFO ][o.a.c.c.C.[Tomcat].[localhost].[/]] Initializing Spring DispatcherServlet 'dispatcherServlet'
[20241225 20:56:57:691][INFO ][o.s.web.servlet.DispatcherServlet] Initializing Servlet 'dispatcherServlet'
[20241225 20:56:57:842][INFO ][o.s.web.servlet.DispatcherServlet] Completed initialization in 146 ms
[20241225 21:10:11:593][WARN ][o.a.catalina.util.SessionIdGeneratorBase] Creation of SecureRandom instance for session ID generation using [SHA1PRNG] took [225] milliseconds.
[20241225 21:10:12:188][DEBUG][org.hibernate.SQL] select p1_0.id,p1_0.category,p1_0.country,p1_0.manufacturer,p1_0.name,p1_0.price,p1_0.quantity from product p1_0
[20241225 21:10:15:503][DEBUG][org.hibernate.SQL] select u1_0.id,u1_0.created_at,u1_0.name,u1_0.phone,u1_0.signup_id,u1_0.signup_password,u1_0.updated_at from user u1_0 where u1_0.signup_id=?
[20241225 21:10:16:331][DEBUG][org.hibernate.SQL] select u1_0.id,u1_0.created_at,u1_0.name,u1_0.phone,u1_0.signup_id,u1_0.signup_password,u1_0.updated_at from user u1_0 where u1_0.signup_id=?
[20241225 21:10:16:400][DEBUG][org.hibernate.SQL] select u1_0.id,u1_0.created_at,u1_0.name,u1_0.phone,u1_0.signup_id,u1_0.signup_password,u1_0.updated_at from user u1_0 where u1_0.signup_id=?
[20241225 21:10:16:423][DEBUG][org.hibernate.SQL] select p1_0.id,p1_0.category,p1_0.country,p1_0.manufacturer,p1_0.name,p1_0.price,p1_0.quantity from product p1_0
[20241225 21:10:17:222][DEBUG][org.hibernate.SQL] select u1_0.id,u1_0.created_at,u1_0.name,u1_0.phone,u1_0.signup_id,u1_0.signup_password,u1_0.updated_at from user u1_0 where u1_0.signup_id=?
[20241225 21:10:17:255][DEBUG][org.hibernate.SQL] select c1_0.id,c1_0.created_at,c1_0.product_id,c1_0.quantity,c1_0.updated_at,c1_0.signup_id from cart c1_0 where c1_0.signup_id=?
[20241225 21:10:17:306][DEBUG][org.hibernate.SQL] select u1_0.id,u1_0.created_at,u1_0.name,u1_0.phone,u1_0.signup_id,u1_0.signup_password,u1_0.updated_at from user u1_0 where u1_0.signup_id=?
[20241225 21:10:17:329][DEBUG][org.hibernate.SQL] select p1_0.id,p1_0.category,p1_0.country,p1_0.manufacturer,p1_0.name,p1_0.price,p1_0.quantity from product p1_0 where p1_0.id=?
[20241225 21:10:17:341][DEBUG][org.hibernate.SQL] select p1_0.id,p1_0.category,p1_0.country,p1_0.manufacturer,p1_0.name,p1_0.price,p1_0.quantity from product p1_0 where p1_0.id=?
[20241225 21:10:17:346][DEBUG][org.hibernate.SQL] select p1_0.id,p1_0.category,p1_0.country,p1_0.manufacturer,p1_0.name,p1_0.price,p1_0.quantity from product p1_0 where p1_0.id=?
[20241225 21:10:18:380][INFO ][c.e.demo.controller.CheckoutController] 총 가격: 551000, 총 수량: 7
[20241225 21:12:20:155][INFO ][c.e.demo.controller.WidgetController] Response from Toss Payments: {"country":"KR","metadata":null,"orderId":"MC4zMDgyODA5ODE3NTY0","cashReceipts":null,"isPartialCancelable":true,"lastTransactionKey":"txrd_a01jfyvpx595pyn945wcvzzyx1j","discount":null,"taxExemptionAmount":0,"suppliedAmount":496364,"secret":"ps_AQ92ymxN34ROoWg9WR6vrajRKXvd","type":"NORMAL","cultureExpense":false,"taxFreeAmount":0,"requestedAt":"2024-12-25T21:10:29+09:00","currency":"KRW","paymentKey":"tgen_202412252110294lY15","virtualAccount":null,"checkout":{"url":"https:\/\/api.tosspayments.com\/v1\/payments\/tgen_202412252110294lY15\/checkout"},"orderName":"토스 티셔츠 외 11건","method":"간편결제","useEscrow":false,"vat":49636,"mId":"tgen_docs","approvedAt":"2024-12-25T21:12:20+09:00","balanceAmount":546000,"version":"2022-11-16","easyPay":{"amount":546000,"provider":"토스페이","discountAmount":0},"totalAmount":546000,"cancels":null,"transfer":null,"mobilePhone":null,"failure":null,"receipt":{"url":"https:\/\/dashboard.tosspayments.com\/receipt\/redirection?transactionId=tgen_202412252110294lY15&ref=PX"},"giftCertificate":null,"cashReceipt":null,"card":null,"status":"DONE"}
[20241225 21:12:20:165][DEBUG][org.hibernate.SQL] select u1_0.id,u1_0.created_at,u1_0.name,u1_0.phone,u1_0.signup_id,u1_0.signup_password,u1_0.updated_at from user u1_0 where u1_0.signup_id=?
[20241225 21:12:20:171][DEBUG][org.hibernate.SQL] select u1_0.id,u1_0.created_at,u1_0.name,u1_0.phone,u1_0.signup_id,u1_0.signup_password,u1_0.updated_at from user u1_0 where u1_0.signup_id=?
[20241225 21:12:20:235][DEBUG][org.hibernate.SQL] insert into web_payment_info (created_at,customer_name,customer_phone,payment_status,total_price,total_quantity,user_id) values (?,?,?,?,?,?,?)
[20241225 21:12:20:385][INFO ][com.example.demo.service.TossService] Saving payment info to DB: Method=간편결제, Currency=KRW, Country=KR, Amount=546000, Discount=null, Time=2024-12-25 21:12:20.162659, SignupId=lala2222
[20241225 21:12:20:388][DEBUG][org.hibernate.SQL] select u1_0.id,u1_0.created_at,u1_0.name,u1_0.phone,u1_0.signup_id,u1_0.signup_password,u1_0.updated_at from user u1_0 where u1_0.signup_id=?
[20241225 21:12:20:395][DEBUG][org.hibernate.SQL] insert into toss_payment_info (country,currency,customer_name,customer_phone,discount,payment_method,payment_time,total_amount) values (?,?,?,?,?,?,?,?)
[20241225 21:12:20:417][INFO ][com.example.demo.service.TossService] Payment info saved successfully.
[20241225 21:52:17:546][INFO ][com.example.demo.DemoApplication] Starting DemoApplication using Java 17.0.3 with PID 6180 (C:\Users\user\Desktop\demo\build\classes\java\main started by 최진혁 in C:\Users\user\Desktop\demo)
[20241225 21:52:17:564][INFO ][com.example.demo.DemoApplication] No active profile set, falling back to 1 default profile: "default"
[20241225 21:52:18:426][INFO ][o.s.b.d.e.DevToolsPropertyDefaultsPostProcessor] Devtools property defaults active! Set 'spring.devtools.add-properties' to 'false' to disable
[20241225 21:52:18:431][INFO ][o.s.b.d.e.DevToolsPropertyDefaultsPostProcessor] For additional web related logging consider setting the 'logging.level.web' property to 'DEBUG'
[20241225 21:52:55:211][INFO ][com.example.demo.DemoApplication] Starting DemoApplication using Java 17.0.3 with PID 5612 (C:\Users\user\Desktop\demo\build\classes\java\main started by 최진혁 in C:\Users\user\Desktop\demo)
[20241225 21:52:55:370][INFO ][com.example.demo.DemoApplication] No active profile set, falling back to 1 default profile: "default"
[20241225 21:52:56:816][INFO ][o.s.b.d.e.DevToolsPropertyDefaultsPostProcessor] Devtools property defaults active! Set 'spring.devtools.add-properties' to 'false' to disable
[20241225 21:52:56:818][INFO ][o.s.b.d.e.DevToolsPropertyDefaultsPostProcessor] For additional web related logging consider setting the 'logging.level.web' property to 'DEBUG'
[20241225 21:53:04:717][INFO ][o.s.d.r.c.RepositoryConfigurationDelegate] Bootstrapping Spring Data JPA repositories in DEFAULT mode.
[20241225 21:53:05:001][INFO ][o.s.d.r.c.RepositoryConfigurationDelegate] Finished Spring Data repository scanning in 257 ms. Found 5 JPA repository interfaces.
[20241225 21:53:09:421][INFO ][o.s.b.w.embedded.tomcat.TomcatWebServer] Tomcat initialized with port 8083 (http)
[20241225 21:53:09:527][INFO ][o.apache.coyote.http11.Http11NioProtocol] Initializing ProtocolHandler ["http-nio-8083"]
[20241225 21:53:09:580][INFO ][o.apache.catalina.core.StandardService] Starting service [Tomcat]
[20241225 21:53:09:754][INFO ][org.apache.catalina.core.StandardEngine] Starting Servlet engine: [Apache Tomcat/10.1.31]
[20241225 21:53:11:121][INFO ][o.a.c.c.C.[Tomcat].[localhost].[/]] Initializing Spring embedded WebApplicationContext
[20241225 21:53:11:126][INFO ][o.s.b.w.s.c.ServletWebServerApplicationContext] Root WebApplicationContext: initialization completed in 14301 ms
[20241225 21:53:16:093][INFO ][o.hibernate.jpa.internal.util.LogHelper] HHH000204: Processing PersistenceUnitInfo [name: default]
[20241225 21:53:16:489][INFO ][org.hibernate.Version] HHH000412: Hibernate ORM core version 6.5.3.Final
[20241225 21:53:16:666][INFO ][o.h.c.internal.RegionFactoryInitiator] HHH000026: Second-level cache disabled
[20241225 21:53:18:750][INFO ][o.s.o.j.p.SpringPersistenceUnitInfo] No LoadTimeWeaver setup: ignoring JPA class transformer
[20241225 21:53:19:016][INFO ][com.zaxxer.hikari.HikariDataSource] HikariPool-1 - Starting...
[20241225 21:53:20:849][INFO ][com.zaxxer.hikari.pool.HikariPool] HikariPool-1 - Added connection com.mysql.cj.jdbc.ConnectionImpl@2fa6b330
[20241225 21:53:20:993][INFO ][com.zaxxer.hikari.HikariDataSource] HikariPool-1 - Start completed.
[20241225 21:53:22:276][WARN ][org.hibernate.orm.deprecation] HHH90000025: MySQLDialect does not need to be specified explicitly using 'hibernate.dialect' (remove the property setting and it will be selected by default)
[20241225 21:53:23:139][DEBUG][o.h.t.descriptor.sql.spi.DdlTypeRegistry] addDescriptor(12, org.hibernate.type.descriptor.sql.internal.CapacityDependentDdlType@b1aaefb) replaced previous registration(org.hibernate.type.descriptor.sql.internal.CapacityDependentDdlType@775686d6)
[20241225 21:53:23:497][DEBUG][o.h.t.descriptor.sql.spi.DdlTypeRegistry] addDescriptor(-9, org.hibernate.type.descriptor.sql.internal.CapacityDependentDdlType@4489a433) replaced previous registration(org.hibernate.type.descriptor.sql.internal.CapacityDependentDdlType@3fe917a6)
[20241225 21:53:23:578][DEBUG][o.h.t.descriptor.sql.spi.DdlTypeRegistry] addDescriptor(-3, org.hibernate.type.descriptor.sql.internal.CapacityDependentDdlType@61da0bd6) replaced previous registration(org.hibernate.type.descriptor.sql.internal.CapacityDependentDdlType@22f9510d)
[20241225 21:53:23:664][DEBUG][o.h.t.descriptor.sql.spi.DdlTypeRegistry] addDescriptor(4003, org.hibernate.type.descriptor.sql.internal.DdlTypeImpl@2b58c15d) replaced previous registration(org.hibernate.type.descriptor.sql.internal.DdlTypeImpl@5c7bb7b7)
[20241225 21:53:23:694][DEBUG][o.h.t.descriptor.sql.spi.DdlTypeRegistry] addDescriptor(4001, org.hibernate.type.descriptor.sql.internal.DdlTypeImpl@6d4e8355) replaced previous registration(org.hibernate.type.descriptor.sql.internal.DdlTypeImpl@5d7d6c8)
[20241225 21:53:23:710][DEBUG][o.h.t.descriptor.sql.spi.DdlTypeRegistry] addDescriptor(4002, org.hibernate.type.descriptor.sql.internal.DdlTypeImpl@6868ad06) replaced previous registration(org.hibernate.type.descriptor.sql.internal.DdlTypeImpl@692f79b3)
[20241225 21:53:23:792][DEBUG][o.h.t.descriptor.sql.spi.DdlTypeRegistry] addDescriptor(2004, org.hibernate.type.descriptor.sql.internal.CapacityDependentDdlType@70e20be8) replaced previous registration(org.hibernate.type.descriptor.sql.internal.DdlTypeImpl@4b38e2aa)
[20241225 21:53:23:805][DEBUG][o.h.t.descriptor.sql.spi.DdlTypeRegistry] addDescriptor(2005, org.hibernate.type.descriptor.sql.internal.CapacityDependentDdlType@66957656) replaced previous registration(org.hibernate.type.descriptor.sql.internal.DdlTypeImpl@746569d6)
[20241225 21:53:23:819][DEBUG][o.h.t.descriptor.sql.spi.DdlTypeRegistry] addDescriptor(2011, org.hibernate.type.descriptor.sql.internal.CapacityDependentDdlType@143881f9) replaced previous registration(org.hibernate.type.descriptor.sql.internal.DdlTypeImpl@18991c66)
[20241225 21:53:28:986][INFO ][o.h.e.t.j.p.i.JtaPlatformInitiator] HHH000489: No JTA platform available (set 'hibernate.transaction.jta.platform' to enable JTA platform integration)
[20241225 21:53:29:391][INFO ][o.s.o.j.LocalContainerEntityManagerFactoryBean] Initialized JPA EntityManagerFactory for persistence unit 'default'
[20241225 21:53:30:952][WARN ][o.s.b.a.o.j.JpaBaseConfiguration$JpaWebConfiguration] spring.jpa.open-in-view is enabled by default. Therefore, database queries may be performed during view rendering. Explicitly configure spring.jpa.open-in-view to disable this warning
[20241225 21:53:31:090][INFO ][o.s.b.a.w.s.WelcomePageHandlerMapping] Adding welcome page template: index
[20241225 21:53:32:803][INFO ][o.s.b.d.a.OptionalLiveReloadServer] LiveReload server is running on port 35729
[20241225 21:53:32:858][INFO ][o.apache.coyote.http11.Http11NioProtocol] Starting ProtocolHandler ["http-nio-8083"]
[20241225 21:53:32:967][INFO ][o.s.b.w.embedded.tomcat.TomcatWebServer] Tomcat started on port 8083 (http) with context path '/'
[20241225 21:53:33:036][INFO ][com.example.demo.DemoApplication] Started DemoApplication in 41.606 seconds (process running for 43.764)
[20241225 21:54:30:185][INFO ][o.a.c.c.C.[Tomcat].[localhost].[/]] Initializing Spring DispatcherServlet 'dispatcherServlet'
[20241225 21:54:30:187][INFO ][o.s.web.servlet.DispatcherServlet] Initializing Servlet 'dispatcherServlet'
[20241225 21:54:30:190][INFO ][o.s.web.servlet.DispatcherServlet] Completed initialization in 2 ms
[20241225 21:54:38:615][WARN ][o.a.catalina.util.SessionIdGeneratorBase] Creation of SecureRandom instance for session ID generation using [SHA1PRNG] took [327] milliseconds.
[20241225 21:54:43:422][DEBUG][org.hibernate.SQL] select p1_0.id,p1_0.category,p1_0.country,p1_0.manufacturer,p1_0.name,p1_0.price,p1_0.quantity from product p1_0
[20241225 21:54:52:992][DEBUG][org.hibernate.SQL] select u1_0.id,u1_0.created_at,u1_0.name,u1_0.phone,u1_0.signup_id,u1_0.signup_password,u1_0.updated_at from user u1_0 where u1_0.signup_id=?
[20241225 21:55:04:262][DEBUG][org.hibernate.SQL] select u1_0.id,u1_0.created_at,u1_0.name,u1_0.phone,u1_0.signup_id,u1_0.signup_password,u1_0.updated_at from user u1_0 where u1_0.signup_id=?
[20241225 21:55:04:340][DEBUG][org.hibernate.SQL] select u1_0.id,u1_0.created_at,u1_0.name,u1_0.phone,u1_0.signup_id,u1_0.signup_password,u1_0.updated_at from user u1_0 where u1_0.signup_id=?
[20241225 21:55:04:358][DEBUG][org.hibernate.SQL] select p1_0.id,p1_0.category,p1_0.country,p1_0.manufacturer,p1_0.name,p1_0.price,p1_0.quantity from product p1_0
[20241225 21:55:05:101][DEBUG][org.hibernate.SQL] select u1_0.id,u1_0.created_at,u1_0.name,u1_0.phone,u1_0.signup_id,u1_0.signup_password,u1_0.updated_at from user u1_0 where u1_0.signup_id=?
[20241225 21:55:05:136][DEBUG][org.hibernate.SQL] select c1_0.id,c1_0.created_at,c1_0.product_id,c1_0.quantity,c1_0.updated_at,c1_0.signup_id from cart c1_0 where c1_0.signup_id=?
[20241225 21:55:05:171][DEBUG][org.hibernate.SQL] select u1_0.id,u1_0.created_at,u1_0.name,u1_0.phone,u1_0.signup_id,u1_0.signup_password,u1_0.updated_at from user u1_0 where u1_0.signup_id=?
[20241225 21:55:05:184][DEBUG][org.hibernate.SQL] select p1_0.id,p1_0.category,p1_0.country,p1_0.manufacturer,p1_0.name,p1_0.price,p1_0.quantity from product p1_0 where p1_0.id=?
[20241225 21:55:05:184][DEBUG][org.hibernate.SQL] select p1_0.id,p1_0.category,p1_0.country,p1_0.manufacturer,p1_0.name,p1_0.price,p1_0.quantity from product p1_0 where p1_0.id=?
[20241225 21:55:05:200][DEBUG][org.hibernate.SQL] select p1_0.id,p1_0.category,p1_0.country,p1_0.manufacturer,p1_0.name,p1_0.price,p1_0.quantity from product p1_0 where p1_0.id=?
[20241225 21:55:05:971][INFO ][c.e.demo.controller.CheckoutController] 총 가격: 551000, 총 수량: 7
