[20241230 17:45:56:330][INFO ][com.example.demo.DemoApplication] Starting DemoApplication using Java 17.0.3 with PID 7152 (C:\Users\user\Desktop\demo\build\classes\java\main started by √÷¡¯«ı in C:\Users\user\Desktop\demo)
[20241230 17:45:56:346][INFO ][com.example.demo.DemoApplication] No active profile set, falling back to 1 default profile: "default"
[20241230 17:45:56:472][INFO ][o.s.b.d.e.DevToolsPropertyDefaultsPostProcessor] Devtools property defaults active! Set 'spring.devtools.add-properties' to 'false' to disable
[20241230 17:45:56:472][INFO ][o.s.b.d.e.DevToolsPropertyDefaultsPostProcessor] For additional web related logging consider setting the 'logging.level.web' property to 'DEBUG'
[20241230 17:45:58:409][INFO ][o.s.d.r.c.RepositoryConfigurationDelegate] Bootstrapping Spring Data JPA repositories in DEFAULT mode.
[20241230 17:45:58:581][INFO ][o.s.d.r.c.RepositoryConfigurationDelegate] Finished Spring Data repository scanning in 148 ms. Found 5 JPA repository interfaces.
[20241230 17:46:00:361][INFO ][o.s.b.w.embedded.tomcat.TomcatWebServer] Tomcat initialized with port 8083 (http)
[20241230 17:46:00:392][INFO ][o.apache.coyote.http11.Http11NioProtocol] Initializing ProtocolHandler ["http-nio-8083"]
[20241230 17:46:00:413][INFO ][o.apache.catalina.core.StandardService] Starting service [Tomcat]
[20241230 17:46:00:414][INFO ][org.apache.catalina.core.StandardEngine] Starting Servlet engine: [Apache Tomcat/10.1.31]
[20241230 17:46:00:615][INFO ][o.a.c.c.C.[Tomcat].[localhost].[/]] Initializing Spring embedded WebApplicationContext
[20241230 17:46:00:615][INFO ][o.s.b.w.s.c.ServletWebServerApplicationContext] Root WebApplicationContext: initialization completed in 4143 ms
[20241230 17:46:01:408][INFO ][o.hibernate.jpa.internal.util.LogHelper] HHH000204: Processing PersistenceUnitInfo [name: default]
[20241230 17:46:01:642][INFO ][org.hibernate.Version] HHH000412: Hibernate ORM core version 6.5.3.Final
[20241230 17:46:01:736][INFO ][o.h.c.internal.RegionFactoryInitiator] HHH000026: Second-level cache disabled
[20241230 17:46:02:548][INFO ][o.s.o.j.p.SpringPersistenceUnitInfo] No LoadTimeWeaver setup: ignoring JPA class transformer
[20241230 17:46:02:642][INFO ][com.zaxxer.hikari.HikariDataSource] HikariPool-1 - Starting...
[20241230 17:46:03:454][INFO ][com.zaxxer.hikari.pool.HikariPool] HikariPool-1 - Added connection com.mysql.cj.jdbc.ConnectionImpl@436fef26
[20241230 17:46:03:454][INFO ][com.zaxxer.hikari.HikariDataSource] HikariPool-1 - Start completed.
[20241230 17:46:03:642][WARN ][org.hibernate.orm.deprecation] HHH90000025: MySQLDialect does not need to be specified explicitly using 'hibernate.dialect' (remove the property setting and it will be selected by default)
[20241230 17:46:03:705][DEBUG][o.h.t.descriptor.sql.spi.DdlTypeRegistry] addDescriptor(12, org.hibernate.type.descriptor.sql.internal.CapacityDependentDdlType@18fa79f2) replaced previous registration(org.hibernate.type.descriptor.sql.internal.CapacityDependentDdlType@4bbde9ae)
[20241230 17:46:03:705][DEBUG][o.h.t.descriptor.sql.spi.DdlTypeRegistry] addDescriptor(-9, org.hibernate.type.descriptor.sql.internal.CapacityDependentDdlType@4c3b6460) replaced previous registration(org.hibernate.type.descriptor.sql.internal.CapacityDependentDdlType@3cfe7b96)
[20241230 17:46:03:705][DEBUG][o.h.t.descriptor.sql.spi.DdlTypeRegistry] addDescriptor(-3, org.hibernate.type.descriptor.sql.internal.CapacityDependentDdlType@7780b012) replaced previous registration(org.hibernate.type.descriptor.sql.internal.CapacityDependentDdlType@53d4c7d5)
[20241230 17:46:03:705][DEBUG][o.h.t.descriptor.sql.spi.DdlTypeRegistry] addDescriptor(4003, org.hibernate.type.descriptor.sql.internal.DdlTypeImpl@445bb1ab) replaced previous registration(org.hibernate.type.descriptor.sql.internal.DdlTypeImpl@b36407d)
[20241230 17:46:03:705][DEBUG][o.h.t.descriptor.sql.spi.DdlTypeRegistry] addDescriptor(4001, org.hibernate.type.descriptor.sql.internal.DdlTypeImpl@79c47129) replaced previous registration(org.hibernate.type.descriptor.sql.internal.DdlTypeImpl@cdbfbab)
[20241230 17:46:03:705][DEBUG][o.h.t.descriptor.sql.spi.DdlTypeRegistry] addDescriptor(4002, org.hibernate.type.descriptor.sql.internal.DdlTypeImpl@1514d572) replaced previous registration(org.hibernate.type.descriptor.sql.internal.DdlTypeImpl@2c185a05)
[20241230 17:46:03:720][DEBUG][o.h.t.descriptor.sql.spi.DdlTypeRegistry] addDescriptor(2004, org.hibernate.type.descriptor.sql.internal.CapacityDependentDdlType@760f3b96) replaced previous registration(org.hibernate.type.descriptor.sql.internal.DdlTypeImpl@255a805f)
[20241230 17:46:03:720][DEBUG][o.h.t.descriptor.sql.spi.DdlTypeRegistry] addDescriptor(2005, org.hibernate.type.descriptor.sql.internal.CapacityDependentDdlType@16d66ec3) replaced previous registration(org.hibernate.type.descriptor.sql.internal.DdlTypeImpl@7870c66e)
[20241230 17:46:03:720][DEBUG][o.h.t.descriptor.sql.spi.DdlTypeRegistry] addDescriptor(2011, org.hibernate.type.descriptor.sql.internal.CapacityDependentDdlType@772c817d) replaced previous registration(org.hibernate.type.descriptor.sql.internal.DdlTypeImpl@605afbf)
[20241230 17:46:06:761][INFO ][o.h.e.t.j.p.i.JtaPlatformInitiator] HHH000489: No JTA platform available (set 'hibernate.transaction.jta.platform' to enable JTA platform integration)
[20241230 17:46:06:986][INFO ][o.s.o.j.LocalContainerEntityManagerFactoryBean] Initialized JPA EntityManagerFactory for persistence unit 'default'
[20241230 17:46:07:872][WARN ][o.s.b.a.o.j.JpaBaseConfiguration$JpaWebConfiguration] spring.jpa.open-in-view is enabled by default. Therefore, database queries may be performed during view rendering. Explicitly configure spring.jpa.open-in-view to disable this warning
[20241230 17:46:07:921][INFO ][o.s.b.a.w.s.WelcomePageHandlerMapping] Adding welcome page template: index
[20241230 17:46:08:662][INFO ][o.s.b.d.a.OptionalLiveReloadServer] LiveReload server is running on port 35729
[20241230 17:46:08:689][INFO ][o.apache.coyote.http11.Http11NioProtocol] Starting ProtocolHandler ["http-nio-8083"]
[20241230 17:46:08:736][INFO ][o.s.b.w.embedded.tomcat.TomcatWebServer] Tomcat started on port 8083 (http) with context path '/'
[20241230 17:46:08:755][INFO ][com.example.demo.DemoApplication] Started DemoApplication in 14.45 seconds (process running for 16.078)
[20241230 17:49:20:747][INFO ][com.example.demo.DemoApplication] Starting DemoApplication using Java 17.0.3 with PID 11872 (C:\Users\user\Desktop\demo\build\classes\java\main started by √÷¡¯«ı in C:\Users\user\Desktop\demo)
[20241230 17:49:20:747][INFO ][com.example.demo.DemoApplication] No active profile set, falling back to 1 default profile: "default"
[20241230 17:49:21:007][INFO ][o.s.b.d.e.DevToolsPropertyDefaultsPostProcessor] Devtools property defaults active! Set 'spring.devtools.add-properties' to 'false' to disable
[20241230 17:49:21:009][INFO ][o.s.b.d.e.DevToolsPropertyDefaultsPostProcessor] For additional web related logging consider setting the 'logging.level.web' property to 'DEBUG'
[20241230 17:49:27:384][INFO ][o.s.d.r.c.RepositoryConfigurationDelegate] Bootstrapping Spring Data JPA repositories in DEFAULT mode.
[20241230 17:49:27:797][INFO ][o.s.d.r.c.RepositoryConfigurationDelegate] Finished Spring Data repository scanning in 388 ms. Found 5 JPA repository interfaces.
[20241230 17:49:33:875][INFO ][o.s.b.w.embedded.tomcat.TomcatWebServer] Tomcat initialized with port 8083 (http)
[20241230 17:49:34:058][INFO ][o.apache.coyote.http11.Http11NioProtocol] Initializing ProtocolHandler ["http-nio-8083"]
[20241230 17:49:34:110][INFO ][o.apache.catalina.core.StandardService] Starting service [Tomcat]
[20241230 17:49:34:112][INFO ][org.apache.catalina.core.StandardEngine] Starting Servlet engine: [Apache Tomcat/10.1.31]
[20241230 17:49:34:761][INFO ][o.a.c.c.C.[Tomcat].[localhost].[/]] Initializing Spring embedded WebApplicationContext
[20241230 17:49:34:768][INFO ][o.s.b.w.s.c.ServletWebServerApplicationContext] Root WebApplicationContext: initialization completed in 13728 ms
[20241230 17:49:35:323][INFO ][o.hibernate.jpa.internal.util.LogHelper] HHH000204: Processing PersistenceUnitInfo [name: default]
[20241230 17:49:35:740][INFO ][org.hibernate.Version] HHH000412: Hibernate ORM core version 6.5.3.Final
[20241230 17:49:36:146][INFO ][o.h.c.internal.RegionFactoryInitiator] HHH000026: Second-level cache disabled
[20241230 17:49:37:819][INFO ][o.s.o.j.p.SpringPersistenceUnitInfo] No LoadTimeWeaver setup: ignoring JPA class transformer
[20241230 17:49:38:094][INFO ][com.zaxxer.hikari.HikariDataSource] HikariPool-1 - Starting...
[20241230 17:49:39:689][INFO ][com.zaxxer.hikari.pool.HikariPool] HikariPool-1 - Added connection com.mysql.cj.jdbc.ConnectionImpl@1c2519bc
[20241230 17:49:39:722][INFO ][com.zaxxer.hikari.HikariDataSource] HikariPool-1 - Start completed.
[20241230 17:49:40:043][WARN ][org.hibernate.orm.deprecation] HHH90000025: MySQLDialect does not need to be specified explicitly using 'hibernate.dialect' (remove the property setting and it will be selected by default)
[20241230 17:49:40:136][DEBUG][o.h.t.descriptor.sql.spi.DdlTypeRegistry] addDescriptor(12, org.hibernate.type.descriptor.sql.internal.CapacityDependentDdlType@60ace5bc) replaced previous registration(org.hibernate.type.descriptor.sql.internal.CapacityDependentDdlType@dafb352)
[20241230 17:49:40:151][DEBUG][o.h.t.descriptor.sql.spi.DdlTypeRegistry] addDescriptor(-9, org.hibernate.type.descriptor.sql.internal.CapacityDependentDdlType@18fa79f2) replaced previous registration(org.hibernate.type.descriptor.sql.internal.CapacityDependentDdlType@4bbde9ae)
[20241230 17:49:40:155][DEBUG][o.h.t.descriptor.sql.spi.DdlTypeRegistry] addDescriptor(-3, org.hibernate.type.descriptor.sql.internal.CapacityDependentDdlType@4c3b6460) replaced previous registration(org.hibernate.type.descriptor.sql.internal.CapacityDependentDdlType@3cfe7b96)
[20241230 17:49:40:161][DEBUG][o.h.t.descriptor.sql.spi.DdlTypeRegistry] addDescriptor(4003, org.hibernate.type.descriptor.sql.internal.DdlTypeImpl@7780b012) replaced previous registration(org.hibernate.type.descriptor.sql.internal.DdlTypeImpl@53d4c7d5)
[20241230 17:49:40:163][DEBUG][o.h.t.descriptor.sql.spi.DdlTypeRegistry] addDescriptor(4001, org.hibernate.type.descriptor.sql.internal.DdlTypeImpl@445bb1ab) replaced previous registration(org.hibernate.type.descriptor.sql.internal.DdlTypeImpl@b36407d)
[20241230 17:49:40:166][DEBUG][o.h.t.descriptor.sql.spi.DdlTypeRegistry] addDescriptor(4002, org.hibernate.type.descriptor.sql.internal.DdlTypeImpl@79c47129) replaced previous registration(org.hibernate.type.descriptor.sql.internal.DdlTypeImpl@cdbfbab)
[20241230 17:49:40:173][DEBUG][o.h.t.descriptor.sql.spi.DdlTypeRegistry] addDescriptor(2004, org.hibernate.type.descriptor.sql.internal.CapacityDependentDdlType@1514d572) replaced previous registration(org.hibernate.type.descriptor.sql.internal.DdlTypeImpl@2c185a05)
[20241230 17:49:40:177][DEBUG][o.h.t.descriptor.sql.spi.DdlTypeRegistry] addDescriptor(2005, org.hibernate.type.descriptor.sql.internal.CapacityDependentDdlType@760f3b96) replaced previous registration(org.hibernate.type.descriptor.sql.internal.DdlTypeImpl@255a805f)
[20241230 17:49:40:178][DEBUG][o.h.t.descriptor.sql.spi.DdlTypeRegistry] addDescriptor(2011, org.hibernate.type.descriptor.sql.internal.CapacityDependentDdlType@16d66ec3) replaced previous registration(org.hibernate.type.descriptor.sql.internal.DdlTypeImpl@7870c66e)
[20241230 17:49:42:899][INFO ][o.h.e.t.j.p.i.JtaPlatformInitiator] HHH000489: No JTA platform available (set 'hibernate.transaction.jta.platform' to enable JTA platform integration)
[20241230 17:49:43:164][INFO ][o.s.o.j.LocalContainerEntityManagerFactoryBean] Initialized JPA EntityManagerFactory for persistence unit 'default'
[20241230 17:49:44:384][WARN ][o.s.b.a.o.j.JpaBaseConfiguration$JpaWebConfiguration] spring.jpa.open-in-view is enabled by default. Therefore, database queries may be performed during view rendering. Explicitly configure spring.jpa.open-in-view to disable this warning
[20241230 17:49:44:451][INFO ][o.s.b.a.w.s.WelcomePageHandlerMapping] Adding welcome page template: index
[20241230 17:49:45:634][INFO ][o.s.b.d.a.OptionalLiveReloadServer] LiveReload server is running on port 35729
[20241230 17:49:45:899][INFO ][o.apache.coyote.http11.Http11NioProtocol] Starting ProtocolHandler ["http-nio-8083"]
[20241230 17:49:46:000][INFO ][o.s.b.w.embedded.tomcat.TomcatWebServer] Tomcat started on port 8083 (http) with context path '/'
[20241230 17:49:46:055][INFO ][com.example.demo.DemoApplication] Started DemoApplication in 27.963 seconds (process running for 30.373)
[20241230 17:50:36:349][INFO ][o.a.c.c.C.[Tomcat].[localhost].[/]] Initializing Spring DispatcherServlet 'dispatcherServlet'
[20241230 17:50:36:349][INFO ][o.s.web.servlet.DispatcherServlet] Initializing Servlet 'dispatcherServlet'
[20241230 17:50:36:387][INFO ][o.s.web.servlet.DispatcherServlet] Completed initialization in 20 ms
[20241230 17:50:38:743][WARN ][o.a.catalina.util.SessionIdGeneratorBase] Creation of SecureRandom instance for session ID generation using [SHA1PRNG] took [526] milliseconds.
[20241230 17:50:38:773][DEBUG][org.hibernate.SQL] select p1_0.id,p1_0.category,p1_0.country,p1_0.manufacturer,p1_0.name,p1_0.price,p1_0.quantity from product p1_0
[20241230 17:50:40:887][DEBUG][org.hibernate.SQL] select u1_0.id,u1_0.created_at,u1_0.name,u1_0.phone,u1_0.signup_id,u1_0.signup_password,u1_0.updated_at from user u1_0 where u1_0.signup_id=?
[20241230 17:50:40:950][ERROR][o.a.c.c.C.[.[.[/].[dispatcherServlet]] Servlet.service() for servlet [dispatcherServlet] in context with path [] threw exception [Request processing failed: java.lang.IllegalArgumentException: Invalid salt version] with root cause
java.lang.IllegalArgumentException: Invalid salt version
	at org.mindrot.jbcrypt.BCrypt.hashpw(BCrypt.java:659)
	at org.mindrot.jbcrypt.BCrypt.checkpw(BCrypt.java:764)
	at com.example.demo.service.UserService.authenticateUser(UserService.java:36)
	at com.example.demo.controller.UserController.login(UserController.java:24)
	at java.base/jdk.internal.reflect.NativeMethodAccessorImpl.invoke0(Native Method)
	at java.base/jdk.internal.reflect.NativeMethodAccessorImpl.invoke(NativeMethodAccessorImpl.java:77)
	at java.base/jdk.internal.reflect.DelegatingMethodAccessorImpl.invoke(DelegatingMethodAccessorImpl.java:43)
	at java.base/java.lang.reflect.Method.invoke(Method.java:568)
	at org.springframework.web.method.support.InvocableHandlerMethod.doInvoke(InvocableHandlerMethod.java:255)
	at org.springframework.web.method.support.InvocableHandlerMethod.invokeForRequest(InvocableHandlerMethod.java:188)
	at org.springframework.web.servlet.mvc.method.annotation.ServletInvocableHandlerMethod.invokeAndHandle(ServletInvocableHandlerMethod.java:118)
	at org.springframework.web.servlet.mvc.method.annotation.RequestMappingHandlerAdapter.invokeHandlerMethod(RequestMappingHandlerAdapter.java:926)
	at org.springframework.web.servlet.mvc.method.annotation.RequestMappingHandlerAdapter.handleInternal(RequestMappingHandlerAdapter.java:831)
	at org.springframework.web.servlet.mvc.method.AbstractHandlerMethodAdapter.handle(AbstractHandlerMethodAdapter.java:87)
	at org.springframework.web.servlet.DispatcherServlet.doDispatch(DispatcherServlet.java:1089)
	at org.springframework.web.servlet.DispatcherServlet.doService(DispatcherServlet.java:979)
	at org.springframework.web.servlet.FrameworkServlet.processRequest(FrameworkServlet.java:1014)
	at org.springframework.web.servlet.FrameworkServlet.doPost(FrameworkServlet.java:914)
	at jakarta.servlet.http.HttpServlet.service(HttpServlet.java:590)
	at org.springframework.web.servlet.FrameworkServlet.service(FrameworkServlet.java:885)
	at jakarta.servlet.http.HttpServlet.service(HttpServlet.java:658)
	at org.apache.catalina.core.ApplicationFilterChain.internalDoFilter(ApplicationFilterChain.java:195)
	at org.apache.catalina.core.ApplicationFilterChain.doFilter(ApplicationFilterChain.java:140)
	at org.apache.tomcat.websocket.server.WsFilter.doFilter(WsFilter.java:51)
	at org.apache.catalina.core.ApplicationFilterChain.internalDoFilter(ApplicationFilterChain.java:164)
	at org.apache.catalina.core.ApplicationFilterChain.doFilter(ApplicationFilterChain.java:140)
	at org.springframework.web.filter.RequestContextFilter.doFilterInternal(RequestContextFilter.java:100)
	at org.springframework.web.filter.OncePerRequestFilter.doFilter(OncePerRequestFilter.java:116)
	at org.apache.catalina.core.ApplicationFilterChain.internalDoFilter(ApplicationFilterChain.java:164)
	at org.apache.catalina.core.ApplicationFilterChain.doFilter(ApplicationFilterChain.java:140)
	at org.springframework.web.filter.FormContentFilter.doFilterInternal(FormContentFilter.java:93)
	at org.springframework.web.filter.OncePerRequestFilter.doFilter(OncePerRequestFilter.java:116)
	at org.apache.catalina.core.ApplicationFilterChain.internalDoFilter(ApplicationFilterChain.java:164)
	at org.apache.catalina.core.ApplicationFilterChain.doFilter(ApplicationFilterChain.java:140)
	at org.springframework.web.filter.CharacterEncodingFilter.doFilterInternal(CharacterEncodingFilter.java:201)
	at org.springframework.web.filter.OncePerRequestFilter.doFilter(OncePerRequestFilter.java:116)
	at org.apache.catalina.core.ApplicationFilterChain.internalDoFilter(ApplicationFilterChain.java:164)
	at org.apache.catalina.core.ApplicationFilterChain.doFilter(ApplicationFilterChain.java:140)
	at org.apache.catalina.core.StandardWrapperValve.invoke(StandardWrapperValve.java:167)
	at org.apache.catalina.core.StandardContextValve.invoke(StandardContextValve.java:90)
	at org.apache.catalina.authenticator.AuthenticatorBase.invoke(AuthenticatorBase.java:483)
	at org.apache.catalina.core.StandardHostValve.invoke(StandardHostValve.java:115)
	at org.apache.catalina.valves.ErrorReportValve.invoke(ErrorReportValve.java:93)
	at org.apache.catalina.core.StandardEngineValve.invoke(StandardEngineValve.java:74)
	at org.apache.catalina.connector.CoyoteAdapter.service(CoyoteAdapter.java:344)
	at org.apache.coyote.http11.Http11Processor.service(Http11Processor.java:384)
	at org.apache.coyote.AbstractProcessorLight.process(AbstractProcessorLight.java:63)
	at org.apache.coyote.AbstractProtocol$ConnectionHandler.process(AbstractProtocol.java:905)
	at org.apache.tomcat.util.net.NioEndpoint$SocketProcessor.doRun(NioEndpoint.java:1741)
	at org.apache.tomcat.util.net.SocketProcessorBase.run(SocketProcessorBase.java:52)
	at org.apache.tomcat.util.threads.ThreadPoolExecutor.runWorker(ThreadPoolExecutor.java:1190)
	at org.apache.tomcat.util.threads.ThreadPoolExecutor$Worker.run(ThreadPoolExecutor.java:659)
	at org.apache.tomcat.util.threads.TaskThread$WrappingRunnable.run(TaskThread.java:63)
	at java.base/java.lang.Thread.run(Thread.java:833)
[20241230 17:50:53:387][DEBUG][org.hibernate.SQL] select u1_0.id,u1_0.created_at,u1_0.name,u1_0.phone,u1_0.signup_id,u1_0.signup_password,u1_0.updated_at from user u1_0 where u1_0.signup_id=?
[20241230 17:50:54:378][DEBUG][org.hibernate.SQL] select u1_0.id,u1_0.created_at,u1_0.name,u1_0.phone,u1_0.signup_id,u1_0.signup_password,u1_0.updated_at from user u1_0 where u1_0.signup_id=?
[20241230 17:50:54:462][DEBUG][org.hibernate.SQL] select u1_0.id,u1_0.created_at,u1_0.name,u1_0.phone,u1_0.signup_id,u1_0.signup_password,u1_0.updated_at from user u1_0 where u1_0.signup_id=?
[20241230 17:50:54:470][DEBUG][org.hibernate.SQL] select p1_0.id,p1_0.category,p1_0.country,p1_0.manufacturer,p1_0.name,p1_0.price,p1_0.quantity from product p1_0
[20241230 17:50:56:850][DEBUG][org.hibernate.SQL] select u1_0.id,u1_0.created_at,u1_0.name,u1_0.phone,u1_0.signup_id,u1_0.signup_password,u1_0.updated_at from user u1_0 where u1_0.signup_id=?
[20241230 17:50:56:871][DEBUG][org.hibernate.SQL] select c1_0.id,c1_0.created_at,c1_0.product_id,c1_0.quantity,c1_0.updated_at,c1_0.signup_id from cart c1_0 where c1_0.signup_id=?
[20241230 17:50:56:908][DEBUG][org.hibernate.SQL] select u1_0.id,u1_0.created_at,u1_0.name,u1_0.phone,u1_0.signup_id,u1_0.signup_password,u1_0.updated_at from user u1_0 where u1_0.signup_id=?
[20241230 17:50:56:928][DEBUG][org.hibernate.SQL] select p1_0.id,p1_0.category,p1_0.country,p1_0.manufacturer,p1_0.name,p1_0.price,p1_0.quantity from product p1_0 where p1_0.id=?
[20241230 17:50:56:928][DEBUG][org.hibernate.SQL] select p1_0.id,p1_0.category,p1_0.country,p1_0.manufacturer,p1_0.name,p1_0.price,p1_0.quantity from product p1_0 where p1_0.id=?
[20241230 17:50:56:928][DEBUG][org.hibernate.SQL] select p1_0.id,p1_0.category,p1_0.country,p1_0.manufacturer,p1_0.name,p1_0.price,p1_0.quantity from product p1_0 where p1_0.id=?
[20241230 17:50:58:266][INFO ][c.e.demo.controller.CheckoutController] √— ∞°∞›: 469000, √— ºˆ∑Æ: 8
[20241230 17:51:43:769][INFO ][c.e.demo.controller.WidgetController] Payment Confirmed! Total Price: 469000, Total Quantity: 8
[20241230 17:51:44:979][INFO ][c.e.demo.controller.WidgetController] Response from Toss Payments: {"country":"KR","metadata":null,"orderId":"MC44NTg4Njc5MzIwNjU2","cashReceipts":null,"isPartialCancelable":true,"lastTransactionKey":"txrd_a01jgbc79fz5ca3r4e97p4cvvpk","discount":null,"taxExemptionAmount":0,"suppliedAmount":421818,"secret":"ps_KNbdOvk5rkDmMe5bmvJo8n07xlzm","type":"NORMAL","cultureExpense":false,"taxFreeAmount":0,"requestedAt":"2024-12-30T17:51:10+09:00","currency":"KRW","paymentKey":"tgen_202412301751105Qth3","virtualAccount":null,"checkout":{"url":"https:\/\/api.tosspayments.com\/v1\/payments\/tgen_202412301751105Qth3\/checkout"},"orderName":"≈‰Ω∫ ∆ºº≈√˜ ø‹ 11∞«","method":"∞£∆Ì∞·¡¶","useEscrow":false,"vat":42182,"mId":"tgen_docs","approvedAt":"2024-12-30T17:51:48+09:00","balanceAmount":464000,"version":"2022-11-16","easyPay":{"amount":464000,"provider":"≈‰Ω∫∆‰¿Ã","discountAmount":0},"totalAmount":464000,"cancels":null,"transfer":null,"mobilePhone":null,"failure":null,"receipt":{"url":"https:\/\/dashboard.tosspayments.com\/receipt\/redirection?transactionId=tgen_202412301751105Qth3&ref=PX"},"giftCertificate":null,"cashReceipt":null,"card":null,"status":"DONE"}
[20241230 17:51:44:979][DEBUG][org.hibernate.SQL] select u1_0.id,u1_0.created_at,u1_0.name,u1_0.phone,u1_0.signup_id,u1_0.signup_password,u1_0.updated_at from user u1_0 where u1_0.signup_id=?
[20241230 17:51:44:995][DEBUG][org.hibernate.SQL] select u1_0.id,u1_0.created_at,u1_0.name,u1_0.phone,u1_0.signup_id,u1_0.signup_password,u1_0.updated_at from user u1_0 where u1_0.signup_id=?
[20241230 17:51:45:060][DEBUG][org.hibernate.SQL] insert into web_payment_info (created_at,customer_name,customer_phone,payment_status,total_price,total_quantity,user_id) values (?,?,?,?,?,?,?)
[20241230 17:51:45:269][INFO ][com.example.demo.service.TossService] Saving payment info to DB: Method=∞£∆Ì∞·¡¶, Currency=KRW, Country=KR, Amount=464000, Discount=0, Time=2024-12-30 17:51:44.9793188, SignupId=jaja2222
[20241230 17:51:45:272][DEBUG][org.hibernate.SQL] select u1_0.id,u1_0.created_at,u1_0.name,u1_0.phone,u1_0.signup_id,u1_0.signup_password,u1_0.updated_at from user u1_0 where u1_0.signup_id=?
[20241230 17:51:45:276][DEBUG][org.hibernate.SQL] insert into toss_payment_info (country,currency,customer_name,customer_phone,discount,payment_method,payment_time,total_amount) values (?,?,?,?,?,?,?,?)
[20241230 17:51:45:293][INFO ][com.example.demo.service.TossService] Payment info saved successfully.
[20241230 17:51:45:331][DEBUG][org.hibernate.SQL] select u1_0.id,u1_0.created_at,u1_0.name,u1_0.phone,u1_0.signup_id,u1_0.signup_password,u1_0.updated_at from user u1_0 where u1_0.signup_id=?
[20241230 17:52:43:670][DEBUG][org.hibernate.SQL] select u1_0.id,u1_0.created_at,u1_0.name,u1_0.phone,u1_0.signup_id,u1_0.signup_password,u1_0.updated_at from user u1_0 where u1_0.signup_id=?
[20241230 17:52:43:688][DEBUG][org.hibernate.SQL] select p1_0.id,p1_0.category,p1_0.country,p1_0.manufacturer,p1_0.name,p1_0.price,p1_0.quantity from product p1_0
[20241230 17:52:45:378][DEBUG][org.hibernate.SQL] select u1_0.id,u1_0.created_at,u1_0.name,u1_0.phone,u1_0.signup_id,u1_0.signup_password,u1_0.updated_at from user u1_0 where u1_0.signup_id=?
[20241230 17:52:45:392][DEBUG][org.hibernate.SQL] select c1_0.id,c1_0.created_at,c1_0.product_id,c1_0.quantity,c1_0.updated_at,c1_0.signup_id from cart c1_0 where c1_0.signup_id=?
[20241230 17:52:45:402][DEBUG][org.hibernate.SQL] select u1_0.id,u1_0.created_at,u1_0.name,u1_0.phone,u1_0.signup_id,u1_0.signup_password,u1_0.updated_at from user u1_0 where u1_0.signup_id=?
[20241230 17:52:45:412][DEBUG][org.hibernate.SQL] select p1_0.id,p1_0.category,p1_0.country,p1_0.manufacturer,p1_0.name,p1_0.price,p1_0.quantity from product p1_0 where p1_0.id=?
[20241230 17:52:45:419][DEBUG][org.hibernate.SQL] select p1_0.id,p1_0.category,p1_0.country,p1_0.manufacturer,p1_0.name,p1_0.price,p1_0.quantity from product p1_0 where p1_0.id=?
[20241230 17:52:45:423][DEBUG][org.hibernate.SQL] select p1_0.id,p1_0.category,p1_0.country,p1_0.manufacturer,p1_0.name,p1_0.price,p1_0.quantity from product p1_0 where p1_0.id=?
[20241230 18:11:59:749][INFO ][com.example.demo.DemoApplication] Starting DemoApplication using Java 17.0.3 with PID 14392 (C:\Users\user\Desktop\demo\build\classes\java\main started by √÷¡¯«ı in C:\Users\user\Desktop\demo)
[20241230 18:11:59:775][INFO ][com.example.demo.DemoApplication] No active profile set, falling back to 1 default profile: "default"
[20241230 18:12:00:272][INFO ][o.s.b.d.e.DevToolsPropertyDefaultsPostProcessor] Devtools property defaults active! Set 'spring.devtools.add-properties' to 'false' to disable
[20241230 18:12:00:291][INFO ][o.s.b.d.e.DevToolsPropertyDefaultsPostProcessor] For additional web related logging consider setting the 'logging.level.web' property to 'DEBUG'
[20241230 18:12:05:538][INFO ][o.s.d.r.c.RepositoryConfigurationDelegate] Bootstrapping Spring Data JPA repositories in DEFAULT mode.
[20241230 18:12:05:852][INFO ][o.s.d.r.c.RepositoryConfigurationDelegate] Finished Spring Data repository scanning in 289 ms. Found 5 JPA repository interfaces.
[20241230 18:12:09:706][INFO ][o.s.b.w.embedded.tomcat.TomcatWebServer] Tomcat initialized with port 8083 (http)
[20241230 18:12:09:776][INFO ][o.apache.coyote.http11.Http11NioProtocol] Initializing ProtocolHandler ["http-nio-8083"]
[20241230 18:12:09:866][INFO ][o.apache.catalina.core.StandardService] Starting service [Tomcat]
[20241230 18:12:09:869][INFO ][org.apache.catalina.core.StandardEngine] Starting Servlet engine: [Apache Tomcat/10.1.31]
[20241230 18:12:10:201][INFO ][o.a.c.c.C.[Tomcat].[localhost].[/]] Initializing Spring embedded WebApplicationContext
[20241230 18:12:10:201][INFO ][o.s.b.w.s.c.ServletWebServerApplicationContext] Root WebApplicationContext: initialization completed in 9900 ms
[20241230 18:12:10:675][INFO ][o.hibernate.jpa.internal.util.LogHelper] HHH000204: Processing PersistenceUnitInfo [name: default]
[20241230 18:12:10:923][INFO ][org.hibernate.Version] HHH000412: Hibernate ORM core version 6.5.3.Final
[20241230 18:12:11:077][INFO ][o.h.c.internal.RegionFactoryInitiator] HHH000026: Second-level cache disabled
[20241230 18:12:12:233][INFO ][o.s.o.j.p.SpringPersistenceUnitInfo] No LoadTimeWeaver setup: ignoring JPA class transformer
[20241230 18:12:12:376][INFO ][com.zaxxer.hikari.HikariDataSource] HikariPool-1 - Starting...
[20241230 18:12:17:385][INFO ][com.zaxxer.hikari.pool.HikariPool] HikariPool-1 - Added connection com.mysql.cj.jdbc.ConnectionImpl@6fdd87a5
[20241230 18:12:17:457][INFO ][com.zaxxer.hikari.HikariDataSource] HikariPool-1 - Start completed.
[20241230 18:12:18:226][WARN ][org.hibernate.orm.deprecation] HHH90000025: MySQLDialect does not need to be specified explicitly using 'hibernate.dialect' (remove the property setting and it will be selected by default)
[20241230 18:12:18:717][DEBUG][o.h.t.descriptor.sql.spi.DdlTypeRegistry] addDescriptor(12, org.hibernate.type.descriptor.sql.internal.CapacityDependentDdlType@7ebe3499) replaced previous registration(org.hibernate.type.descriptor.sql.internal.CapacityDependentDdlType@1066a834)
[20241230 18:12:18:943][DEBUG][o.h.t.descriptor.sql.spi.DdlTypeRegistry] addDescriptor(-9, org.hibernate.type.descriptor.sql.internal.CapacityDependentDdlType@37ac400) replaced previous registration(org.hibernate.type.descriptor.sql.internal.CapacityDependentDdlType@36fadb39)
[20241230 18:12:19:297][DEBUG][o.h.t.descriptor.sql.spi.DdlTypeRegistry] addDescriptor(-3, org.hibernate.type.descriptor.sql.internal.CapacityDependentDdlType@39ef2b83) replaced previous registration(org.hibernate.type.descriptor.sql.internal.CapacityDependentDdlType@1c6d1382)
[20241230 18:12:19:317][DEBUG][o.h.t.descriptor.sql.spi.DdlTypeRegistry] addDescriptor(4003, org.hibernate.type.descriptor.sql.internal.DdlTypeImpl@49e28ecb) replaced previous registration(org.hibernate.type.descriptor.sql.internal.DdlTypeImpl@29a1a7dd)
[20241230 18:12:19:320][DEBUG][o.h.t.descriptor.sql.spi.DdlTypeRegistry] addDescriptor(4001, org.hibernate.type.descriptor.sql.internal.DdlTypeImpl@69d23259) replaced previous registration(org.hibernate.type.descriptor.sql.internal.DdlTypeImpl@1d57cde2)
[20241230 18:12:19:328][DEBUG][o.h.t.descriptor.sql.spi.DdlTypeRegistry] addDescriptor(4002, org.hibernate.type.descriptor.sql.internal.DdlTypeImpl@401e8c55) replaced previous registration(org.hibernate.type.descriptor.sql.internal.DdlTypeImpl@642544c4)
[20241230 18:12:19:343][DEBUG][o.h.t.descriptor.sql.spi.DdlTypeRegistry] addDescriptor(2004, org.hibernate.type.descriptor.sql.internal.CapacityDependentDdlType@1c9df2e3) replaced previous registration(org.hibernate.type.descriptor.sql.internal.DdlTypeImpl@3f06044f)
[20241230 18:12:19:345][DEBUG][o.h.t.descriptor.sql.spi.DdlTypeRegistry] addDescriptor(2005, org.hibernate.type.descriptor.sql.internal.CapacityDependentDdlType@b4e5bde) replaced previous registration(org.hibernate.type.descriptor.sql.internal.DdlTypeImpl@45033d17)
[20241230 18:12:19:346][DEBUG][o.h.t.descriptor.sql.spi.DdlTypeRegistry] addDescriptor(2011, org.hibernate.type.descriptor.sql.internal.CapacityDependentDdlType@367ad5be) replaced previous registration(org.hibernate.type.descriptor.sql.internal.DdlTypeImpl@39518b42)
[20241230 18:12:27:080][INFO ][o.h.e.t.j.p.i.JtaPlatformInitiator] HHH000489: No JTA platform available (set 'hibernate.transaction.jta.platform' to enable JTA platform integration)
[20241230 18:12:27:537][INFO ][o.s.o.j.LocalContainerEntityManagerFactoryBean] Initialized JPA EntityManagerFactory for persistence unit 'default'
[20241230 18:12:29:426][WARN ][o.s.b.a.o.j.JpaBaseConfiguration$JpaWebConfiguration] spring.jpa.open-in-view is enabled by default. Therefore, database queries may be performed during view rendering. Explicitly configure spring.jpa.open-in-view to disable this warning
[20241230 18:12:29:522][INFO ][o.s.b.a.w.s.WelcomePageHandlerMapping] Adding welcome page template: index
[20241230 18:12:30:621][INFO ][o.s.b.d.a.OptionalLiveReloadServer] LiveReload server is running on port 35729
[20241230 18:12:30:663][INFO ][o.apache.coyote.http11.Http11NioProtocol] Starting ProtocolHandler ["http-nio-8083"]
[20241230 18:12:30:778][INFO ][o.s.b.w.embedded.tomcat.TomcatWebServer] Tomcat started on port 8083 (http) with context path '/'
[20241230 18:12:30:787][INFO ][com.example.demo.DemoApplication] Started DemoApplication in 34.77 seconds (process running for 38.555)
[20241230 18:16:10:770][INFO ][o.a.c.c.C.[Tomcat].[localhost].[/]] Initializing Spring DispatcherServlet 'dispatcherServlet'
[20241230 18:16:10:859][INFO ][o.s.web.servlet.DispatcherServlet] Initializing Servlet 'dispatcherServlet'
[20241230 18:16:10:978][INFO ][o.s.web.servlet.DispatcherServlet] Completed initialization in 114 ms
[20241230 18:16:15:630][WARN ][o.a.catalina.util.SessionIdGeneratorBase] Creation of SecureRandom instance for session ID generation using [SHA1PRNG] took [1,041] milliseconds.
[20241230 18:16:16:709][DEBUG][org.hibernate.SQL] select p1_0.id,p1_0.category,p1_0.country,p1_0.manufacturer,p1_0.name,p1_0.price,p1_0.quantity from product p1_0
[20241230 18:16:28:474][DEBUG][org.hibernate.SQL] select u1_0.id,u1_0.created_at,u1_0.name,u1_0.phone,u1_0.signup_id,u1_0.signup_password,u1_0.updated_at from user u1_0 where u1_0.signup_id=?
[20241230 18:16:31:977][DEBUG][org.hibernate.SQL] select u1_0.id,u1_0.created_at,u1_0.name,u1_0.phone,u1_0.signup_id,u1_0.signup_password,u1_0.updated_at from user u1_0 where u1_0.signup_id=?
[20241230 18:16:32:945][DEBUG][org.hibernate.SQL] select u1_0.id,u1_0.created_at,u1_0.name,u1_0.phone,u1_0.signup_id,u1_0.signup_password,u1_0.updated_at from user u1_0 where u1_0.signup_id=?
[20241230 18:16:33:191][DEBUG][org.hibernate.SQL] select u1_0.id,u1_0.created_at,u1_0.name,u1_0.phone,u1_0.signup_id,u1_0.signup_password,u1_0.updated_at from user u1_0 where u1_0.signup_id=?
[20241230 18:16:33:215][DEBUG][org.hibernate.SQL] select p1_0.id,p1_0.category,p1_0.country,p1_0.manufacturer,p1_0.name,p1_0.price,p1_0.quantity from product p1_0
[20241230 18:16:34:355][DEBUG][org.hibernate.SQL] select u1_0.id,u1_0.created_at,u1_0.name,u1_0.phone,u1_0.signup_id,u1_0.signup_password,u1_0.updated_at from user u1_0 where u1_0.signup_id=?
[20241230 18:16:34:405][DEBUG][org.hibernate.SQL] select c1_0.id,c1_0.created_at,c1_0.product_id,c1_0.quantity,c1_0.updated_at,c1_0.signup_id from cart c1_0 where c1_0.signup_id=?
[20241230 18:16:35:072][DEBUG][org.hibernate.SQL] select u1_0.id,u1_0.created_at,u1_0.name,u1_0.phone,u1_0.signup_id,u1_0.signup_password,u1_0.updated_at from user u1_0 where u1_0.signup_id=?
[20241230 18:16:35:159][DEBUG][org.hibernate.SQL] select p1_0.id,p1_0.category,p1_0.country,p1_0.manufacturer,p1_0.name,p1_0.price,p1_0.quantity from product p1_0 where p1_0.id=?
[20241230 18:16:35:219][DEBUG][org.hibernate.SQL] select p1_0.id,p1_0.category,p1_0.country,p1_0.manufacturer,p1_0.name,p1_0.price,p1_0.quantity from product p1_0 where p1_0.id=?
[20241230 18:16:35:224][DEBUG][org.hibernate.SQL] select p1_0.id,p1_0.category,p1_0.country,p1_0.manufacturer,p1_0.name,p1_0.price,p1_0.quantity from product p1_0 where p1_0.id=?
[20241230 18:16:36:225][INFO ][c.e.demo.controller.CheckoutController] √— ∞°∞›: 469000, √— ºˆ∑Æ: 8
[20241230 18:18:32:565][INFO ][c.e.demo.controller.WidgetController] Payment Confirmed! Total Price: 469000, Total Quantity: 8
[20241230 18:18:35:248][INFO ][c.e.demo.controller.WidgetController] Response from Toss Payments: {"country":"KR","metadata":null,"orderId":"MC45NTk5NDMyMTU1MDM4","cashReceipts":null,"isPartialCancelable":true,"lastTransactionKey":"txrd_a01jgbdrdw4pjmkhxg3trxrqzm5","discount":null,"taxExemptionAmount":0,"suppliedAmount":421818,"secret":"ps_ma60RZblrqPlX4Rd2AyxVwzYWBn1","type":"NORMAL","cultureExpense":false,"taxFreeAmount":0,"requestedAt":"2024-12-30T18:16:58+09:00","currency":"KRW","paymentKey":"tgen_202412301816588q0H7","virtualAccount":null,"checkout":{"url":"https:\/\/api.tosspayments.com\/v1\/payments\/tgen_202412301816588q0H7\/checkout"},"orderName":"≈‰Ω∫ ∆ºº≈√˜ ø‹ 11∞«","method":"∞£∆Ì∞·¡¶","useEscrow":false,"vat":42182,"mId":"tgen_docs","approvedAt":"2024-12-30T18:18:38+09:00","balanceAmount":464000,"version":"2022-11-16","easyPay":{"amount":464000,"provider":"≈‰Ω∫∆‰¿Ã","discountAmount":0},"totalAmount":464000,"cancels":null,"transfer":null,"mobilePhone":null,"failure":null,"receipt":{"url":"https:\/\/dashboard.tosspayments.com\/receipt\/redirection?transactionId=tgen_202412301816588q0H7&ref=PX"},"giftCertificate":null,"cashReceipt":null,"card":null,"status":"DONE"}
[20241230 18:18:35:357][DEBUG][org.hibernate.SQL] select u1_0.id,u1_0.created_at,u1_0.name,u1_0.phone,u1_0.signup_id,u1_0.signup_password,u1_0.updated_at from user u1_0 where u1_0.signup_id=?
[20241230 18:18:35:548][DEBUG][org.hibernate.SQL] select u1_0.id,u1_0.created_at,u1_0.name,u1_0.phone,u1_0.signup_id,u1_0.signup_password,u1_0.updated_at from user u1_0 where u1_0.signup_id=?
[20241230 18:18:35:665][DEBUG][org.hibernate.SQL] insert into web_payment_info (created_at,customer_name,customer_phone,payment_status,total_price,total_quantity,user_id) values (?,?,?,?,?,?,?)
[20241230 18:18:35:904][INFO ][com.example.demo.service.TossService] Saving payment info to DB: Method=∞£∆Ì∞·¡¶, Currency=KRW, Country=KR, Amount=464000, Discount=0, Time=2024-12-30 18:18:35.2639646, SignupId=jaja2222
[20241230 18:18:35:904][DEBUG][org.hibernate.SQL] select u1_0.id,u1_0.created_at,u1_0.name,u1_0.phone,u1_0.signup_id,u1_0.signup_password,u1_0.updated_at from user u1_0 where u1_0.signup_id=?
[20241230 18:18:35:904][DEBUG][org.hibernate.SQL] insert into toss_payment_info (country,currency,customer_name,customer_phone,discount,payment_method,payment_time,total_amount) values (?,?,?,?,?,?,?,?)
[20241230 18:18:35:965][INFO ][com.example.demo.service.TossService] Payment info saved successfully.
[20241230 18:18:36:072][DEBUG][org.hibernate.SQL] select u1_0.id,u1_0.created_at,u1_0.name,u1_0.phone,u1_0.signup_id,u1_0.signup_password,u1_0.updated_at from user u1_0 where u1_0.signup_id=?
[20241230 19:18:39:398][INFO ][com.example.demo.DemoApplication] Starting DemoApplication using Java 17.0.3 with PID 23180 (C:\Users\user\Desktop\demo\build\classes\java\main started by √÷¡¯«ı in C:\Users\user\Desktop\demo)
[20241230 19:18:39:403][INFO ][com.example.demo.DemoApplication] No active profile set, falling back to 1 default profile: "default"
[20241230 19:18:39:593][INFO ][o.s.b.d.e.DevToolsPropertyDefaultsPostProcessor] Devtools property defaults active! Set 'spring.devtools.add-properties' to 'false' to disable
[20241230 19:18:39:593][INFO ][o.s.b.d.e.DevToolsPropertyDefaultsPostProcessor] For additional web related logging consider setting the 'logging.level.web' property to 'DEBUG'
[20241230 19:18:43:228][INFO ][o.s.d.r.c.RepositoryConfigurationDelegate] Bootstrapping Spring Data JPA repositories in DEFAULT mode.
[20241230 19:18:43:504][INFO ][o.s.d.r.c.RepositoryConfigurationDelegate] Finished Spring Data repository scanning in 211 ms. Found 5 JPA repository interfaces.
[20241230 19:18:45:703][INFO ][o.s.b.w.embedded.tomcat.TomcatWebServer] Tomcat initialized with port 8083 (http)
[20241230 19:18:45:744][INFO ][o.apache.coyote.http11.Http11NioProtocol] Initializing ProtocolHandler ["http-nio-8083"]
[20241230 19:18:45:760][INFO ][o.apache.catalina.core.StandardService] Starting service [Tomcat]
[20241230 19:18:45:760][INFO ][org.apache.catalina.core.StandardEngine] Starting Servlet engine: [Apache Tomcat/10.1.31]
[20241230 19:18:45:969][INFO ][o.a.c.c.C.[Tomcat].[localhost].[/]] Initializing Spring embedded WebApplicationContext
[20241230 19:18:45:969][INFO ][o.s.b.w.s.c.ServletWebServerApplicationContext] Root WebApplicationContext: initialization completed in 6376 ms
[20241230 19:18:47:582][INFO ][o.hibernate.jpa.internal.util.LogHelper] HHH000204: Processing PersistenceUnitInfo [name: default]
[20241230 19:18:47:949][INFO ][org.hibernate.Version] HHH000412: Hibernate ORM core version 6.5.3.Final
[20241230 19:18:48:087][INFO ][o.h.c.internal.RegionFactoryInitiator] HHH000026: Second-level cache disabled
[20241230 19:18:49:830][INFO ][o.s.o.j.p.SpringPersistenceUnitInfo] No LoadTimeWeaver setup: ignoring JPA class transformer
[20241230 19:18:50:037][INFO ][com.zaxxer.hikari.HikariDataSource] HikariPool-1 - Starting...
[20241230 19:18:51:811][INFO ][com.zaxxer.hikari.pool.HikariPool] HikariPool-1 - Added connection com.mysql.cj.jdbc.ConnectionImpl@246ac031
[20241230 19:18:51:827][INFO ][com.zaxxer.hikari.HikariDataSource] HikariPool-1 - Start completed.
[20241230 19:18:52:871][WARN ][org.hibernate.orm.deprecation] HHH90000025: MySQLDialect does not need to be specified explicitly using 'hibernate.dialect' (remove the property setting and it will be selected by default)
[20241230 19:18:53:071][DEBUG][o.h.t.descriptor.sql.spi.DdlTypeRegistry] addDescriptor(12, org.hibernate.type.descriptor.sql.internal.CapacityDependentDdlType@467c4e2f) replaced previous registration(org.hibernate.type.descriptor.sql.internal.CapacityDependentDdlType@55e01f08)
[20241230 19:18:53:086][DEBUG][o.h.t.descriptor.sql.spi.DdlTypeRegistry] addDescriptor(-9, org.hibernate.type.descriptor.sql.internal.CapacityDependentDdlType@c8b0bdc) replaced previous registration(org.hibernate.type.descriptor.sql.internal.CapacityDependentDdlType@5fabeb4d)
[20241230 19:18:53:086][DEBUG][o.h.t.descriptor.sql.spi.DdlTypeRegistry] addDescriptor(-3, org.hibernate.type.descriptor.sql.internal.CapacityDependentDdlType@7b82dba1) replaced previous registration(org.hibernate.type.descriptor.sql.internal.CapacityDependentDdlType@2e4f9386)
[20241230 19:18:53:086][DEBUG][o.h.t.descriptor.sql.spi.DdlTypeRegistry] addDescriptor(4003, org.hibernate.type.descriptor.sql.internal.DdlTypeImpl@7a4eb878) replaced previous registration(org.hibernate.type.descriptor.sql.internal.DdlTypeImpl@7abfc5ff)
[20241230 19:18:53:126][DEBUG][o.h.t.descriptor.sql.spi.DdlTypeRegistry] addDescriptor(4001, org.hibernate.type.descriptor.sql.internal.DdlTypeImpl@178d46da) replaced previous registration(org.hibernate.type.descriptor.sql.internal.DdlTypeImpl@458c340e)
[20241230 19:18:53:138][DEBUG][o.h.t.descriptor.sql.spi.DdlTypeRegistry] addDescriptor(4002, org.hibernate.type.descriptor.sql.internal.DdlTypeImpl@4a0ed9bf) replaced previous registration(org.hibernate.type.descriptor.sql.internal.DdlTypeImpl@4e1a6d3c)
[20241230 19:18:53:138][DEBUG][o.h.t.descriptor.sql.spi.DdlTypeRegistry] addDescriptor(2004, org.hibernate.type.descriptor.sql.internal.CapacityDependentDdlType@33dc49b3) replaced previous registration(org.hibernate.type.descriptor.sql.internal.DdlTypeImpl@17542782)
[20241230 19:18:53:155][DEBUG][o.h.t.descriptor.sql.spi.DdlTypeRegistry] addDescriptor(2005, org.hibernate.type.descriptor.sql.internal.CapacityDependentDdlType@2b2bd7f6) replaced previous registration(org.hibernate.type.descriptor.sql.internal.DdlTypeImpl@36c52c22)
[20241230 19:18:53:223][DEBUG][o.h.t.descriptor.sql.spi.DdlTypeRegistry] addDescriptor(2011, org.hibernate.type.descriptor.sql.internal.CapacityDependentDdlType@67857a98) replaced previous registration(org.hibernate.type.descriptor.sql.internal.DdlTypeImpl@51db29dd)
[20241230 19:18:55:996][INFO ][o.h.e.t.j.p.i.JtaPlatformInitiator] HHH000489: No JTA platform available (set 'hibernate.transaction.jta.platform' to enable JTA platform integration)
[20241230 19:18:56:853][INFO ][o.s.o.j.LocalContainerEntityManagerFactoryBean] Initialized JPA EntityManagerFactory for persistence unit 'default'
[20241230 19:18:57:953][WARN ][o.s.b.a.o.j.JpaBaseConfiguration$JpaWebConfiguration] spring.jpa.open-in-view is enabled by default. Therefore, database queries may be performed during view rendering. Explicitly configure spring.jpa.open-in-view to disable this warning
[20241230 19:18:58:020][INFO ][o.s.b.a.w.s.WelcomePageHandlerMapping] Adding welcome page template: index
[20241230 19:18:58:902][INFO ][o.s.b.d.a.OptionalLiveReloadServer] LiveReload server is running on port 35729
[20241230 19:18:58:952][INFO ][o.apache.coyote.http11.Http11NioProtocol] Starting ProtocolHandler ["http-nio-8083"]
[20241230 19:18:59:090][INFO ][o.s.b.w.embedded.tomcat.TomcatWebServer] Tomcat started on port 8083 (http) with context path '/'
[20241230 19:18:59:154][INFO ][com.example.demo.DemoApplication] Started DemoApplication in 22.643 seconds (process running for 26.872)
[20241230 19:47:09:083][INFO ][o.a.c.c.C.[Tomcat].[localhost].[/]] Initializing Spring DispatcherServlet 'dispatcherServlet'
[20241230 19:47:09:504][INFO ][o.s.web.servlet.DispatcherServlet] Initializing Servlet 'dispatcherServlet'
[20241230 19:47:09:724][INFO ][o.s.web.servlet.DispatcherServlet] Completed initialization in 216 ms
[20241230 19:47:13:363][WARN ][o.a.catalina.util.SessionIdGeneratorBase] Creation of SecureRandom instance for session ID generation using [SHA1PRNG] took [944] milliseconds.
[20241230 19:47:15:633][DEBUG][org.hibernate.SQL] select p1_0.id,p1_0.category,p1_0.country,p1_0.manufacturer,p1_0.name,p1_0.price,p1_0.quantity from product p1_0
[20241230 19:47:30:963][DEBUG][org.hibernate.SQL] select u1_0.id,u1_0.created_at,u1_0.name,u1_0.phone,u1_0.signup_id,u1_0.signup_password,u1_0.updated_at from user u1_0 where u1_0.signup_id=?
[20241230 19:47:31:177][ERROR][o.a.c.c.C.[.[.[/].[dispatcherServlet]] Servlet.service() for servlet [dispatcherServlet] in context with path [] threw exception [Request processing failed: java.lang.IllegalArgumentException: Invalid salt version] with root cause
java.lang.IllegalArgumentException: Invalid salt version
	at org.mindrot.jbcrypt.BCrypt.hashpw(BCrypt.java:659)
	at org.mindrot.jbcrypt.BCrypt.checkpw(BCrypt.java:764)
	at com.example.demo.service.UserService.authenticateUser(UserService.java:36)
	at com.example.demo.controller.UserController.login(UserController.java:24)
	at java.base/jdk.internal.reflect.NativeMethodAccessorImpl.invoke0(Native Method)
	at java.base/jdk.internal.reflect.NativeMethodAccessorImpl.invoke(NativeMethodAccessorImpl.java:77)
	at java.base/jdk.internal.reflect.DelegatingMethodAccessorImpl.invoke(DelegatingMethodAccessorImpl.java:43)
	at java.base/java.lang.reflect.Method.invoke(Method.java:568)
	at org.springframework.web.method.support.InvocableHandlerMethod.doInvoke(InvocableHandlerMethod.java:255)
	at org.springframework.web.method.support.InvocableHandlerMethod.invokeForRequest(InvocableHandlerMethod.java:188)
	at org.springframework.web.servlet.mvc.method.annotation.ServletInvocableHandlerMethod.invokeAndHandle(ServletInvocableHandlerMethod.java:118)
	at org.springframework.web.servlet.mvc.method.annotation.RequestMappingHandlerAdapter.invokeHandlerMethod(RequestMappingHandlerAdapter.java:926)
	at org.springframework.web.servlet.mvc.method.annotation.RequestMappingHandlerAdapter.handleInternal(RequestMappingHandlerAdapter.java:831)
	at org.springframework.web.servlet.mvc.method.AbstractHandlerMethodAdapter.handle(AbstractHandlerMethodAdapter.java:87)
	at org.springframework.web.servlet.DispatcherServlet.doDispatch(DispatcherServlet.java:1089)
	at org.springframework.web.servlet.DispatcherServlet.doService(DispatcherServlet.java:979)
	at org.springframework.web.servlet.FrameworkServlet.processRequest(FrameworkServlet.java:1014)
	at org.springframework.web.servlet.FrameworkServlet.doPost(FrameworkServlet.java:914)
	at jakarta.servlet.http.HttpServlet.service(HttpServlet.java:590)
	at org.springframework.web.servlet.FrameworkServlet.service(FrameworkServlet.java:885)
	at jakarta.servlet.http.HttpServlet.service(HttpServlet.java:658)
	at org.apache.catalina.core.ApplicationFilterChain.internalDoFilter(ApplicationFilterChain.java:195)
	at org.apache.catalina.core.ApplicationFilterChain.doFilter(ApplicationFilterChain.java:140)
	at org.apache.tomcat.websocket.server.WsFilter.doFilter(WsFilter.java:51)
	at org.apache.catalina.core.ApplicationFilterChain.internalDoFilter(ApplicationFilterChain.java:164)
	at org.apache.catalina.core.ApplicationFilterChain.doFilter(ApplicationFilterChain.java:140)
	at org.springframework.web.filter.RequestContextFilter.doFilterInternal(RequestContextFilter.java:100)
	at org.springframework.web.filter.OncePerRequestFilter.doFilter(OncePerRequestFilter.java:116)
	at org.apache.catalina.core.ApplicationFilterChain.internalDoFilter(ApplicationFilterChain.java:164)
	at org.apache.catalina.core.ApplicationFilterChain.doFilter(ApplicationFilterChain.java:140)
	at org.springframework.web.filter.FormContentFilter.doFilterInternal(FormContentFilter.java:93)
	at org.springframework.web.filter.OncePerRequestFilter.doFilter(OncePerRequestFilter.java:116)
	at org.apache.catalina.core.ApplicationFilterChain.internalDoFilter(ApplicationFilterChain.java:164)
	at org.apache.catalina.core.ApplicationFilterChain.doFilter(ApplicationFilterChain.java:140)
	at org.springframework.web.filter.CharacterEncodingFilter.doFilterInternal(CharacterEncodingFilter.java:201)
	at org.springframework.web.filter.OncePerRequestFilter.doFilter(OncePerRequestFilter.java:116)
	at org.apache.catalina.core.ApplicationFilterChain.internalDoFilter(ApplicationFilterChain.java:164)
	at org.apache.catalina.core.ApplicationFilterChain.doFilter(ApplicationFilterChain.java:140)
	at org.apache.catalina.core.StandardWrapperValve.invoke(StandardWrapperValve.java:167)
	at org.apache.catalina.core.StandardContextValve.invoke(StandardContextValve.java:90)
	at org.apache.catalina.authenticator.AuthenticatorBase.invoke(AuthenticatorBase.java:483)
	at org.apache.catalina.core.StandardHostValve.invoke(StandardHostValve.java:115)
	at org.apache.catalina.valves.ErrorReportValve.invoke(ErrorReportValve.java:93)
	at org.apache.catalina.core.StandardEngineValve.invoke(StandardEngineValve.java:74)
	at org.apache.catalina.connector.CoyoteAdapter.service(CoyoteAdapter.java:344)
	at org.apache.coyote.http11.Http11Processor.service(Http11Processor.java:384)
	at org.apache.coyote.AbstractProcessorLight.process(AbstractProcessorLight.java:63)
	at org.apache.coyote.AbstractProtocol$ConnectionHandler.process(AbstractProtocol.java:905)
	at org.apache.tomcat.util.net.NioEndpoint$SocketProcessor.doRun(NioEndpoint.java:1741)
	at org.apache.tomcat.util.net.SocketProcessorBase.run(SocketProcessorBase.java:52)
	at org.apache.tomcat.util.threads.ThreadPoolExecutor.runWorker(ThreadPoolExecutor.java:1190)
	at org.apache.tomcat.util.threads.ThreadPoolExecutor$Worker.run(ThreadPoolExecutor.java:659)
	at org.apache.tomcat.util.threads.TaskThread$WrappingRunnable.run(TaskThread.java:63)
	at java.base/java.lang.Thread.run(Thread.java:833)
[20241230 19:47:36:790][DEBUG][org.hibernate.SQL] select u1_0.id,u1_0.created_at,u1_0.name,u1_0.phone,u1_0.signup_id,u1_0.signup_password,u1_0.updated_at from user u1_0 where u1_0.signup_id=?
[20241230 19:47:43:648][DEBUG][org.hibernate.SQL] select u1_0.id,u1_0.created_at,u1_0.name,u1_0.phone,u1_0.signup_id,u1_0.signup_password,u1_0.updated_at from user u1_0 where u1_0.signup_id=?
[20241230 19:47:44:821][DEBUG][org.hibernate.SQL] select u1_0.id,u1_0.created_at,u1_0.name,u1_0.phone,u1_0.signup_id,u1_0.signup_password,u1_0.updated_at from user u1_0 where u1_0.signup_id=?
[20241230 19:47:45:257][DEBUG][org.hibernate.SQL] select u1_0.id,u1_0.created_at,u1_0.name,u1_0.phone,u1_0.signup_id,u1_0.signup_password,u1_0.updated_at from user u1_0 where u1_0.signup_id=?
[20241230 19:47:45:307][DEBUG][org.hibernate.SQL] select p1_0.id,p1_0.category,p1_0.country,p1_0.manufacturer,p1_0.name,p1_0.price,p1_0.quantity from product p1_0
[20241230 19:47:49:177][DEBUG][org.hibernate.SQL] select u1_0.id,u1_0.created_at,u1_0.name,u1_0.phone,u1_0.signup_id,u1_0.signup_password,u1_0.updated_at from user u1_0 where u1_0.signup_id=?
[20241230 19:47:49:274][DEBUG][org.hibernate.SQL] select c1_0.id,c1_0.created_at,c1_0.product_id,c1_0.quantity,c1_0.updated_at,c1_0.signup_id from cart c1_0 where c1_0.signup_id=?
[20241230 19:47:49:446][DEBUG][org.hibernate.SQL] select u1_0.id,u1_0.created_at,u1_0.name,u1_0.phone,u1_0.signup_id,u1_0.signup_password,u1_0.updated_at from user u1_0 where u1_0.signup_id=?
[20241230 19:47:49:484][DEBUG][org.hibernate.SQL] select p1_0.id,p1_0.category,p1_0.country,p1_0.manufacturer,p1_0.name,p1_0.price,p1_0.quantity from product p1_0 where p1_0.id=?
[20241230 19:47:49:510][DEBUG][org.hibernate.SQL] select p1_0.id,p1_0.category,p1_0.country,p1_0.manufacturer,p1_0.name,p1_0.price,p1_0.quantity from product p1_0 where p1_0.id=?
[20241230 19:47:49:514][DEBUG][org.hibernate.SQL] select p1_0.id,p1_0.category,p1_0.country,p1_0.manufacturer,p1_0.name,p1_0.price,p1_0.quantity from product p1_0 where p1_0.id=?
[20241230 19:47:50:687][INFO ][c.e.demo.controller.CheckoutController] √— ∞°∞›: 469000, √— ºˆ∑Æ: 8
[20241230 19:49:17:737][INFO ][c.e.demo.controller.WidgetController] Payment Confirmed! Total Price: 469000, Total Quantity: 8
[20241230 19:49:20:558][INFO ][c.e.demo.controller.WidgetController] Response from Toss Payments: {"country":"KR","metadata":null,"orderId":"MC40Nzc2MDk3NjI1MjYx","cashReceipts":null,"isPartialCancelable":true,"lastTransactionKey":"txrd_a01jgbjykqpe0zns8psq6c7s4t1","discount":null,"taxExemptionAmount":0,"suppliedAmount":421818,"secret":"ps_kYG57Eba3GR9n9w26EG98pWDOxmA","type":"NORMAL","cultureExpense":false,"taxFreeAmount":0,"requestedAt":"2024-12-30T19:48:24+09:00","currency":"KRW","paymentKey":"tgen_2024123019482454835","virtualAccount":null,"checkout":{"url":"https:\/\/api.tosspayments.com\/v1\/payments\/tgen_2024123019482454835\/checkout"},"orderName":"≈‰Ω∫ ∆ºº≈√˜ ø‹ 11∞«","method":"∞£∆Ì∞·¡¶","useEscrow":false,"vat":42182,"mId":"tgen_docs","approvedAt":"2024-12-30T19:49:23+09:00","balanceAmount":464000,"version":"2022-11-16","easyPay":{"amount":464000,"provider":"≈‰Ω∫∆‰¿Ã","discountAmount":0},"totalAmount":464000,"cancels":null,"transfer":null,"mobilePhone":null,"failure":null,"receipt":{"url":"https:\/\/dashboard.tosspayments.com\/receipt\/redirection?transactionId=tgen_2024123019482454835&ref=PX"},"giftCertificate":null,"cashReceipt":null,"card":null,"status":"DONE"}
[20241230 19:49:20:703][DEBUG][org.hibernate.SQL] select u1_0.id,u1_0.created_at,u1_0.name,u1_0.phone,u1_0.signup_id,u1_0.signup_password,u1_0.updated_at from user u1_0 where u1_0.signup_id=?
[20241230 19:49:21:180][DEBUG][org.hibernate.SQL] select u1_0.id,u1_0.created_at,u1_0.name,u1_0.phone,u1_0.signup_id,u1_0.signup_password,u1_0.updated_at from user u1_0 where u1_0.signup_id=?
[20241230 19:49:21:519][DEBUG][org.hibernate.SQL] insert into web_payment_info (created_at,customer_name,customer_phone,payment_status,total_price,total_quantity,user_id) values (?,?,?,?,?,?,?)
[20241230 19:49:21:840][INFO ][com.example.demo.service.TossService] Saving payment info to DB: Method=∞£∆Ì∞·¡¶, Currency=KRW, Country=KR, Amount=464000, Discount=0, Time=2024-12-30 19:49:20.5657498, SignupId=jaja2222
[20241230 19:49:21:844][DEBUG][org.hibernate.SQL] select u1_0.id,u1_0.created_at,u1_0.name,u1_0.phone,u1_0.signup_id,u1_0.signup_password,u1_0.updated_at from user u1_0 where u1_0.signup_id=?
[20241230 19:49:21:860][DEBUG][org.hibernate.SQL] insert into toss_payment_info (country,currency,customer_name,customer_phone,discount,payment_method,payment_time,total_amount) values (?,?,?,?,?,?,?,?)
[20241230 19:49:21:890][INFO ][com.example.demo.service.TossService] Payment info saved successfully.
[20241230 20:40:30:382][INFO ][com.example.demo.DemoApplication] Starting DemoApplication using Java 17.0.3 with PID 22636 (C:\Users\user\Desktop\demo\build\classes\java\main started by √÷¡¯«ı in C:\Users\user\Desktop\demo)
[20241230 20:40:30:388][INFO ][com.example.demo.DemoApplication] No active profile set, falling back to 1 default profile: "default"
[20241230 20:40:30:570][INFO ][o.s.b.d.e.DevToolsPropertyDefaultsPostProcessor] Devtools property defaults active! Set 'spring.devtools.add-properties' to 'false' to disable
[20241230 20:40:30:573][INFO ][o.s.b.d.e.DevToolsPropertyDefaultsPostProcessor] For additional web related logging consider setting the 'logging.level.web' property to 'DEBUG'
[20241230 20:40:33:387][INFO ][o.s.d.r.c.RepositoryConfigurationDelegate] Bootstrapping Spring Data JPA repositories in DEFAULT mode.
[20241230 20:40:33:783][INFO ][o.s.d.r.c.RepositoryConfigurationDelegate] Finished Spring Data repository scanning in 301 ms. Found 5 JPA repository interfaces.
[20241230 20:40:36:747][INFO ][o.s.b.w.embedded.tomcat.TomcatWebServer] Tomcat initialized with port 8083 (http)
[20241230 20:40:36:798][INFO ][o.apache.coyote.http11.Http11NioProtocol] Initializing ProtocolHandler ["http-nio-8083"]
[20241230 20:40:36:820][INFO ][o.apache.catalina.core.StandardService] Starting service [Tomcat]
[20241230 20:40:36:822][INFO ][org.apache.catalina.core.StandardEngine] Starting Servlet engine: [Apache Tomcat/10.1.31]
[20241230 20:40:37:120][INFO ][o.a.c.c.C.[Tomcat].[localhost].[/]] Initializing Spring embedded WebApplicationContext
[20241230 20:40:37:122][INFO ][o.s.b.w.s.c.ServletWebServerApplicationContext] Root WebApplicationContext: initialization completed in 6546 ms
[20241230 20:40:38:427][INFO ][o.hibernate.jpa.internal.util.LogHelper] HHH000204: Processing PersistenceUnitInfo [name: default]
[20241230 20:40:38:729][INFO ][org.hibernate.Version] HHH000412: Hibernate ORM core version 6.5.3.Final
[20241230 20:40:38:923][INFO ][o.h.c.internal.RegionFactoryInitiator] HHH000026: Second-level cache disabled
[20241230 20:40:41:139][INFO ][o.s.o.j.p.SpringPersistenceUnitInfo] No LoadTimeWeaver setup: ignoring JPA class transformer
[20241230 20:40:41:383][INFO ][com.zaxxer.hikari.HikariDataSource] HikariPool-1 - Starting...
[20241230 20:40:43:263][INFO ][com.zaxxer.hikari.pool.HikariPool] HikariPool-1 - Added connection com.mysql.cj.jdbc.ConnectionImpl@2880ad36
[20241230 20:40:43:304][INFO ][com.zaxxer.hikari.HikariDataSource] HikariPool-1 - Start completed.
[20241230 20:40:44:765][WARN ][org.hibernate.orm.deprecation] HHH90000025: MySQLDialect does not need to be specified explicitly using 'hibernate.dialect' (remove the property setting and it will be selected by default)
[20241230 20:40:45:113][DEBUG][o.h.t.descriptor.sql.spi.DdlTypeRegistry] addDescriptor(12, org.hibernate.type.descriptor.sql.internal.CapacityDependentDdlType@366ca7c) replaced previous registration(org.hibernate.type.descriptor.sql.internal.CapacityDependentDdlType@7ebe3499)
[20241230 20:40:45:118][DEBUG][o.h.t.descriptor.sql.spi.DdlTypeRegistry] addDescriptor(-9, org.hibernate.type.descriptor.sql.internal.CapacityDependentDdlType@1066a834) replaced previous registration(org.hibernate.type.descriptor.sql.internal.CapacityDependentDdlType@37ac400)
[20241230 20:40:45:126][DEBUG][o.h.t.descriptor.sql.spi.DdlTypeRegistry] addDescriptor(-3, org.hibernate.type.descriptor.sql.internal.CapacityDependentDdlType@36fadb39) replaced previous registration(org.hibernate.type.descriptor.sql.internal.CapacityDependentDdlType@39ef2b83)
[20241230 20:40:45:127][DEBUG][o.h.t.descriptor.sql.spi.DdlTypeRegistry] addDescriptor(4003, org.hibernate.type.descriptor.sql.internal.DdlTypeImpl@1c6d1382) replaced previous registration(org.hibernate.type.descriptor.sql.internal.DdlTypeImpl@49e28ecb)
[20241230 20:40:45:169][DEBUG][o.h.t.descriptor.sql.spi.DdlTypeRegistry] addDescriptor(4001, org.hibernate.type.descriptor.sql.internal.DdlTypeImpl@29a1a7dd) replaced previous registration(org.hibernate.type.descriptor.sql.internal.DdlTypeImpl@69d23259)
[20241230 20:40:45:252][DEBUG][o.h.t.descriptor.sql.spi.DdlTypeRegistry] addDescriptor(4002, org.hibernate.type.descriptor.sql.internal.DdlTypeImpl@1d57cde2) replaced previous registration(org.hibernate.type.descriptor.sql.internal.DdlTypeImpl@401e8c55)
[20241230 20:40:45:362][DEBUG][o.h.t.descriptor.sql.spi.DdlTypeRegistry] addDescriptor(2004, org.hibernate.type.descriptor.sql.internal.CapacityDependentDdlType@642544c4) replaced previous registration(org.hibernate.type.descriptor.sql.internal.DdlTypeImpl@1c9df2e3)
[20241230 20:40:45:418][DEBUG][o.h.t.descriptor.sql.spi.DdlTypeRegistry] addDescriptor(2005, org.hibernate.type.descriptor.sql.internal.CapacityDependentDdlType@3f06044f) replaced previous registration(org.hibernate.type.descriptor.sql.internal.DdlTypeImpl@b4e5bde)
[20241230 20:40:45:447][DEBUG][o.h.t.descriptor.sql.spi.DdlTypeRegistry] addDescriptor(2011, org.hibernate.type.descriptor.sql.internal.CapacityDependentDdlType@45033d17) replaced previous registration(org.hibernate.type.descriptor.sql.internal.DdlTypeImpl@367ad5be)
[20241230 20:40:50:000][INFO ][o.h.e.t.j.p.i.JtaPlatformInitiator] HHH000489: No JTA platform available (set 'hibernate.transaction.jta.platform' to enable JTA platform integration)
[20241230 20:40:50:585][INFO ][o.s.o.j.LocalContainerEntityManagerFactoryBean] Initialized JPA EntityManagerFactory for persistence unit 'default'
[20241230 20:40:52:177][WARN ][o.s.b.a.o.j.JpaBaseConfiguration$JpaWebConfiguration] spring.jpa.open-in-view is enabled by default. Therefore, database queries may be performed during view rendering. Explicitly configure spring.jpa.open-in-view to disable this warning
[20241230 20:40:52:264][INFO ][o.s.b.a.w.s.WelcomePageHandlerMapping] Adding welcome page template: index
[20241230 20:40:53:800][INFO ][o.s.b.d.a.OptionalLiveReloadServer] LiveReload server is running on port 35729
[20241230 20:40:53:974][INFO ][o.apache.coyote.http11.Http11NioProtocol] Starting ProtocolHandler ["http-nio-8083"]
[20241230 20:40:54:168][INFO ][o.s.b.w.embedded.tomcat.TomcatWebServer] Tomcat started on port 8083 (http) with context path '/'
[20241230 20:40:54:212][INFO ][com.example.demo.DemoApplication] Started DemoApplication in 25.451 seconds (process running for 28.277)
[20241230 20:45:02:946][INFO ][o.a.c.c.C.[Tomcat].[localhost].[/]] Initializing Spring DispatcherServlet 'dispatcherServlet'
[20241230 20:45:03:009][INFO ][o.s.web.servlet.DispatcherServlet] Initializing Servlet 'dispatcherServlet'
[20241230 20:45:03:080][INFO ][o.s.web.servlet.DispatcherServlet] Completed initialization in 70 ms
[20241230 20:45:06:858][WARN ][o.a.catalina.util.SessionIdGeneratorBase] Creation of SecureRandom instance for session ID generation using [SHA1PRNG] took [457] milliseconds.
[20241230 20:45:08:091][DEBUG][org.hibernate.SQL] select p1_0.id,p1_0.category,p1_0.country,p1_0.manufacturer,p1_0.name,p1_0.price,p1_0.quantity from product p1_0
[20241230 20:46:12:878][DEBUG][org.hibernate.SQL] select u1_0.id,u1_0.created_at,u1_0.name,u1_0.phone,u1_0.signup_id,u1_0.signup_password,u1_0.updated_at from user u1_0 where u1_0.signup_id=?
[20241230 20:46:13:075][ERROR][o.a.c.c.C.[.[.[/].[dispatcherServlet]] Servlet.service() for servlet [dispatcherServlet] in context with path [] threw exception [Request processing failed: java.lang.IllegalArgumentException: Invalid salt version] with root cause
java.lang.IllegalArgumentException: Invalid salt version
	at org.mindrot.jbcrypt.BCrypt.hashpw(BCrypt.java:659)
	at org.mindrot.jbcrypt.BCrypt.checkpw(BCrypt.java:764)
	at com.example.demo.service.UserService.authenticateUser(UserService.java:36)
	at com.example.demo.controller.UserController.login(UserController.java:24)
	at java.base/jdk.internal.reflect.NativeMethodAccessorImpl.invoke0(Native Method)
	at java.base/jdk.internal.reflect.NativeMethodAccessorImpl.invoke(NativeMethodAccessorImpl.java:77)
	at java.base/jdk.internal.reflect.DelegatingMethodAccessorImpl.invoke(DelegatingMethodAccessorImpl.java:43)
	at java.base/java.lang.reflect.Method.invoke(Method.java:568)
	at org.springframework.web.method.support.InvocableHandlerMethod.doInvoke(InvocableHandlerMethod.java:255)
	at org.springframework.web.method.support.InvocableHandlerMethod.invokeForRequest(InvocableHandlerMethod.java:188)
	at org.springframework.web.servlet.mvc.method.annotation.ServletInvocableHandlerMethod.invokeAndHandle(ServletInvocableHandlerMethod.java:118)
	at org.springframework.web.servlet.mvc.method.annotation.RequestMappingHandlerAdapter.invokeHandlerMethod(RequestMappingHandlerAdapter.java:926)
	at org.springframework.web.servlet.mvc.method.annotation.RequestMappingHandlerAdapter.handleInternal(RequestMappingHandlerAdapter.java:831)
	at org.springframework.web.servlet.mvc.method.AbstractHandlerMethodAdapter.handle(AbstractHandlerMethodAdapter.java:87)
	at org.springframework.web.servlet.DispatcherServlet.doDispatch(DispatcherServlet.java:1089)
	at org.springframework.web.servlet.DispatcherServlet.doService(DispatcherServlet.java:979)
	at org.springframework.web.servlet.FrameworkServlet.processRequest(FrameworkServlet.java:1014)
	at org.springframework.web.servlet.FrameworkServlet.doPost(FrameworkServlet.java:914)
	at jakarta.servlet.http.HttpServlet.service(HttpServlet.java:590)
	at org.springframework.web.servlet.FrameworkServlet.service(FrameworkServlet.java:885)
	at jakarta.servlet.http.HttpServlet.service(HttpServlet.java:658)
	at org.apache.catalina.core.ApplicationFilterChain.internalDoFilter(ApplicationFilterChain.java:195)
	at org.apache.catalina.core.ApplicationFilterChain.doFilter(ApplicationFilterChain.java:140)
	at org.apache.tomcat.websocket.server.WsFilter.doFilter(WsFilter.java:51)
	at org.apache.catalina.core.ApplicationFilterChain.internalDoFilter(ApplicationFilterChain.java:164)
	at org.apache.catalina.core.ApplicationFilterChain.doFilter(ApplicationFilterChain.java:140)
	at org.springframework.web.filter.RequestContextFilter.doFilterInternal(RequestContextFilter.java:100)
	at org.springframework.web.filter.OncePerRequestFilter.doFilter(OncePerRequestFilter.java:116)
	at org.apache.catalina.core.ApplicationFilterChain.internalDoFilter(ApplicationFilterChain.java:164)
	at org.apache.catalina.core.ApplicationFilterChain.doFilter(ApplicationFilterChain.java:140)
	at org.springframework.web.filter.FormContentFilter.doFilterInternal(FormContentFilter.java:93)
	at org.springframework.web.filter.OncePerRequestFilter.doFilter(OncePerRequestFilter.java:116)
	at org.apache.catalina.core.ApplicationFilterChain.internalDoFilter(ApplicationFilterChain.java:164)
	at org.apache.catalina.core.ApplicationFilterChain.doFilter(ApplicationFilterChain.java:140)
	at org.springframework.web.filter.CharacterEncodingFilter.doFilterInternal(CharacterEncodingFilter.java:201)
	at org.springframework.web.filter.OncePerRequestFilter.doFilter(OncePerRequestFilter.java:116)
	at org.apache.catalina.core.ApplicationFilterChain.internalDoFilter(ApplicationFilterChain.java:164)
	at org.apache.catalina.core.ApplicationFilterChain.doFilter(ApplicationFilterChain.java:140)
	at org.apache.catalina.core.StandardWrapperValve.invoke(StandardWrapperValve.java:167)
	at org.apache.catalina.core.StandardContextValve.invoke(StandardContextValve.java:90)
	at org.apache.catalina.authenticator.AuthenticatorBase.invoke(AuthenticatorBase.java:483)
	at org.apache.catalina.core.StandardHostValve.invoke(StandardHostValve.java:115)
	at org.apache.catalina.valves.ErrorReportValve.invoke(ErrorReportValve.java:93)
	at org.apache.catalina.core.StandardEngineValve.invoke(StandardEngineValve.java:74)
	at org.apache.catalina.connector.CoyoteAdapter.service(CoyoteAdapter.java:344)
	at org.apache.coyote.http11.Http11Processor.service(Http11Processor.java:384)
	at org.apache.coyote.AbstractProcessorLight.process(AbstractProcessorLight.java:63)
	at org.apache.coyote.AbstractProtocol$ConnectionHandler.process(AbstractProtocol.java:905)
	at org.apache.tomcat.util.net.NioEndpoint$SocketProcessor.doRun(NioEndpoint.java:1741)
	at org.apache.tomcat.util.net.SocketProcessorBase.run(SocketProcessorBase.java:52)
	at org.apache.tomcat.util.threads.ThreadPoolExecutor.runWorker(ThreadPoolExecutor.java:1190)
	at org.apache.tomcat.util.threads.ThreadPoolExecutor$Worker.run(ThreadPoolExecutor.java:659)
	at org.apache.tomcat.util.threads.TaskThread$WrappingRunnable.run(TaskThread.java:63)
	at java.base/java.lang.Thread.run(Thread.java:833)
[20241230 20:46:24:379][DEBUG][org.hibernate.SQL] select u1_0.id,u1_0.created_at,u1_0.name,u1_0.phone,u1_0.signup_id,u1_0.signup_password,u1_0.updated_at from user u1_0 where u1_0.signup_id=?
[20241230 20:46:25:801][DEBUG][org.hibernate.SQL] select u1_0.id,u1_0.created_at,u1_0.name,u1_0.phone,u1_0.signup_id,u1_0.signup_password,u1_0.updated_at from user u1_0 where u1_0.signup_id=?
[20241230 20:46:26:289][DEBUG][org.hibernate.SQL] select u1_0.id,u1_0.created_at,u1_0.name,u1_0.phone,u1_0.signup_id,u1_0.signup_password,u1_0.updated_at from user u1_0 where u1_0.signup_id=?
[20241230 20:46:26:376][DEBUG][org.hibernate.SQL] select p1_0.id,p1_0.category,p1_0.country,p1_0.manufacturer,p1_0.name,p1_0.price,p1_0.quantity from product p1_0
[20241230 20:46:29:019][DEBUG][org.hibernate.SQL] select u1_0.id,u1_0.created_at,u1_0.name,u1_0.phone,u1_0.signup_id,u1_0.signup_password,u1_0.updated_at from user u1_0 where u1_0.signup_id=?
[20241230 20:46:29:120][DEBUG][org.hibernate.SQL] select c1_0.id,c1_0.created_at,c1_0.product_id,c1_0.quantity,c1_0.updated_at,c1_0.signup_id from cart c1_0 where c1_0.signup_id=?
[20241230 20:46:29:243][DEBUG][org.hibernate.SQL] select u1_0.id,u1_0.created_at,u1_0.name,u1_0.phone,u1_0.signup_id,u1_0.signup_password,u1_0.updated_at from user u1_0 where u1_0.signup_id=?
[20241230 20:46:29:290][DEBUG][org.hibernate.SQL] select p1_0.id,p1_0.category,p1_0.country,p1_0.manufacturer,p1_0.name,p1_0.price,p1_0.quantity from product p1_0 where p1_0.id=?
[20241230 20:46:29:311][DEBUG][org.hibernate.SQL] select p1_0.id,p1_0.category,p1_0.country,p1_0.manufacturer,p1_0.name,p1_0.price,p1_0.quantity from product p1_0 where p1_0.id=?
[20241230 20:46:29:314][DEBUG][org.hibernate.SQL] select p1_0.id,p1_0.category,p1_0.country,p1_0.manufacturer,p1_0.name,p1_0.price,p1_0.quantity from product p1_0 where p1_0.id=?
[20241230 20:46:30:634][INFO ][c.e.demo.controller.CheckoutController] √— ∞°∞›: 469000, √— ºˆ∑Æ: 8
[20241230 20:48:16:837][INFO ][c.e.demo.controller.WidgetController] Payment Confirmed! Total Price: 469000, Total Quantity: 8
[20241230 20:48:19:782][INFO ][c.e.demo.controller.WidgetController] Response from Toss Payments: {"country":"KR","metadata":null,"orderId":"MC4yMjMzMTE0ODU4MjEz","cashReceipts":null,"isPartialCancelable":true,"lastTransactionKey":"txrd_a01jgbpakztmddh2qx15kdtq0sv","discount":null,"taxExemptionAmount":0,"suppliedAmount":421818,"secret":"ps_ALnQvDd2VJGZAB7vn0jOrMj7X41m","type":"NORMAL","cultureExpense":false,"taxFreeAmount":0,"requestedAt":"2024-12-30T20:47:38+09:00","currency":"KRW","paymentKey":"tgen_20241230204738l6ts0","virtualAccount":null,"checkout":{"url":"https:\/\/api.tosspayments.com\/v1\/payments\/tgen_20241230204738l6ts0\/checkout"},"orderName":"≈‰Ω∫ ∆ºº≈√˜ ø‹ 11∞«","method":"∞£∆Ì∞·¡¶","useEscrow":false,"vat":42182,"mId":"tgen_docs","approvedAt":"2024-12-30T20:48:23+09:00","balanceAmount":464000,"version":"2022-11-16","easyPay":{"amount":464000,"provider":"≈‰Ω∫∆‰¿Ã","discountAmount":0},"totalAmount":464000,"cancels":null,"transfer":null,"mobilePhone":null,"failure":null,"receipt":{"url":"https:\/\/dashboard.tosspayments.com\/receipt\/redirection?transactionId=tgen_20241230204738l6ts0&ref=PX"},"giftCertificate":null,"cashReceipt":null,"card":null,"status":"DONE"}
[20241230 20:48:19:834][DEBUG][org.hibernate.SQL] select u1_0.id,u1_0.created_at,u1_0.name,u1_0.phone,u1_0.signup_id,u1_0.signup_password,u1_0.updated_at from user u1_0 where u1_0.signup_id=?
[20241230 20:48:20:068][DEBUG][org.hibernate.SQL] select u1_0.id,u1_0.created_at,u1_0.name,u1_0.phone,u1_0.signup_id,u1_0.signup_password,u1_0.updated_at from user u1_0 where u1_0.signup_id=?
[20241230 20:48:20:177][DEBUG][org.hibernate.SQL] insert into web_payment_info (created_at,customer_name,customer_phone,payment_status,total_price,total_quantity,user_id) values (?,?,?,?,?,?,?)
[20241230 20:48:20:387][INFO ][com.example.demo.service.TossService] Saving payment info to DB: Method=∞£∆Ì∞·¡¶, Currency=KRW, Country=KR, Amount=464000, Discount=0, Time=2024-12-30 20:48:19.7875509, SignupId=jaja2222
[20241230 20:48:20:387][DEBUG][org.hibernate.SQL] select u1_0.id,u1_0.created_at,u1_0.name,u1_0.phone,u1_0.signup_id,u1_0.signup_password,u1_0.updated_at from user u1_0 where u1_0.signup_id=?
[20241230 20:48:20:387][DEBUG][org.hibernate.SQL] insert into toss_payment_info (country,currency,customer_name,customer_phone,discount,payment_method,payment_time,total_amount) values (?,?,?,?,?,?,?,?)
[20241230 20:48:20:415][INFO ][com.example.demo.service.TossService] Payment info saved successfully.
[20241230 20:48:20:519][DEBUG][org.hibernate.SQL] select u1_0.id,u1_0.created_at,u1_0.name,u1_0.phone,u1_0.signup_id,u1_0.signup_password,u1_0.updated_at from user u1_0 where u1_0.signup_id=?
[20241230 20:48:20:534][DEBUG][org.hibernate.SQL] select c1_0.id,c1_0.created_at,c1_0.product_id,c1_0.quantity,c1_0.updated_at,c1_0.signup_id from cart c1_0 where c1_0.signup_id=?
[20241230 20:48:20:547][DEBUG][org.hibernate.SQL] select u1_0.id,u1_0.created_at,u1_0.name,u1_0.phone,u1_0.signup_id,u1_0.signup_password,u1_0.updated_at from user u1_0 where u1_0.signup_id=?
[20241230 20:48:20:579][DEBUG][org.hibernate.SQL] delete from cart where id=?
[20241230 20:48:20:594][DEBUG][org.hibernate.SQL] delete from cart where id=?
[20241230 20:48:20:594][DEBUG][org.hibernate.SQL] delete from cart where id=?
[20241230 20:49:40:169][DEBUG][org.hibernate.SQL] select u1_0.id,u1_0.created_at,u1_0.name,u1_0.phone,u1_0.signup_id,u1_0.signup_password,u1_0.updated_at from user u1_0 where u1_0.signup_id=?
[20241230 20:49:40:232][DEBUG][org.hibernate.SQL] select p1_0.id,p1_0.category,p1_0.country,p1_0.manufacturer,p1_0.name,p1_0.price,p1_0.quantity from product p1_0
[20241230 20:49:43:191][DEBUG][org.hibernate.SQL] select u1_0.id,u1_0.created_at,u1_0.name,u1_0.phone,u1_0.signup_id,u1_0.signup_password,u1_0.updated_at from user u1_0 where u1_0.signup_id=?
[20241230 20:49:43:302][DEBUG][org.hibernate.SQL] select p1_0.id,p1_0.category,p1_0.country,p1_0.manufacturer,p1_0.name,p1_0.price,p1_0.quantity from product p1_0 where p1_0.id=?
[20241230 20:49:43:347][DEBUG][org.hibernate.SQL] select c1_0.id,c1_0.created_at,c1_0.product_id,c1_0.quantity,c1_0.updated_at,c1_0.signup_id from cart c1_0 where c1_0.signup_id=? and c1_0.product_id=?
[20241230 20:49:43:379][DEBUG][org.hibernate.SQL] insert into cart (created_at,product_id,quantity,updated_at,signup_id) values (?,?,?,?,?)
[20241230 20:49:47:668][DEBUG][org.hibernate.SQL] select u1_0.id,u1_0.created_at,u1_0.name,u1_0.phone,u1_0.signup_id,u1_0.signup_password,u1_0.updated_at from user u1_0 where u1_0.signup_id=?
[20241230 20:49:47:694][DEBUG][org.hibernate.SQL] select p1_0.id,p1_0.category,p1_0.country,p1_0.manufacturer,p1_0.name,p1_0.price,p1_0.quantity from product p1_0 where p1_0.id=?
[20241230 20:49:47:722][DEBUG][org.hibernate.SQL] select c1_0.id,c1_0.created_at,c1_0.product_id,c1_0.quantity,c1_0.updated_at,c1_0.signup_id from cart c1_0 where c1_0.signup_id=? and c1_0.product_id=?
[20241230 20:49:47:737][DEBUG][org.hibernate.SQL] insert into cart (created_at,product_id,quantity,updated_at,signup_id) values (?,?,?,?,?)
[20241230 20:49:49:291][DEBUG][org.hibernate.SQL] select u1_0.id,u1_0.created_at,u1_0.name,u1_0.phone,u1_0.signup_id,u1_0.signup_password,u1_0.updated_at from user u1_0 where u1_0.signup_id=?
[20241230 20:49:49:303][DEBUG][org.hibernate.SQL] select p1_0.id,p1_0.category,p1_0.country,p1_0.manufacturer,p1_0.name,p1_0.price,p1_0.quantity from product p1_0 where p1_0.id=?
[20241230 20:49:49:316][DEBUG][org.hibernate.SQL] select c1_0.id,c1_0.created_at,c1_0.product_id,c1_0.quantity,c1_0.updated_at,c1_0.signup_id from cart c1_0 where c1_0.signup_id=? and c1_0.product_id=?
[20241230 20:49:49:344][DEBUG][org.hibernate.SQL] insert into cart (created_at,product_id,quantity,updated_at,signup_id) values (?,?,?,?,?)
[20241230 20:49:50:563][DEBUG][org.hibernate.SQL] select u1_0.id,u1_0.created_at,u1_0.name,u1_0.phone,u1_0.signup_id,u1_0.signup_password,u1_0.updated_at from user u1_0 where u1_0.signup_id=?
[20241230 20:49:50:577][DEBUG][org.hibernate.SQL] select p1_0.id,p1_0.category,p1_0.country,p1_0.manufacturer,p1_0.name,p1_0.price,p1_0.quantity from product p1_0 where p1_0.id=?
[20241230 20:49:50:595][DEBUG][org.hibernate.SQL] select c1_0.id,c1_0.created_at,c1_0.product_id,c1_0.quantity,c1_0.updated_at,c1_0.signup_id from cart c1_0 where c1_0.signup_id=? and c1_0.product_id=?
[20241230 20:49:50:596][DEBUG][org.hibernate.SQL] insert into cart (created_at,product_id,quantity,updated_at,signup_id) values (?,?,?,?,?)
[20241230 20:49:51:760][DEBUG][org.hibernate.SQL] select u1_0.id,u1_0.created_at,u1_0.name,u1_0.phone,u1_0.signup_id,u1_0.signup_password,u1_0.updated_at from user u1_0 where u1_0.signup_id=?
[20241230 20:49:51:779][DEBUG][org.hibernate.SQL] select p1_0.id,p1_0.category,p1_0.country,p1_0.manufacturer,p1_0.name,p1_0.price,p1_0.quantity from product p1_0 where p1_0.id=?
[20241230 20:49:51:793][DEBUG][org.hibernate.SQL] select c1_0.id,c1_0.created_at,c1_0.product_id,c1_0.quantity,c1_0.updated_at,c1_0.signup_id from cart c1_0 where c1_0.signup_id=? and c1_0.product_id=?
[20241230 20:49:51:800][DEBUG][org.hibernate.SQL] insert into cart (created_at,product_id,quantity,updated_at,signup_id) values (?,?,?,?,?)
[20241230 20:50:10:693][DEBUG][org.hibernate.SQL] select u1_0.id,u1_0.created_at,u1_0.name,u1_0.phone,u1_0.signup_id,u1_0.signup_password,u1_0.updated_at from user u1_0 where u1_0.signup_id=?
[20241230 20:50:10:707][DEBUG][org.hibernate.SQL] select c1_0.id,c1_0.created_at,c1_0.product_id,c1_0.quantity,c1_0.updated_at,c1_0.signup_id from cart c1_0 where c1_0.signup_id=?
[20241230 20:50:10:743][DEBUG][org.hibernate.SQL] select u1_0.id,u1_0.created_at,u1_0.name,u1_0.phone,u1_0.signup_id,u1_0.signup_password,u1_0.updated_at from user u1_0 where u1_0.signup_id=?
[20241230 20:50:10:770][DEBUG][org.hibernate.SQL] select p1_0.id,p1_0.category,p1_0.country,p1_0.manufacturer,p1_0.name,p1_0.price,p1_0.quantity from product p1_0 where p1_0.id=?
[20241230 20:50:10:798][DEBUG][org.hibernate.SQL] select p1_0.id,p1_0.category,p1_0.country,p1_0.manufacturer,p1_0.name,p1_0.price,p1_0.quantity from product p1_0 where p1_0.id=?
[20241230 20:50:10:825][DEBUG][org.hibernate.SQL] select p1_0.id,p1_0.category,p1_0.country,p1_0.manufacturer,p1_0.name,p1_0.price,p1_0.quantity from product p1_0 where p1_0.id=?
[20241230 20:50:10:870][DEBUG][org.hibernate.SQL] select p1_0.id,p1_0.category,p1_0.country,p1_0.manufacturer,p1_0.name,p1_0.price,p1_0.quantity from product p1_0 where p1_0.id=?
[20241230 20:50:10:875][DEBUG][org.hibernate.SQL] select p1_0.id,p1_0.category,p1_0.country,p1_0.manufacturer,p1_0.name,p1_0.price,p1_0.quantity from product p1_0 where p1_0.id=?
[20241230 20:50:13:669][INFO ][c.e.demo.controller.CheckoutController] √— ∞°∞›: 245000, √— ºˆ∑Æ: 5
[20241230 20:51:05:958][INFO ][c.e.demo.controller.WidgetController] Payment Confirmed! Total Price: 245000, Total Quantity: 5
[20241230 20:51:08:261][INFO ][c.e.demo.controller.WidgetController] Response from Toss Payments: {"country":"KR","metadata":null,"orderId":"MC4wOTk3OTMwMzc1MTUw","cashReceipts":null,"isPartialCancelable":true,"lastTransactionKey":"txrd_a01jgbpfrhdy8qdd6j9bym5sd2d","discount":null,"taxExemptionAmount":0,"suppliedAmount":218182,"secret":"ps_QbgMGZzorzwaEwbWOOaP8l5E1em4","type":"NORMAL","cultureExpense":false,"taxFreeAmount":0,"requestedAt":"2024-12-30T20:50:28+09:00","currency":"KRW","paymentKey":"tgen_202412302050288IbR1","virtualAccount":null,"checkout":{"url":"https:\/\/api.tosspayments.com\/v1\/payments\/tgen_202412302050288IbR1\/checkout"},"orderName":"≈‰Ω∫ ∆ºº≈√˜ ø‹ 11∞«","method":"∞£∆Ì∞·¡¶","useEscrow":false,"vat":21818,"mId":"tgen_docs","approvedAt":"2024-12-30T20:51:11+09:00","balanceAmount":240000,"version":"2022-11-16","easyPay":{"amount":240000,"provider":"≈‰Ω∫∆‰¿Ã","discountAmount":0},"totalAmount":240000,"cancels":null,"transfer":null,"mobilePhone":null,"failure":null,"receipt":{"url":"https:\/\/dashboard.tosspayments.com\/receipt\/redirection?transactionId=tgen_202412302050288IbR1&ref=PX"},"giftCertificate":null,"cashReceipt":null,"card":null,"status":"DONE"}
[20241230 20:51:08:294][DEBUG][org.hibernate.SQL] select u1_0.id,u1_0.created_at,u1_0.name,u1_0.phone,u1_0.signup_id,u1_0.signup_password,u1_0.updated_at from user u1_0 where u1_0.signup_id=?
[20241230 20:51:08:366][DEBUG][org.hibernate.SQL] select u1_0.id,u1_0.created_at,u1_0.name,u1_0.phone,u1_0.signup_id,u1_0.signup_password,u1_0.updated_at from user u1_0 where u1_0.signup_id=?
[20241230 20:51:08:429][DEBUG][org.hibernate.SQL] insert into web_payment_info (created_at,customer_name,customer_phone,payment_status,total_price,total_quantity,user_id) values (?,?,?,?,?,?,?)
[20241230 20:51:08:473][INFO ][com.example.demo.service.TossService] Saving payment info to DB: Method=∞£∆Ì∞·¡¶, Currency=KRW, Country=KR, Amount=240000, Discount=0, Time=2024-12-30 20:51:08.2615212, SignupId=jaja2222
[20241230 20:51:08:479][DEBUG][org.hibernate.SQL] select u1_0.id,u1_0.created_at,u1_0.name,u1_0.phone,u1_0.signup_id,u1_0.signup_password,u1_0.updated_at from user u1_0 where u1_0.signup_id=?
[20241230 20:51:08:483][DEBUG][org.hibernate.SQL] insert into toss_payment_info (country,currency,customer_name,customer_phone,discount,payment_method,payment_time,total_amount) values (?,?,?,?,?,?,?,?)
[20241230 20:51:08:508][INFO ][com.example.demo.service.TossService] Payment info saved successfully.
[20241230 20:51:08:602][DEBUG][org.hibernate.SQL] select u1_0.id,u1_0.created_at,u1_0.name,u1_0.phone,u1_0.signup_id,u1_0.signup_password,u1_0.updated_at from user u1_0 where u1_0.signup_id=?
[20241230 20:51:08:611][DEBUG][org.hibernate.SQL] select c1_0.id,c1_0.created_at,c1_0.product_id,c1_0.quantity,c1_0.updated_at,c1_0.signup_id from cart c1_0 where c1_0.signup_id=?
[20241230 20:51:08:623][DEBUG][org.hibernate.SQL] select u1_0.id,u1_0.created_at,u1_0.name,u1_0.phone,u1_0.signup_id,u1_0.signup_password,u1_0.updated_at from user u1_0 where u1_0.signup_id=?
[20241230 20:51:08:658][DEBUG][org.hibernate.SQL] delete from cart where id=?
[20241230 20:51:08:666][DEBUG][org.hibernate.SQL] delete from cart where id=?
[20241230 20:51:08:668][DEBUG][org.hibernate.SQL] delete from cart where id=?
[20241230 20:51:08:670][DEBUG][org.hibernate.SQL] delete from cart where id=?
[20241230 20:51:08:672][DEBUG][org.hibernate.SQL] delete from cart where id=?
